c0012 r37 1 1
c0012 r37 3 2
c0012 r37 4 4
c0013 rDS2 2 1
c0013 rDS2 3 0
c0013 rDS2 4 3
c0014 r50 0 2
c0014 r50 2 0
c0014 r50 2 2
c0035 r27 1 1
c0035 r27 3 1
c0035 r27 4 2
c0036 rN 1 2
c0036 rN 3 2
c0036 rN 4 3
c0045 rDS1 1 2
c0045 rDS1 2 3
c0045 rDS1 4 2
c0052 rL 2 0
c0052 rL 3 3
c0052 rL 4 2
c0053 rDS1 0 2
c0053 rDS1 2 1
c0053 rDS1 4 3
c0055 rD 0 3
c0055 rD 3 2
c0055 rD 4 1
c0057 rDS1 1 1
c0057 rDS1 3 3
c0057 rA 4 3
c0060 rD 0 4
c0060 rD 3 4
c0060 rD 4 0
c0094 rA 0 0
c0094 rA 2 0
c0094 rD 3 3
c0098 rL 0 0
c0098 rL 1 3
c0098 rL 4 4
c0104 rB 1 0
c0104 rB 2 2
c0104 rB 4 3
c0107 rG 1 2
c0107 rG 2 1
c0107 rG 3 2
c0112 rDS1 0 1
c0112 rDS1 1 3
c0112 rDS1 2 2
c0114 rD 0 1
c0114 rL 1 4
c0114 rL 2 1
c0116 rF 2 1
c0116 rF 3 0
c0116 rF 4 0
c0117 rB 1 1
c0117 rB 3 1
c0117 rB 4 1
c0130 rA 1 4
c0130 rA 2 4
c0130 rA 4 0
c0148 rB 0 0
c0148 rB 3 3
c0148 rB 4 4
c0149 rD 2 4
c0149 rL 3 2
c0149 rD 4 2
c0150 rF 0 1
c0150 rF 2 3
c0150 rF 3 1
c0162 rL 0 1
c0162 rF 1 3
c0162 rL 2 3
c0163 rG 0 0
c0163 rG 1 0
c0163 rG 1 4
c0177 rG 0 1
c0177 rG 1 1
c0177 rG 3 0
c0179 rB 0 2
c0179 rG 3 1
c0179 rG 4 3
c0181 rA 1 2
c0181 rA 3 2
c0181 rA 4 4
c0198 rF 2 0
c0198 rL 3 1
c0198 rL 4 0
c0210 rB 0 1
c0210 rB 1 2
c0210 rB 2 3
c0214 rF 0 2
c0214 rF 1 1
c0214 rF 2 2
c0218 rD 0 0
c0218 rD 1 4
c0218 rD 2 2
c0223 rA 1 3
c0223 rA 2 3
c0223 rA 3 3
c0224 rA 0 1
c0224 rA 1 0
c0224 rA 3 1
c0226 rF 0 0
c0226 rF 1 0
c0226 rF 2 4
c0227 rG 2 0
c0227 rG 3 3
c0227 rG 3 4
c0233 rG 0 4
c0233 rG 2 4
c0233 rG 4 2
c0249 rA 0 4
c0249 rB 2 1
c0249 rB 3 2
c0254 rL 0 2
c0254 rL 2 2
c0254 rL 3 0
c0271 rA 0 3
c0271 rA 2 1
c0271 rA 4 1
c0409 r50 0 3
c0409 r50 1 3
c0409 r50 3 0
c0416 rD 0 2
c0416 rD 1 0
c0416 rD 4 3
c0420 rDS2 1 1
c0420 rDS2 2 2
c0420 rDS2 4 4
c0441 r27 2 3
c0441 r27 3 2
c0441 r27 3 3
c0447 r27 0 1
c0447 r27 2 1
c0447 r27 4 0
c0456 rD 1 1
c0456 rD 2 1
c0456 rD 3 0
c0457 rD 1 2
c0457 rD 2 0
c0457 rD 3 1
c0465 rDS1 2 0
c0465 rDS1 3 2
c0465 rDS1 4 1
c0486 r25 1 3
c0486 r25 1 4
c0486 r25 2 4
c0491 r37 1 3
c0491 r37 2 1
c0491 r37 3 0
c0498 r31 1 0
c0498 r31 3 1
c0498 r31 4 0
c0501 r36 1 3
c0501 r36 2 1
c0501 r36 3 0
c0506 r31 3 2
c0506 r31 3 3
c0506 r31 4 1
c0510 r36 0 3
c0510 r36 0 4
c0510 r36 1 0
c0510 r36 2 2
c0510 r36 2 3
c0510 r36 3 4
c0527 r38 1 2
c0527 r38 2 4
c0527 r38 3 2
c0670 r25 1 2
c0670 r25 2 3
c0670 r25 3 1
c0738 r36 1 1
c0738 r36 3 2
c0738 r36 4 1
c0745 r50 0 4
c0745 r50 2 3
c0745 r50 3 1
c0773 r31 0 0
c0773 r31 1 1
c0773 r31 1 2
c0814 r31 0 1
c0814 rN 2 1
c0814 rN 3 1
c0814 r31 4 3
c0814 r31 4 4
c0825 rN 0 3
c0825 rN 1 1
c0825 rN 2 3
c0882 r25 0 2
c0882 r25 2 0
c0882 r25 2 1
c0882 r25 3 0
c0882 r25 4 0
c0882 r25 4 1
c0882 r25 4 3
c0884 r52 0 2
c0884 r52 1 1
c0884 r27 1 2
c0884 r27 1 3
c0884 r27 2 2
c0884 r52 3 0
c0884 r52 4 3
c0899 r38 0 2
c0899 r38 3 4
c0899 r38 4 3
c0901 rL 0 4
c0901 rF 3 3
c0901 rF 4 1
c0933 r37 0 3
c0933 r37 1 0
c0933 r37 4 3
c0947 r38 1 1
c0947 r38 2 2
c0947 r38 3 0
c0947 r38 3 1
c0947 r38 4 0
c0947 r38 4 1
c0947 r38 4 2
c0953 r51 0 3
c0953 rD 1 3
c0953 r51 2 1
c0953 r51 2 2
c0953 r51 2 3
c0953 r51 3 1
c0953 r51 3 2
c0969 r51 0 2
c0969 r51 1 2
c0969 r51 1 3
c0969 r51 1 4
c0969 r51 3 4
c0969 r51 4 1
c0969 r51 4 3
c0972 r36 0 2
c0972 r38 0 3
c0972 r38 1 3
c0972 r38 2 3
c0972 r52 3 2
c0972 r36 4 3
c0972 r36 4 4
c0978 rDS2 0 0
c0978 rDS2 0 1
c0978 rDS2 0 3
c0978 rDS2 1 3
c0978 rDS2 2 3
c0978 rDS2 3 4
c0978 rDS2 4 2
c0985 r37 0 2
c0985 r51 1 1
c0985 r37 2 0
c0985 r31 2 1
c0985 r31 2 2
c0985 r37 4 0
c0985 r37 4 1
c0991 r27 0 3
c0991 r27 3 4
c0991 r27 4 1
c1007 rDS1 1 0
c1007 rDS1 2 4
c1007 rDS1 3 4
c1041 rB 0 3
c1041 rB 0 4
c1041 rB 2 4
c1044 rDS2 0 2
c1044 rA 1 1
c1044 rDS2 1 2
c1044 rDS2 3 2
c1044 rDS2 3 3
c1044 rDS2 4 1
c1044 rA 4 2
c0741 rA 0 2
c0741 rF 0 3
c0741 rF 1 2
c0741 rA 2 2
c0741 rF 4 2
c0741 rF 4 3
c0196 rG 0 2
c0196 rG 0 3
c0196 rG 1 3
c0196 rF 1 4
c0196 rG 2 2
c0196 rF 3 2
c0798 r52 0 3
c0798 rN 0 4
c0798 rN 1 0
c0798 rN 3 0
c0798 rN 4 1
