ChiGenAn rB 1 2
ChiGenAn rE 1 3
ChiGenAn rE 2 4
GeoAn rA 0 4
GeoAn rA 1 0
GeoAn rE 3 3
CamEleAn rD 3 0
CamEleAn r36 3 2
CamEleAn r50 4 0
FonChiAn rF 2 0
FonChiAn rA 2 2
FonChiAn r50 4 1
IngConAn rB 1 4
IngConAn rD 2 1
IngConAn rL 2 2
StrIndAn rF 0 4
StrIndAn r52 3 1
StrIndAn rF 3 3
TecCosAn r37 0 1
TecCosAn r31 0 2
TecCosAn r31 0 3
Mat1Cn rE 1 0
Mat1Cn rE 2 0
Mat1Cn rG 2 1
Mat1Cn rG 3 1
Mat1Cn r52 4 0
MecRazCn rA 0 0
MecRazCn rA 2 1
MecRazCn rA 4 0
DisCn rD 2 2
DisCn rG 3 2
DisCn rD 4 3
TecMatCn rB 0 1
TecMatCn rF 3 1
TecMatCn rA 4 2
ArcTecCn rL 1 3
ArcTecCn rD 3 2
ArcTecCn rD 2 4
DisEdiCn rDS2 0 0
DisEdiCn rG 2 0
DisEdiCn r27 3 3
Idr2Cn rDS1 3 1
Idr2Cn rDS1 4 0
Idr2Cn rE 4 4
Mat1En r27 0 0
Mat1En rB 1 0
Mat1En r27 2 1
Mat1En r27 4 0
Mat1En rE 4 1
ChiStaEn rL 2 0
ChiStaEn rB 3 3
ChiStaEn rA 3 4
ConAutEn rA 1 2
ConAutEn rA 3 0
ConAutEn rD 4 2
RetLogEn rD 0 1
RetLogEn rB 0 2
RetLogEn rB 0 4
TeoRetEn rG 1 3
TeoRetEn rF 2 1
TeoRetEn rF 4 1
ComEleEn rD 0 4
ComEleEn rD 1 3
ComEleEn rG 4 0
EleSis1En rL 2 1
EleSis1En rB 4 3
EleSis1En rF 4 4
MetMatEn rE 0 2
MetMatEn rDS1 0 3
MetMatEn r31 4 2
RetCal1G1n rF 0 1
RetCal1G1n rF 0 2
RetCal1G1n rB 2 3
Mat1G2n rD 0 0
Mat1G2n rF 1 0
Mat1G2n rD 1 1
Mat1G2n rDS1 2 0
Mat1G2n rD 4 1
ChiG2n rE 0 1
ChiG2n rA 3 1
ChiG2n rA 3 2
DisComEsG2n r27 4 3
FonMecG2n rB 0 3
FonMecG2n rG 0 4
FonMecG2n rE 2 2
TerAppG2n rG 0 0
TerAppG2n r27 1 3
TerAppG2n rA 2 4
CalProG2n r50 1 0
CalProG2n r50 2 4
CalProG2n rD 3 4
Mat1Mn r27 0 1
Mat1Mn r27 1 0
Mat1Mn rB 1 1
Mat1Mn r27 2 0
Mat1Mn r27 3 0
DisIndMn rA 2 3
DisIndMn rG 3 4
DisIndEsMn rF 3 0
FluMn rG 0 2
FluMn rD 2 0
FluMn rF 4 0
ComMecMn rL 0 1
ComMecMn rD 1 0
ComMecMn rB 3 1
CosMacMn rB 2 4
CosMacMn rG 3 3
CosMacMn rB 4 1
TecMec1Mn rL 1 2
TecMec1Mn rL 2 3
TecMec1Mn rL 3 0
Mat1Ar rA 3 3
Mat1Ar rD 4 0
Mat1Ar rD 4 4
FonInfAr rF 0 0
FonInfAr rF 1 1
FonInfAr rA 4 1
LabEle1Ar r50 0 3
LabEle1Ar rDS1 4 3
LabEle1Ar r50 3 0
LabEle1Ar rDS2 2 3
LabEle1Ar rDS1 2 4
LabEle1Ar r50 3 1
LabEle1Ar r50 4 2
LabEle2Ar rDS2 0 1
LabEle2Ar r52 0 2
LabEle2Ar r31 4 3
LabEle2Ar r52 3 2
LabEle2Ar rDS2 2 2
LabEle2Ar rF 2 3
LabEle2Ar r31 1 2
LabEle3Ar rDS1 0 1
LabEle3Ar rDS2 1 0
LabEle3Ar rD 1 2
LabEle3Ar r50 2 2
LabEle3Ar r50 2 3
LabEle3Ar rDS2 2 1
LabEle3Ar r27 3 2
GeoAppAns rG 1 1
GeoAppAns rB 2 2
GeoAppAns r52 4 2
IdrNumAns rG 0 3
IdrNumAns rG 2 3
IdrNumAns rG 2 4
MecSuoAns r37 2 1
MecSuoAns r37 3 2
MecSuoAns rG 4 3
PriIngAns r31 4 1
PriIngAns rE 4 3
PriIngAns r38 4 4
StaPenAns rE 1 2
StaPenAns r37 0 2
StaPenAns r50 4 4
StaAns r38 0 0
StaAns r38 0 1
StaAns r36 2 0
ArcTecCns r36 0 3
ArcTecCns r37 1 0
ArcTecCns rL 3 4
EleTel1Ens rG 1 2
EleTel1Ens rF 2 2
EleTel1Ens rG 3 0
SisTel1Ens r38 4 0
SisTel1Ens r37 1 3
SisTel1Ens r27 3 4
AppIndGns rA 1 3
AppIndGns rL 1 4
AppIndGns rB 2 1
RetCal2Gns r52 1 3
RetCal2Gns r52 2 1
RetCal2Gns rB 4 0
TecCos1Cv rE 0 3
TecCos1Cv rE 2 3
TecCos1Cv rE 3 4
StoArcCv r52 1 1
StoArcCv rB 1 3
StoArcCv rDS2 2 0
StoArcCv rE 3 0
StoArcCv rE 3 1
TeoStr1Cv r50 3 2
TeoStr1Cv r37 4 2
TeoStr1Cv rF 4 3
MecCom1Cv rL 0 2
MecCom1Cv rDS2 1 2
MecCom1Cv rG 4 4
ArcComCv r50 1 4
ArcComCv rDS2 3 1
ArcComCv rA 4 4
CalAut1Cv r31 2 3
CalAut1Cv rF 2 4
CalAut1Cv r50 3 3
CosZonCv rG 0 1
CosZonCv r52 2 0
CosZonCv r38 3 0
ImpTec1Cv rL 0 4
ImpTec1Cv rG 2 2
ImpTec1Cv rL 3 2
IdrAppCv rDS2 0 3
IdrAppCv rL 1 1
IdrAppCv rDS1 1 2
IdrAppCv r38 2 3
IdrAppCv rDS2 1 3
RivSpeCv rL 0 0
RivSpeCv r38 3 3
RivSpeCv r27 4 1
RivSpeCv rL 4 2
RivSpeCv r38 4 3
CalEle1Ev rB 2 0
CalEle1Ev rB 3 2
CalEle1Ev rG 4 1
CamEle1Ev rF 1 2
CamEle1Ev rD 3 3
CamEle1Ev rF 3 4
EleIndEv rE 0 0
EleIndEv rG 1 0
EleIndEv rDS2 1 1
EleIndEv r27 2 4
EleIndEv r27 3 1
GesAziGv rB 0 0
GesAziGv rL 0 3
GesAziGv rA 1 1
GesAziGv rL 3 1
GesAziGv rL 3 3
ChiInd1Gv r31 1 0
ChiInd1Gv r31 1 3
ChiInd1Gv rA 1 4
ChiInd1Gv rDS1 2 1
ChiInd1Gv rDS1 3 4
OrgPro1Gv rE 1 4
OrgPro1Gv rE 2 1
OrgPro1Gv rE 4 0
Mac1Mv rA 0 1
Mac1Mv rE 0 4
Mac1Mv rL 4 0
Mac1Mv rL 4 1
Mac1Mv rA 4 3
TerAppMv r52 0 3
TerAppMv r27 1 1
TerAppMv r52 3 3
TerAppMv r52 3 4
TerAppMv rE 4 2
DisAssMv r50 1 2
DisAssMv r50 1 3
DisAssMv r50 2 1
DisAssMv r50 3 4
DisAssMv r27 4 2
MecVibMn rDS2 1 4
MecVibMn rDS1 2 3
MecVibMn rDS1 4 1
MecVibMn r36 3 3
MecVibMn r52 4 3
