c0012 r27 1 2
c0012 rEr1 2 2
c0012 r52 2 3
c0013 r25 0 1
c0013 r52 2 0
c0013 r36 3 4
c0014 rD 1 0
c0014 r34 1 1
c0014 rF 3 1
c0035 r27 1 4
c0035 r36 2 4
c0035 r51 0 3
c0036 r36 1 1
c0036 r50 3 1
c0036 r52 4 4
c0045 rD 1 4
c0045 rD 3 0
c0045 rF 3 3
c0052 rA 2 3
c0052 rB 3 1
c0052 rG 3 2
c0055 rEr1 2 4
c0055 r52 4 0
c0055 rB 1 3
c0057 rD 0 1
c0057 r51 3 1
c0057 rD 4 2
c0060 rB 1 2
c0060 rB 2 2
c0060 rD 3 3
c0094 rG 0 1
c0094 rDS1 0 3
c0094 rDS1 1 1
c0098 rDS1 1 2
c0098 rDS2 3 2
c0098 rG 3 3
c0104 rF 1 1
c0104 rDS1 2 3
c0104 rB 2 4
c0107 rA 2 2
c0107 rF 2 3
c0107 rA 3 2
c0112 rD 1 2
c0112 rB 1 4
c0112 rDS1 2 1
c0114 rDS1 0 1
c0114 rDS1 4 0
c0114 rDS1 4 2
c0116 rD 0 3
c0116 rB 3 0
c0116 rB 4 0
c0117 rA 0 0
c0117 rB 2 0
c0117 rG 4 3
c0130 rF 2 4
c0130 rF 3 4
c0130 rG 4 0
c0148 rF 0 3
c0148 rB 1 1
c0148 rA 4 1
c0149 rD 2 0
c0149 rG 3 1
c0149 rB 4 2
c0150 rB 0 0
c0150 rB 1 0
c0150 rA 4 3
c0163 rF 0 1
c0163 rA 1 4
c0163 rA 2 0
c0177 rA 1 1
c0177 rA 3 1
c0177 rB 3 3
c0179 rDS1 0 4
c0179 rD 2 4
c0179 rA 3 0
c0181 rF 4 1
c0181 rG 0 3
c0181 rD 3 4
c0198 rD 4 1
c0198 rDS1 4 3
c0198 rA 4 4
c0210 rG 0 4
c0210 rA 4 0
c0210 rB 4 1
c0214 rA 1 3
c0214 rD 2 1
c0214 rD 3 2
c0218 rB 0 3
c0218 rF 2 0
c0218 rF 3 2
c0223 rF 1 0
c0223 rG 1 1
c0223 rA 2 1
c0224 rA 0 2
c0224 rG 1 3
c0224 rG 3 0
c0226 rF 0 0
c0226 rF 1 2
c0226 rF 4 2
c0227 rD 1 3
c0227 rDS1 2 2
c0227 rDS1 3 0
c0233 r51 0 0
c0233 rA 1 0
c0233 rDS2 4 2
c0249 rEr1 1 4
c0249 rEr1 3 1
c0249 rEr1 3 4
c0254 rA 0 1
c0254 rF 0 4
c0254 rB 3 4
c0271 rF 1 4
c0271 rG 2 0
c0271 rF 4 0
c0409 r34 0 1
c0409 r25 1 3
c0409 rB 2 1
c0416 rN 1 3
c0416 rDS2 3 1
c0416 r27 4 3
c0420 rEr1 2 3
c0420 rA 3 4
c0420 r34 4 2
c0441 rDS2 1 3
c0441 rF 2 1
c0441 rDS1 4 1
c0447 rDS1 0 0
c0447 r51 0 4
c0447 r38 2 4
c0456 rG 1 0
c0456 r50 1 1
c0456 rDS1 1 3
c0457 rG 1 2
c0457 rG 2 1
c0457 rG 2 4
c0465 rEr1 0 4
c0465 r50 3 2
c0465 r50 0 3
c0486 r50 1 3
c0486 rDS2 2 3
c0486 r38 4 4
c0491 r37 0 1
c0491 r51 2 3
c0491 r25 3 3
c0498 r34 3 1
c0498 r25 4 0
c0498 rDS2 4 1
c0501 r52 0 3
c0501 r37 1 4
c0501 rN 3 0
c0506 rN 0 3
c0506 r27 2 0
c0506 r27 3 3
c0527 r25 1 2
c0527 r27 1 3
c0527 r27 2 2
c0510 r50 0 1
c0510 rDS1 0 2
c0510 r51 1 4
c0510 rEr1 2 1
c0510 r50 4 4
c0798 rF 0 2
c0798 r25 0 4
c0798 r37 3 4
c0798 r37 1 0
c0798 r51 4 3
c0670 r34 0 0
c0670 r34 1 4
c0670 r38 4 3
c0738 r36 2 0
c0738 r50 2 1
c0738 r36 3 3
c0745 r34 2 4
c0745 r36 3 2
c0745 r34 4 1
c0773 rN 4 2
c0773 rG 1 4
c0773 rEr1 4 3
c0814 rD 0 0
c0814 rDS2 0 4
c0814 r34 3 4
c0815 r36 0 1
c0815 r34 4 0
c0815 r52 1 4
c0828 r38 3 0
c0828 rD 4 0
c0828 rB 4 3
c0844 rDS2 0 1
c0844 rDS2 3 3
c0844 r52 3 4
c0741 rD 0 2
c0741 rD 0 4
c0741 rA 1 2
c0741 rF 2 2
c0741 rG 4 2
c0741 rF 4 3
c0845 rEr1 2 0
c0845 rD 3 1
c0845 rD 4 3
c0850 rD 1 1
c0850 r27 3 2
c0850 rB 0 1
c0851 rDS2 2 4
c0851 r36 3 1
c0851 r50 4 0
c0854 rB 0 2
c0854 r50 2 0
c0854 r36 1 3
c0854 r38 1 4
c0854 r37 2 1
c0854 r50 2 3
c0854 r38 3 2
c0856 r25 0 0
c0856 r27 0 4
c0856 r37 1 2
c0856 rDS2 2 2
c0856 r25 2 3
c0856 rEr1 3 0
c0856 r34 0 3
c0864 r38 0 0
c0864 rDS2 4 3
c0864 r34 2 1
c0864 r36 2 2
c0864 r38 2 3
c0864 r34 3 0
c0864 r36 4 2
c0866 r36 0 3
c0866 r36 1 0
c0866 r34 1 3
c0866 r36 1 4
c0866 r34 2 2
c0866 rDS1 3 4
c0866 r38 4 2
c0869 r37 0 2
c0869 rG 4 4
c0869 r25 1 0
c0869 r25 2 2
c0869 r38 3 3
c0869 r51 3 4
c0869 r51 4 0
c0882 r51 0 2
c0882 rDS2 1 4
c0882 rEr1 1 3
c0882 r25 3 2
c0882 r27 2 4
c0882 r52 3 0
c0882 r27 3 4
c0884 r34 0 2
c0884 r50 1 2
c0884 r51 1 3
c0884 r27 2 1
c0884 rG 2 2
c0884 r34 3 2
c0884 r27 0 1
c0898 r38 0 1
c0898 r50 3 0
c0898 r52 2 4
c0901 rG 0 0
c0901 rF 1 3
c0901 rA 3 3
c0933 r25 4 3
c0933 rN 2 4
c0933 r37 3 3
c0947 r52 0 0
c0947 rG 0 2
c0947 rDS2 0 3
c0947 r52 2 1
c0947 r36 2 3
c0947 r38 4 0
c0947 r38 4 1
c0953 r52 0 2
c0953 rDS2 1 0
c0953 rDS2 1 1
c0953 r27 0 3
c0953 r50 4 1
c0953 r52 4 2
c0953 r34 2 3
c0969 rF 4 4
c0969 r50 0 4
c0969 r51 1 2
c0969 r37 1 3
c0969 rDS2 2 1
c0969 r50 2 2
c0969 rEr1 3 2
c0972 rEr1 0 3
c0972 rG 2 3
c0972 r52 3 1
c0972 r37 3 2
c0972 rG 4 1
c0972 r50 4 3
c0972 r25 4 4
c0978 rDS2 1 2
c0978 rDS2 2 0
c0978 r51 2 1
c0978 r27 2 3
c0978 rDS2 3 0
c0978 r27 4 1
c0978 r27 4 4
c0985 r52 3 3
c0985 rEr1 4 2
c0985 r52 1 3
c0985 r51 3 2
c0985 r25 3 4
c0985 r36 2 1
c0985 r37 4 3
c1007 rD 2 2
c1007 rD 2 3
c1007 rB 3 2
c1044 r27 0 2
c1044 r51 1 1
c1044 r52 1 2
c1044 rDS2 4 0
c1044 r52 4 1
c1044 r27 4 2
c1044 rDS2 4 4
c1148 rEr1 0 1
c1148 rDS1 1 4
c1148 rDS1 4 4
c0196 rA 0 3
c0196 rDS1 2 0
c0196 r37 2 2
c0196 rB 2 3
c0196 rF 3 0
c0196 rDS1 3 2
