c0006 rF 0 1
c0006 rF 3 4
c0006 rF 4 3
c0011 r25 0 1
c0011 r25 2 3
c0011 r25 3 0
c0018 rDS2 1 0
c0018 rDS2 2 2
c0018 r52 3 3
c0026 r31 0 0
c0026 r31 3 1
c0026 r31 4 4
c0027 r31 1 1
c0027 r31 2 0
c0027 r31 4 3
c0046 rDS1 0 1
c0046 rDS1 3 3
c0046 rDS1 4 3
c0050 r50 0 0
c0050 r50 1 1
c0050 r50 1 2
c0051 rA 0 2
c0051 rA 2 4
c0051 rA 3 4
c0059 rD 0 3
c0059 rD 2 3
c0059 rD 4 2
c0064 rL 2 1
c0064 rDS1 3 1
c0064 rDS1 4 2
c0073 rDS1 1 3
c0073 rDS1 1 4
c0073 rDS1 3 2
c0080 r37 0 3
c0080 rN 2 2
c0080 r37 3 4
c0085 r51 2 1
c0085 r51 4 0
c0085 r51 4 2
c0091 r25 0 2
c0091 r25 1 1
c0091 r25 3 2
c0097 rG 1 3
c0097 rG 2 4
c0097 rG 3 0
c0099 rF 0 0
c0099 rF 2 0
c0099 rF 3 2
c0101 rD 0 1
c0101 rD 1 0
c0101 rF 2 3
c0105 rA 0 3
c0105 rA 2 1
c0105 rA 2 3
c0109 rD 0 0
c0109 rD 2 1
c0109 rD 3 1
c0128 rA 0 1
c0128 rA 1 1
c0128 rA 3 3
c0137 rB 1 2
c0137 rB 2 0
c0137 rB 3 0
c0142 rB 1 3
c0142 rB 3 2
c0142 rB 4 1
c0143 rA 1 0
c0143 rB 2 1
c0143 rD 4 3
c0154 rL 0 1
c0154 rL 2 0
c0154 rL 4 1
c0180 rD 1 4
c0180 rD 2 2
c0180 rD 3 2
c0184 rD 0 2
c0184 rD 1 2
c0184 rD 2 4
c0185 rG 0 1
c0185 rG 1 1
c0185 rG 3 2
c0600 r31 0 2
c0600 r31 1 2
c0600 r31 4 2
c0718 r25 1 2
c0718 r25 3 3
c0718 r25 4 4
c0724 rG 0 4
c0724 rG 1 2
c0724 rG 2 3
c0793 r37 0 1
c0793 r37 3 0
c0793 r37 4 0
c0803 r36 1 2
c0803 r36 2 3
c0803 r36 3 3
c0806 r36 0 2
c0806 r36 1 0
c0806 r36 4 0
c0816 rN 1 0
c0816 rN 3 0
c0816 rN 4 4
c0820 rDS2 1 1
c0820 rDS2 3 2
c0820 rDS2 4 2
c0821 rN 0 1
c0821 rN 1 1
c0821 rN 3 2
c0823 r38 0 2
c0823 r38 2 1
c0823 r38 4 2
c0824 rN 1 2
c0824 rN 3 3
c0824 rN 4 1
c0826 rN 1 3
c0826 rN 2 0
c0826 rN 3 1
c0189 rB 0 3
c0189 rB 2 4
c0189 rB 4 3
c0199 r51 0 4
c0199 r51 1 3
c0199 r51 3 1
c0200 rL 2 3
c0200 rL 3 0
c0200 rL 4 4
c0202 rA 0 0
c0202 rA 1 3
c0202 rA 1 4
c0212 rB 0 0
c0212 rB 1 1
c0212 rD 4 1
c0216 rG 0 2
c0216 rG 1 0
c0216 rG 4 4
c0220 rF 1 3
c0220 rF 2 4
c0220 rF 4 1
c0228 rA 1 2
c0228 rA 3 2
c0228 rA 4 2
c0231 rB 0 4
c0231 rB 1 0
c0231 rB 1 4
c0243 rB 2 3
c0243 rB 3 1
c0243 rB 4 2
c0247 r52 2 1
c0247 r52 3 2
c0247 r52 4 0
c0261 rA 4 0
c0261 rA 4 3
c0261 rA 4 4
c0281 r51 0 3
c0281 r51 1 0
c0281 r51 4 1
c0417 r25 2 1
c0417 r38 3 0
c0417 r25 4 3
c0422 r37 1 1
c0422 r50 3 4
c0422 r37 4 3
c0427 r50 2 3
c0427 r50 3 1
c0427 rG 3 3
c0429 rG 2 0
c0429 rG 2 2
c0429 rG 4 1
c0433 rN 0 3
c0433 rN 2 1
c0433 rN 2 3
c0439 r27 2 2
c0439 r27 3 3
c0439 r27 4 1
c0440 r25 1 3
c0440 r25 3 1
c0440 r25 4 2
c0442 r27 1 1
c0442 r27 2 0
c0442 r27 3 0
c0446 rF 1 0
c0446 rF 3 3
c0446 rF 4 4
c1009 rL 3 2
c1009 rL 4 3
c1009 rD 4 4
c1013 rF 0 4
c1013 rF 2 2
c1013 rF 3 0
c1020 r37 1 3
c1020 r37 2 1
c1020 r37 3 2
c1023 r31 1 3
c1023 r31 3 3
c1023 r27 4 3
c1027 r27 0 0
c1027 r27 0 1
c1027 r27 1 4
c1027 r27 3 4
c1027 r27 4 4
c1028 rDS2 1 3
c1028 rDS2 3 3
c1028 rDS2 4 3
c1031 rDS2 0 4
c1031 rD 1 1
c1031 rDS2 1 2
c1031 r52 2 4
c1031 r52 4 4
c1032 r52 0 3
c1032 r52 2 3
c1032 r52 4 3
c1033 rG 0 0
c1033 rDS2 0 1
c1033 r52 1 1
c1033 r52 3 1
c1033 r52 4 1
c1034 r50 0 3
c1034 r27 2 3
c1034 r50 3 3
c1042 rF 1 1
c1042 rB 2 2
c1042 rF 4 2
c0450 r51 0 1
c0450 r51 1 1
c0450 r51 3 0
c0452 rF 1 2
c0452 rF 2 1
c0452 rF 3 1
c0462 rDS1 2 1
c0462 rF 4 0
c0462 rDS1 4 1
c0463 r50 0 1
c0463 r50 2 2
c0463 r50 3 0
c0474 r51 2 3
c0474 rG 3 1
c0474 r51 3 3
c0484 r38 1 3
c0484 r38 3 3
c0484 r38 4 0
c0489 r37 0 2
c0489 r37 1 4
c0489 r37 2 4
c0495 rN 0 2
c0495 rN 3 4
c0495 rN 4 2
c0513 r50 1 3
c0513 r50 2 1
c0513 r50 4 2
c0516 r25 0 3
c0516 r25 2 2
c0516 r25 3 4
c0519 r27 1 0
c0519 r27 2 1
c0521 r52 1 3
c0521 r52 2 2
c0521 r52 3 4
c0524 r38 1 4
c0524 r38 3 1
c0524 r38 3 2
c0533 r36 0 1
c0533 r36 1 1
c0533 r36 4 1
c0536 r27 1 2
c0536 r37 2 0
c0536 r37 3 3
c0830 r37 1 2
c0830 r37 2 2
c0830 r37 4 1
c0836 rDS1 2 4
c0836 rDS1 3 4
c0836 rDS1 4 0
c0840 rL 1 3
c0840 rG 2 1
c0840 rG 4 3
c0846 rB 0 1
c0846 rB 3 3
c0846 rL 4 0
c0852 rL 1 0
c0852 rL 1 2
c0852 rL 3 4
c0855 rL 0 0
c0855 rL 1 1
c0855 rA 2 0
c0855 rA 3 0
c0855 rA 3 1
c0855 rA 4 1
c0855 rG 4 2
c0881 rG 0 3
c0881 rG 3 4
c0881 rG 4 0
c0896 rL 0 2
c0896 rL 3 1
c0896 rL 3 3
c0898 r25 0 0
c0898 r25 1 4
c0898 rB 4 0
c0935 rL 0 4
c0935 rD 1 3
c0935 rL 2 2
c0935 rD 3 3
c0935 rD 3 4
c0949 rDS1 0 0
c0949 r37 0 4
c0949 rDS1 1 2
c0949 rDS1 2 2
c0949 rDS1 2 3
c0949 r37 3 1
c0949 r37 4 2
c0951 r52 0 2
c0951 r52 1 0
c0951 r52 1 2
c0951 r31 2 2
c0951 r31 2 3
c0951 r36 3 1
c0951 r36 4 2
c0957 r31 0 3
c0957 r31 0 4
c0957 r31 2 1
c0957 r51 2 2
c0957 r51 3 2
c0957 r51 3 4
c0957 r31 4 0
c0959 r27 0 3
c0959 r51 1 2
c0959 r27 1 3
c0959 r51 1 4
c0959 r27 3 2
c0959 r27 4 0
c0959 r27 4 2
c0961 rDS2 0 0
c0961 rL 0 3
c0961 rDS2 2 1
c0961 rDS2 3 0
c0961 r50 3 2
c0961 rDS2 4 0
c0961 r52 4 2
c0965 r50 0 2
c0965 r50 1 0
c0965 r50 1 4
c0965 r50 2 0
c0965 r36 2 1
c0965 r50 4 3
c0965 r50 4 4
c1057 rF 0 2
c1057 rL 1 4
c1057 rL 4 2
c1058 rDS1 1 0
c1058 rDS1 2 0
c1058 rDS1 3 0
c1067 r38 1 1
c1067 r38 2 2
c1067 r38 4 1
c1068 r38 0 3
c1068 r38 2 3
c1068 r38 3 4
c1089 rDS2 0 2
c1089 rDS2 0 3
c1089 rDS2 1 4
c1089 rDS2 3 4
c1089 rDS2 4 4
