c0001 rG 0 3
c0001 rC 0 4
c0001 rC 1 0
c0001 rE 1 3
c0001 rB 2 3
c0001 rF 3 0
c0002 rE 0 0
c0002 rF 1 1
c0002 rF 1 2
c0002 rF 1 4
c0002 rF 2 1
c0002 rB 2 2
c0004 rC 2 0
c0004 rF 2 5
c0004 rF 3 4
c0004 rE 3 5
c0004 rS 4 1
c0004 rS 4 3
c0004 rE 4 5
c0005 rE 2 4
c0005 rE 3 3
c0005 rE 4 0
c0014 rS 4 4
c0015 rS 0 0
c0015 rC 0 2
c0015 rS 1 5
c0015 rB 2 4
c0015 rG 2 5
c0015 rG 3 0
c0015 rS 3 1
c0015 rB 4 2
c0016 rE 1 0
c0016 rE 2 0
c0016 rE 2 1
c0016 rF 2 2
c0016 rC 3 2
c0016 rG 3 3
c0016 rC 3 5
c0017 rC 1 1
c0017 rB 4 5
c0024 rG 0 1
c0024 rG 1 1
c0024 rB 1 4
c0024 rS 2 0
c0025 rG 0 0
c0025 rS 0 5
c0025 rB 1 5
c0025 rB 2 1
c0025 rF 4 0
c0025 rF 4 1
c0025 rE 4 2
c0025 rC 4 5
c0078 rC 3 1
c0078 rS 3 2
c0078 rF 3 3
c0078 rB 3 4
c0078 rB 4 4
c0030 rF 0 0
c0030 rG 1 3
c0030 rC 2 4
c0030 rC 4 3
c0030 rE 4 4
c0031 rG 1 2
c0031 rB 2 0
c0031 rC 2 5
c0031 rG 4 2
c0031 rB 4 3
c0032 rE 3 0
c0033 rC 0 1
c0033 rB 0 4
c0033 rB 1 0
c0033 rE 2 2
c0033 rE 2 3
c0033 rF 3 1
c0057 rB 0 0
c0057 rC 0 3
c0057 rE 1 1
c0057 rF 2 0
c0057 rS 3 4
c0058 rS 0 3
c0058 rE 0 4
c0058 rF 1 5
c0058 rS 2 4
c0058 rS 4 0
c0059 rF 0 4
c0059 rE 1 5
c0059 rC 2 1
c0059 rC 3 0
c0059 rE 3 1
c0059 rF 4 5
c0061 rF 0 2
c0061 rC 1 5
c0061 rG 2 3
c0061 rB 3 1
c0061 rC 3 3
c0061 rF 4 2
c0062 rS 0 1
c0062 rC 0 5
c0062 rF 1 3
c0062 rS 2 5
c0062 rF 3 2
c0063 rB 0 1
c0063 rB 0 5
c0063 rB 1 1
c0063 rE 3 2
c0063 rS 3 3
c0063 rG 4 5
c0064 rS 0 2
c0064 rC 1 3
c0064 rG 2 0
c0064 rC 2 2
c0064 rG 4 1
c0064 rC 4 2
c0065 rF 0 1
c0065 rF 0 5
c0065 rF 1 0
c0065 rB 1 2
c0065 rE 3 4
c0065 rB 4 0
c0066 rE 0 3
c0066 rC 1 2
c0066 rG 2 1
c0066 rG 3 1
c0066 rC 3 4
c0066 rG 4 0
c0067 rF 0 3
c0067 rS 1 0
c0067 rS 1 4
c0067 rS 3 0
c0067 rG 3 4
c0068 rS 1 2
c0068 rS 2 1
c0068 rB 2 5
c0068 rG 3 5
c0068 rB 4 1
c0068 rS 4 2
c0069 rE 0 1
c0069 rG 0 2
c0069 rS 2 3
c0069 rF 2 4
c0069 rF 4 3
c0069 rG 4 4
c0070 rC 0 0
c0070 rS 1 1
c0070 rC 1 4
c0070 rB 3 0
c0070 rG 3 2
c0070 rB 3 3
c0071 rG 1 5
c0071 rF 2 3
c0071 rG 2 4
c0071 rF 3 5
c0071 rE 4 3
c0071 rC 4 4
c0072 rB 0 2
c0072 rB 1 3
c0072 rG 2 2
c0072 rC 2 3
c0072 rB 3 5
c0072 rC 4 1
