c0007 r37 0 1
c0007 rEr1 2 1
c0007 rDS2 4 2
c0009 r34 0 0
c0009 rF 3 3
c0009 r38 4 3
c0015 rDS1 0 4
c0015 rDS1 1 3
c0015 rEr1 4 3
c0019 rF 2 1
c0019 r52 2 2
c0019 r52 4 2
c0020 r51 1 2
c0020 r25 0 2
c0020 r27 2 3
c0023 rF 1 4
c0023 rF 2 0
c0023 rD 3 2
c0024 r37 0 3
c0024 r25 1 4
c0024 r52 3 2
c0044 rA 0 2
c0044 rF 2 3
c0044 rA 3 1
c0047 rDS1 2 3
c0047 rB 2 4
c0047 rDS1 4 0
c0049 rD 0 3
c0049 rEr2 1 0
c0049 rEr1 3 3
c0053 rEr1 0 1
c0053 r52 1 1
c0053 r51 3 3
c0056 rB 1 0
c0056 rB 2 1
c0056 rF 4 0
c0058 rF 0 2
c0058 rL 0 4
c0058 rL 4 1
c0061 rD 2 1
c0061 rL 3 1
c0061 r27 3 4
c0062 rG 2 2
c0062 rG 1 1
c0062 rDS1 3 2
c0069 rEr2 0 4
c0069 rDS2 2 4
c0069 r37 3 0
c0072 rA 1 2
c0072 rA 2 0
c0072 rB 2 3
c0074 rB 0 2
c0074 rEr1 2 0
c0074 r25 4 3
c0088 rB 1 1
c0088 rDS1 1 4
c0088 rL 2 0
c0088 rB 3 1
c0088 rB 4 3
c0095 rEr1 0 3
c0095 rEr2 1 2
c0095 r37 2 3
c0103 rDS1 0 2
c0103 rG 1 0
c0103 rA 3 0
c0106 rG 2 0
c0106 rG 3 3
c0106 rG 4 1
c0108 rL 4 0
c0108 rD 4 3
c0108 rL 4 4
c0110 rD 0 1
c0110 rL 4 2
c0110 rG 4 4
c0113 rL 0 0
c0113 rF 0 4
c0113 rF 2 4
c0115 rB 0 1
c0115 rD 0 2
c0115 rD 1 1
c0118 r50 2 1
c0118 r38 2 2
c0118 rDS2 3 1
c0127 r34 0 2
c0127 r50 3 3
c0127 r50 4 1
c0129 rA 1 0
c0129 rD 2 0
c0129 r51 3 0
c0131 rL 0 2
c0131 rL 0 3
c0131 rL 3 3
c0132 rA 1 1
c0132 rA 2 2
c0132 rL 3 0
c0133 rB 0 0
c0133 rG 4 0
c0133 rF 4 1
c0133 rB 4 2
c0133 rF 4 4
c0152 rF 1 2
c0152 rD 1 3
c0152 rG 2 1
c0153 rF 0 3
c0153 rB 0 4
c0153 rA 3 3
c0162 r51 0 2
c0162 r50 3 0
c0162 r27 4 1
c0178 r38 1 4
c0178 r27 3 1
c0178 rDS2 4 4
c0191 r50 0 4
c0191 rA 2 3
c0191 rDS1 2 4
c0193 rB 1 4
c0193 rF 3 1
c0193 rF 4 3
c0195 rA 0 0
c0195 r51 1 1
c0195 rDS1 2 0
c0201 rG 0 0
c0201 rL 1 1
c0201 rD 4 2
c0203 r51 0 3
c0203 rG 1 4
c0203 r51 3 1
c0206 r34 2 4
c0206 r51 3 2
c0206 rL 4 3
c0211 r36 1 0
c0211 r37 4 1
c0211 rA 4 3
c0213 r51 2 2
c0213 rEr1 2 3
c0213 rF 3 4
c0217 rG 0 4
c0217 rA 1 3
c0217 rA 2 1
c0219 rG 1 2
c0219 rA 3 4
c0219 rDS1 4 2
c0221 rDS1 0 3
c0221 rDS1 1 2
c0221 rB 4 4
c0225 rG 0 1
c0225 rG 2 4
c0225 rB 3 2
c0230 rF 1 1
c0230 rF 3 0
c0230 rD 4 0
c0232 rDS1 1 0
c0232 r50 1 3
c0232 rD 4 1
c0238 r51 0 4
c0238 rN 1 1
c0238 rDS1 2 1
c0252 rA 0 3
c0252 rB 1 2
c0252 rD 3 4
c0253 rL 1 3
c0253 rB 3 0
c0253 rDS1 3 3
c0257 rL 1 0
c0257 rL 2 1
c0257 rB 3 4
c0279 rG 0 3
c0279 rG 3 1
c0279 rG 4 3
c0411 rDS2 0 2
c0411 rB 3 3
c0411 rDS1 3 4
c0412 rN 0 3
c0412 rEr1 1 3
c0412 rEr1 3 0
c0423 r38 1 1
c0423 rDS1 3 1
c0423 rEr2 0 1
c0428 rN 0 2
c0428 r37 1 0
c0428 rD 1 4
c0430 rEr2 2 3
c0430 rEr2 3 4
c0430 rB 4 1
c0432 r51 0 0
c0432 r37 0 4
c0432 r51 2 1
c0443 rL 2 4
c0443 r36 3 0
c0443 rEr1 4 4
c0444 r52 1 2
c0444 r25 3 3
c0444 r25 4 0
c0449 rN 0 4
c0449 r50 1 0
c0449 rN 2 4
c0455 rF 0 0
c0455 rD 1 2
c0455 rF 2 2
c0464 rEr2 1 1
c0464 rL 3 2
c0464 r27 4 4
c0467 r51 1 4
c0467 rEr2 3 0
c0467 r51 4 0
c0478 r27 1 3
c0478 rDS2 4 0
c0478 rDS1 4 4
c0479 r36 1 1
c0479 rDS1 2 2
c0479 rEr2 2 4
c0487 r34 2 0
c0487 rDS1 3 0
c0487 r37 4 0
c0489 rDS2 2 2
c0489 rDS2 3 3
c0489 rA 4 2
c0496 r27 0 0
c0496 rDS2 0 1
c0496 rL 1 4
c0497 r50 3 1
c0497 r38 3 2
c0497 r36 3 4
c0503 r25 0 1
c0503 rF 1 0
c0503 r50 3 4
c0504 r52 0 0
c0504 r27 4 2
c0504 r38 2 3
c0512 rDS1 0 0
c0512 r51 2 0
c0512 rL 2 2
c0515 rL 0 1
c0515 rG 0 2
c0515 rL 1 2
c0515 rG 3 2
c0520 rF 0 1
c0520 rG 1 3
c0520 rF 4 2
c0526 r25 1 1
c0526 r52 3 0
c0526 r37 3 2
c0530 r27 0 1
c0530 rEr1 1 2
c0530 rEr2 3 1
c0532 rB 2 0
c0532 rN 4 0
c0532 rEr2 4 1
c0534 r52 0 4
c0534 rDS2 1 4
c0534 r52 3 4
c0535 r38 0 2
c0535 r25 1 2
c0535 r52 3 3
c0537 r36 4 4
c0537 r38 2 1
c0537 rDS2 3 2
c0538 r37 1 1
c0538 r52 2 0
c0538 r52 3 1
c0539 rN 4 1
c0539 r36 1 4
c0539 rN 3 1
c0554 r36 2 3
c0554 r50 2 4
c0554 rDS2 4 1
c0602 rA 0 4
c0602 rDS1 1 1
c0602 r38 4 1
c0722 r27 1 2
c0722 rA 4 0
c0722 r50 4 3
c0723 rD 0 0
c0723 r37 2 1
c0723 r25 2 2
c0725 rEr1 1 0
c0725 rB 1 3
c0725 rEr1 4 0
c0730 rF 1 3
c0730 r25 2 1
c0730 r37 3 4
c0737 r52 0 2
c0737 r34 0 4
c0737 r34 4 1
c0742 r37 1 4
c0742 r38 2 0
c0742 r52 4 0
c0746 rD 1 0
c0746 rF 3 2
c0746 rA 4 4
c0789 r27 0 4
c0789 r38 3 0
c0789 r37 4 3
c0794 r50 2 0
c0794 rDS1 0 1
c0794 r37 3 3
c0795 r50 0 3
c0795 rN 1 2
c0795 r38 4 4
c0804 rEr1 0 0
c0804 rEr1 2 4
c0804 r51 1 3
c0807 r38 0 1
c0807 r34 1 2
c0807 r34 4 2
c0808 rD 2 3
c0808 r38 3 3
c0808 rN 3 4
c0812 r52 2 1
c0812 rDS2 1 0
c0812 r38 4 2
c0813 r27 2 0
c0813 r36 2 2
c0813 r51 4 3
c0822 r25 0 3
c0822 r34 2 1
c0822 r27 4 3
c0835 r37 0 0
c0835 r37 3 1
c0835 r27 3 2
c0847 rD 3 0
c0847 rD 3 3
c0847 rA 4 1
c0849 rA 0 1
c0849 r50 0 2
c0849 r27 1 0
c0860 r25 3 1
c0860 rN 1 3
c0860 r37 2 0
c0860 r27 2 1
c0860 r37 2 2
c0860 rN 3 0
c0860 rN 3 3
c0862 r34 1 3
c0862 r50 1 4
c0862 r50 2 2
c0862 r34 3 4
c0862 r38 4 0
c0862 r50 4 2
c0862 rN 4 4
c0883 r51 0 1
c0883 rEr2 0 2
c0883 rN 2 0
c0883 r37 2 4
c0883 rN 3 2
c0883 r25 3 4
c0883 rN 4 3
c0897 rEr2 2 0
c0897 rA 2 4
c0897 rD 3 1
c1005 rD 2 2
c1005 rD 2 4
c1005 rDS1 4 3
c0932 rB 2 2
c0932 rL 2 3
c0932 rB 4 0
c0936 rDS2 3 4
c0936 r37 4 2
c0936 r37 4 4
c1022 r52 1 3
c1022 r36 2 4
c1022 rG 3 4
c0955 r50 0 0
c0955 rEr1 0 4
c0955 r51 2 4
c0955 r36 3 1
c0955 r25 3 2
c0955 r51 4 1
c0955 r52 4 4
c0963 rEr1 0 2
c0963 r34 1 0
c0963 r50 1 2
c0963 r27 1 4
c0963 rDS2 2 1
c0963 rDS2 2 3
c0963 rDS2 4 3
c0975 rN 0 0
c0975 r34 0 1
c0975 r52 1 4
c0975 rN 2 2
c0975 rN 2 3
c0975 r34 3 1
c0975 r51 4 4
c0980 r52 0 1
c0980 r51 1 0
c0980 rEr2 1 3
c0980 rEr2 1 4
c0980 rEr2 3 2
c0980 r51 3 4
c0980 r52 4 3
c0983 r50 0 1
c0983 rEr1 1 4
c0983 r34 2 2
c0983 r34 2 3
c0983 r50 3 2
c0983 rEr1 4 1
c0983 rEr2 4 3
c0998 rA 1 4
c0998 rG 3 0
c0998 rA 3 2
c1041 rB 0 3
c1041 rG 2 3
c1041 rD 4 4
c1053 rN 1 0
c1053 r27 1 1
c1053 r36 1 2
c1062 r38 1 2
c1062 r38 3 4
c1062 rEr1 4 2
c1064 rEr2 0 3
c1064 rDS2 0 4
c1064 r38 1 3
c1064 r36 2 1
c1064 r27 4 0
c1064 rEr2 3 3
c1064 r36 4 1
c1065 r34 1 1
c1065 r51 2 3
c1065 r27 2 4
c1066 rEr2 2 1
c1066 rEr1 1 1
c1066 rEr1 3 2
c1069 r38 0 0
c1069 r37 1 2
c1069 rDS1 4 1
c1072 rDS2 0 0
c1072 r27 2 2
c1072 r50 4 0
c1074 r36 0 1
c1074 r36 0 4
c1074 r38 1 0
c1077 r34 0 3
c1077 r52 2 3
c1077 r50 4 4
