c0131 rL 0 0
c0131 rL 2 1
c0131 rG 4 2
c0211 rE 0 1
c0211 rB 2 1
c0211 rD 4 1
c0095 rB 0 1
c0095 rDS1 1 0
c0095 r52 2 0
c0152 rA 1 0
c0152 rB 3 0
c0152 rE 3 3
c0103 rE 1 0
c0103 rE 2 0
c0103 rD 4 3
c0111 rG 0 1
c0111 rB 3 1
c0111 rB 3 3
c0113 rL 2 4
c0113 rA 3 0
c0113 rL 4 4
c0115 rA 0 3
c0115 rA 0 4
c0115 rA 1 2
c0119 r52 0 1
c0119 rDS2 3 1
c0119 rDS2 4 3
c0127 rD 2 1
c0127 r27 3 0
c0127 r52 3 1
c0007 r38 0 2
c0007 rE 1 2
c0007 r50 3 1
c0015 r36 4 0
c0015 r52 3 3
c0015 r27 2 0
c0019 rA 1 3
c0019 rL 3 4
c0019 r27 4 1
c0020 rDS1 1 4
c0020 rDS1 4 2
c0020 r36 2 3
c0023 rG 2 2
c0023 rD 4 0
c0023 rE 4 1
c0080 r38 4 0
c0080 r52 1 0
c0080 rDS2 3 3
c0088 rL 1 4
c0088 rF 2 2
c0088 rD 2 3
c0088 rF 2 4
c0088 rA 4 3
c0044 r27 0 1
c0044 r27 1 0
c0044 rDS1 1 1
c0110 rL 0 3
c0110 rG 0 4
c0110 rE 1 4
c0058 rE 2 2
c0058 rA 3 3
c0058 rA 3 4
c0061 rG 1 0
c0061 rA 2 4
c0061 rA 3 2
c0066 r36 1 3
c0066 rB 4 1
c0066 rE 4 3
c0074 r52 0 0
c0074 rF 4 0
c0074 r52 4 3
c0213 rG 3 0
c0213 rE 3 1
c0213 rA 4 0
c0219 rDS1 0 2
c0219 rDS1 0 0
c0219 r27 2 3
c0178 rB 0 0
c0178 rG 1 1
c0178 rF 2 1
c0186 rE 2 4
c0186 rA 4 2
c0186 rF 4 3
c0193 r38 1 1
c0193 r50 3 0
c0193 r50 4 1
c0108 rE 0 0
c0108 r52 4 0
c0108 r52 4 1
c0056 rDS2 2 0
c0056 r52 3 0
c0056 r27 3 1
c0195 rF 1 0
c0195 rD 2 2
c0195 rE 4 2
c0206 rF 3 1
c0206 rDS1 4 0
c0206 rL 4 1
c0467 r37 2 3
c0467 rE 3 0
c0467 r37 1 1
c0129 rD 1 3
c0129 rB 2 3
c0129 rG 4 0
c0155 r31 0 1
c0155 r50 0 4
c0155 rG 1 2
c0155 r31 1 1
c0155 r50 2 2
c0155 r50 2 4
c0155 r52 3 2
c0156 r50 0 1
c0156 rF 0 2
c0156 r52 1 2
c0156 rDS1 2 0
c0156 rDS2 2 4
c0156 rDS1 3 1
c0156 rDS1 3 2
c0157 rB 0 2
c0157 r52 0 3
c0157 r27 1 1
c0157 r27 1 2
c0157 r27 3 2
c0157 rD 2 4
c0157 rB 0 4
c0252 rE 0 2
c0252 rG 1 3
c0252 rE 2 1
c0266 rD 1 0
c0266 rD 1 1
c0266 rF 1 4
c0238 rF 0 0
c0238 r52 1 1
c0238 r31 2 0
c0279 rL 2 2
c0279 rG 3 1
c0279 rD 3 3
c0076 r31 0 2
c0076 rDS2 3 4
c0076 r52 4 2
c0470 rD 1 4
c0470 r27 2 2
c0470 rA 4 1
c0009 r36 1 4
c0009 r36 2 1
c0009 r27 4 2
c0217 rD 0 1
c0217 rD 3 2
c0217 rG 4 3
c0230 rB 1 1
c0230 rB 1 3
c0230 rB 2 4
c0201 rD 0 0
c0201 rE 0 4
c0201 rL 3 2
c0552 rF 0 1
c0552 r36 3 2
c0552 r36 4 4
c0480 r31 2 1
c0480 rG 3 2
c0480 rA 4 4
c0054 rF 0 3
c0054 rL 0 4
c0054 rD 1 2
c0054 rG 2 3
c0054 rD 3 0
c0455 rA 2 0
c0455 r52 3 4
c0455 r38 4 2
c0602 r50 1 3
c0602 rG 2 1
c0602 rL 2 3
c0559 r52 2 2
c0559 rDS1 2 4
c0559 r31 4 3
c0069 rDS2 2 1
c0069 rG 0 0
c0069 rDS1 4 1
c0295 r50 0 3
c0295 r38 0 4
c0295 rDS2 3 0
c0295 rF 4 1
c0295 r50 4 2
c0288 rF 3 2
c0288 rE 4 0
c0288 rDS2 4 4
c0297 r37 0 1
c0297 r31 1 2
c0297 r31 1 3
c0297 r38 2 0
c0297 r31 3 3
c0302 r50 1 2
c0302 r50 2 0
c0302 r50 3 3
c0311 r36 2 0
c0311 rE 2 3
c0311 r38 3 1
c0313 rF 1 3
c0313 r27 2 1
c0313 rF 4 2
c0314 rD 2 0
c0314 r36 3 3
c0314 r36 4 1
c0310 rL 1 1
c0310 rL 3 0
c0310 rL 4 2
c0315 r38 1 0
c0315 r50 0 2
c0315 rD 3 1
c0316 r31 0 3
c0316 r31 3 0
c0316 r38 4 1
c0298 rDS1 0 3
c0298 rF 0 4
c0298 rL 1 2
c0298 rDS2 1 3
c0298 rDS1 2 3
c0304 r37 2 4
c0304 rB 2 0
c0304 rA 2 3
c0304 r27 3 3
c0304 r27 4 3
c0346 rA 0 0
c0346 rA 0 1
c0346 rA 2 2
c0346 rL 3 1
c0346 rL 3 3
c0379 rDS2 4 2
c0379 rDS1 4 3
c0379 rD 4 4
c0366 r37 1 2
c0366 r37 2 1
c0366 r31 2 4
c0366 r31 3 2
c0366 r31 3 4
c0391 rE 1 3
c0391 rG 4 1
c0391 rD 4 2
c0386 rA 0 2
c0386 rA 1 1
c0386 rL 4 0
c0638 rL 1 0
c0638 rL 1 3
c0638 rA 1 4
c0638 rL 2 0
c0322 rD 3 4
c0322 rD 0 4
c0322 r50 1 4
c0322 rB 2 2
c0322 rDS1 2 1
c0323 rG 1 4
c0323 rF 2 0
c0323 rF 2 3
c0326 rA 2 1
c0326 rF 3 4
c0326 rF 4 4
c0327 rF 1 1
c0327 rF 1 2
c0327 rF 3 0
c0336 r50 0 0
c0336 rDS1 0 1
c0336 rE 1 1
c0337 rG 2 0
c0337 rG 3 3
c0337 r27 4 0
c0307 rB 1 2
c0307 r52 1 3
c0307 r27 1 4
c0307 rA 3 1
c0307 rDS2 4 1
c0633 rL 0 1
c0633 rB 1 0
c0633 rE 3 2
c0633 rG 3 4
c0633 rB 4 0
c0368 r36 0 3
c0368 r31 0 4
c0368 r52 2 1
c0388 rDS2 0 4
c0388 r52 2 3
c0388 rB 4 2
c0388 rL 4 3
c0388 r52 4 4
