ChiGenAn rA 1 0
ChiGenAn rA 2 4
ChiGenAn rA 4 2
GeoAn rF 1 2
GeoAn rF 3 2
GeoAn rF 4 4
CamEleAn r37 1 3
CamEleAn r37 2 0
CamEleAn r37 4 0
FonChiAn rE 1 4
FonChiAn rE 2 4
FonChiAn rDS1 3 1
IngConAn r27 0 2
IngConAn r27 2 2
IngConAn r27 3 1
StrIndAn rDS2 0 0
StrIndAn rDS2 3 4
StrIndAn rDS2 4 1
TecCosAn r37 0 1
TecCosAn r37 2 3
TecCosAn r37 3 3
Mat1Cn rA 0 0
Mat1Cn rA 2 0
Mat1Cn rA 3 0
Mat1Cn rA 4 0
Mat1Cn rA 4 1
MecRazCn rD 0 1
MecRazCn rD 3 1
MecRazCn rD 4 3
DisCn rB 0 0
DisCn rB 1 1
DisCn rB 3 0
TecMatCn rE 0 2
TecMatCn rE 2 3
TecMatCn rE 3 2
ArcTecCn rL 0 4
ArcTecCn rL 2 4
ArcTecCn rL 3 3
DisEdiCn r52 2 3
DisEdiCn r31 3 2
DisEdiCn r31 4 3
Idr2Cn r52 1 3
Idr2Cn r52 2 0
Idr2Cn r52 4 3
Mat1En r27 0 0
Mat1En r27 2 0
Mat1En r27 2 1
Mat1En r27 3 0
Mat1En r27 4 1
ChiStaEn rF 0 4
ChiStaEn rF 1 3
ChiStaEn rF 4 1
ConAutEn rD 0 0
ConAutEn rD 1 2
ConAutEn rD 4 2
RetLogEn rL 0 2
RetLogEn rL 0 3
RetLogEn rL 1 0
TeoRetEn rA 0 1
TeoRetEn rL 1 4
TeoRetEn rL 4 0
ComEleEn rF 1 0
ComEleEn rF 3 1
ComEleEn rF 3 4
EleSis1En rF 3 3
EleSis1En rF 4 2
EleSis1En rF 4 3
MetMatEn r31 2 2
MetMatEn r31 2 3
MetMatEn r31 4 1
RetCal1G1n rD 2 2
RetCal1G1n rD 4 0
RetCal1G1n rD 4 1
Mat1G2n rB 0 1
Mat1G2n rB 2 0
Mat1G2n rE 3 0
Mat1G2n rE 3 1
Mat1G2n rB 4 0
ChiG2n rA 0 2
ChiG2n rA 2 2
ChiG2n rA 3 1
DisComEsG2n rE 0 0
FonMecG2n rF 1 4
FonMecG2n rG 2 0
FonMecG2n rG 3 2
TerAppG2n r27 0 1
TerAppG2n r27 1 3
TerAppG2n r27 2 3
CalProG2n r50 1 4
CalProG2n r50 3 3
CalProG2n r50 3 4
Mat1Mn rF 0 0
Mat1Mn rF 0 1
Mat1Mn rF 1 1
Mat1Mn rF 2 1
Mat1Mn rF 3 0
DisIndMn rA 1 2
DisIndMn rA 2 1
DisIndEsMn rD 2 4
FluMn rF 0 3
FluMn rA 1 3
FluMn rA 3 3
ComMecMn rD 1 3
ComMecMn rG 3 4
ComMecMn rL 4 1
CosMacMn rE 1 0
CosMacMn rE 3 3
CosMacMn rE 4 0
TecMec1Mn rL 1 2
TecMec1Mn rL 2 2
TecMec1Mn rL 3 2
Mat1Ar rE 2 0
Mat1Ar rB 3 1
Mat1Ar rE 4 3
FonInfAr rB 1 2
FonInfAr rB 3 2
FonInfAr rB 4 2
LabEle1Ar r50 0 0
LabEle1Ar r31 0 1
LabEle1Ar r31 1 1
LabEle1Ar r31 2 1
LabEle1Ar r50 2 2
LabEle1Ar r31 3 0
LabEle1Ar r31 4 4
LabEle2Ar rG 1 3
LabEle2Ar rG 1 4
LabEle2Ar rG 2 1
LabEle2Ar rG 2 2
LabEle2Ar rG 3 0
LabEle2Ar rG 3 3
LabEle2Ar rG 4 4
LabEle3Ar r50 0 1
LabEle3Ar rDS1 0 2
LabEle3Ar r50 1 3
LabEle3Ar r50 2 1
LabEle3Ar r50 2 3
LabEle3Ar r50 2 4
LabEle3Ar r50 4 4
GeoAppAns r37 0 3
GeoAppAns r37 3 2
GeoAppAns r37 4 2
IdrNumAns r38 1 2
IdrNumAns r38 2 3
IdrNumAns r38 4 3
MecSuoAns r31 0 0
MecSuoAns r31 1 4
MecSuoAns r31 3 3
PriIngAns r38 2 2
PriIngAns r27 3 3
PriIngAns r38 4 4
StaPenAns rDS1 0 4
StaPenAns rDS1 1 3
StaPenAns rDS1 4 4
StaAns r38 0 1
StaAns r38 2 4
StaAns r38 3 1
ArcTecCns rDS1 1 2
ArcTecCns rDS1 2 2
ArcTecCns rDS1 3 2
EleTel1Ens r52 1 4
EleTel1Ens r52 3 1
EleTel1Ens r52 3 2
SisTel1Ens rDS2 1 3
SisTel1Ens r38 2 1
SisTel1Ens rDS2 4 4
AppIndGns rL 1 1
AppIndGns rL 2 1
AppIndGns rL 3 0
RetCal2Gns rDS2 1 1
RetCal2Gns rDS2 2 1
RetCal2Gns rDS2 2 4
TecCos1Cv rG 0 0
TecCos1Cv rG 0 1
TecCos1Cv rB 2 1
StoArcCv rDS1 1 0
StoArcCv rDS1 1 1
StoArcCv rDS1 2 3
StoArcCv rDS1 3 0
StoArcCv rDS1 4 3
TeoStr1Cv r38 0 3
TeoStr1Cv r38 1 4
TeoStr1Cv r38 3 3
MecCom1Cv r31 0 4
MecCom1Cv r31 1 3
MecCom1Cv r31 2 0
ArcComCv rDS2 0 3
ArcComCv rDS2 2 0
ArcComCv rDS2 4 2
CalAut1Cv r37 2 1
CalAut1Cv r37 3 1
CalAut1Cv r37 4 4
CosZonCv r36 0 4
CosZonCv r36 3 0
CosZonCv r36 4 3
ImpTec1Cv r27 1 4
ImpTec1Cv r27 2 4
ImpTec1Cv r27 4 3
IdrAppCv r36 1 2
IdrAppCv r36 2 1
IdrAppCv r36 2 3
IdrAppCv r36 3 3
IdrAppCv r36 4 1
RivSpeCv r36 1 3
RivSpeCv r36 2 2
RivSpeCv r36 3 1
RivSpeCv r36 3 2
RivSpeCv r36 4 2
CalEle1Ev rD 3 3
CalEle1Ev r27 4 2
CalEle1Ev rA 4 3
CamEle1Ev rA 1 1
CamEle1Ev rE 2 1
CamEle1Ev rD 3 0
EleIndEv rB 0 2
EleIndEv rB 0 3
EleIndEv rE 0 4
EleIndEv rE 1 2
EleIndEv rE 1 3
GesAziGv rL 0 0
GesAziGv rL 0 1
GesAziGv rL 1 3
GesAziGv rL 2 0
GesAziGv rL 2 3
ChiInd1Gv r52 0 2
ChiInd1Gv r52 1 0
ChiInd1Gv r52 1 1
ChiInd1Gv r52 2 1
ChiInd1Gv r52 3 0
OrgPro1Gv rD 1 0
OrgPro1Gv rD 1 1
OrgPro1Gv rD 2 1
Mac1Mv rG 0 3
Mac1Mv rG 0 4
Mac1Mv rG 2 4
Mac1Mv rG 3 1
Mac1Mv rG 4 1
TerAppMv rG 1 0
TerAppMv rG 1 1
TerAppMv rG 2 3
TerAppMv rDS2 3 3
TerAppMv rG 4 2
DisAssMv r52 0 3
DisAssMv r52 1 2
DisAssMv r52 2 2
DisAssMv r52 3 3
DisAssMv r52 4 2
MecVibMn rB 0 4
MecVibMn rB 1 3
MecVibMn rB 2 3
MecVibMn rB 3 4
MecVibMn rB 4 1
