c0009 rC 0 1
c0108 rF 0 1
c0044 rG 0 1
c0081 rO 0 1
c0009 rC 0 2
c0040 rF 0 2
c0107 rG 0 2
c0081 rO 0 2
c0110 rLUF2 0 2
c0017 rC 0 3
c0110 rF 0 3
c0116 rG 0 3
c0081 rO 0 3
c0045 rLUF2 0 3
c0018 rC 0 4
c0116 rG 0 4
c0026 rLUF2 0 4
c0019 rC 0 5
c0042 rO 0 5
c0027 rLUF2 0 5
c0028 rC 0 6
c0045 rLUF2 0 6
c0018 rC 0 7
c0036 rF 0 7
c0115 rG 0 7
c0079 rO 0 7
c0111 rLUF2 0 7
c0018 rC 0 8
c0109 rF 0 8
c0113 rLUF2 0 8
c0027 rC 1 0
c0115 rF 1 0
c0036 rG 1 0
c0034 rLUF2 1 0
c0018 rC 1 1
c0115 rF 1 1
c0036 rG 1 1
c0034 rO 1 1
c0026 rLUF2 1 1
c0026 rC 1 2
c0038 rF 1 2
c0019 rLUF2 1 2
c0009 rC 1 3
c0044 rG 1 3
c0034 rLUF2 1 3
c0009 rC 1 4
c0036 rF 1 4
c0044 rG 1 4
c0006 rC 1 5
c0040 rF 1 5
c0082 rG 1 5
c0081 rO 1 5
c0085 rLUF2 1 5
c0008 rC 1 6
c0111 rF 1 6
c0116 rG 1 6
c0042 rO 1 6
c0027 rLUF2 1 6
c0008 rC 1 7
c0038 rF 1 7
c0109 rG 1 7
c0083 rO 1 7
c0113 rLUF2 1 7
c0008 rC 1 8
c0045 rLUF2 1 8
c0008 rC 2 0
c0115 rF 2 0
c0026 rLUF2 2 0
c0008 rC 2 1
c0116 rG 2 1
c0026 rLUF2 2 1
c0007 rC 2 2
c0036 rF 2 2
c0044 rG 2 2
c0079 rO 2 2
c0034 rLUF2 2 2
c0008 rC 2 3
c0038 rLUF2 2 3
c0008 rC 2 4
c0008 rC 2 5
c0082 rF 2 5
c0006 rC 2 6
c0082 rF 2 6
c0107 rG 2 6
c0083 rO 2 6
c0085 rLUF2 2 6
c0019 rC 2 7
c0042 rO 2 7
c0028 rLUF2 2 7
c0017 rC 2 8
c0042 rO 2 8
c0027 rLUF2 2 8
c0018 rC 3 0
c0038 rLUF2 3 0
c0017 rC 3 1
c0044 rF 3 1
c0036 rG 3 1
c0034 rO 3 1
c0081 rLUF2 3 1
c0019 rC 3 2
c0107 rG 3 2
c0042 rO 3 2
c0027 rLUF2 3 2
c0018 rC 3 3
c0107 rG 3 3
c0028 rLUF2 3 3
c0018 rC 3 4
c0082 rG 3 4
c0085 rO 3 4
c0113 rLUF2 3 4
c0019 rC 3 5
c0110 rF 3 5
c0083 rG 3 5
c0018 rC 3 6
c0083 rO 3 6
c0019 rC 3 7
c0109 rF 3 7
c0108 rG 3 7
c0079 rO 3 7
c0040 rLUF2 3 7
c0018 rC 3 8
c0115 rF 3 8
c0108 rG 3 8
c0079 rO 3 8
c0045 rLUF2 3 8
c0009 rC 4 0
c0009 rC 4 1
c0108 rF 4 1
c0082 rG 4 1
c0083 rO 4 1
c0081 rLUF2 4 1
c0007 rC 4 2
c0110 rF 4 2
c0107 rG 4 2
c0034 rO 4 2
c0027 rLUF2 4 2
c0026 rC 4 3
c0110 rF 4 3
c0107 rG 4 3
c0040 rLUF2 4 3
c0019 rC 4 4
c0110 rF 4 4
c0108 rG 4 4
c0085 rO 4 4
c0040 rLUF2 4 4
c0019 rC 4 5
c0110 rF 4 5
c0108 rG 4 5
c0085 rO 4 5
c0045 rLUF2 4 5
c0108 rG 4 6
c0038 rLUF2 4 6
c0009 rC 4 7
c0109 rF 4 7
c0108 rG 4 7
c0079 rO 4 7
c0038 rLUF2 4 7
c0008 rC 4 8
c0108 rF 4 8
c0115 rG 4 8
c0079 rO 4 8
c0045 rLUF2 4 8
