LinTed1 r10 2 5
AlfInf r15 5 0
LetIta1 rA 0 0
LetIta1 rA 0 1
LetIta1 rA 1 1
FilTesItaCS rB 1 1
FilTesItaCS r10 1 2
FilTesItaCS r10 2 2
LinGreA rM 0 5
LinGreA r10 0 3
LinGreA rM 0 4
LinLatA rL 3 5
LinLatA rL 5 1
LinLetGre1 rB 3 0
LinLetGre1 rC1 4 2
LinLetGre1 rA 5 1
LinLetLat1 rA 0 3
LinLetLat1 rA 1 5
LinLetLat1 rA 2 1
LetCriAnt rB 1 2
LetCriAnt rA 2 3
LetCriAnt r10 4 4
Papiro rA 0 2
Papiro rA 1 4
Papiro rA 2 5
EpiGre r10 0 1
EpiGre r10 1 3
EpiGre r10 4 2
StoMod1 rA 1 0
StoMod1 rA 1 3
StoMod1 rA 2 2
StoCon rA 1 2
StoCon rA 2 0
Geo2 r15 0 4
Geo2 r15 5 1
Geo2 r15 3 3
AntCul1 rA 3 4
AntCul1 rA 4 2
AntCul1 rA 4 3
StoFil1 r10 1 4
StoFil1 r10 1 5
StoFil1 rA 3 0
StoCriChi rA 0 4
StoCriChi rL 3 0
StoCriChi rL 4 0
StoSci r14 1 1
StoSci r14 4 5
StoSci rM 3 2
MetRicArc rC1 3 3
MetRicArc r15 4 1
MetRicArc rC1 1 3
ArcCla1 r10 1 0
ArcCla1 rL 2 2
ArcCla1 rA 4 0
LinLatB rL 3 1
LinLatB rL 3 2
LinLatB rL 5 0
Numism rM 1 1
Numism rM 2 4
Numism rM 1 2
PrePro r10 0 0
PrePro r15 3 2
PrePro rO 3 3
StoVicOriAnt rM 2 1
StoVicOriAnt r14 4 4
StoVicOriAnt r14 4 3
ArcEge rB 2 0
ArcEge rM 5 1
ArcEge rA 5 0
FilSem rL 1 3
FilSem r14 2 2
FilSem r14 0 3
LegBenCul1 rB 0 5
LegBenCul1 rB 2 1
Bibeco r10 3 4
Bibeco r10 3 5
Bibeco rB 4 3
ConBenArcLib rL 0 0
ConBenArcLib r15 2 4
ConBenArcLib rL 4 2
ResBenArcLib rB 3 2
ResBenArcLib rB 3 4
ResBenArcLib rB 3 5
InfArcBib rB 2 4
InfArcBib r10 3 1
InfArcBib r10 5 0
TeoTecCatCla rA 4 4
TeoTecCatCla rB 3 3
TeoTecCatCla r10 4 3
StoArtMed1 rB 4 0
StoArtMed1 rB 4 4
StoArtMed1 rA 4 5
IcoIcoA rB 1 5
IcoIcoA r10 2 0
IcoIcoA r10 2 3
IcoIcoB rB 0 3
IcoIcoB rB 1 3
IcoIcoB r10 0 4
StoArtMod1 rB 0 4
StoArtMod1 rB 1 4
MetRicStoArt rL 1 1
MetRicStoArt r10 3 2
MetRicStoArt rB 4 5
StoArtLatAmeA rB 0 0
StoArtLatAmeA rB 0 1
StoArtLatAmeA rB 0 2
StoArtCon1 rB 2 3
StoArtCon1 rA 3 1
StoArtCon1 rA 3 3
PsiArt r10 2 4
PsiArt rM 2 5
PsiArt rM 4 4
ArcPae rA 4 1
LetIta4CS rC1 2 3
LetIta4CS rM 3 0
LetIta4CS rM 4 3
StoGreCS rM 1 0
StoGreCS r10 1 1
StoGreCS rB 2 2
StoMedCS rA 3 2
StoMedCS rB 4 1
StoMedCS rB 4 2
BioArcCS rC1 0 4
BioArcCS rC1 0 5
BioArcCS r14 1 2
Antrop r15 1 5
Antrop rL 2 0
Antrop rL 2 1
LegBenCul2 rB 3 1
LegBenCul2 rA 3 5
LegBenCul2 rB 5 0
StoArtMed2CS r10 3 3
StoArtMed2CS rM 4 1
StoArtMed2CS r10 5 1
ChiAppBenCul r14 4 1
ChiAppBenCul r14 4 2
ChiAppBenCul r14 1 3
StoArc rO 0 4
StoArc rO 2 0
StoArc rO 3 5
StoArt rL 0 1
StoArt rL 1 4
StoArt rM 2 3
FonSocAntCulI r10 0 2
FonSocAntCulI r10 0 5
FonSocAntCulI r10 4 1
Bibgra rA 0 5
Bibgra rA 2 4
Bibgra r15 2 5
BibgraCS rL 0 4
BibgraCS rL 0 5
BibgraCS rL 2 4
