c0044 r37 0 0
c0638 r38 0 0
c0336 r31 0 0
c0206 rB 0 0
c0080 rE 0 0
c0211 rF 0 0
c0633 rG 0 0
c0095 rA 0 0
c0297 rL 0 0
c0074 rDS2 0 0
c0178 r36 0 1
c0088 r37 0 1
c0480 r38 0 1
c0467 r31 0 1
c0111 r27 0 1
c0252 rB 0 1
c0211 rD 0 1
c0386 rE 0 1
c0127 rF 0 1
c0015 rG 0 1
c0157 rA 0 1
c0156 rL 0 1
c0069 r50 0 1
c0230 r52 0 1
c0602 rDS1 0 1
c0304 rDS2 0 1
c0297 r36 0 2
c0470 r37 0 2
c0633 r38 0 2
c0007 r31 0 2
c0131 rB 0 2
c0295 rF 0 2
c0313 rA 0 2
c0322 rL 0 2
c0366 r52 0 2
c0020 rDS1 0 2
c0054 rDS2 0 2
c0304 r36 0 3
c0298 r31 0 3
c0638 rB 0 3
c0311 rD 0 3
c0315 rF 0 3
c0336 rG 0 3
c0252 rL 0 3
c0111 r52 0 3
c0115 rDS1 0 3
c0074 rDS2 0 3
c0201 r31 0 4
c0058 r27 0 4
c0155 rB 0 4
c0066 rD 0 4
c0297 rE 0 4
c0313 rF 0 4
c0346 rA 0 4
c0230 r50 0 4
c0314 rDS1 0 4
c0602 rDS2 0 4
c0316 r36 1 0
c0069 r38 1 0
c0323 r31 1 0
c0054 rB 1 0
c0297 rD 1 0
c0108 rE 1 0
c0019 rF 1 0
c0552 rG 1 0
c0193 rL 1 0
c0295 r50 1 0
c0131 r52 1 0
c0217 rDS1 1 0
c0095 r36 1 1
c0467 r37 1 1
c0238 r38 1 1
c0336 r31 1 1
c0323 rD 1 1
c0193 rE 1 1
c0386 rF 1 1
c0219 rG 1 1
c0310 rA 1 1
c0206 r50 1 1
c0152 r52 1 1
c0056 rDS1 1 1
c0058 rDS2 1 1
c0480 r36 1 2
c0368 r37 1 2
c0156 r38 1 2
c0470 r31 1 2
c0023 r27 1 2
c0061 rB 1 2
c0110 rD 1 2
c0315 rE 1 2
c0266 rL 1 2
c0366 r52 1 2
c0366 r37 1 3
c0295 r38 1 3
c0633 r31 1 3
c0157 rB 1 3
c0327 rF 1 3
c0115 rG 1 3
c0368 rA 1 3
c0313 rL 1 3
c0054 r52 1 3
c0076 r36 1 4
c0113 r31 1 4
c0156 r27 1 4
c0298 rD 1 4
c0638 rG 1 4
c0088 rA 1 4
c0266 r50 1 4
c0195 rDS2 1 4
c0095 r36 2 0
c0217 r37 2 0
c0238 r38 2 0
c0552 r31 2 0
c0391 r27 2 0
c0056 rB 2 0
c0252 rD 2 0
c0080 rF 2 0
c0322 rG 2 0
c0326 rA 2 0
c0288 rL 2 0
c0388 r50 2 0
c0007 r52 2 0
c0379 rDS1 2 0
c0019 r36 2 1
c0206 r37 2 1
c0346 r31 2 1
c0297 r27 2 1
c0152 rB 2 1
c0213 rD 2 1
c0314 rE 2 1
c0279 rF 2 1
c0322 rG 2 1
c0044 rA 2 1
c0058 rL 2 1
c0470 r50 2 1
c0066 rDS1 2 1
c0307 rDS2 2 1
c0020 r36 2 2
c0337 r37 2 2
c0302 r38 2 2
c0156 r31 2 2
c0155 r27 2 2
c0366 rB 2 2
c0298 rF 2 2
c0307 rG 2 2
c0266 rA 2 2
c0455 rL 2 2
c0119 r50 2 2
c0186 r52 2 2
c0157 rDS1 2 2
c0337 r36 2 3
c0279 r37 2 3
c0310 rB 2 3
c0015 rD 2 3
c0346 rF 2 3
c0023 rA 2 3
c0314 r50 2 3
c0559 r52 2 3
c0129 rDS1 2 3
c0103 rDS2 2 3
c0302 r36 2 4
c0115 r37 2 4
c0326 r38 2 4
c0009 r31 2 4
c0298 rB 2 4
c0322 rD 2 4
c0552 rE 2 4
c0602 rF 2 4
c0388 rG 2 4
c0152 rA 2 4
c0379 rL 2 4
c0110 r50 2 4
c0304 r52 2 4
c0480 rDS1 2 4
c0178 r37 3 0
c0155 r31 3 0
c0127 r27 3 0
c0311 rE 3 0
c0638 rF 3 0
c0288 rG 3 0
c0213 rA 3 0
c0061 rL 3 0
c0007 r50 3 0
c0559 r52 3 0
c0455 rDS1 3 0
c0103 rDS2 3 0
c0108 r36 3 1
c0110 r37 3 1
c0023 r38 3 1
c0337 r31 3 1
c0366 r27 3 1
c0044 rB 3 1
c0157 rD 3 1
c0186 rE 3 1
c0211 rF 3 1
c0327 rG 3 1
c0178 rA 3 1
c0304 r52 3 1
c0088 rDS1 3 1
c0054 r37 3 2
c0323 r38 3 2
c0113 r31 3 2
c0307 rB 3 2
c0129 rD 3 2
c0295 rF 3 2
c0080 rL 3 2
c0201 r50 3 2
c0346 rDS1 3 2
c0298 rDS2 3 2
c0088 r36 3 3
c0559 r38 3 3
c0186 r31 3 3
c0076 r27 3 3
c0119 rB 3 3
c0157 rF 3 3
c0304 rG 3 3
c0156 r50 3 3
c0346 r52 3 3
c0009 rDS1 3 3
c0368 rDS2 3 3
c0386 r36 3 4
c0467 r37 3 4
c0315 r38 3 4
c0015 r31 3 4
c0157 r27 3 4
c0327 rD 3 4
c0322 rE 3 4
c0311 rG 3 4
c0230 rL 3 4
c0155 rDS2 3 4
c0157 r37 4 0
c0201 r38 4 0
c0054 r27 4 0
c0213 rB 4 0
c0155 rD 4 0
c0061 rE 4 0
c0127 rF 4 0
c0633 rA 4 0
c0156 rL 4 0
c0056 r52 4 0
c0219 rDS1 4 0
c0316 rDS2 4 0
c0391 r36 4 1
c0316 r38 4 1
c0193 r31 4 1
c0238 r27 4 1
c0108 rE 4 1
c0310 rF 4 1
c0131 rG 4 1
c0219 rL 4 1
c0111 r50 4 1
c0295 r52 4 1
c0076 rDS1 4 1
c0069 rDS2 4 1
c0066 r36 4 2
c0279 r37 4 2
c0391 r31 4 2
c0288 r27 4 2
c0156 rB 4 2
c0388 rD 4 2
c0195 rE 4 2
c0119 rF 4 2
c0020 rL 4 2
c0155 r52 4 2
c0633 rDS1 4 2
c0009 r31 4 3
c0388 r27 4 3
c0103 rB 4 3
c0088 rE 4 3
c0155 r52 4 3
c0307 rDS1 4 3
c0074 rDS2 4 3
c0195 r36 4 4
c0379 r38 4 4
c0455 r31 4 4
c0307 rB 4 4
c0217 rD 4 4
c0019 rA 4 4
c0302 rL 4 4
c0326 r50 4 4
c0129 r52 4 4
c0388 rDS1 4 4
c0113 rDS2 4 4
