c0835 r36 0 0
c0009 r37 0 0
c0127 r38 0 0
c0423 r34 0 0
c0532 r27 0 0
c1062 r51 0 0
c0115 rB 0 0
c0129 rD 0 0
c0132 rF 0 0
c0515 rG 0 0
c0056 rA 0 0
c0746 rL 0 0
c0860 r50 0 0
c0504 r52 0 0
c0103 rDS1 0 0
c0232 rDS2 0 0
c0497 rN 0 0
c0489 rEr1 0 0
c0539 rEr2 0 0
c0537 r25 0 1
c0539 r36 0 1
c0955 r37 0 1
c0238 r38 0 1
c0526 r34 0 1
c0883 r27 0 1
c0980 r51 0 1
c0058 rB 0 1
c0115 rD 0 1
c0430 rF 0 1
c0193 rG 0 1
c0074 rA 0 1
c0201 rL 0 1
c1064 r50 0 1
c0219 rDS1 0 1
c0963 rDS2 0 1
c0464 rEr1 0 1
c0411 rEr2 0 1
c0503 r25 0 2
c0162 r37 0 2
c0723 r38 0 2
c0412 r34 0 2
c0095 r27 0 2
c0428 r51 0 2
c0113 rB 0 2
c0849 rD 0 2
c0219 rF 0 2
c0980 rG 0 2
c0058 rA 0 2
c0936 rL 0 2
c0074 r52 0 2
c0191 rDS1 0 2
c1069 rDS2 0 2
c0537 rEr1 0 2
c1022 rEr2 0 2
c0808 r25 0 3
c0412 r37 0 3
c1064 r38 0 3
c0526 r27 0 3
c0530 r51 0 3
c0132 rB 0 3
c0152 rD 0 3
c0115 rF 0 3
c0062 rG 0 3
c0225 rA 0 3
c1041 rL 0 3
c0539 r50 0 3
c0860 r52 0 3
c0103 rDS1 0 3
c0007 rDS2 0 3
c0554 rN 0 3
c0795 rEr2 0 3
c0526 r25 0 4
c0467 r36 0 4
c0955 r37 0 4
c0211 r38 0 4
c0975 r27 0 4
c0983 r51 0 4
c1041 rB 0 4
c0411 rD 0 4
c0044 rF 0 4
c0049 rG 0 4
c0193 rA 0 4
c0153 rL 0 4
c1065 r50 0 4
c0217 rDS1 0 4
c0535 rDS2 0 4
c0530 rN 0 4
c0053 rEr1 0 4
c0020 rEr2 0 4
c0009 r25 1 0
c0195 r36 1 0
c0789 r38 1 0
c0794 r34 1 0
c0532 r27 1 0
c0932 rB 1 0
c1072 rD 1 0
c0152 rF 1 0
c0430 rG 1 0
c0201 rA 1 0
c0049 rL 1 0
c0133 rDS1 1 0
c0069 rDS2 1 0
c0478 rEr1 1 0
c0487 rEr2 1 0
c0538 r25 1 1
c0056 r36 1 1
c0955 r37 1 1
c0007 r38 1 1
c1053 r34 1 1
c0532 r51 1 1
c0153 rB 1 1
c0221 rD 1 1
c0072 rF 1 1
c0106 rG 1 1
c0746 rA 1 1
c0602 rL 1 1
c0975 r50 1 1
c0432 r52 1 1
c0103 rDS1 1 1
c0742 rDS2 1 1
c1069 rEr2 1 1
c1062 r25 1 2
c0742 r37 1 2
c0487 r38 1 2
c0479 r34 1 2
c0520 rB 1 2
c0423 rD 1 2
c0131 rF 1 2
c0252 rG 1 2
c0932 rA 1 2
c0515 rL 1 2
c0807 r50 1 2
c0980 r52 1 2
c0998 rDS1 1 2
c0963 rDS2 1 2
c0554 rN 1 2
c0602 rEr1 1 2
c0095 rEr2 1 2
c0794 r36 1 3
c0955 r37 1 3
c0849 r34 1 3
c1066 r27 1 3
c0061 r51 1 3
c0722 rB 1 3
c0455 rD 1 3
c0201 rF 1 3
c0221 rG 1 3
c0024 rA 1 3
c0133 rL 1 3
c0432 r50 1 3
c0897 r52 1 3
c0191 rDS1 1 3
c0737 rDS2 1 3
c0822 rN 1 3
c0812 rEr2 1 3
c1064 r25 1 4
c1066 r36 1 4
c0019 r37 1 4
c0162 r38 1 4
c1053 r51 1 4
c0520 rB 1 4
c0932 rD 1 4
c0203 rF 1 4
c0725 rG 1 4
c0061 rA 1 4
c0058 rL 1 4
c0808 r50 1 4
c0478 r52 1 4
c0423 rDS1 1 4
c0504 rDS2 1 4
c0795 rEr1 1 4
c0980 rEr2 1 4
c0860 r25 2 0
c0883 r36 2 0
c0835 r37 2 0
c0862 r34 2 0
c0195 r27 2 0
c0725 r51 2 0
c0455 rB 2 0
c0897 rD 2 0
c0129 rF 2 0
c1077 rG 2 0
c0203 rA 2 0
c0449 rL 2 0
c0088 rDS1 2 0
c0489 rDS2 2 0
c0742 rEr1 2 0
c0479 rEr2 2 0
c0813 r25 2 1
c0238 r37 2 1
c0794 r38 2 1
c0118 r34 2 1
c0883 r51 2 1
c0257 rB 2 1
c0464 rD 2 1
c1065 rF 2 1
c0253 rG 2 1
c0110 rA 2 1
c0023 rL 2 1
c0479 r50 2 1
c0963 r52 2 1
c0195 rDS1 2 1
c0808 rDS2 2 1
c0730 rN 2 1
c0503 rEr1 2 1
c0015 rEr2 2 1
c0804 r25 2 2
c0118 r36 2 2
c0044 r37 2 2
c0213 r38 2 2
c0936 r34 2 2
c0975 r27 2 2
c0049 r51 2 2
c0279 rB 2 2
c1022 rD 2 2
c0113 rF 2 2
c0132 rG 2 2
c0253 rA 2 2
c0203 rL 2 2
c0412 r52 2 2
c0095 rDS1 2 2
c1072 rDS2 2 2
c0443 rN 2 2
c0955 rEr1 2 2
c0804 r25 2 3
c0497 r36 2 3
c0019 r37 2 3
c0554 r34 2 3
c1074 r27 2 3
c0847 r51 2 3
c0047 rB 2 3
c0230 rD 2 3
c0069 rF 2 3
c1053 rG 2 3
c0072 rA 2 3
c0191 rL 2 3
c0725 r50 2 3
c0983 r52 2 3
c0232 rDS1 2 3
c0534 rDS2 2 3
c1022 rEr1 2 3
c0206 rEr2 2 3
c0862 r25 2 4
c0535 r36 2 4
c0024 r38 2 4
c0883 r27 2 4
c0430 rB 2 4
c1041 rD 2 4
c0129 rF 2 4
c0047 rG 2 4
c0069 rA 2 4
c0072 rL 2 4
c0963 r50 2 4
c0088 rDS1 2 4
c0534 rDS2 2 4
c0496 rEr1 2 4
c0835 rEr2 2 4
c1065 r25 3 0
c0789 r36 3 0
c0496 r37 3 0
c0983 r34 3 0
c0975 r27 3 0
c0062 r51 3 0
c0088 rB 3 0
c0133 rD 3 0
c0230 rF 3 0
c0847 rG 3 0
c0106 rA 3 0
c0512 rL 3 0
c0812 r50 3 0
c0047 rDS1 3 0
c0497 rDS2 3 0
c0213 rN 3 0
c0449 rEr1 3 0
c1005 rEr2 3 0
c0723 r36 3 1
c0822 r37 3 1
c0862 r38 3 1
c1062 r34 3 1
c0955 r27 3 1
c0963 r51 3 1
c0023 rB 3 1
c0257 rD 3 1
c0020 rF 3 1
c0253 rG 3 1
c0936 rA 3 1
c0062 rL 3 1
c0455 r50 3 1
c0127 r52 3 1
c0489 rDS1 3 1
c0504 rEr1 3 1
c0860 rEr2 3 1
c1064 r25 3 2
c0206 r38 3 2
c0213 r34 3 2
c1077 r27 3 2
c0983 r51 3 2
c0108 rB 3 2
c0044 rD 3 2
c0449 rF 3 2
c0722 rG 3 2
c0257 rA 3 2
c0023 rL 3 2
c0487 r50 3 2
c0883 r52 3 2
c0443 rDS1 3 2
c0860 rDS2 3 2
c0795 rN 3 2
c0053 rEr1 3 2
c0478 rEr2 3 2
c0444 r25 3 3
c0862 r37 3 3
c1064 r34 3 3
c0897 r27 3 3
c0512 r51 3 3
c0131 rB 3 3
c0088 rD 3 3
c0024 rF 3 3
c0252 rG 3 3
c0998 rA 3 3
c0467 rL 3 3
c0007 r50 3 3
c0206 r52 3 3
c0464 rDS1 3 3
c0534 rDS2 3 3
c0789 rEr1 3 3
c0807 rEr2 3 3
c0537 r25 3 4
c0503 r36 3 4
c0860 r37 3 4
c0443 r38 3 4
c0822 r34 3 4
c0019 r27 3 4
c0211 r51 3 4
c0225 rB 3 4
c0106 rD 3 4
c0113 rF 3 4
c0152 rG 3 4
c0153 rA 3 4
c1074 rL 3 4
c0053 r50 3 4
c1072 r52 3 4
c0496 rDS1 3 4
c0730 rDS2 3 4
c0178 rN 3 4
c0862 rEr1 3 4
c0061 rEr2 3 4
c0118 r36 4 0
c0804 r38 4 0
c0015 r34 4 0
c0813 r27 4 0
c1077 r51 4 0
c0133 rB 4 0
c1005 rD 4 0
c0847 rF 4 0
c0217 rG 4 0
c0232 rA 4 0
c0279 rL 4 0
c0723 r50 4 0
c0530 r52 4 0
c0515 rDS1 4 0
c0178 rDS2 4 0
c0428 rN 4 0
c0849 rEr1 4 0
c0975 rEr2 4 0
c0538 r25 4 1
c0020 r36 4 1
c0730 r37 4 1
c0535 r38 4 1
c0428 r34 4 1
c0238 r27 4 1
c0056 rB 4 1
c0515 rD 4 1
c0998 rF 4 1
c0110 rG 4 1
c0133 rA 4 1
c0230 rL 4 1
c0983 r50 4 1
c0411 r52 4 1
c0127 rDS1 4 1
c0074 rN 4 1
c1069 rEr1 4 1
c1064 rEr2 4 1
c0955 r25 4 2
c0975 r37 4 2
c0860 r38 4 2
c0980 r51 4 2
c0520 rB 4 2
c0252 rD 4 2
c0602 rF 4 2
c0225 rG 4 2
c0108 rA 4 2
c0737 rL 4 2
c0963 r52 4 2
c0217 rDS1 4 2
c0983 rDS2 4 2
c0162 rN 4 2
c0444 rEr1 4 2
c0862 rEr2 4 2
c1066 r37 4 3
c0178 r38 4 3
c0883 r34 4 3
c1005 r51 4 3
c0088 rB 4 3
c0279 rD 4 3
c0980 rF 4 3
c0722 rG 4 3
c0193 rA 4 3
c0131 rL 4 3
c0963 r50 4 3
c1064 r52 4 3
c0219 rDS1 4 3
c0812 rDS2 4 3
c0015 rN 4 3
c0211 rEr1 4 3
c0862 rEr2 4 3
c0444 r25 4 4
c0883 r36 4 4
c0813 r37 4 4
c0432 r34 4 4
c0009 r27 4 4
c0538 r51 4 4
c0110 rB 4 4
c0108 rD 4 4
c0983 rF 4 4
c0737 rG 4 4
c1074 rA 4 4
c0746 rL 4 4
c0512 r50 4 4
c0975 r52 4 4
c0221 rDS1 4 4
c0980 rDS2 4 4
c0807 rN 4 4
c0467 rEr1 4 4
