c0095 r25 0 0
c0975 r37 0 0
c0849 r38 0 0
c0515 rB 0 0
c0103 rD 0 0
c0219 rF 0 0
c0153 rG 0 0
c1066 rA 0 0
c0455 rL 0 0
c0053 r50 0 0
c0225 rDS1 0 0
c0504 rDS2 0 0
c0411 rEr2 0 0
c0883 r25 0 1
c0860 r37 0 1
c0432 r38 0 1
c0835 r34 0 1
c0503 r51 0 1
c0131 rB 0 1
c0489 rD 0 1
c0058 rF 0 1
c0061 rG 0 1
c0980 rA 0 1
c0115 rL 0 1
c0725 r50 0 1
c0444 r52 0 1
c1074 rDS1 0 1
c1064 rN 0 1
c0537 rEr1 0 1
c0963 rEr2 0 1
c0503 r25 0 2
c0849 r36 0 2
c0467 r37 0 2
c0883 r34 0 2
c0118 r27 0 2
c0009 r51 0 2
c0932 rB 0 2
c0044 rD 0 2
c0062 rF 0 2
c0252 rG 0 2
c0113 rA 0 2
c1005 rL 0 2
c0497 r50 0 2
c0423 r52 0 2
c0936 rDS1 0 2
c0807 rDS2 0 2
c0053 rEr1 0 2
c0737 r25 0 3
c0009 r36 0 3
c0535 r37 0 3
c0789 r38 0 3
c0983 r34 0 3
c0095 r27 0 3
c0443 r51 0 3
c0053 rB 0 3
c1041 rD 0 3
c0203 rF 0 3
c0191 rG 0 3
c0132 rA 0 3
c0115 rL 0 3
c0464 r50 0 3
c0423 r52 0 3
c0103 rDS1 0 3
c0955 rDS2 0 3
c1022 rN 0 3
c0049 rEr1 0 3
c0812 rEr2 0 3
c0118 r36 0 4
c0822 r37 0 4
c0602 r38 0 4
c0849 r34 0 4
c1077 r27 0 4
c0789 r51 0 4
c0133 rB 0 4
c0430 rD 0 4
c0201 rF 0 4
c1041 rG 0 4
c0520 rA 0 4
c0152 rL 0 4
c0539 r50 0 4
c0062 rDS1 0 4
c0554 rDS2 0 4
c0238 rN 0 4
c0232 rEr2 0 4
c0074 r25 1 0
c0812 r37 1 0
c0238 r38 1 0
c0497 r34 1 0
c0432 r27 1 0
c0742 r51 1 0
c0225 rB 1 0
c0072 rD 1 0
c0056 rF 1 0
c0132 rG 1 0
c0152 rA 1 0
c1062 rL 1 0
c0217 rDS1 1 0
c1053 rDS2 1 0
c0444 rEr1 1 0
c0512 rEr2 1 0
c0024 r25 1 1
c0127 r36 1 1
c0860 r37 1 1
c1064 r38 1 1
c0537 r34 1 1
c1072 r27 1 1
c0822 r51 1 1
c0152 rB 1 1
c0230 rD 1 1
c0153 rF 1 1
c0526 rG 1 1
c0088 rA 1 1
c0061 rL 1 1
c0211 r52 1 1
c0515 rDS1 1 1
c0794 rDS2 1 1
c0737 rEr1 1 1
c0539 rEr2 1 1
c0206 r25 1 2
c0479 r36 1 2
c0795 r37 1 2
c0983 r34 1 2
c0520 rB 1 2
c0201 rD 1 2
c0103 rF 1 2
c0487 rG 1 2
c0253 rA 1 2
c0252 rL 1 2
c0512 r50 1 2
c0020 r52 1 2
c0998 rDS1 1 2
c0443 rDS2 1 2
c0742 rEr1 1 2
c0963 rEr2 1 2
c0862 r25 1 3
c0489 r38 1 3
c0808 r27 1 3
c0049 r51 1 3
c0813 rB 1 3
c1041 rD 1 3
c0088 rF 1 3
c0279 rA 1 3
c0023 rL 1 3
c0020 r50 1 3
c0860 r52 1 3
c0722 rDS1 1 3
c0983 rDS2 1 3
c0178 rN 1 3
c0133 rEr1 1 3
c1005 rEr2 1 3
c0095 r25 1 4
c0883 r37 1 4
c0428 r38 1 4
c0862 r34 1 4
c0062 r27 1 4
c0162 r51 1 4
c0257 rB 1 4
c0131 rD 1 4
c0110 rF 1 4
c0088 rG 1 4
c0602 rA 1 4
c0044 rL 1 4
c0512 r50 1 4
c1053 r52 1 4
c0897 rDS1 1 4
c0504 rDS2 1 4
c0808 rEr1 1 4
c0464 rEr2 1 4
c0723 r25 2 0
c0153 r36 2 0
c0412 r38 2 0
c0479 r34 2 0
c0538 r27 2 0
c0983 r51 2 0
c0515 rB 2 0
c0253 rD 2 0
c0195 rF 2 0
c0232 rG 2 0
c0230 rA 2 0
c0113 rL 2 0
c0455 r50 2 0
c1022 r52 2 0
c0730 rDS1 2 0
c0118 rDS2 2 0
c0213 rN 2 0
c0860 rEr2 2 0
c0412 r25 2 1
c0537 r37 2 1
c0530 r38 2 1
c0794 r27 2 1
c0983 r51 2 1
c0221 rB 2 1
c0110 rD 2 1
c0449 rF 2 1
c0975 rG 2 1
c0072 rA 2 1
c0056 rL 2 1
c0897 r50 2 1
c0813 r52 2 1
c0746 rDS1 2 1
c0024 rDS2 2 1
c0730 rN 2 1
c1065 rEr1 2 1
c0503 rEr2 2 1
c0804 r25 2 2
c0860 r36 2 2
c0213 r37 2 2
c0412 r27 2 2
c0487 r51 2 2
c0520 rB 2 2
c0253 rD 2 2
c0023 rF 2 2
c0191 rG 2 2
c0129 rA 2 2
c0478 rL 2 2
c0835 r50 2 2
c1072 r52 2 2
c0746 rDS1 2 2
c1077 rDS2 2 2
c0862 rEr1 2 2
c0444 rEr2 2 2
c1064 r36 2 3
c0015 r37 2 3
c0127 r34 2 3
c0009 r27 2 3
c0464 r51 2 3
c0047 rB 2 3
c0132 rD 2 3
c0069 rF 2 3
c0203 rG 2 3
c0088 rA 2 3
c0430 rL 2 3
c1005 r50 2 3
c0602 r52 2 3
c0847 rDS1 2 3
c0061 rEr1 2 3
c0975 rEr2 2 3
c0860 r25 2 4
c1053 r36 2 4
c0530 r37 2 4
c1074 r34 2 4
c0975 r27 2 4
c0804 r51 2 4
c0746 rB 2 4
c0478 rD 2 4
c0191 rF 2 4
c0257 rG 2 4
c0998 rA 2 4
c0044 rL 2 4
c0539 r50 2 4
c0019 r52 2 4
c0847 rDS1 2 4
c0955 rDS2 2 4
c1022 rN 2 4
c0232 rEr2 2 4
c0127 r25 3 0
c1065 r37 3 0
c0730 r38 3 0
c0015 r27 3 0
c1069 r51 3 0
c0219 rB 3 0
c0106 rD 3 0
c0072 rF 3 0
c0193 rG 3 0
c0133 rA 3 0
c0129 rL 3 0
c0496 r50 3 0
c0195 rDS1 3 0
c0449 rDS2 3 0
c0411 rEr2 3 0
c0534 r25 3 1
c0467 r36 3 1
c0883 r38 3 1
c0074 r34 3 1
c0897 r27 3 1
c0020 r51 3 1
c1065 rB 3 1
c0932 rD 3 1
c0106 rF 3 1
c0056 rG 3 1
c0193 rA 3 1
c0047 rL 3 1
c0162 r50 3 1
c0213 r52 3 1
c0430 rDS1 3 1
c0955 rDS2 3 1
c1066 rN 3 1
c1069 rEr1 3 1
c0808 rEr2 3 1
c0206 r25 3 2
c0479 r37 3 2
c0835 r38 3 2
c0007 r34 3 2
c0534 r27 3 2
c0789 r51 3 2
c0203 rB 3 2
c0279 rD 3 2
c0443 rF 3 2
c0113 rG 3 2
c0963 rA 3 2
c0069 rL 3 2
c0554 r50 3 2
c0983 r52 3 2
c0225 rDS1 3 2
c0980 rDS2 3 2
c0975 rN 3 2
c0162 rEr1 3 2
c1062 rEr2 3 2
c0108 r25 3 3
c0496 r36 3 3
c0812 r38 3 3
c0554 r34 3 3
c0980 r27 3 3
c0455 r51 3 3
c0069 rB 3 3
c0423 rD 3 3
c0230 rF 3 3
c0725 rG 3 3
c0201 rA 3 3
c0998 rL 3 3
c0074 r50 3 3
c0963 r52 3 3
c0088 rDS1 3 3
c0862 rDS2 3 3
c1064 rN 3 3
c0742 rEr1 3 3
c0883 rEr2 3 3
c0178 r37 3 4
c1062 r38 3 4
c0449 r34 3 4
c1064 r27 3 4
c0497 r51 3 4
c0795 rB 3 4
c0115 rD 3 4
c0221 rF 3 4
c0131 rG 3 4
c0049 rA 3 4
c0257 rL 3 4
c0980 r50 3 4
c0217 rDS1 3 4
c0862 rN 3 4
c0007 rEr1 3 4
c0936 rEr2 3 4
c0504 r25 4 0
c0862 r36 4 0
c0538 r37 4 0
c0526 r38 4 0
c0955 r34 4 0
c0047 rB 4 0
c0133 rD 4 0
c0496 rF 4 0
c0023 rG 4 0
c0221 rA 4 0
c0722 rL 4 0
c0015 r50 4 0
c1072 rDS1 4 0
c0467 rDS2 4 0
c0211 rN 4 0
c0535 rEr1 4 0
c0007 r25 4 1
c0535 r36 4 1
c0019 r37 4 1
c0428 r38 4 1
c0487 r34 4 1
c1064 r51 4 1
c0129 rB 4 1
c0532 rD 4 1
c0058 rF 4 1
c0515 rG 4 1
c0722 rA 4 1
c0195 rL 4 1
c0794 r50 4 1
c0963 r52 4 1
c0411 rDS1 4 1
c0980 rDS2 4 1
c0807 rN 4 1
c0723 rEr1 4 1
c0238 rEr2 4 1
c0530 r25 4 2
c0807 r36 4 2
c0883 r37 4 2
c1066 r38 4 2
c1069 r34 4 2
c0980 r27 4 2
c0737 rB 4 2
c0936 rD 4 2
c0110 rF 4 2
c0538 rG 4 2
c0975 rA 4 2
c0106 rL 4 2
c0795 r50 4 2
c0955 r52 4 2
c0219 rDS1 4 2
c0963 rDS2 4 2
c0206 rN 4 2
c0428 rEr1 4 2
c0024 rEr2 4 2
c0526 r25 4 3
c0532 r36 4 3
c0975 r37 4 3
c0723 r38 4 3
c0983 r34 4 3
c1074 r27 4 3
c0211 r51 4 3
c0133 rB 4 3
c0725 rD 4 3
c0108 rF 4 3
c0847 rG 4 3
c0279 rA 4 3
c0252 rL 4 3
c0019 r50 4 3
c0489 rDS1 4 3
c1077 rDS2 4 3
c0860 rN 4 3
c0955 rEr1 4 3
c0432 rEr2 4 3
c0955 r25 4 4
c0822 r36 4 4
c0534 r37 4 4
c0883 r38 4 4
c0532 r34 4 4
c0963 r27 4 4
c0478 r51 4 4
c0108 rB 4 4
c0058 rD 4 4
c0862 rF 4 4
c0193 rG 4 4
c0813 rA 4 4
c0217 rL 4 4
c0980 r52 4 4
c0932 rDS1 4 4
c0178 rDS2 4 4
c0804 rN 4 4
c1064 rEr2 4 4
