c0238 r36 0 0
c0412 r34 0 0
c0537 r27 0 0
c0897 r51 0 0
c0133 rB 0 0
c0423 rD 0 0
c0131 rF 0 0
c0193 rG 0 0
c0849 rA 0 0
c0455 rL 0 0
c0835 r52 0 0
c0103 rDS1 0 0
c0195 rDS2 0 0
c0232 rEr1 0 0
c0127 rEr2 0 0
c0497 r36 0 1
c0015 r37 0 1
c0178 r34 0 1
c0539 r27 0 1
c1072 r51 0 1
c0520 rB 0 1
c0515 rD 0 1
c0110 rF 0 1
c0056 rG 0 1
c0932 rA 0 1
c0115 rL 0 1
c0983 r50 0 1
c0238 r52 0 1
c0133 rDS1 0 1
c0860 rDS2 0 1
c0061 rEr1 0 1
c0835 rEr2 0 1
c0975 r25 0 2
c0162 r36 0 2
c0804 r37 0 2
c0095 r38 0 2
c0443 r34 0 2
c0074 r51 0 2
c0110 rB 0 2
c0512 rD 0 2
c0467 rF 0 2
c0219 rG 0 2
c0069 rA 0 2
c0746 rL 0 2
c0955 r50 0 2
c0737 r52 0 2
c0812 rDS1 0 2
c0963 rDS2 0 2
c0883 rN 0 2
c0537 rEr2 0 2
c0789 r25 0 3
c0822 r38 0 3
c1065 r51 0 3
c0230 rB 0 3
c0153 rD 0 3
c0725 rF 0 3
c0479 rG 0 3
c0520 rA 0 3
c0232 rL 0 3
c0467 r50 0 3
c1072 r52 0 3
c0053 rDS1 0 3
c0983 rDS2 0 3
c0804 rN 0 3
c0118 rEr1 0 3
c0444 rEr2 0 3
c0044 r37 0 4
c1077 r34 0 4
c0411 r27 0 4
c0118 r51 0 4
c0153 rB 0 4
c0103 rD 0 4
c0201 rF 0 4
c0061 rG 0 4
c0131 rA 0 4
c1041 rL 0 4
c0053 r52 0 4
c1005 rDS1 0 4
c0860 rN 0 4
c0496 rEr1 0 4
c0430 rEr2 0 4
c0449 r25 1 0
c0742 r36 1 0
c0504 r37 1 0
c0195 r34 1 0
c0955 r27 1 0
c1069 r51 1 0
c0230 rB 1 0
c0455 rD 1 0
c0722 rF 1 0
c0257 rG 1 0
c0153 rA 1 0
c0088 rL 1 0
c0044 r50 1 0
c0725 rDS1 1 0
c0983 rDS2 1 0
c1064 rN 1 0
c0464 rEr2 1 0
c0883 r25 1 1
c0432 r36 1 1
c0794 r37 1 1
c0238 r38 1 1
c0849 r34 1 1
c0980 r27 1 1
c0219 rB 1 1
c0113 rD 1 1
c1053 rF 1 1
c0056 rG 1 1
c0058 rA 1 1
c0152 rL 1 1
c0019 r50 1 1
c0061 r52 1 1
c0998 rDS1 1 1
c0478 rDS2 1 1
c0808 rN 1 1
c1005 rEr1 1 1
c0412 rEr2 1 1
c0504 r25 1 2
c0849 r36 1 2
c0538 r38 1 2
c0812 r27 1 2
c0252 rB 1 2
c0512 rD 1 2
c0253 rF 1 2
c0257 rG 1 2
c0722 rA 1 2
c0152 rL 1 2
c0007 r52 1 2
c0963 rDS1 1 2
c0737 rDS2 1 2
c0020 rN 1 2
c0412 rEr1 1 2
c0455 rEr2 1 2
c0044 r25 1 3
c1074 r36 1 3
c0795 r37 1 3
c0020 r38 1 3
c1066 r34 1 3
c0478 r27 1 3
c0213 r51 1 3
c0023 rB 1 3
c0980 rD 1 3
c0253 rF 1 3
c0193 rG 1 3
c0883 rA 1 3
c0113 rL 1 3
c0955 r50 1 3
c1053 r52 1 3
c0095 rDS1 1 3
c0975 rDS2 1 3
c0530 rN 1 3
c0062 rEr1 1 3
c0983 rEr2 1 3
c0860 r25 1 4
c0808 r37 1 4
c1064 r34 1 4
c0897 r27 1 4
c1074 r51 1 4
c0423 rB 1 4
c0110 rD 1 4
c0257 rF 1 4
c0602 rG 1 4
c0221 rA 1 4
c0129 rL 1 4
c0862 r52 1 4
c0535 rDS1 1 4
c0883 rDS2 1 4
c1053 rN 1 4
c0062 rEr1 1 4
c1066 rEr2 1 4
c0127 r25 2 0
c0530 r36 2 0
c1064 r37 2 0
c0232 r34 2 0
c0963 r27 2 0
c1072 r51 2 0
c0072 rB 2 0
c0129 rD 2 0
c0103 rF 2 0
c0115 rG 2 0
c0056 rA 2 0
c0487 rL 2 0
c0794 r50 2 0
c0053 r52 2 0
c0253 rDS1 2 0
c0862 rDS2 2 0
c0537 rN 2 0
c0808 rEr1 2 0
c0206 rEr2 2 0
c0534 r25 2 1
c0432 r36 2 1
c0554 r37 2 1
c0955 r34 2 1
c0847 r27 2 1
c0211 r51 2 1
c0023 rB 2 1
c0812 rD 2 1
c0132 rF 2 1
c0113 rG 2 1
c0998 rA 2 1
c0279 rL 2 1
c0515 rDS1 2 1
c1022 rDS2 2 1
c1064 rEr1 2 1
c0975 rEr2 2 1
c0554 r25 2 2
c0602 r38 2 2
c0497 r34 2 2
c0118 r51 2 2
c0132 rB 2 2
c1065 rD 2 2
c0047 rF 2 2
c0072 rG 2 2
c0069 rA 2 2
c0019 rL 2 2
c1062 r50 2 2
c0095 r52 2 2
c0932 rDS1 2 2
c0975 rDS2 2 2
c0723 rEr1 2 2
c0487 rEr2 2 2
c1064 r25 2 3
c0211 r36 2 3
c0534 r37 2 3
c0487 r38 2 3
c0162 r34 2 3
c0794 r51 2 3
c0088 rB 2 3
c0998 rD 2 3
c0203 rF 2 3
c0554 rG 2 3
c0746 rA 2 3
c1066 rL 2 3
c0807 r50 2 3
c0062 r52 2 3
c0009 rDS1 2 3
c0813 rDS2 2 3
c0897 rEr1 2 3
c0430 rEr2 2 3
c0538 r25 2 4
c0496 r36 2 4
c0206 r37 2 4
c0020 r38 2 4
c0983 r34 2 4
c0467 r27 2 4
c0203 r51 2 4
c0722 rB 2 4
c0411 rD 2 4
c0106 rF 2 4
c0132 rG 2 4
c0730 rA 2 4
c0049 rL 2 4
c0975 r50 2 4
c0955 r52 2 4
c0219 rDS1 2 4
c0191 rEr1 2 4
c0847 rEr2 2 4
c0730 r25 3 0
c0423 r36 3 0
c1065 r37 3 0
c1077 r38 3 0
c1062 r34 3 0
c0804 r27 3 0
c0009 r51 3 0
c0221 rB 3 0
c0539 rD 3 0
c0443 rF 3 0
c0746 rG 3 0
c0049 rA 3 0
c0980 rL 3 0
c1074 r50 3 0
c0526 r52 3 0
c0464 rDS1 3 0
c0963 rDS2 3 0
c0534 rN 3 0
c0478 rEr1 3 0
c0813 rEr2 3 0
c0807 r25 3 1
c0883 r36 3 1
c0535 r37 3 1
c0532 r38 3 1
c0862 r34 3 1
c0489 r27 3 1
c0074 r51 3 1
c0072 rB 3 1
c0023 rD 3 1
c0980 rF 3 1
c0152 rG 3 1
c0088 rA 3 1
c0515 rL 3 1
c1069 r50 3 1
c0742 r52 3 1
c0191 rDS1 3 1
c0503 rDS2 3 1
c0835 rN 3 1
c0449 rEr1 3 1
c0162 rEr2 3 1
c0019 r25 3 2
c0936 r36 3 2
c0975 r37 3 2
c0883 r38 3 2
c0963 r51 3 2
c0201 rB 3 2
c0520 rD 3 2
c0047 rF 3 2
c0069 rG 3 2
c0503 rA 3 2
c0411 rL 3 2
c0860 r50 3 2
c0862 r52 3 2
c0496 rDS1 3 2
c0723 rN 3 2
c0479 rEr1 3 2
c0742 rEr2 3 2
c0862 r25 3 3
c0860 r36 3 3
c0206 r37 3 3
c1064 r34 3 3
c0963 r27 3 3
c0217 rB 3 3
c0088 rD 3 3
c0252 rF 3 3
c1041 rG 3 3
c0201 rA 3 3
c0129 rL 3 3
c0024 r50 3 3
c0449 r52 3 3
c0049 rDS1 3 3
c0730 rDS2 3 3
c0504 rN 3 3
c1022 rEr1 3 3
c0512 rEr2 3 3
c1022 r25 3 4
c0822 r36 3 4
c0955 r37 3 4
c0789 r38 3 4
c0980 r27 3 4
c0213 r51 3 4
c0106 rB 3 4
c0430 rD 3 4
c0203 rF 3 4
c0443 rG 3 4
c0221 rA 3 4
c1005 rL 3 4
c0191 r50 3 4
c0178 r52 3 4
c0936 rDS1 3 4
c0015 rDS2 3 4
c0007 rEr1 3 4
c0479 rEr2 3 4
c0428 r25 4 0
c0213 r36 4 0
c1077 r38 4 0
c0489 r34 4 0
c0789 r27 4 0
c0279 rB 4 0
c0133 rD 4 0
c0725 rF 4 0
c0131 rG 4 0
c0230 rA 4 0
c0047 rL 4 0
c0127 r50 4 0
c0932 rDS1 4 0
c0847 rDS2 4 0
c1069 rN 4 0
c0813 rEr1 4 0
c0723 rEr2 4 0
c0860 r25 4 1
c0532 r36 4 1
c0108 r38 4 1
c0503 r34 4 1
c0539 r51 4 1
c0058 rB 4 1
c0133 rD 4 1
c0088 rF 4 1
c0115 rG 4 1
c0217 rA 4 1
c0195 rL 4 1
c0862 r50 4 1
c0211 r52 4 1
c0515 rDS1 4 1
c0795 rDS2 4 1
c1062 rEr2 4 1
c0024 r25 4 2
c0428 r36 4 2
c0795 r37 4 2
c0497 r38 4 2
c0526 r27 4 2
c0279 rB 4 2
c0252 rD 4 2
c0007 rF 4 2
c0225 rG 4 2
c0217 rA 4 2
c0983 rL 4 2
c0936 r50 4 2
c0807 r52 4 2
c0108 rDS1 4 2
c0860 rDS2 4 2
c0822 rN 4 2
c0980 rEr1 4 2
c0024 r25 4 3
c0444 r38 4 3
c1064 r34 4 3
c0432 r27 4 3
c0106 rB 4 3
c0178 rD 4 3
c0108 rF 4 3
c1041 rG 4 3
c0225 rA 4 3
c0133 rL 4 3
c0862 r52 4 3
c0464 rDS1 4 3
c0737 rDS2 4 3
c0530 rN 4 3
c0975 rEr1 4 3
c0602 rEr2 4 3
c0535 r25 4 4
c0538 r36 4 4
c0009 r37 4 4
c0444 r38 4 4
c0489 r34 4 4
c0015 r27 4 4
c0955 r51 4 4
c0193 rB 4 4
c0883 rD 4 4
c0980 rF 4 4
c0526 rG 4 4
c0058 rA 4 4
c0428 rL 4 4
c0225 rDS1 4 4
c0983 rDS2 4 4
c0532 rN 4 4
c0074 rEr1 4 4
c0963 rEr2 4 4
