c0238 r25 0 0
c0532 r37 0 0
c0975 r38 0 0
c1069 r34 0 0
c0804 r51 0 0
c0932 rB 0 0
c0464 rD 0 0
c0503 rF 0 0
c0746 rG 0 0
c0056 rA 0 0
c0980 rL 0 0
c0467 r52 0 0
c0725 rDS1 0 0
c0812 rDS2 0 0
c1066 rN 0 0
c0955 rEr2 0 0
c0812 r25 0 1
c0423 r36 0 1
c1066 r37 0 1
c0983 r34 0 1
c1069 r27 0 1
c0053 r51 0 1
c0225 rB 0 1
c0230 rD 0 1
c0132 rF 0 1
c0279 rG 0 1
c0515 rA 0 1
c0252 rL 0 1
c0162 r50 0 1
c0074 r52 0 1
c0195 rDS1 0 1
c0849 rDS2 0 1
c0108 rN 0 1
c1005 rEr1 0 1
c0975 rEr2 0 1
c0860 r36 0 2
c0095 r37 0 2
c0804 r38 0 2
c0504 r34 0 2
c1064 r27 0 2
c0496 r51 0 2
c0478 rB 0 2
c0131 rD 0 2
c1005 rF 0 2
c0113 rG 0 2
c0201 rA 0 2
c0115 rL 0 2
c0963 r52 0 2
c0936 rDS1 0 2
c0822 rDS2 0 2
c1066 rN 0 2
c0061 rEr1 0 2
c0489 r25 0 3
c0554 r36 0 3
c1065 r37 0 3
c0813 r38 0 3
c0061 r27 0 3
c0127 r51 0 3
c0007 rB 0 3
c0113 rD 0 3
c0430 rF 0 3
c0132 rG 0 3
c0193 rA 0 3
c1041 rL 0 3
c1022 r52 0 3
c0088 rDS1 0 3
c0955 rDS2 0 3
c0535 rEr1 0 3
c0504 rEr2 0 3
c0489 r25 0 4
c0835 r36 0 4
c0118 r34 0 4
c0044 r27 0 4
c0980 rB 0 4
c0512 rD 0 4
c0253 rF 0 4
c0103 rG 0 4
c0520 rA 0 4
c0053 rL 0 4
c0478 r52 0 4
c0232 rDS1 0 4
c0955 rDS2 0 4
c1065 rEr1 0 4
c0883 rEr2 0 4
c0412 r25 1 0
c0860 r37 1 0
c0178 r38 1 0
c0497 r34 1 0
c1053 r51 1 0
c0133 rB 1 0
c0746 rD 1 0
c0225 rF 1 0
c0106 rG 1 0
c0512 rA 1 0
c0072 rL 1 0
c0009 r52 1 0
c0897 rDS1 1 0
c0835 rDS2 1 0
c0789 rN 1 0
c0213 rEr1 1 0
c1064 rEr2 1 0
c0538 r25 1 1
c0238 r36 1 1
c0789 r38 1 1
c0955 r27 1 1
c0132 rB 1 1
c0219 rD 1 1
c0489 rF 1 1
c0602 rG 1 1
c0430 rA 1 1
c0072 rL 1 1
c1062 r52 1 1
c0088 rDS1 1 1
c0983 rDS2 1 1
c1064 rN 1 1
c0936 rEr1 1 1
c0095 rEr2 1 1
c0883 r25 1 2
c0449 r36 1 2
c0737 r37 1 2
c0007 r38 1 2
c0535 r34 1 2
c0975 r27 1 2
c0742 r51 1 2
c0464 rB 1 2
c0932 rD 1 2
c0019 rF 1 2
c0257 rG 1 2
c0428 rA 1 2
c0058 rL 1 2
c0213 r50 1 2
c0963 r52 1 2
c0998 rDS1 1 2
c1065 rDS2 1 2
c0074 rN 1 2
c0795 rEr1 1 2
c0530 rEr2 1 2
c0024 r36 1 3
c0537 r37 1 3
c0479 r38 1 3
c1022 r34 1 3
c0412 r27 1 3
c0725 r51 1 3
c0133 rB 1 3
c0110 rD 1 3
c0129 rF 1 3
c0279 rG 1 3
c0253 rA 1 3
c0897 rL 1 3
c0813 r52 1 3
c0047 rDS1 1 3
c0807 rDS2 1 3
c0860 rEr1 1 3
c0443 rEr2 1 3
c0975 r25 1 4
c0602 r37 1 4
c0211 r38 1 4
c0849 r34 1 4
c0062 r27 1 4
c0883 r51 1 4
c0023 rB 1 4
c0113 rD 1 4
c0257 rF 1 4
c0088 rG 1 4
c1077 rA 1 4
c0193 rL 1 4
c0980 r50 1 4
c0955 r52 1 4
c0095 rDS1 1 4
c0487 rDS2 1 4
c0015 rN 1 4
c0723 r36 2 0
c0822 r37 2 0
c0883 r38 2 0
c0532 r34 2 0
c1053 r27 2 0
c0983 r51 2 0
c0515 rB 2 0
c0047 rD 2 0
c0230 rF 2 0
c0443 rG 2 0
c0062 rA 2 0
c0056 rL 2 0
c0537 r50 2 0
c0980 r52 2 0
c0253 rDS1 2 0
c0862 rDS2 2 0
c1062 rN 2 0
c0975 rEr2 2 0
c1022 r25 2 1
c0423 r36 2 1
c1053 r37 2 1
c0535 r38 2 1
c0526 r34 2 1
c0883 r27 2 1
c0538 r51 2 1
c0088 rB 2 1
c0129 rD 2 1
c0897 rF 2 1
c0058 rG 2 1
c0069 rA 2 1
c0515 rL 2 1
c0061 r50 2 1
c0009 r52 2 1
c0103 rDS1 2 1
c0195 rDS2 2 1
c0723 rN 2 1
c0860 rEr1 2 1
c0444 r25 2 2
c0412 r36 2 2
c0730 r37 2 2
c1062 r38 2 2
c0862 r34 2 2
c0432 r27 2 2
c0044 r51 2 2
c0554 rB 2 2
c0980 rD 2 2
c0225 rF 2 2
c0129 rG 2 2
c0072 rA 2 2
c0998 rL 2 2
c0455 r50 2 2
c0963 r52 2 2
c0191 rDS1 2 2
c0496 rDS2 2 2
c1064 rN 2 2
c0213 rEr1 2 2
c0512 rEr2 2 2
c0794 r25 2 3
c0127 r36 2 3
c0444 r37 2 3
c1041 r38 2 3
c0044 r34 2 3
c0883 r27 2 3
c0808 r51 2 3
c0520 rB 2 3
c0455 rD 2 3
c0487 rF 2 3
c0201 rG 2 3
c0152 rA 2 3
c0230 rL 2 3
c0049 r50 2 3
c0019 r52 2 3
c0411 rDS1 2 3
c1077 rEr1 2 3
c0053 rEr2 2 3
c0883 r36 2 4
c0554 r37 2 4
c0537 r38 2 4
c0526 r34 2 4
c0487 r27 2 4
c0118 r51 2 4
c0023 rB 2 4
c0088 rD 2 4
c0722 rF 2 4
c0024 rG 2 4
c0069 rA 2 4
c0062 rL 2 4
c0203 r50 2 4
c0847 rDS1 2 4
c0191 rDS2 2 4
c0211 rN 2 4
c0602 rEr1 2 4
c1064 r25 3 0
c0862 r36 3 0
c0503 r37 3 0
c0822 r38 3 0
c0015 r34 3 0
c0428 r27 3 0
c1072 r51 3 0
c0115 rB 3 0
c0056 rD 3 0
c0152 rF 3 0
c0221 rG 3 0
c0515 rA 3 0
c0047 rL 3 0
c0178 r50 3 0
c0411 r52 3 0
c0217 rDS1 3 0
c0049 rDS2 3 0
c0963 rEr1 3 0
c0449 rEr2 3 0
c0449 r25 3 1
c0162 r36 3 1
c0539 r37 3 1
c0206 r38 3 1
c0807 r34 3 1
c0153 rB 3 1
c0115 rD 3 1
c0257 rF 3 1
c0131 rG 3 1
c0020 rA 3 1
c0219 rL 3 1
c0534 r50 3 1
c0504 r52 3 1
c0103 rDS1 3 1
c0007 rDS2 3 1
c0794 rEr1 3 1
c0479 rEr2 3 1
c0118 r25 3 2
c0730 r36 3 2
c0804 r37 3 2
c0534 r34 3 2
c0963 r27 3 2
c0983 r51 3 2
c0252 rB 3 2
c1072 rD 3 2
c0203 rF 3 2
c0069 rG 3 2
c0464 rA 3 2
c0936 rL 3 2
c0497 r50 3 2
c0428 r52 3 2
c0024 rDS1 3 2
c0467 rDS2 3 2
c0444 rN 3 2
c0443 rEr1 3 2
c0178 r25 3 3
c1074 r36 3 3
c0020 r34 3 3
c0807 r27 3 3
c0862 r51 3 3
c0201 rB 3 3
c0191 rD 3 3
c0152 rF 3 3
c0980 rG 3 3
c0998 rA 3 3
c0722 rL 3 3
c0795 r50 3 3
c0232 rDS1 3 3
c0532 rDS2 3 3
c0539 rN 3 3
c0963 rEr1 3 3
c0049 rEr2 3 3
c1074 r25 3 4
c0538 r37 3 4
c0432 r27 3 4
c0020 r51 3 4
c0252 rB 3 4
c1041 rD 3 4
c0153 rF 3 4
c0467 rG 3 4
c0203 rA 3 4
c0479 rL 3 4
c0955 r50 3 4
c0526 r52 3 4
c0108 rDS1 3 4
c1077 rDS2 3 4
c0009 rN 3 4
c0539 rEr1 3 4
c0742 rEr2 3 4
c0108 r25 4 0
c0860 r36 4 0
c0211 r38 4 0
c0496 r34 4 0
c0983 r51 4 0
c0110 rB 4 0
c0133 rD 4 0
c0106 rF 4 0
c0023 rG 4 0
c0195 rA 4 0
c0430 rL 4 0
c1064 r50 4 0
c0478 r52 4 0
c0221 rDS1 4 0
c0411 rDS2 4 0
c0862 rEr1 4 0
c0742 rEr2 4 0
c0808 r38 4 1
c0730 r51 4 1
c0019 rB 4 1
c0219 rD 4 1
c0131 rF 4 1
c0133 rG 4 1
c0193 rA 4 1
c0106 rL 4 1
c0497 r50 4 1
c0794 r52 4 1
c0847 rDS1 4 1
c0813 rN 4 1
c1074 rEr1 4 1
c0849 rEr2 4 1
c0860 r25 4 2
c0975 r36 4 2
c1069 r37 4 2
c0835 r38 4 2
c0862 r27 4 2
c0133 rB 4 2
c0279 rD 4 2
c1005 rF 4 2
c0955 rG 4 2
c0932 rA 4 2
c0058 rL 4 2
c0206 r50 4 2
c0530 r52 4 2
c0074 rDS1 4 2
c0423 rDS2 4 2
c0162 rN 4 2
c1072 rEr1 4 2
c0789 rEr2 4 2
c0737 r25 4 3
c0808 r38 4 3
c0812 r34 4 3
c0723 r27 4 3
c0520 rB 4 3
c0153 rD 4 3
c0725 rF 4 3
c0110 rG 4 3
c0015 rA 4 3
c0847 rL 4 3
c0983 r52 4 3
c0217 rDS1 4 3
c0232 rDS2 4 3
c0860 rEr1 4 3
c0455 rEr2 4 3
c0238 r25 4 4
c0127 r37 4 4
c0206 r38 4 4
c0795 r34 4 4
c0963 r27 4 4
c0503 r51 4 4
c0432 rB 4 4
c0983 rD 4 4
c0217 rF 4 4
c0980 rG 4 4
c0221 rA 4 4
c0746 rL 4 4
c0530 r50 4 4
c0534 r52 4 4
c0722 rDS1 4 4
c0975 rDS2 4 4
c0862 rN 4 4
c1064 rEr1 4 4
c0737 rEr2 4 4
