c0860 r25 0 0
c0162 r36 0 0
c0822 r37 0 0
c0532 r38 0 0
c0118 r34 0 0
c0794 r27 0 0
c0133 rB 0 0
c0217 rD 0 0
c0515 rF 0 0
c0129 rG 0 0
c0195 rA 0 0
c0478 rL 0 0
c0211 r50 0 0
c1064 r52 0 0
c1062 rDS1 0 0
c0535 rN 0 0
c0444 rEr1 0 0
c0411 rEr2 0 0
c0423 r36 0 1
c0813 r37 0 1
c0883 r38 0 1
c0794 r27 0 1
c0074 r51 0 1
c0412 rB 0 1
c0746 rD 0 1
c0110 rF 0 1
c0725 rG 0 1
c1062 rA 0 1
c0279 rL 0 1
c1005 r50 0 1
c0007 r52 0 1
c0232 rDS1 0 1
c0980 rDS2 0 1
c0211 rN 0 1
c0860 rEr1 0 1
c0095 rEr2 0 1
c0723 r25 0 2
c0883 r36 0 2
c0860 r37 0 2
c0443 r38 0 2
c0975 r34 0 2
c0225 rB 0 2
c0058 rD 0 2
c0193 rF 0 2
c0201 rG 0 2
c0062 rA 0 2
c0103 rL 0 2
c1066 r50 0 2
c0983 r52 0 2
c0423 rDS1 0 2
c0963 rEr1 0 2
c0980 rEr2 0 2
c0530 r25 0 3
c0024 r36 0 3
c0835 r37 0 3
c0883 r38 0 3
c0432 r34 0 3
c0554 r51 0 3
c0069 rB 0 3
c0225 rD 0 3
c0279 rF 0 3
c0062 rG 0 3
c0152 rA 0 3
c0230 rL 0 3
c0497 r50 0 3
c0535 r52 0 3
c0058 rDS1 0 3
c0822 rN 0 3
c0980 rEr1 0 3
c0496 r37 0 4
c0795 r34 0 4
c0238 r27 0 4
c0061 r51 0 4
c0219 rB 0 4
c0203 rD 0 4
c0106 rF 0 4
c0153 rG 0 4
c0253 rA 0 4
c1041 rL 0 4
c0512 r50 0 4
c1064 r52 0 4
c0103 rDS1 0 4
c0983 rDS2 0 4
c0412 rN 0 4
c0449 r25 1 0
c0860 r36 1 0
c0428 r37 1 0
c0808 r38 1 0
c1069 r34 1 0
c0053 r27 1 0
c0730 rB 1 0
c0279 rD 1 0
c0056 rF 1 0
c0998 rG 1 0
c0132 rA 1 0
c0515 rL 1 0
c1005 r50 1 0
c0932 rDS1 1 0
c0127 rDS2 1 0
c0975 rN 1 0
c0813 rEr1 1 0
c0539 rEr2 1 0
c0789 r25 1 1
c0730 r36 1 1
c0496 r37 1 1
c0238 r38 1 1
c0936 r34 1 1
c0479 r27 1 1
c0554 r51 1 1
c0069 rB 1 1
c0133 rD 1 1
c0058 rF 1 1
c0152 rG 1 1
c0430 rA 1 1
c0835 rL 1 1
c1077 r50 1 1
c0503 r52 1 1
c0849 rDS1 1 1
c0526 rDS2 1 1
c0178 rN 1 1
c0095 rEr1 1 1
c0503 r25 1 2
c0849 r36 1 2
c0009 r38 1 2
c0526 r34 1 2
c0108 r27 1 2
c0467 r51 1 2
c0193 rB 1 2
c0980 rD 1 2
c0221 rF 1 2
c0203 rG 1 2
c0464 rA 1 2
c0047 rL 1 2
c1077 r50 1 2
c0963 r52 1 2
c0020 rDS1 1 2
c0049 rDS2 1 2
c0807 rN 1 2
c0178 r25 1 3
c1022 r37 1 3
c0020 r38 1 3
c0044 r34 1 3
c0489 r51 1 3
c0072 rB 1 3
c0088 rD 1 3
c1065 rF 1 3
c0129 rG 1 3
c0110 rA 1 3
c0430 rL 1 3
c0537 r50 1 3
c0963 r52 1 3
c0095 rDS1 1 3
c1069 rDS2 1 3
c0813 rN 1 3
c0980 rEr1 1 3
c0213 rEr2 1 3
c1053 r25 1 4
c0860 r36 1 4
c0444 r37 1 4
c0537 r38 1 4
c0497 r34 1 4
c0432 r27 1 4
c0009 r51 1 4
c0252 rB 1 4
c1022 rD 1 4
c0131 rF 1 4
c0257 rG 1 4
c0113 rA 1 4
c0897 rL 1 4
c0206 r50 1 4
c0742 r52 1 4
c0455 rDS1 1 4
c0554 rDS2 1 4
c1066 rN 1 4
c1064 rEr1 1 4
c1077 rEr2 1 4
c0723 r38 2 0
c0444 r34 2 0
c0478 r27 2 0
c0975 r51 2 0
c0113 rB 2 0
c0191 rD 2 0
c0056 rF 2 0
c0897 rG 2 0
c0009 rA 2 0
c0746 rL 2 0
c0487 r50 2 0
c0061 r52 2 0
c0088 rDS1 2 0
c1065 rDS2 2 0
c0983 rEr1 2 0
c0127 rEr2 2 0
c0794 r25 2 1
c0530 r38 2 1
c0534 r34 2 1
c0804 r27 2 1
c0983 r51 2 1
c0932 rB 2 1
c0478 rD 2 1
c0515 rF 2 1
c0449 rG 2 1
c0897 rA 2 1
c0069 rL 2 1
c0975 r50 2 1
c0526 r52 2 1
c0047 rDS1 2 1
c0062 rDS2 2 1
c1065 rN 2 1
c0487 rEr1 2 1
c0019 rEr2 2 1
c0862 r25 2 2
c0860 r36 2 2
c0807 r37 2 2
c0191 r38 2 2
c0432 r34 2 2
c0722 rB 2 2
c1072 rD 2 2
c0201 rF 2 2
c0152 rG 2 2
c0217 rA 2 2
c0225 rL 2 2
c0479 r50 2 2
c0412 r52 2 2
c0746 rDS1 2 2
c0812 rDS2 2 2
c1053 rN 2 2
c0019 rEr1 2 2
c0538 rEr2 2 2
c0213 r37 2 3
c0206 r38 2 3
c0955 r34 2 3
c0044 r27 2 3
c1072 r51 2 3
c0520 rB 2 3
c0047 rD 2 3
c0132 rF 2 3
c0201 rG 2 3
c0230 rA 2 3
c0221 rL 2 3
c0983 r50 2 3
c0049 r52 2 3
c0998 rDS1 2 3
c0443 rDS2 2 3
c1074 rN 2 3
c0602 rEr2 2 3
c0015 r25 2 4
c0808 r37 2 4
c0862 r34 2 4
c0464 r27 2 4
c0053 r51 2 4
c0023 rB 2 4
c0257 rD 2 4
c1062 rF 2 4
c0602 rG 2 4
c0191 rA 2 4
c0132 rL 2 4
c0504 r50 2 4
c0535 r52 2 4
c0088 rDS1 2 4
c1053 rDS2 2 4
c0534 rN 2 4
c0118 rEr1 2 4
c0479 rEr2 2 4
c0975 r25 3 0
c0496 r36 3 0
c1066 r37 3 0
c1074 r38 3 0
c0862 r34 3 0
c0730 r51 3 0
c0103 rB 3 0
c0725 rD 3 0
c0257 rF 3 0
c0056 rG 3 0
c0253 rA 3 0
c0115 rL 3 0
c0955 r50 3 0
c0219 rDS1 3 0
c0795 rDS2 3 0
c0049 rEr1 3 0
c0980 rEr2 3 0
c0862 r25 3 1
c0195 r36 3 1
c0807 r38 3 1
c1064 r34 3 1
c0489 r27 3 1
c1074 r51 3 1
c0106 rB 3 1
c0131 rD 3 1
c0253 rF 3 1
c1069 rG 3 1
c0795 rA 3 1
c0512 rL 3 1
c0883 r50 3 1
c0503 r52 3 1
c0203 rDS1 3 1
c0963 rDS2 3 1
c0232 rEr1 3 1
c1005 rEr2 3 1
c0602 r36 3 2
c0955 r37 3 2
c0883 r38 3 2
c0489 r34 3 2
c0443 r51 3 2
c0118 rB 3 2
c0963 rD 3 2
c0538 rF 3 2
c0515 rG 3 2
c0113 rA 3 2
c0023 rL 3 2
c0847 r50 3 2
c0221 rDS1 3 2
c1064 rDS2 3 2
c0428 rN 3 2
c0044 rEr1 3 2
c0061 rEr2 3 2
c0534 r36 3 3
c0883 r37 3 3
c0808 r38 3 3
c1022 r34 3 3
c0455 r27 3 3
c0936 r51 3 3
c0024 rB 3 3
c0088 rD 3 3
c0230 rF 3 3
c0072 rG 3 3
c0131 rA 3 3
c0252 rL 3 3
c0530 r50 3 3
c0162 r52 3 3
c0428 rDS1 3 3
c0847 rDS2 3 3
c0053 rEr1 3 3
c0963 rEr2 3 3
c0742 r25 3 4
c0936 r36 3 4
c0449 r37 3 4
c0019 r38 3 4
c0955 r34 3 4
c0007 r27 3 4
c1064 r51 3 4
c1041 rB 3 4
c0072 rD 3 4
c0487 rF 3 4
c0106 rG 3 4
c0532 rA 3 4
c0153 rL 3 4
c0178 r52 3 4
c0219 rDS1 3 4
c0238 rN 3 4
c0232 rEr1 3 4
c0812 rEr2 3 4
c0862 r25 4 0
c0539 r36 4 0
c0504 r37 4 0
c0211 r34 4 0
c0497 r51 4 0
c0129 rB 4 0
c0737 rD 4 0
c0520 rF 4 0
c0133 rG 4 0
c0430 rA 4 0
c1072 rL 4 0
c0015 r50 4 0
c0723 r52 4 0
c0411 rDS1 4 0
c0742 rDS2 4 0
c0804 rN 4 0
c0195 rEr1 4 0
c0455 rEr2 4 0
c0737 r25 4 1
c0467 r38 4 1
c0411 r27 4 1
c0789 r51 4 1
c0023 rB 4 1
c0725 rD 4 1
c0153 rF 4 1
c0110 rG 4 1
c0849 rA 4 1
c0520 rL 4 1
c0955 r52 4 1
c0998 rDS1 4 1
c0983 rDS2 4 1
c0975 rEr1 4 1
c0020 rEr2 4 1
c0955 r36 4 2
c0789 r37 4 2
c0213 r38 4 2
c0423 r34 4 2
c0074 r51 4 2
c0115 rB 4 2
c0217 rD 4 2
c0108 rF 4 2
c0133 rG 4 2
c0847 rA 4 2
c0722 rL 4 2
c0504 r52 4 2
c0512 rDS1 4 2
c0835 rEr1 4 2
c0537 rEr2 4 2
c0955 r25 4 3
c0812 r36 4 3
c1064 r37 4 3
c0862 r38 4 3
c0074 r34 4 3
c0538 r27 4 3
c0983 r51 4 3
c0088 rB 4 3
c0133 rD 4 3
c1041 rF 4 3
c0115 rG 4 3
c0252 rA 4 3
c0722 rL 4 3
c0804 r50 4 3
c0127 r52 4 3
c0024 rDS1 4 3
c0737 rDS2 4 3
c0822 rN 4 3
c0007 rEr1 4 3
c0975 rEr2 4 3
c0467 r25 4 4
c0532 r36 4 4
c0860 r37 4 4
c0206 r51 4 4
c0883 rB 4 4
c0932 rD 4 4
c0539 rF 4 4
c0464 rG 4 4
c0963 rA 4 4
c0193 rL 4 4
c0980 r50 4 4
c0108 rDS1 4 4
c0015 rDS2 4 4
c0162 rN 4 4
c0862 rEr1 4 4
