c0195 r25 0 0
c0074 r36 0 0
c1064 r37 0 0
c0238 r38 0 0
c0983 r34 0 0
c0428 r27 0 0
c0411 r51 0 0
c0279 rB 0 0
c0515 rD 0 0
c0225 rF 0 0
c0132 rG 0 0
c0489 rA 0 0
c1069 rL 0 0
c0955 r50 0 0
c1062 rDS1 0 0
c0095 rEr1 0 0
c0860 rEr2 0 0
c0955 r25 0 1
c0975 r37 0 1
c0178 r34 0 1
c0849 r27 0 1
c0794 r51 0 1
c0056 rB 0 1
c0053 rD 0 1
c0279 rF 0 1
c0932 rG 0 1
c0252 rA 0 1
c0520 rL 0 1
c0118 r50 0 1
c0007 r52 0 1
c0897 rDS1 0 1
c0822 rN 0 1
c0983 rEr1 0 1
c0238 rEr2 0 1
c1062 r25 0 2
c0504 r37 0 2
c0807 r38 0 2
c0423 r34 0 2
c0883 r27 0 2
c0217 rB 0 2
c0512 rD 0 2
c1069 rF 0 2
c0106 rG 0 2
c0932 rA 0 2
c0131 rL 0 2
c0602 r52 0 2
c0103 rDS1 0 2
c0127 rDS2 0 2
c0980 rEr1 0 2
c0053 rEr2 0 2
c0503 r36 0 3
c1064 r37 0 3
c0095 r38 0 3
c1022 r34 0 3
c0061 r27 0 3
c0203 r51 0 3
c0221 rB 0 3
c0411 rD 0 3
c1005 rF 0 3
c0058 rG 0 3
c1041 rA 0 3
c0725 rL 0 3
c0428 r50 0 3
c0479 r52 0 3
c0133 rDS1 0 3
c0007 rDS2 0 3
c0807 rN 0 3
c0118 rEr2 0 3
c0789 r36 0 4
c0742 r37 0 4
c0432 r38 0 4
c1022 r34 0 4
c0883 r27 0 4
c0534 r51 0 4
c0252 rB 0 4
c0963 rD 0 4
c0115 rF 0 4
c0203 rG 0 4
c0069 rA 0 4
c0219 rL 0 4
c0983 r50 0 4
c1064 r52 0 4
c0478 rDS1 0 4
c0504 rDS2 0 4
c0444 rN 0 4
c0980 rEr1 0 4
c0487 r25 1 0
c0206 r36 1 0
c0428 r34 1 0
c0980 r27 1 0
c0479 r51 1 0
c0998 rB 1 0
c0746 rD 1 0
c0808 rF 1 0
c0152 rG 1 0
c0257 rA 1 0
c0113 rL 1 0
c0936 r52 1 0
c0088 rDS1 1 0
c1066 rDS2 1 0
c0813 rN 1 0
c0534 rEr2 1 0
c0195 r25 1 1
c0883 r38 1 1
c0730 r34 1 1
c0044 r27 1 1
c0537 r51 1 1
c0602 rB 1 1
c0725 rD 1 1
c0897 rF 1 1
c0088 rG 1 1
c0464 rA 1 1
c0110 rL 1 1
c0497 r50 1 1
c0998 rDS1 1 1
c0062 rDS2 1 1
c0975 rN 1 1
c0526 rEr1 1 1
c0020 rEr2 1 1
c0496 r25 1 2
c0883 r36 1 2
c0074 r37 1 2
c0213 r38 1 2
c1077 r34 1 2
c0730 rB 1 2
c0515 rD 1 2
c0129 rF 1 2
c0072 rG 1 2
c0253 rA 1 2
c1065 rL 1 2
c0503 r50 1 2
c0804 r52 1 2
c0058 rDS1 1 2
c0024 rDS2 1 2
c0963 rEr1 1 2
c0822 rEr2 1 2
c0443 r36 1 3
c0206 r37 1 3
c0024 r38 1 3
c1074 r34 1 3
c0479 r27 1 3
c0062 r51 1 3
c0539 rB 1 3
c0103 rD 1 3
c0131 rF 1 3
c0225 rG 1 3
c0279 rA 1 3
c0489 rL 1 3
c0430 r50 1 3
c0980 r52 1 3
c0047 rDS1 1 3
c0862 rDS2 1 3
c0860 rN 1 3
c0009 rEr1 1 3
c0795 rEr2 1 3
c0044 r25 1 4
c0883 r36 1 4
c0444 r38 1 4
c0862 r34 1 4
c0024 r27 1 4
c0980 r51 1 4
c0201 rB 1 4
c0253 rD 1 4
c0023 rF 1 4
c0113 rG 1 4
c0725 rA 1 4
c0963 rL 1 4
c0812 r50 1 4
c0478 r52 1 4
c0191 rDS1 1 4
c0537 rDS2 1 4
c0211 rEr1 1 4
c0232 rEr2 1 4
c0497 r25 2 0
c0118 r37 2 0
c0955 r38 2 0
c0535 r34 2 0
c0464 r27 2 0
c0455 r51 2 0
c1065 rB 2 0
c0432 rD 2 0
c0835 rF 2 0
c0230 rG 2 0
c1072 rA 2 0
c0153 rL 2 0
c0532 r50 2 0
c0530 r52 2 0
c0515 rDS1 2 0
c0723 rDS2 2 0
c1053 rN 2 0
c0822 rEr1 2 0
c0061 rEr2 2 0
c0860 r36 2 1
c0503 r37 2 1
c0554 r38 2 1
c0238 r34 2 1
c0049 r27 2 1
c0132 rB 2 1
c0217 rD 2 1
c0225 rF 2 1
c0015 rG 2 1
c0106 rA 2 1
c0152 rL 2 1
c0412 r50 2 1
c1005 rDS1 2 1
c1053 rDS2 2 1
c0539 rN 2 1
c0430 rEr1 2 1
c0467 rEr2 2 1
c0813 r36 2 2
c0860 r38 2 2
c0975 r34 2 2
c0053 r27 2 2
c0955 r51 2 2
c0998 rB 2 2
c0191 rD 2 2
c0201 rF 2 2
c0722 rG 2 2
c0062 rA 2 2
c0023 rL 2 2
c1066 r50 2 2
c0730 r52 2 2
c0253 rDS1 2 2
c0444 rDS2 2 2
c0443 rN 2 2
c1005 rEr1 2 2
c0512 rEr2 2 2
c0108 r25 2 3
c0807 r36 2 3
c1053 r37 2 3
c0955 r38 2 3
c0983 r34 2 3
c0963 r27 2 3
c0230 rB 2 3
c0835 rD 2 3
c0478 rF 2 3
c0203 rG 2 3
c0746 rA 2 3
c0103 rL 2 3
c0980 r50 2 3
c0883 r52 2 3
c0088 rDS1 2 3
c0061 rDS2 2 3
c0162 rN 2 3
c0862 rEr1 2 3
c1064 r37 2 4
c0804 r38 2 4
c0487 r34 2 4
c0534 r27 2 4
c0897 r51 2 4
c0106 rB 2 4
c0512 rD 2 4
c0088 rF 2 4
c0129 rG 2 4
c0602 rA 2 4
c0072 rL 2 4
c0020 r50 2 4
c0449 rDS1 2 4
c0213 rDS2 2 4
c0862 rN 2 4
c0178 rEr1 2 4
c0095 rEr2 2 4
c1064 r25 3 0
c1069 r36 3 0
c0412 r37 3 0
c0211 r38 3 0
c0936 r34 3 0
c0232 r51 3 0
c0257 rB 3 0
c0153 rD 3 0
c0113 rF 3 0
c0129 rG 3 0
c0047 rA 3 0
c0423 rL 3 0
c0789 r50 3 0
c0860 r52 3 0
c0835 rDS1 3 0
c1066 rDS2 3 0
c0489 rEr1 3 0
c0044 rEr2 3 0
c0074 r25 3 1
c0794 r36 3 1
c0862 r37 3 1
c0723 r38 3 1
c0975 r34 3 1
c0737 r27 3 1
c0449 r51 3 1
c0056 rB 3 1
c0515 rD 3 1
c0132 rF 3 1
c1077 rG 3 1
c0230 rA 3 1
c0191 rL 3 1
c1072 r50 3 1
c0983 r52 3 1
c0047 rDS1 3 1
c0504 rDS2 3 1
c0539 rN 3 1
c0532 rEr1 3 1
c1074 rEr2 3 1
c0487 r25 3 2
c0862 r36 3 2
c0812 r34 3 2
c1062 r27 3 2
c0963 r51 3 2
c0219 rB 3 2
c0932 rD 3 2
c0455 rF 3 2
c0193 rG 3 2
c0520 rA 3 2
c0201 rL 3 2
c0449 r50 3 2
c1022 r52 3 2
c0049 rDS1 3 2
c0019 rDS2 3 2
c0213 rEr1 3 2
c0019 r25 3 3
c0975 r36 3 3
c0530 r37 3 3
c0983 r34 3 3
c1065 r27 3 3
c0795 r51 3 3
c0808 rB 3 3
c0257 rD 3 3
c0115 rF 3 3
c0069 rG 3 3
c0049 rA 3 3
c1041 rL 3 3
c0554 r52 3 3
c0232 rDS1 3 3
c0412 rN 3 3
c0127 rEr1 3 3
c0963 rEr2 3 3
c0812 r25 3 4
c0862 r36 3 4
c0497 r37 3 4
c0496 r38 3 4
c0936 r34 3 4
c0015 r27 3 4
c0069 rB 3 4
c0133 rD 3 4
c1041 rF 3 4
c0742 rG 3 4
c0072 rA 3 4
c0152 rL 3 4
c0538 r50 3 4
c0789 r52 3 4
c0009 rDS1 3 4
c0554 rDS2 3 4
c0443 rN 3 4
c0467 rEr1 3 4
c0430 rEr2 3 4
c0742 r25 4 0
c0127 r36 4 0
c0162 r37 4 0
c1072 r27 4 0
c0019 r51 4 0
c0217 rB 4 0
c0110 rD 4 0
c0153 rF 4 0
c0520 rG 4 0
c0131 rA 4 0
c0195 rL 4 0
c0535 r50 4 0
c0737 r52 4 0
c0746 rDS1 4 0
c0849 rEr1 4 0
c0211 rEr2 4 0
c0804 r25 4 1
c0975 r36 4 1
c0860 r37 4 1
c0423 r38 4 1
c0020 r34 4 1
c1077 r27 4 1
c0847 r51 4 1
c0252 rB 4 1
c0056 rD 4 1
c0795 rF 4 1
c0023 rG 4 1
c0088 rA 4 1
c0133 rL 4 1
c0526 r50 4 1
c1064 r52 4 1
c0455 rDS1 4 1
c0983 rDS2 4 1
c0538 rN 4 1
c0737 rEr1 4 1
c0530 rEr2 4 1
c0537 r36 4 2
c0955 r37 4 2
c0162 r38 4 2
c0206 r34 4 2
c0813 r51 4 2
c0722 rB 4 2
c0496 rD 4 2
c0115 rF 4 2
c0108 rG 4 2
c0847 rA 4 2
c0193 rL 4 2
c0860 r50 4 2
c0133 rDS1 4 2
c0009 rEr1 4 2
c0955 r25 4 3
c0849 r37 4 3
c0794 r38 4 3
c0808 r27 4 3
c0883 r51 4 3
c0221 rB 4 3
c0980 rD 4 3
c0110 rF 4 3
c0411 rG 4 3
c0963 rA 4 3
c0219 rL 4 3
c0178 r50 4 3
c0723 rDS1 4 3
c0538 rDS2 4 3
c0532 rEr2 4 3
c0975 r25 4 4
c0007 r36 4 4
c0526 r37 4 4
c1074 r38 4 4
c0467 r34 4 4
c0015 r27 4 4
c1064 r51 4 4
c0193 rB 4 4
c0058 rD 4 4
c0722 rF 4 4
c0133 rG 4 4
c0535 rA 4 4
c0221 rL 4 4
c0847 r50 4 4
c0108 rDS1 4 4
c0432 rDS2 4 4
c0464 rEr2 4 4
