c0412 r25 0 0
c0162 r36 0 0
c0955 r38 0 0
c0053 r27 0 0
c0975 r51 0 0
c0526 rB 0 0
c0153 rD 0 0
c0106 rF 0 0
c0103 rG 0 0
c0056 rA 0 0
c1072 rL 0 0
c0794 r50 0 0
c0074 r52 0 0
c0225 rDS1 0 0
c0206 rDS2 0 0
c0537 rN 0 0
c0432 rEr1 0 0
c0512 rEr2 0 0
c0009 r25 0 1
c0178 r38 0 1
c0503 r34 0 1
c0464 r27 0 1
c0430 r51 0 1
c0056 rB 0 1
c0746 rD 0 1
c0061 rF 0 1
c1072 rG 0 1
c0106 rA 0 1
c0411 rL 0 1
c0963 r50 0 1
c0807 r52 0 1
c0467 rDS1 0 1
c0095 rN 0 1
c0539 rEr1 0 1
c0860 rEr2 0 1
c0955 r36 0 2
c1064 r37 0 2
c0009 r38 0 2
c0497 r34 0 2
c0963 r27 0 2
c1062 r51 0 2
c0225 rB 0 2
c0193 rD 0 2
c0058 rF 0 2
c0423 rG 0 2
c0279 rA 0 2
c0489 rL 0 2
c0532 r50 0 2
c0835 r52 0 2
c0443 rDS1 0 2
c0061 rDS2 0 2
c0412 rEr2 0 2
c0535 r36 0 3
c0449 r37 0 3
c1064 r38 0 3
c1074 r27 0 3
c0053 r51 0 3
c0110 rB 0 3
c0983 rD 0 3
c1005 rF 0 3
c0221 rG 0 3
c1041 rA 0 3
c0230 rL 0 3
c0737 r50 0 3
c0133 rDS1 0 3
c0808 rDS2 0 3
c0074 rN 0 3
c0432 rEr1 0 3
c0095 r36 0 4
c0504 r38 0 4
c0725 r51 0 4
c0062 rB 0 4
c1065 rD 0 4
c0201 rF 0 4
c0219 rG 0 4
c0602 rA 0 4
c0253 rL 0 4
c0980 r52 0 4
c1005 rDS1 0 4
c0983 rDS2 0 4
c0464 rEr1 0 4
c0883 rEr2 0 4
c0849 r25 1 0
c0883 r36 1 0
c0804 r38 1 0
c0211 r34 1 0
c0535 r51 1 0
c0072 rB 1 0
c0963 rD 1 0
c0746 rF 1 0
c0088 rG 1 0
c0230 rA 1 0
c0152 rL 1 0
c0794 r50 1 0
c0980 r52 1 0
c0103 rDS1 1 0
c0812 rDS2 1 0
c0534 rEr1 1 0
c0455 rEr2 1 0
c0095 r36 1 1
c0860 r37 1 1
c0428 r38 1 1
c1064 r34 1 1
c0062 r27 1 1
c0443 r51 1 1
c0520 rB 1 1
c0515 rD 1 1
c0129 rF 1 1
c0056 rG 1 1
c0115 rA 1 1
c0110 rL 1 1
c0795 r50 1 1
c0412 r52 1 1
c0133 rDS1 1 1
c0804 rDS2 1 1
c0020 rN 1 1
c0479 rEr1 1 1
c1062 r25 1 2
c0730 r36 1 2
c0428 r37 1 2
c0975 r38 1 2
c0983 r34 1 2
c0203 r51 1 2
c0044 rB 1 2
c0221 rD 1 2
c0252 rF 1 2
c0722 rG 1 2
c0998 rA 1 2
c0279 rL 1 2
c0443 r50 1 2
c0795 r52 1 2
c0219 rDS1 1 2
c0955 rDS2 1 2
c0883 rN 1 2
c0108 rEr1 1 2
c0062 rEr2 1 2
c0496 r25 1 3
c0975 r36 1 3
c0007 r37 1 3
c0432 r34 1 3
c0537 r27 1 3
c0206 r51 1 3
c0257 rB 1 3
c0193 rD 1 3
c0044 rF 1 3
c0132 rG 1 3
c0113 rA 1 3
c0478 rL 1 3
c0019 r50 1 3
c1077 r52 1 3
c0058 rDS1 1 3
c1065 rDS2 1 3
c0847 rEr1 1 3
c0883 r25 1 4
c1022 r36 1 4
c0503 r37 1 4
c0213 r38 1 4
c0860 r51 1 4
c0963 rB 1 4
c0520 rD 1 4
c0152 rF 1 4
c0252 rG 1 4
c0049 rA 1 4
c0932 rL 1 4
c0530 r50 1 4
c0862 r52 1 4
c0980 rDS1 1 4
c0019 rDS2 1 4
c1064 rN 1 4
c0539 rEr2 1 4
c0206 r25 2 0
c0955 r36 2 0
c0534 r37 2 0
c1053 r38 2 0
c0975 r34 2 0
c0963 r27 2 0
c0213 r51 2 0
c0088 rB 2 0
c0113 rD 2 0
c0430 rF 2 0
c0115 rG 2 0
c0217 rA 2 0
c0515 rL 2 0
c0061 r50 2 0
c0835 r52 2 0
c0047 rDS1 2 0
c0983 rDS2 2 0
c1065 rEr1 2 0
c1072 rEr2 2 0
c1022 r36 2 1
c0020 r37 2 1
c1077 r34 2 1
c0411 r27 2 1
c1005 rB 2 1
c0110 rD 2 1
c0203 rF 2 1
c0725 rG 2 1
c0225 rA 2 1
c0132 rL 2 1
c0464 r50 2 1
c0049 r52 2 1
c0195 rDS1 2 1
c0804 rN 2 1
c0478 rEr1 2 1
c0487 rEr2 2 1
c0862 r25 2 2
c0496 r37 2 2
c0936 r38 2 2
c0730 r34 2 2
c0530 r27 2 2
c0883 r51 2 2
c0932 rB 2 2
c0520 rD 2 2
c0813 rF 2 2
c0455 rG 2 2
c0023 rA 2 2
c0201 rL 2 2
c0975 r50 2 2
c0723 r52 2 2
c0449 rDS1 2 2
c0554 rDS2 2 2
c0213 rEr1 2 2
c0897 rEr2 2 2
c0044 r25 2 3
c0118 r36 2 3
c0162 r37 2 3
c0602 r38 2 3
c0862 r34 2 3
c0554 r27 2 3
c1053 r51 2 3
c0257 rB 2 3
c0113 rD 2 3
c0725 rF 2 3
c0132 rG 2 3
c0230 rA 2 3
c0191 rL 2 3
c0049 r50 2 3
c0423 r52 2 3
c0053 rDS1 2 3
c0504 rDS2 2 3
c0497 rN 2 3
c0020 rEr1 2 3
c0538 rEr2 2 3
c0428 r25 2 4
c0862 r37 2 4
c0860 r38 2 4
c1077 r34 2 4
c0897 r27 2 4
c0722 rB 2 4
c0129 rD 2 4
c1053 rF 2 4
c0072 rG 2 4
c0023 rA 2 4
c0088 rL 2 4
c0822 r50 2 4
c0238 r52 2 4
c0449 rDS1 2 4
c0813 rDS2 2 4
c1064 rN 2 4
c1069 rEr1 2 4
c0794 rEr2 2 4
c0118 r25 3 0
c0975 r36 3 0
c0534 r37 3 0
c0808 r38 3 0
c0232 r34 3 0
c0813 r27 3 0
c0955 r51 3 0
c0503 rB 3 0
c0722 rD 3 0
c0515 rF 3 0
c0153 rG 3 0
c0253 rA 3 0
c0072 rL 3 0
c1066 r50 3 0
c0191 r52 3 0
c0047 rDS1 3 0
c1074 rDS2 3 0
c0532 rN 3 0
c0983 rEr1 3 0
c0539 rEr2 3 0
c0162 r25 3 1
c0537 r36 3 1
c0489 r37 3 1
c0211 r34 3 1
c0883 r27 3 1
c0980 r51 3 1
c0088 rB 3 1
c0279 rD 3 1
c0131 rF 3 1
c0515 rG 3 1
c0069 rA 3 1
c0795 rL 3 1
c0444 r52 3 1
c0535 rDS1 3 1
c0007 rDS2 3 1
c0479 rEr1 3 1
c0024 rEr2 3 1
c0860 r37 3 2
c0822 r38 3 2
c1064 r34 3 2
c0980 r27 3 2
c0998 rB 3 2
c0252 rD 3 2
c0257 rF 3 2
c0103 rG 3 2
c0069 rA 3 2
c0737 rL 3 2
c0936 r50 3 2
c1066 r52 3 2
c0253 rDS1 3 2
c0812 rDS2 3 2
c1069 rN 3 2
c0742 rEr1 3 2
c0963 rEr2 3 2
c0479 r25 3 3
c0178 r36 3 3
c0807 r37 3 3
c0897 r27 3 3
c0487 r51 3 3
c0023 rB 3 3
c0430 rD 3 3
c0024 rF 3 3
c0152 rG 3 3
c0069 rA 3 3
c1066 rL 3 3
c0822 r50 3 3
c0467 r52 3 3
c0088 rDS1 3 3
c0191 rDS2 3 3
c0526 rN 3 3
c1064 rEr2 3 3
c0238 r25 3 4
c1022 r36 3 4
c0808 r34 3 4
c0860 r27 3 4
c0455 r51 3 4
c0129 rB 3 4
c0487 rD 3 4
c0998 rF 3 4
c0133 rG 3 4
c0019 rA 3 4
c0232 rL 3 4
c0847 r50 3 4
c0444 r52 3 4
c0203 rDS1 3 4
c0127 rDS2 3 4
c0812 rN 3 4
c0742 rEr1 3 4
c0730 r25 4 0
c0742 r36 4 0
c0723 r37 4 0
c0118 r38 4 0
c0238 r34 4 0
c0835 r27 4 0
c0131 rB 4 0
c0193 rD 4 0
c0015 rF 4 0
c0538 rG 4 0
c0133 rA 4 0
c0849 rL 4 0
c0127 r50 4 0
c0195 r52 4 0
c0847 rDS1 4 0
c0532 rEr1 4 0
c0530 rEr2 4 0
c0723 r36 4 1
c0007 r37 4 1
c0737 r38 4 1
c1062 r34 4 1
c0554 r27 4 1
c0789 r51 4 1
c0195 rB 4 1
c0047 rD 4 1
c1069 rF 4 1
c0512 rG 4 1
c0131 rA 4 1
c0980 rL 4 1
c0963 r50 4 1
c0883 r52 4 1
c0602 rDS1 4 1
c0862 rDS2 4 1
c0860 rEr1 4 1
c0232 rEr2 4 1
c0497 r25 4 2
c0489 r36 4 2
c0807 r37 4 2
c0526 r38 4 2
c0789 r34 4 2
c0862 r27 4 2
c0024 r51 4 2
c0411 rB 4 2
c0221 rD 4 2
c0106 rF 4 2
c0108 rG 4 2
c0217 rA 4 2
c0746 rL 4 2
c0074 r50 4 2
c0467 r52 4 2
c0936 rDS1 4 2
c0975 rEr1 4 2
c0980 rEr2 4 2
c0211 r25 4 3
c0127 r36 4 3
c0849 r37 4 3
c0009 r34 4 3
c0015 r27 4 3
c0538 r51 4 3
c1041 rB 4 3
c0153 rD 4 3
c0115 rF 4 3
c0201 rG 4 3
c0423 rA 4 3
c0932 rL 4 3
c0219 rDS1 4 3
c0955 rEr1 4 3
c0983 rEr2 4 3
c0789 r36 4 4
c0496 r38 4 4
c0983 r34 4 4
c0504 r27 4 4
c0512 r51 4 4
c0478 rB 4 4
c1041 rD 4 4
c0178 rF 4 4
c0108 rG 4 4
c0133 rA 4 4
c0058 rL 4 4
c0862 r50 4 4
c0955 r52 4 4
c0217 rDS1 4 4
c1074 rN 4 4
c0015 rEr1 4 4
c0444 rEr2 4 4
