c1069 r25 0 0
c1062 r36 0 0
c0530 r37 0 0
c0532 r34 0 0
c0504 r27 0 0
c0132 rB 0 0
c0113 rD 0 0
c0206 rF 0 0
c0217 rG 0 0
c0095 rA 0 0
c0056 rL 0 0
c0537 r52 0 0
c0221 rDS1 0 0
c0074 rDS2 0 0
c0444 rEr1 0 0
c0211 rEr2 0 0
c0822 r25 0 1
c0602 r38 0 1
c0230 rB 0 1
c0153 rD 0 1
c0069 rF 0 1
c0193 rG 0 1
c1072 rA 0 1
c0129 rL 0 1
c0496 r50 0 1
c0061 r52 0 1
c0225 rDS1 0 1
c0195 rDS2 0 1
c1064 rN 0 1
c0497 rEr2 0 1
c0412 r34 0 2
c0860 r27 0 2
c0118 r51 0 2
c0193 rB 0 2
c0113 rD 0 2
c0812 rF 0 2
c0428 rG 0 2
c0058 rA 0 2
c0131 rL 0 2
c0503 r52 0 2
c0221 rDS1 0 2
c0062 rDS2 0 2
c0807 rN 0 2
c0467 rEr1 0 2
c1062 rEr2 0 2
c0789 r36 0 3
c0537 r37 0 3
c0860 r38 0 3
c0162 r34 0 3
c0812 r27 0 3
c0061 r51 0 3
c0725 rB 0 3
c0746 rD 0 3
c0113 rF 0 3
c0115 rG 0 3
c0088 rA 0 3
c0069 rL 0 3
c1064 r50 0 3
c0444 r52 0 3
c0133 rDS1 0 3
c0897 rDS2 0 3
c0007 rN 0 3
c1022 rEr1 0 3
c0127 rEr2 0 3
c0206 r25 0 4
c0554 r37 0 4
c1074 r38 0 4
c0835 r34 0 4
c0975 r27 0 4
c0106 rB 0 4
c0044 rD 0 4
c0203 rF 0 4
c0110 rG 0 4
c0219 rA 0 4
c0049 rL 0 4
c0432 r50 0 4
c0526 r52 0 4
c0980 rDS1 0 4
c0534 rDS2 0 4
c0539 rN 0 4
c0955 rEr2 0 4
c0794 r25 1 0
c0822 r36 1 0
c1053 r37 1 0
c0191 r38 1 0
c0936 r27 1 0
c0053 r51 1 0
c0897 rB 1 0
c0133 rD 1 0
c0056 rF 1 0
c0257 rG 1 0
c0152 rA 1 0
c0088 rL 1 0
c0530 r50 1 0
c0534 r52 1 0
c0103 rDS1 1 0
c0479 rDS2 1 0
c0449 rN 1 0
c0238 rEr2 1 0
c0955 r25 1 1
c0526 r36 1 1
c0238 r37 1 1
c0554 r34 1 1
c0467 r27 1 1
c0742 r51 1 1
c0103 rB 1 1
c0725 rD 1 1
c0253 rF 1 1
c0106 rG 1 1
c0132 rA 1 1
c1072 rL 1 1
c1053 r50 1 1
c0015 r52 1 1
c0217 rDS1 1 1
c0503 rDS2 1 1
c0789 rN 1 1
c0983 rEr1 1 1
c0975 rEr2 1 1
c0849 r37 1 2
c0007 r34 1 2
c0095 r27 1 2
c1077 r51 1 2
c0515 rB 1 2
c0279 rD 1 2
c0219 rF 1 2
c0152 rG 1 2
c0730 rA 1 2
c0110 rL 1 2
c0061 r52 1 2
c0221 rDS1 1 2
c0883 rDS2 1 2
c0423 rEr2 1 2
c0412 r25 1 3
c0804 r37 1 3
c0178 r38 1 3
c1064 r34 1 3
c0955 r27 1 3
c0049 r51 1 3
c0047 rB 1 3
c0230 rD 1 3
c0963 rF 1 3
c1041 rG 1 3
c0998 rA 1 3
c0232 rL 1 3
c0554 r50 1 3
c1053 r52 1 3
c0467 rDS1 1 3
c0813 rN 1 3
c0725 rEr1 1 3
c0503 rEr2 1 3
c0794 r25 1 4
c1066 r38 1 4
c1077 r34 1 4
c0862 r27 1 4
c0812 r51 1 4
c0430 rB 1 4
c0257 rD 1 4
c0722 rF 1 4
c0193 rG 1 4
c0019 rA 1 4
c0152 rL 1 4
c0489 r50 1 4
c0127 r52 1 4
c0219 rDS1 1 4
c0232 rDS2 1 4
c0980 rN 1 4
c0062 rEr1 1 4
c0883 rEr2 1 4
c1065 r25 2 0
c0955 r36 2 0
c0723 r37 2 0
c0412 r38 2 0
c0489 r34 2 0
c0980 r27 2 0
c0479 r51 2 0
c0520 rB 2 0
c0023 rD 2 0
c0430 rF 2 0
c0746 rG 2 0
c0515 rA 2 0
c0808 rL 2 0
c0835 r52 2 0
c0103 rDS1 2 0
c0539 rDS2 2 0
c0232 rEr1 2 0
c0062 rEr2 2 0
c0213 r25 2 1
c0860 r36 2 1
c0449 r37 2 1
c0794 r38 2 1
c1066 r27 2 1
c0980 r51 2 1
c0526 rB 2 1
c0201 rD 2 1
c0230 rF 2 1
c0088 rG 2 1
c0110 rA 2 1
c0746 rL 2 1
c0020 r50 2 1
c0963 r52 2 1
c0532 rDS1 2 1
c0983 rDS2 2 1
c0883 rN 2 1
c0478 rEr1 2 1
c0487 rEr2 2 1
c0860 r25 2 2
c0813 r36 2 2
c0804 r37 2 2
c0443 r38 2 2
c0213 r34 2 2
c0049 r27 2 2
c0455 r51 2 2
c0023 rB 2 2
c0423 rD 2 2
c0047 rF 2 2
c0069 rG 2 2
c0487 rA 2 2
c0203 rL 2 2
c1022 r50 2 2
c0024 r52 2 2
c0998 rDS1 2 2
c0862 rDS2 2 2
c0095 rN 2 2
c0538 rEr2 2 2
c0730 r25 2 3
c0883 r36 2 3
c0742 r37 2 3
c0822 r38 2 3
c0044 r27 2 3
c0411 r51 2 3
c0279 rB 2 3
c0980 rD 2 3
c0253 rF 2 3
c0520 rG 2 3
c0203 rA 2 3
c0512 rL 2 3
c0983 r50 2 3
c1069 rDS1 2 3
c0015 rDS2 2 3
c0975 rN 2 3
c0963 rEr1 2 3
c1064 rEr2 2 3
c0432 r25 2 4
c0020 r36 2 4
c0127 r38 2 4
c0496 r34 2 4
c0206 r27 2 4
c0983 r51 2 4
c0072 rB 2 4
c0998 rD 2 4
c0722 rF 2 4
c0847 rG 2 4
c0534 rA 2 4
c0191 rL 2 4
c0883 r50 2 4
c0044 r52 2 4
c1065 rDS1 2 4
c0963 rDS2 2 4
c0808 rN 2 4
c0512 rEr1 2 4
c0602 rEr2 2 4
c0530 r36 3 0
c0535 r37 3 0
c0723 r38 3 0
c0862 r34 3 0
c0464 r27 3 0
c0860 r51 3 0
c0132 rB 3 0
c0449 rD 3 0
c0932 rF 3 0
c0056 rG 3 0
c0201 rA 3 0
c0478 rL 3 0
c0983 r50 3 0
c0955 r52 3 0
c0047 rDS1 3 0
c0795 rDS2 3 0
c0532 rN 3 0
c0742 rEr2 3 0
c0535 r25 3 1
c0195 r37 3 1
c0443 r38 3 1
c0723 r34 3 1
c1072 r51 3 1
c0023 rB 3 1
c0131 rD 3 1
c0253 rF 3 1
c0479 rG 3 1
c0279 rA 3 1
c0153 rL 3 1
c1074 r50 3 1
c0808 r52 3 1
c0538 rDS1 3 1
c0795 rDS2 3 1
c0862 rN 3 1
c0020 rEr1 3 1
c0443 r25 3 2
c0737 r36 3 2
c0213 r38 3 2
c0007 r34 3 2
c0883 r27 3 2
c0191 rB 3 2
c0847 rD 3 2
c0257 rF 3 2
c1069 rG 3 2
c0115 rA 3 2
c0512 rL 3 2
c0975 r50 3 2
c0053 r52 3 2
c0722 rDS1 3 2
c0795 rDS2 3 2
c0019 rEr1 3 2
c1064 rEr2 3 2
c0975 r25 3 3
c0428 r36 3 3
c0936 r38 3 3
c0983 r34 3 3
c0963 r27 3 3
c1022 r51 3 3
c0252 rB 3 3
c0072 rD 3 3
c0225 rF 3 3
c0106 rG 3 3
c0730 rA 3 3
c0411 r52 3 3
c0862 rDS1 3 3
c0009 rDS2 3 3
c1064 rN 3 3
c1041 rEr1 3 3
c0053 rEr2 3 3
c0238 r25 3 4
c0432 r36 3 4
c0537 r37 3 4
c0807 r38 3 4
c0955 r34 3 4
c0813 r27 3 4
c0975 r51 3 4
c0153 rB 3 4
c0455 rD 3 4
c0072 rF 3 4
c0024 rG 3 4
c1041 rA 3 4
c0252 rL 3 4
c0178 r50 3 4
c0118 r52 3 4
c0108 rDS1 3 4
c0497 rDS2 3 4
c1074 rN 3 4
c0983 rEr1 3 4
c1065 rEr2 3 4
c0019 r25 4 0
c0444 r38 4 0
c0849 r34 4 0
c0847 r27 4 0
c0515 rB 4 0
c0932 rD 4 0
c0133 rF 4 0
c0487 rG 4 0
c0131 rA 4 0
c0058 rL 4 0
c0074 r52 4 0
c0464 rDS1 4 0
c0804 rN 4 0
c1005 rEr2 4 0
c0539 r25 4 1
c0211 r36 4 1
c0849 r37 4 1
c0118 r38 4 1
c0496 r34 4 1
c0980 r27 4 1
c0252 rB 4 1
c0515 rD 4 1
c0088 rF 4 1
c0602 rG 4 1
c0129 rA 4 1
c0520 rL 4 1
c0430 r50 4 1
c1062 r52 4 1
c0195 rDS1 4 1
c0963 rDS2 4 1
c0009 rN 4 1
c0497 rEr2 4 1
c0955 r25 4 2
c0162 r36 4 2
c0936 r37 4 2
c0975 r34 4 2
c0478 r51 4 2
c0133 rB 4 2
c0201 rD 4 2
c0115 rF 4 2
c0504 rG 4 2
c0108 rA 4 2
c0489 rL 4 2
c0538 r50 4 2
c0225 rDS1 4 2
c1064 rN 4 2
c0411 rEr1 4 2
c0024 rEr2 4 2
c0860 r25 4 3
c0737 r36 4 3
c0535 r38 4 3
c0862 r34 4 3
c0455 r27 4 3
c0009 rB 4 3
c0088 rD 4 3
c0133 rF 4 3
c0897 rG 4 3
c1005 rA 4 3
c0129 rL 4 3
c0211 r50 4 3
c0807 r52 4 3
c0058 rDS1 4 3
c0504 rDS2 4 3
c0162 rN 4 3
c0423 rEr1 4 3
c0074 rEr2 4 3
c0789 r25 4 4
c0015 r36 4 4
c0862 r37 4 4
c0860 r38 4 4
c0883 r34 4 4
c0428 r27 4 4
c0217 rB 4 4
c0835 rD 4 4
c0737 rF 4 4
c0108 rG 4 4
c0464 rA 4 4
c0932 rL 4 4
c1005 r50 4 4
c0963 r52 4 4
c1066 rDS1 4 4
c0178 rN 4 4
c1077 rEr1 4 4
c0980 rEr2 4 4
