c0444 r25 0 0
c0538 r37 0 0
c1077 r38 0 0
c0849 r34 0 0
c0532 r51 0 0
c0153 rB 0 0
c0053 rD 0 0
c0725 rF 0 0
c0467 rG 0 0
c0217 rA 0 0
c0056 rL 0 0
c0723 r50 0 0
c0238 r52 0 0
c0737 rDS1 0 0
c0074 rDS2 0 0
c0822 rN 0 0
c0983 rEr2 0 0
c0975 r25 0 1
c1062 r37 0 1
c1074 r38 0 1
c0849 r34 0 1
c0538 r27 0 1
c0464 r51 0 1
c0061 rB 0 1
c0737 rD 0 1
c0132 rF 0 1
c0056 rG 0 1
c0432 rA 0 1
c0110 rL 0 1
c0497 r50 0 1
c0015 r52 0 1
c0515 rDS1 0 1
c0503 rDS2 0 1
c0794 rN 0 1
c0118 rEr1 0 1
c0467 r25 0 2
c0975 r36 0 2
c0955 r38 0 2
c0526 r34 0 2
c0554 r27 0 2
c0496 r51 0 2
c0722 rB 0 2
c0009 rD 0 2
c0058 rF 0 2
c0932 rG 0 2
c0193 rA 0 2
c0980 rL 0 2
c0983 r50 0 2
c0812 r52 0 2
c0095 rDS1 0 2
c0530 rDS2 0 2
c0849 rEr2 0 2
c0835 r25 0 3
c0955 r36 0 3
c0539 r37 0 3
c1074 r38 0 3
c0444 r27 0 3
c0062 r51 0 3
c0478 rB 0 3
c1041 rD 0 3
c0230 rF 0 3
c0069 rG 0 3
c0133 rA 0 3
c0253 rL 0 3
c0443 r52 0 3
c0746 rDS1 0 3
c0526 rEr1 0 3
c0489 rEr2 0 3
c0479 r25 0 4
c0504 r36 0 4
c0537 r37 0 4
c0118 r38 0 4
c0535 r34 0 4
c0095 r27 0 4
c0430 rB 0 4
c0252 rD 0 4
c0062 rF 0 4
c0133 rG 0 4
c0152 rA 0 4
c0088 rL 0 4
c0897 r52 0 4
c0103 rDS1 0 4
c0813 rDS2 0 4
c0024 rEr1 0 4
c0955 r37 1 0
c0056 r38 1 0
c0213 r34 1 0
c0813 r27 1 0
c0789 r51 1 0
c0132 rB 1 0
c0253 rD 1 0
c0279 rF 1 0
c1005 rG 1 0
c0217 rA 1 0
c0047 rL 1 0
c0232 r52 1 0
c0049 rDS1 1 0
c0539 rDS2 1 0
c1065 rN 1 0
c0983 rEr1 1 0
c0489 r25 1 1
c0238 r36 1 1
c0432 r37 1 1
c0178 r38 1 1
c1074 r34 1 1
c1064 r27 1 1
c0153 rB 1 1
c0515 rD 1 1
c0129 rF 1 1
c0795 rG 1 1
c0225 rA 1 1
c0219 rL 1 1
c0053 r50 1 1
c1072 rDS1 1 1
c0449 rDS2 1 1
c0007 rN 1 1
c0044 rEr1 1 1
c0479 rEr2 1 1
c0807 r25 1 2
c0020 r37 1 2
c0936 r34 1 2
c1077 r27 1 2
c0983 r51 1 2
c0520 rB 1 2
c0217 rD 1 2
c0110 rF 1 2
c0203 rG 1 2
c0279 rA 1 2
c0980 rL 1 2
c0963 r50 1 2
c0932 rDS1 1 2
c0742 rDS2 1 2
c0428 rN 1 2
c0795 rEr1 1 2
c1066 rEr2 1 2
c0537 r36 1 3
c0178 r37 1 3
c0191 r34 1 3
c1066 r27 1 3
c0430 r51 1 3
c0602 rB 1 3
c0072 rD 1 3
c0221 rF 1 3
c0106 rG 1 3
c0023 rA 1 3
c0554 rL 1 3
c0883 r50 1 3
c0897 r52 1 3
c0487 rDS1 1 3
c0860 rDS2 1 3
c0862 rN 1 3
c0936 rEr1 1 3
c0975 rEr2 1 3
c1065 r37 1 4
c0554 r38 1 4
c0535 r34 1 4
c0963 r27 1 4
c1053 r51 1 4
c0113 rB 1 4
c0221 rD 1 4
c0058 rF 1 4
c0193 rG 1 4
c0602 rA 1 4
c0106 rL 1 4
c0206 r50 1 4
c0061 r52 1 4
c1005 rDS1 1 4
c0980 rDS2 1 4
c0412 rN 1 4
c0789 rEr2 1 4
c0127 r25 2 0
c0195 r36 2 0
c0118 r37 2 0
c0534 r34 2 0
c0455 r27 2 0
c0449 r51 2 0
c0257 rB 2 0
c0230 rD 2 0
c1069 rF 2 0
c0725 rG 2 0
c0047 rA 2 0
c0132 rL 2 0
c0975 r50 2 0
c0411 r52 2 0
c0221 rDS1 2 0
c0489 rDS2 2 0
c0723 rN 2 0
c0955 rEr1 2 0
c0044 rEr2 2 0
c1053 r25 2 1
c0975 r36 2 1
c0195 r37 2 1
c0883 r38 2 1
c0808 r34 2 1
c0532 r27 2 1
c0095 r51 2 1
c0897 rB 2 1
c1022 rD 2 1
c0225 rF 2 1
c0455 rG 2 1
c0113 rA 2 1
c0252 rL 2 1
c0203 r50 2 1
c0074 r52 2 1
c0432 rDS1 2 1
c0538 rDS2 2 1
c0162 rN 2 1
c0512 rEr1 2 1
c0044 rEr2 2 1
c0504 r25 2 2
c0807 r36 2 2
c0537 r37 2 2
c0213 r38 2 2
c1077 r34 2 2
c1053 r27 2 2
c0411 r51 2 2
c0152 rB 2 2
c0464 rD 2 2
c0963 rF 2 2
c0020 rG 2 2
c0023 rA 2 2
c0257 rL 2 2
c0053 r52 2 2
c1022 rDS1 2 2
c0449 rN 2 2
c0847 rEr1 2 2
c0049 rEr2 2 2
c1064 r25 2 3
c0497 r36 2 3
c0883 r37 2 3
c0211 r38 2 3
c0487 r27 2 3
c0847 r51 2 3
c0512 rB 2 3
c0520 rD 2 3
c0253 rF 2 3
c0069 rG 2 3
c0129 rA 2 3
c0201 rL 2 3
c0835 r50 2 3
c0103 rDS1 2 3
c0963 rDS2 2 3
c0443 rN 2 3
c0822 rEr1 2 3
c0049 rEr2 2 3
c0423 r25 2 4
c0955 r36 2 4
c0127 r37 2 4
c0162 r38 2 4
c0808 r34 2 4
c0009 r27 2 4
c0602 r51 2 4
c0219 rB 2 4
c0088 rD 2 4
c0487 rF 2 4
c0203 rG 2 4
c0725 rA 2 4
c0024 rL 2 4
c0963 r50 2 4
c0062 r52 2 4
c0746 rDS1 2 4
c0980 rDS2 2 4
c0862 rN 2 4
c0983 rEr1 2 4
c0206 r25 3 0
c0742 r36 3 0
c0860 r37 3 0
c0534 r38 3 0
c0238 r34 3 0
c1072 r27 3 0
c0230 rB 3 0
c0428 rD 3 0
c0515 rF 3 0
c0047 rG 3 0
c0115 rA 3 0
c0131 rL 3 0
c0497 r50 3 0
c0191 r52 3 0
c0133 rDS1 3 0
c0503 rDS2 3 0
c1064 rEr1 3 0
c0411 rEr2 3 0
c0883 r25 3 1
c0530 r36 3 1
c0807 r38 3 1
c1069 r34 3 1
c0467 r27 3 1
c1064 r51 3 1
c0088 rB 3 1
c0072 rD 3 1
c0193 rF 3 1
c0496 rG 3 1
c0129 rA 3 1
c0998 rL 3 1
c0211 r50 3 1
c0195 r52 3 1
c0219 rDS1 3 1
c1066 rN 3 1
c0015 rEr1 3 1
c0730 rEr2 3 1
c1022 r25 3 2
c0862 r38 3 2
c0742 r34 3 2
c0963 r27 3 2
c0860 r51 3 2
c0225 rB 3 2
c0069 rD 3 2
c0813 rF 3 2
c0478 rG 3 2
c0423 rA 3 2
c0115 rL 3 2
c0955 r52 3 2
c0534 rDS1 3 2
c0191 rDS2 3 2
c0178 rN 3 2
c0019 rEr2 3 2
c0835 r25 3 3
c0020 r36 3 3
c0860 r37 3 3
c0862 r38 3 3
c0213 r51 3 3
c0072 rB 3 3
c0152 rD 3 3
c1041 rF 3 3
c0153 rG 3 3
c0232 rA 3 3
c0998 rL 3 3
c0530 r50 3 3
c0444 r52 3 3
c0103 rDS1 3 3
c0412 rDS2 3 3
c0503 rEr1 3 3
c0808 rEr2 3 3
c0015 r25 3 4
c0479 r37 3 4
c0812 r38 3 4
c0847 r27 3 4
c1065 r51 3 4
c0257 rB 3 4
c0115 rD 3 4
c0113 rF 3 4
c0061 rG 3 4
c0252 rA 3 4
c0131 rL 3 4
c0232 r50 3 4
c0789 r52 3 4
c0108 rDS1 3 4
c0535 rN 3 4
c0804 rEr2 3 4
c0955 r25 4 0
c0206 r37 4 0
c0883 r38 4 0
c0983 r34 4 0
c1062 r51 4 0
c0730 rB 4 0
c0279 rD 4 0
c0526 rF 4 0
c0088 rG 4 0
c0998 rA 4 0
c0963 rL 4 0
c0127 r50 4 0
c0009 r52 4 0
c0746 rDS1 4 0
c0794 rDS2 4 0
c0822 rN 4 0
c0804 rEr1 4 0
c0980 rEr2 4 0
c0975 r25 4 1
c0539 r36 4 1
c0794 r37 4 1
c0860 r27 4 1
c0730 r51 4 1
c0088 rB 4 1
c0478 rD 4 1
c0515 rF 4 1
c0023 rG 4 1
c0024 rA 4 1
c0133 rL 4 1
c0430 r50 4 1
c1072 r52 4 1
c0722 rDS1 4 1
c1064 rDS2 4 1
c0723 rN 4 1
c0464 rEr2 4 1
c1069 r25 4 2
c1062 r37 4 2
c1064 r38 4 2
c0980 r51 4 2
c0201 rB 4 2
c0737 rD 4 2
c0423 rF 4 2
c0019 rG 4 2
c0108 rA 4 2
c0520 rL 4 2
c0860 r50 4 2
c0883 r52 4 2
c0058 rDS1 4 2
c0443 rDS2 4 2
c0936 rEr1 4 2
c0862 rEr2 4 2
c0795 r25 4 3
c0860 r36 4 3
c0007 r37 4 3
c0804 r38 4 3
c0862 r34 4 3
c0412 r27 4 3
c1064 r51 4 3
c0131 rB 4 3
c1041 rD 4 3
c0201 rF 4 3
c0110 rG 4 3
c1005 rA 4 3
c0455 rL 4 3
c0074 r50 4 3
c0133 rDS1 4 3
c0512 rEr1 4 3
c0504 rEr2 4 3
c0812 r25 4 4
c0862 r36 4 4
c0019 r38 4 4
c0975 r27 4 4
c0007 r51 4 4
c0108 rB 4 4
c0106 rD 4 4
c0532 rF 4 4
c0496 rG 4 4
c0932 rA 4 4
c0162 rL 4 4
c0211 r50 4 4
c0980 r52 4 4
c0722 rDS1 4 4
c0983 rDS2 4 4
c0883 rN 4 4
c0428 rEr1 4 4
