c0526 r25 0 0
c0822 r37 0 0
c0804 r38 0 0
c0503 r27 0 0
c0095 r51 0 0
c0106 rB 0 0
c0103 rD 0 0
c0129 rF 0 0
c0512 rG 0 0
c0432 rA 0 0
c0464 rL 0 0
c0467 r50 0 0
c0133 rDS1 0 0
c0897 rDS2 0 0
c0849 rN 0 0
c0238 rEr1 0 0
c0503 r25 0 1
c0532 r36 0 1
c0444 r37 0 1
c0955 r38 0 1
c0849 r27 0 1
c0061 r51 0 1
c0153 rB 0 1
c0219 rD 0 1
c0515 rF 0 1
c0411 rG 0 1
c0113 rA 0 1
c0115 rL 0 1
c0975 r50 0 1
c0794 r52 0 1
c0195 rDS1 0 1
c0535 rDS2 0 1
c0074 r25 0 2
c0535 r36 0 2
c0206 r37 0 2
c0044 r38 0 2
c0020 r34 0 2
c0955 r27 0 2
c0835 r51 0 2
c0428 rB 0 2
c0515 rD 0 2
c0932 rF 0 2
c0980 rG 0 2
c1005 rA 0 2
c0115 rL 0 2
c0162 r50 0 2
c0191 r52 0 2
c0496 rDS1 0 2
c0883 rDS2 0 2
c0504 rN 0 2
c1064 r25 0 3
c0795 r36 0 3
c0808 r37 0 3
c0007 r38 0 3
c0983 r27 0 3
c0203 r51 0 3
c0132 rB 0 3
c0191 rD 0 3
c1041 rF 0 3
c0069 rG 0 3
c0520 rA 0 3
c0058 rL 0 3
c0061 r50 0 3
c0975 r52 0 3
c0932 rDS1 0 3
c0423 rDS2 0 3
c0530 rN 0 3
c0860 rEr1 0 3
c1077 rEr2 0 3
c0412 r25 0 4
c0238 r36 0 4
c0015 r38 0 4
c0489 r34 0 4
c0449 r27 0 4
c0512 r51 0 4
c0221 rB 0 4
c0479 rD 0 4
c0129 rF 0 4
c0602 rG 0 4
c0520 rA 0 4
c0110 rL 0 4
c0118 r52 0 4
c0095 rDS1 0 4
c1065 rDS2 0 4
c0009 r38 1 0
c0883 r34 1 0
c0795 r27 1 0
c1062 r51 1 0
c0232 rB 1 0
c0980 rD 1 0
c0253 rF 1 0
c0106 rG 1 0
c0113 rA 1 0
c1005 rL 1 0
c0127 r50 1 0
c0983 r52 1 0
c0725 rDS1 1 0
c0860 rDS2 1 0
c1053 rN 1 0
c0053 rEr1 1 0
c0479 rEr2 1 0
c0479 r36 1 1
c0127 r38 1 1
c1062 r34 1 1
c0412 r27 1 1
c0019 rB 1 1
c0132 rD 1 1
c0152 rF 1 1
c0849 rG 1 1
c0722 rA 1 1
c0257 rL 1 1
c0794 r52 1 1
c0047 rDS1 1 1
c0432 rDS2 1 1
c0538 rN 1 1
c0062 rEr1 1 1
c0443 r25 1 2
c0497 r36 1 2
c0534 r37 1 2
c0975 r38 1 2
c0983 r34 1 2
c0883 r27 1 2
c0807 r51 1 2
c0252 rB 1 2
c0489 rD 1 2
c0225 rF 1 2
c0936 rG 1 2
c0279 rA 1 2
c0103 rL 1 2
c0203 r50 1 2
c1077 r52 1 2
c0835 rDS1 1 2
c0428 rDS2 1 2
c1066 rN 1 2
c0449 rEr1 1 2
c0963 rEr2 1 2
c1064 r36 1 3
c1069 r37 1 3
c0044 r38 1 3
c0860 r27 1 3
c1072 r51 1 3
c1022 rB 1 3
c1074 rD 1 3
c0191 rF 1 3
c0133 rG 1 3
c0131 rA 1 3
c0279 rL 1 3
c0203 r50 1 3
c0024 r52 1 3
c0936 rDS1 1 3
c0862 rN 1 3
c0430 rEr1 1 3
c0534 rEr2 1 3
c0813 r25 1 4
c0015 r37 1 4
c0009 r38 1 4
c1062 r34 1 4
c0110 rB 1 4
c0537 rD 1 4
c1065 rF 1 4
c0219 rG 1 4
c0088 rA 1 4
c0980 rL 1 4
c0737 r50 1 4
c0428 r52 1 4
c0998 rDS1 1 4
c0963 rDS2 1 4
c0178 rN 1 4
c1069 rEr2 1 4
c1064 r25 2 0
c0955 r36 2 0
c0044 r37 2 0
c0532 r38 2 0
c0963 r27 2 0
c0808 r51 2 0
c0230 rB 2 0
c0980 rD 2 0
c0538 rF 2 0
c0515 rG 2 0
c0221 rA 2 0
c0072 rL 2 0
c0095 r50 2 0
c0975 r52 2 0
c0746 rDS1 2 0
c0432 rDS2 2 0
c0812 rN 2 0
c0449 rEr1 2 0
c1053 rEr2 2 0
c0213 r25 2 1
c0530 r36 2 1
c0860 r37 2 1
c0496 r38 2 1
c1077 r27 2 1
c0049 r51 2 1
c0723 rB 2 1
c0056 rD 2 1
c0103 rF 2 1
c0252 rG 2 1
c0257 rA 2 1
c0411 rL 2 1
c1064 r50 2 1
c0897 r52 2 1
c0554 rDS1 2 1
c0503 rDS2 2 1
c0794 rN 2 1
c0053 rEr1 2 1
c0822 r36 2 2
c0019 r37 2 2
c0537 r34 2 2
c0526 r27 2 2
c0847 r51 2 2
c0217 rB 2 2
c0201 rD 2 2
c0746 rF 2 2
c0998 rG 2 2
c0487 rA 2 2
c0932 rL 2 2
c0807 r50 2 2
c0883 r52 2 2
c0049 rDS1 2 2
c0963 rDS2 2 2
c0535 rN 2 2
c0455 rEr1 2 2
c0496 r37 2 3
c0813 r38 2 3
c0730 r27 2 3
c0512 r51 2 3
c0129 rB 2 3
c0467 rD 2 3
c0847 rF 2 3
c0230 rG 2 3
c0069 rA 2 3
c0132 rL 2 3
c0478 r50 2 3
c0062 r52 2 3
c0088 rDS1 2 3
c0206 rDS2 2 3
c0211 rN 2 3
c0024 rEr1 2 3
c0444 r25 2 4
c1053 r36 2 4
c0860 r38 2 4
c0118 r34 2 4
c0963 r27 2 4
c1064 r51 2 4
c0009 rB 2 4
c0257 rD 2 4
c0411 rF 2 4
c0047 rG 2 4
c1041 rA 2 4
c0069 rL 2 4
c0464 r50 2 4
c0238 r52 2 4
c0253 rDS1 2 4
c0020 rDS2 2 4
c0062 rEr2 2 4
c0412 r36 3 0
c0860 r37 3 0
c0487 r38 3 0
c0195 r34 3 0
c0232 r27 3 0
c0862 r51 3 0
c0133 rB 3 0
c0072 rD 3 0
c0835 rF 3 0
c0152 rG 3 0
c0746 rA 3 0
c0023 rL 3 0
c0789 r50 3 0
c0998 rDS1 3 0
c0897 rDS2 3 0
c0539 rN 3 0
c0530 rEr2 3 0
c1066 r36 3 1
c0975 r37 3 1
c0162 r38 3 1
c0883 r34 3 1
c0020 r27 3 1
c0430 r51 3 1
c0088 rB 3 1
c0730 rD 3 1
c1065 rF 3 1
c0279 rG 3 1
c0023 rA 3 1
c0520 rL 3 1
c0195 r50 3 1
c0742 r52 3 1
c0795 rDS1 3 1
c0554 rDS2 3 1
c0955 rEr1 3 1
c0983 rEr2 3 1
c0423 r25 3 2
c0213 r36 3 2
c0497 r38 3 2
c0975 r34 3 2
c1022 r27 3 2
c0113 rB 3 2
c0061 rD 3 2
c0980 rF 3 2
c0019 rG 3 2
c0106 rA 3 2
c0193 rL 3 2
c0554 r50 3 2
c0983 r52 3 2
c0219 rDS1 3 2
c1064 rN 3 2
c0504 rEr1 3 2
c0730 rEr2 3 2
c0487 r25 3 3
c0742 r36 3 3
c1074 r37 3 3
c0532 r38 3 3
c0789 r34 3 3
c0539 r27 3 3
c0455 r51 3 3
c0131 rB 3 3
c0153 rD 3 3
c0225 rF 3 3
c0072 rG 3 3
c0217 rA 3 3
c0430 rL 3 3
c0847 r50 3 3
c0443 r52 3 3
c1022 rDS1 3 3
c0053 rDS2 3 3
c0015 rEr1 3 3
c0812 rEr2 3 3
c0812 r25 3 4
c0489 r36 3 4
c0860 r37 3 4
c0862 r38 3 4
c0883 r27 3 4
c0232 r51 3 4
c0725 rB 3 4
c0047 rD 3 4
c0980 rF 3 4
c0152 rG 3 4
c0253 rA 3 4
c0023 rL 3 4
c0963 r50 3 4
c0049 r52 3 4
c0478 rDS1 3 4
c0534 rDS2 3 4
c0211 rN 3 4
c0808 rEr1 3 4
c0955 r36 4 0
c0862 r37 4 0
c0742 r38 4 0
c0118 r34 4 0
c0983 r27 4 0
c0725 r51 4 0
c0201 rB 4 0
c0230 rD 4 0
c0221 rF 4 0
c0722 rG 4 0
c0455 rA 4 0
c0056 rL 4 0
c0980 r50 4 0
c0737 r52 4 0
c0108 rDS1 4 0
c0963 rDS2 4 0
c0443 rN 4 0
c0206 rEr1 4 0
c1069 rEr2 4 0
c0127 r25 4 1
c0213 r36 4 1
c0497 r37 4 1
c0504 r38 4 1
c0804 r34 4 1
c1066 r27 4 1
c0723 r51 4 1
c0131 rB 4 1
c0056 rD 4 1
c0074 rF 4 1
c0088 rG 4 1
c0252 rA 4 1
c0602 rL 4 1
c0737 r50 4 1
c0862 r52 4 1
c0515 rDS1 4 1
c0883 rDS2 4 1
c1005 rEr1 4 1
c0804 r25 4 2
c0007 r36 4 2
c0723 r37 4 2
c0423 r34 4 2
c0822 r27 4 2
c0478 rB 4 2
c0108 rD 4 2
c0936 rF 4 2
c0133 rG 4 2
c0162 rA 4 2
c0110 rL 4 2
c0813 r52 4 2
c0467 rDS1 4 2
c1072 rDS2 4 2
c1064 rN 4 2
c0862 rEr1 4 2
c0537 rEr2 4 2
c0807 r25 4 3
c0211 r36 4 3
c0789 r37 4 3
c0007 r34 4 3
c0024 r27 4 3
c0178 r51 4 3
c0088 rB 4 3
c0193 rD 4 3
c1041 rF 4 3
c0133 rG 4 3
c0201 rA 4 3
c0058 rL 4 3
c0074 r50 4 3
c0975 r52 4 3
c0722 rDS1 4 3
c0955 rDS2 4 3
c0444 rEr1 4 3
c0539 rEr2 4 3
c1074 r36 4 4
c0602 r37 4 4
c0526 r38 4 4
c0538 r34 4 4
c0955 r51 4 4
c0225 rB 4 4
c0153 rD 4 4
c0058 rF 4 4
c0115 rG 4 4
c0193 rA 4 4
c0108 rL 4 4
c0464 r50 4 4
c0178 r52 4 4
c0217 rDS1 4 4
c0983 rDS2 4 4
c0862 rN 4 4
c1072 rEr2 4 4
