c0238 r36 0 0
c0496 r38 0 0
c0535 r34 0 0
c1062 r51 0 0
c0217 rB 0 0
c0056 rD 0 0
c0532 rF 0 0
c0103 rG 0 0
c0955 rA 0 0
c0132 rL 0 0
c0538 r50 0 0
c0822 r52 0 0
c0515 rDS1 0 0
c0118 rDS2 0 0
c0526 rEr1 0 0
c0411 rEr2 0 0
c0009 r25 0 1
c0443 r36 0 1
c0955 r37 0 1
c0804 r38 0 1
c1062 r34 0 1
c0201 rB 0 1
c0737 rD 0 1
c0110 rF 0 1
c0069 rG 0 1
c0520 rA 0 1
c0153 rL 0 1
c1074 r50 0 1
c0211 r52 0 1
c0225 rDS1 0 1
c0195 rDS2 0 1
c0118 rEr1 0 1
c0983 rEr2 0 1
c1066 r25 0 2
c0975 r37 0 2
c0723 r38 0 2
c0849 r34 0 2
c0983 r27 0 2
c0883 r51 0 2
c0007 rB 0 2
c0193 rD 0 2
c0932 rF 0 2
c0980 rG 0 2
c0520 rA 0 2
c0746 rL 0 2
c0963 r50 0 2
c0722 rDS1 0 2
c0554 rN 0 2
c0955 rEr1 0 2
c0467 rEr2 0 2
c1074 r36 0 3
c1064 r38 0 3
c0443 r51 0 3
c0069 rB 0 3
c0058 rD 0 3
c1005 rF 0 3
c0554 rG 0 3
c0193 rA 0 3
c0152 rL 0 3
c0602 r50 0 3
c0860 r52 0 3
c0253 rDS1 0 3
c0009 rN 0 3
c0897 rEr1 0 3
c1077 rEr2 0 3
c0812 r25 0 4
c0794 r36 0 4
c0162 r37 0 4
c0108 r38 0 4
c0015 r34 0 4
c1072 r51 0 4
c0132 rB 0 4
c0432 rD 0 4
c0201 rF 0 4
c0464 rG 0 4
c0152 rA 0 4
c0062 rL 0 4
c0217 rDS1 0 4
c0860 rDS2 0 4
c1005 rEr1 0 4
c0443 r25 1 0
c0095 r36 1 0
c0742 r37 1 0
c0532 r38 1 0
c0983 r34 1 0
c0206 r27 1 0
c0725 r51 1 0
c0479 rB 1 0
c0221 rD 1 0
c0201 rF 1 0
c0153 rG 1 0
c0217 rA 1 0
c0113 rL 1 0
c0975 r50 1 0
c1053 r52 1 0
c0423 rDS1 1 0
c0789 rDS2 1 0
c0537 rN 1 0
c1072 rEr1 1 0
c0455 rEr2 1 0
c0024 r25 1 1
c0191 r36 1 1
c0108 r38 1 1
c0849 r34 1 1
c0049 r27 1 1
c0955 r51 1 1
c1066 rB 1 1
c0515 rD 1 1
c0279 rF 1 1
c0058 rG 1 1
c0808 rA 1 1
c0795 rL 1 1
c0423 r50 1 1
c0730 r52 1 1
c0088 rDS1 1 1
c0963 rDS2 1 1
c0980 rEr2 1 1
c1064 r25 1 2
c0497 r37 1 2
c0860 r38 1 2
c0019 r34 1 2
c0883 r27 1 2
c0444 r51 1 2
c0252 rB 1 2
c0129 rD 1 2
c0515 rF 1 2
c0072 rG 1 2
c0503 rA 1 2
c0795 rL 1 2
c0213 r50 1 2
c1053 r52 1 2
c0998 rDS1 1 2
c1062 rDS2 1 2
c0412 rN 1 2
c0980 rEr1 1 2
c0539 r25 1 3
c0862 r36 1 3
c0127 r38 1 3
c0794 r34 1 3
c0015 r27 1 3
c0963 r51 1 3
c0430 rB 1 3
c0129 rD 1 3
c0252 rF 1 3
c0023 rG 1 3
c0478 rA 1 3
c0113 rL 1 3
c1077 r50 1 3
c0412 r52 1 3
c0489 rDS1 1 3
c0061 rDS2 1 3
c0883 rN 1 3
c0504 rEr1 1 3
c0232 rEr2 1 3
c1064 r25 1 4
c0095 r36 1 4
c0538 r37 1 4
c0822 r38 1 4
c0813 r34 1 4
c0044 r27 1 4
c0489 r51 1 4
c0061 rB 1 4
c0257 rD 1 4
c0193 rF 1 4
c0131 rG 1 4
c0230 rA 1 4
c0932 rL 1 4
c1022 r50 1 4
c0162 r52 1 4
c0428 rDS1 1 4
c0213 rDS2 1 4
c0206 rN 1 4
c0479 rEr1 1 4
c0455 rEr2 1 4
c0975 r25 2 0
c0883 r36 2 0
c1069 r37 2 0
c0534 r38 2 0
c0813 r27 2 0
c0103 rB 2 0
c0467 rD 2 0
c0023 rF 2 0
c0072 rG 2 0
c0056 rA 2 0
c0487 rL 2 0
c0862 r50 2 0
c0539 r52 2 0
c0088 rDS1 2 0
c0206 rN 2 0
c0723 rEr1 2 0
c0430 rEr2 2 0
c0118 r25 2 1
c0020 r37 2 1
c0955 r38 2 1
c0095 r34 2 1
c0061 r27 2 1
c0537 r51 2 1
c0023 rB 2 1
c0088 rD 2 1
c0835 rF 2 1
c0478 rG 2 1
c0257 rA 2 1
c0047 rL 2 1
c1065 r50 2 1
c0195 r52 2 1
c0963 rDS1 2 1
c0983 rDS2 2 1
c0980 rEr1 2 1
c0512 rEr2 2 1
c1022 r25 2 2
c1069 r36 2 2
c1066 r38 2 2
c0534 r34 2 2
c0862 r27 2 2
c0963 r51 2 2
c0279 rB 2 2
c0047 rD 2 2
c0980 rF 2 2
c0998 rG 2 2
c0411 rA 2 2
c0219 rL 2 2
c0535 r50 2 2
c0428 r52 2 2
c0722 rDS1 2 2
c0530 rDS2 2 2
c0975 rN 2 2
c0007 rEr1 2 2
c0812 r25 2 3
c1053 r36 2 3
c1065 r37 2 3
c0024 r38 2 3
c0804 r34 2 3
c0983 r27 2 3
c0467 r51 2 3
c0428 rB 2 3
c0009 rD 2 3
c0106 rF 2 3
c0932 rG 2 3
c0449 rA 2 3
c1041 rL 2 3
c0504 r50 2 3
c0975 r52 2 3
c0047 rDS1 2 3
c0955 rDS2 2 3
c0497 rN 2 3
c0062 rEr1 2 3
c0883 rEr2 2 3
c0742 r25 2 4
c0432 r38 2 4
c0813 r27 2 4
c1041 rB 2 4
c0221 rD 2 4
c0106 rF 2 4
c0203 rG 2 4
c0219 rA 2 4
c0132 rL 2 4
c0479 r50 2 4
c0487 r52 2 4
c0191 rDS1 2 4
c0983 rDS2 2 4
c0808 rN 2 4
c0512 rEr1 2 4
c0053 rEr2 2 4
c1065 r25 3 0
c0178 r36 3 0
c1022 r38 3 0
c0444 r34 3 0
c0044 r27 3 0
c0053 r51 3 0
c0230 rB 3 0
c0072 rD 3 0
c0115 rF 3 0
c0411 rG 3 0
c0133 rA 3 0
c0103 rL 3 0
c0730 r50 3 0
c0253 rDS1 3 0
c0211 rN 3 0
c0808 rEr1 3 0
c0512 rEr2 3 0
c0044 r36 3 1
c0497 r38 3 1
c0537 r51 3 1
c0737 rB 3 1
c0464 rD 3 1
c0257 rF 3 1
c0088 rG 3 1
c0449 rA 3 1
c0230 rL 3 1
c0794 r50 3 1
c0847 r52 3 1
c0722 rDS1 3 1
c0963 rDS2 3 1
c0975 rN 3 1
c0535 rEr1 3 1
c0049 rEr2 3 1
c1064 r25 3 2
c0862 r36 3 2
c0730 r37 3 2
c1069 r38 3 2
c0742 r27 3 2
c0496 r51 3 2
c0106 rB 3 2
c0835 rD 3 2
c0252 rF 3 2
c0069 rG 3 2
c0897 rA 3 2
c0253 rL 3 2
c0020 r50 3 2
c0554 r52 3 2
c0203 rDS1 3 2
c0883 rDS2 3 2
c0538 rN 3 2
c0074 rEr2 3 2
c0007 r25 3 3
c0862 r37 3 3
c0487 r34 3 3
c0936 r27 3 3
c0053 r51 3 3
c0980 rB 3 3
c0129 rD 3 3
c0520 rF 3 3
c0088 rG 3 3
c0478 rA 3 3
c0430 rL 3 3
c0203 rDS1 3 3
c0015 rDS2 3 3
c0789 rN 3 3
c0049 rEr1 3 3
c1077 rEr2 3 3
c1064 r25 3 4
c0020 r36 3 4
c0723 r37 3 4
c0489 r38 3 4
c0238 r34 3 4
c0432 r51 3 4
c0455 rB 3 4
c0113 rD 3 4
c0133 rF 3 4
c0221 rG 3 4
c0152 rA 3 4
c1041 rL 3 4
c0812 r50 3 4
c0936 r52 3 4
c0219 rDS1 3 4
c0449 rDS2 3 4
c0191 rN 3 4
c0807 rEr1 3 4
c0062 rEr2 3 4
c0444 r25 4 0
c0849 r36 4 0
c0795 r38 4 0
c0804 r34 4 0
c1072 r27 4 0
c0153 rB 4 0
c0503 rD 4 0
c0115 rF 4 0
c0131 rG 4 0
c0232 rA 4 0
c0019 rL 4 0
c0725 r50 4 0
c0526 r52 4 0
c0195 rDS1 4 0
c0127 rEr1 4 0
c0737 rEr2 4 0
c0178 r25 4 1
c0019 r36 4 1
c0860 r34 4 1
c0530 r51 4 1
c0056 rB 4 1
c0279 rD 4 1
c0998 rF 4 1
c0133 rG 4 1
c0515 rA 4 1
c0746 rL 4 1
c0955 r50 4 1
c0532 r52 4 1
c0897 rDS1 4 1
c0238 rDS2 4 1
c0862 rEr2 4 1
c0162 r25 4 2
c0530 r36 4 2
c0602 r37 4 2
c0504 r38 4 2
c0807 r34 4 2
c0975 r51 4 2
c0115 rB 4 2
c0058 rD 4 2
c0860 rF 4 2
c0936 rG 4 2
c0862 rA 4 2
c1005 rL 4 2
c0213 r50 4 2
c0980 r52 4 2
c0225 rDS1 4 2
c0883 rN 4 2
c0963 rEr1 4 2
c0789 rEr2 4 2
c0526 r25 4 3
c0211 r36 4 3
c0602 r34 4 3
c0860 r27 4 3
c0539 r51 4 3
c0110 rB 4 3
c0746 rD 4 3
c0133 rF 4 3
c0024 rG 4 3
c0074 rA 4 3
c0131 rL 4 3
c0464 r50 4 3
c0232 r52 4 3
c0108 rDS1 4 3
c0412 rN 4 3
c0847 rEr1 4 3
c1064 rEr2 4 3
c1064 r25 4 4
c0822 r36 4 4
c0807 r37 4 4
c0503 r38 4 4
c0983 r27 4 4
c0178 r51 4 4
c0847 rB 4 4
c0496 rD 4 4
c0725 rF 4 4
c0110 rG 4 4
c0225 rA 4 4
c1074 rL 4 4
c0835 r50 4 4
c0127 r52 4 4
c0133 rDS1 4 4
c0423 rDS2 4 4
c0860 rN 4 4
c0074 rEr1 4 4
c0534 rEr2 4 4
