c0118 r25 0 0
c0723 r36 0 0
c0206 r37 0 0
c0056 r38 0 0
c1066 r34 0 0
c0221 r27 0 0
c0746 r51 0 0
c0153 rB 0 0
c0009 rD 0 0
c1064 rF 0 0
c1077 rG 0 0
c0515 rA 0 0
c0412 rL 0 0
c0127 r50 0 0
c0279 r52 0 0
c0432 rDS1 0 0
c0538 rDS2 0 0
c0532 rN 0 0
c0129 rEr1 0 0
c0812 rEr2 0 0
c0983 r25 0 1
c0015 r36 0 1
c0812 r37 0 1
c0955 r38 0 1
c0007 r34 0 1
c0432 r27 0 1
c0489 r51 0 1
c0095 rB 0 1
c0538 rD 0 1
c0069 rF 0 1
c0132 rG 0 1
c0808 rA 0 1
c0110 rL 0 1
c1074 r50 0 1
c0221 r52 0 1
c0512 rDS1 0 1
c0444 rDS2 0 1
c0478 rN 0 1
c0975 rEr1 0 1
c0195 rEr2 0 1
c0444 r25 0 2
c0095 r36 0 2
c0883 r37 0 2
c0515 r38 0 2
c0955 r34 0 2
c0807 r27 0 2
c0110 r51 0 2
c0464 rB 0 2
c1062 rD 0 2
c0504 rF 0 2
c0478 rG 0 2
c0443 rA 0 2
c0849 rL 0 2
c1077 r50 0 2
c0983 r52 0 2
c0532 rDS1 0 2
c0412 rDS2 0 2
c0975 rN 0 2
c1022 rEr1 0 2
c0980 rEr2 0 2
c1065 r25 0 3
c0058 r36 0 3
c0131 r37 0 3
c0443 r38 0 3
c0007 r34 0 3
c0069 r27 0 3
c0897 r51 0 3
c0467 rB 0 3
c0496 rD 0 3
c0191 rF 0 3
c0478 rG 0 3
c0253 rA 0 3
c0113 rL 0 3
c0512 r50 0 3
c0133 r52 0 3
c0049 rDS1 0 3
c0095 rDS2 0 3
c1005 rEr1 0 3
c0813 rEr2 0 3
c0062 r25 0 4
c0464 r36 0 4
c0058 r37 0 4
c0232 r38 0 4
c0118 r27 0 4
c0430 r51 0 4
c0211 rB 0 4
c1072 rD 0 4
c0535 rF 0 4
c0133 rG 0 4
c0504 rA 0 4
c0129 rL 0 4
c1074 r50 0 4
c0024 r52 0 4
c0201 rDS1 0 4
c1065 rDS2 0 4
c0795 rN 0 4
c0808 rEr1 0 4
c0479 rEr2 0 4
c0238 r25 1 0
c0132 r36 1 0
c0804 r37 1 0
c1053 r38 1 0
c0849 r34 1 0
c0152 r27 1 0
c0178 r51 1 0
c0074 rB 1 0
c0257 rD 1 0
c0053 rF 1 0
c0412 rG 1 0
c0221 rA 1 0
c1069 rL 1 0
c0537 r50 1 0
c0822 r52 1 0
c1072 rDS1 1 0
c0835 rDS2 1 0
c0044 rN 1 0
c0430 rEr1 1 0
c0464 rEr2 1 0
c0883 r25 1 1
c0044 r36 1 1
c0106 r37 1 1
c0232 r38 1 1
c0532 r34 1 1
c0983 r27 1 1
c0813 r51 1 1
c0534 rB 1 1
c0980 rD 1 1
c0963 rF 1 1
c0009 rG 1 1
c0072 rA 1 1
c0193 rL 1 1
c0103 r50 1 1
c0539 r52 1 1
c0487 rDS1 1 1
c0789 rDS2 1 1
c0253 rN 1 1
c0742 rEr1 1 1
c0746 rEr2 1 1
c0534 r25 1 2
c0455 r36 1 2
c0980 r37 1 2
c0936 r38 1 2
c0213 r34 1 2
c0489 r27 1 2
c0103 r51 1 2
c0061 rB 1 2
c0835 rD 1 2
c1066 rF 1 2
c0963 rG 1 2
c0449 rA 1 2
c0932 rL 1 2
c0009 r50 1 2
c0257 r52 1 2
c0554 rDS1 1 2
c0127 rDS2 1 2
c0020 rN 1 2
c0860 rEr1 1 2
c0131 rEr2 1 2
c0106 r25 1 3
c0503 r36 1 3
c0822 r37 1 3
c0936 r38 1 3
c1066 r34 1 3
c0467 r27 1 3
c1065 r51 1 3
c0430 rB 1 3
c0897 rD 1 3
c0072 rF 1 3
c0088 rG 1 3
c0213 rA 1 3
c0534 rL 1 3
c0047 r50 1 3
c0110 r52 1 3
c0975 rDS1 1 3
c0883 rDS2 1 3
c1053 rN 1 3
c0023 rEr1 1 3
c0024 rEr2 1 3
c1064 r25 1 4
c0230 r36 1 4
c0862 r37 1 4
c0539 r38 1 4
c0113 r34 1 4
c0794 r27 1 4
c0252 r51 1 4
c0998 rB 1 4
c0127 rD 1 4
c0203 rF 1 4
c0860 rG 1 4
c0238 rA 1 4
c0963 rL 1 4
c1069 r50 1 4
c0225 r52 1 4
c0883 rDS1 1 4
c0955 rDS2 1 4
c0455 rN 1 4
c0428 rEr1 1 4
c0812 rEr2 1 4
c0515 r25 2 0
c0103 r36 2 0
c0487 r37 2 0
c0153 r38 2 0
c0860 r34 2 0
c0195 r27 2 0
c0411 rB 2 0
c0062 rD 2 0
c0230 rF 2 0
c0539 rG 2 0
c0449 r50 2 0
c0983 r52 2 0
c0862 rDS1 2 0
c0975 rDS2 2 0
c1072 rN 2 0
c0053 rEr1 2 0
c0537 rEr2 2 0
c0862 r25 2 1
c0455 r36 2 1
c0725 r37 2 1
c0219 r38 2 1
c0024 r34 2 1
c0487 r27 2 1
c0998 r51 2 1
c0162 rB 2 1
c0088 rD 2 1
c0191 rF 2 1
c0044 rG 2 1
c0195 rA 2 1
c0072 rL 2 1
c1062 r50 2 1
c0554 r52 2 1
c0423 rDS1 2 1
c0047 rDS2 2 1
c0742 rN 2 1
c1022 rEr1 2 1
c0955 rEr2 2 1
c0257 r25 2 2
c0152 r36 2 2
c1022 r37 2 2
c0554 r38 2 2
c0730 r34 2 2
c0020 r27 2 2
c0432 r51 2 2
c0742 rB 2 2
c0496 rD 2 2
c1064 rF 2 2
c0980 rG 2 2
c1062 rA 2 2
c0504 rL 2 2
c0118 r50 2 2
c0206 r52 2 2
c0053 rDS1 2 2
c0023 rN 2 2
c0535 rEr1 2 2
c0862 rEr2 2 2
c1053 r25 2 3
c0015 r36 2 3
c0069 r38 2 3
c1041 r34 2 3
c0862 r51 2 3
c0129 rB 2 3
c0253 rD 2 3
c0047 rF 2 3
c0132 rG 2 3
c0822 rA 2 3
c0023 rL 2 3
c0860 r50 2 3
c0530 r52 2 3
c0062 rDS1 2 3
c0497 rDS2 2 3
c0602 rN 2 3
c0203 rEr1 2 3
c0526 rEr2 2 3
c0980 r25 2 4
c0428 r36 2 4
c0479 r37 2 4
c0113 r38 2 4
c0983 r34 2 4
c0808 r27 2 4
c0503 r51 2 4
c0217 rB 2 4
c0088 rD 2 4
c0512 rF 2 4
c0537 rG 2 4
c0862 rA 2 4
c0162 rL 2 4
c0813 r50 2 4
c0794 r52 2 4
c0955 rDS1 2 4
c0496 rDS2 2 4
c0108 rN 2 4
c0860 rEr1 2 4
c0201 rEr2 2 4
c0191 r25 3 0
c0936 r36 3 0
c0497 r37 3 0
c0211 r38 3 0
c0795 r34 3 0
c0108 r27 3 0
c0530 r51 3 0
c0804 rB 3 0
c0737 rD 3 0
c0520 rF 3 0
c0449 rG 3 0
c0152 rA 3 0
c0088 rL 3 0
c0153 r50 3 0
c0847 r52 3 0
c0178 rDS1 3 0
c0056 rDS2 3 0
c0998 rN 3 0
c0217 rEr1 3 0
c0049 rEr2 3 0
c0193 r25 3 1
c0883 r36 3 1
c0980 r38 3 1
c0211 r34 3 1
c0467 r27 3 1
c0503 r51 3 1
c0088 rB 3 1
c0975 rD 3 1
c0497 rF 3 1
c0730 rG 3 1
c0020 rA 3 1
c0049 rL 3 1
c0106 r52 3 1
c0746 rDS1 3 1
c0428 rDS2 3 1
c0963 rN 3 1
c0526 rEr1 3 1
c1064 rEr2 3 1
c0213 r25 3 2
c0219 r36 3 2
c0730 r37 3 2
c0203 r38 3 2
c0061 r34 3 2
c0835 r27 3 2
c0847 r51 3 2
c0883 rB 3 2
c0807 rD 3 2
c0279 rF 3 2
c0955 rG 3 2
c1064 rA 3 2
c0963 rL 3 2
c0479 r50 3 2
c0932 r52 3 2
c0722 rDS1 3 2
c1005 rDS2 3 2
c0423 rEr2 3 2
c0722 r25 3 3
c0983 r37 3 3
c0725 r38 3 3
c0115 r27 3 3
c0201 r51 3 3
c1041 rD 3 3
c0963 rG 3 3
c1064 rA 3 3
c0061 rL 3 3
c0230 r50 3 3
c0520 r52 3 3
c0108 rDS1 3 3
c0252 rDS2 3 3
c0019 rN 3 3
c0932 rEr1 3 3
c0602 rEr2 3 3
c1074 r25 3 4
c0115 r37 3 4
c0238 r38 3 4
c0795 r34 3 4
c0847 r27 3 4
c1069 r51 3 4
c0133 rD 3 4
c0489 rF 3 4
c0538 rG 3 4
c0007 rA 3 4
c0225 rL 3 4
c0722 r50 3 4
c0423 r52 3 4
c0252 rDS1 3 4
c0804 rDS2 3 4
c1064 rN 3 4
c0725 rEr1 3 4
c0723 r36 4 0
c0737 r34 4 0
c0526 r27 4 0
c0515 rB 4 0
c0963 rD 4 0
c0883 rF 4 0
c0225 rG 4 0
c0015 rA 4 0
c0444 rL 4 0
c0131 r50 4 0
c0056 r52 4 0
c0074 rDS1 4 0
c0862 rDS2 4 0
c0411 rEr1 4 0
c0860 rEr2 4 0
c0860 r25 4 1
c0794 r36 4 1
c1077 r37 4 1
c0980 r38 4 1
c0983 r27 4 1
c0975 r51 4 1
c0058 rB 4 1
c0955 rF 4 1
c0443 rG 4 1
c0279 rA 4 1
c0074 rL 4 1
c0178 r52 4 1
c0217 rN 4 1
c0807 rEr1 4 1
c0193 rEr2 4 1
c0411 r25 4 2
c0219 r37 4 2
c0737 r51 4 2
c0019 rB 4 2
c0530 rD 4 2
c0789 rG 4 2
c1005 r50 4 2
c0162 r52 4 2
c0206 rDS1 4 2
c0975 rDS2 4 2
c0133 rN 4 2
c0723 rEr1 4 2
c0789 r25 4 3
c0115 r36 4 3
c0019 r38 4 3
c0849 r34 4 3
c0232 r27 4 3
c0520 rF 4 3
c0133 rL 4 3
c0602 r52 4 3
c0897 rDS2 4 3
c0535 rEr1 4 3
c1041 rB 4 4
