c0412 r36 0 0
c0835 r38 0 0
c0432 r27 0 0
c1066 r51 0 0
c0746 rB 0 0
c0132 rD 0 0
c0113 rF 0 0
c0009 rG 0 0
c0221 rA 0 0
c0279 rL 0 0
c1005 r50 0 0
c0849 rDS1 0 0
c0983 rDS2 0 0
c0238 rN 0 0
c0955 rEr1 0 0
c0118 r25 0 1
c0497 r36 0 1
c0127 r37 0 1
c0860 r34 0 1
c0813 r27 0 1
c0056 rB 0 1
c0131 rD 0 1
c0897 rF 0 1
c0520 rG 0 1
c0496 rA 0 1
c0133 rL 0 1
c0512 r50 0 1
c0162 r52 0 1
c0088 rDS1 0 1
c0007 rDS2 0 1
c0822 rN 0 1
c0061 rEr1 0 1
c0467 rEr2 0 1
c0206 r36 0 2
c1022 r38 0 2
c0496 r34 0 2
c0411 r27 0 2
c0807 r51 0 2
c0515 rB 0 2
c0722 rD 0 2
c1062 rF 0 2
c0221 rG 0 2
c0520 rA 0 2
c0191 rL 0 2
c0963 r50 0 2
c0053 r52 0 2
c0428 rDS1 0 2
c0860 rDS2 0 2
c0883 rN 0 2
c0955 rEr1 0 2
c0061 rEr2 0 2
c0007 r25 0 3
c0449 r36 0 3
c0737 r37 0 3
c1064 r34 0 3
c0602 r27 0 3
c0532 r51 0 3
c0725 rB 0 3
c0932 rD 0 3
c0115 rF 0 3
c0132 rG 0 3
c0110 rA 0 3
c0808 rL 0 3
c0975 r50 0 3
c0537 r52 0 3
c0049 rDS1 0 3
c0015 rN 0 3
c0428 rEr2 0 3
c0118 r25 0 4
c0804 r36 0 4
c0497 r37 0 4
c0602 r38 0 4
c1074 r34 0 4
c1077 r27 0 4
c0849 r51 0 4
c0203 rB 0 4
c0489 rD 0 4
c0193 rF 0 4
c0520 rG 0 4
c0103 rA 0 4
c0069 rL 0 4
c0975 r50 0 4
c0009 r52 0 4
c0062 rDS1 0 4
c0980 rDS2 0 4
c0530 rN 0 4
c0108 rEr1 0 4
c0432 rEr2 0 4
c0213 r25 1 0
c0812 r36 1 0
c0044 r38 1 0
c0742 r27 1 0
c0106 rB 1 0
c0131 rD 1 0
c0203 rF 1 0
c0478 rG 1 0
c0047 rA 1 0
c0219 rL 1 0
c0464 r50 1 0
c0980 r52 1 0
c0932 rDS1 1 0
c0423 rDS2 1 0
c0849 rEr2 1 0
c0860 r25 1 1
c0195 r37 1 1
c0074 r38 1 1
c0742 r34 1 1
c0813 r27 1 1
c0015 r51 1 1
c0203 rB 1 1
c0252 rD 1 1
c0106 rF 1 1
c0133 rG 1 1
c0487 rA 1 1
c0430 rL 1 1
c0526 r52 1 1
c0722 rDS1 1 1
c0538 rDS2 1 1
c0464 rEr2 1 1
c0807 r25 1 2
c1069 r37 1 2
c1062 r38 1 2
c1064 r51 1 2
c0152 rB 1 2
c0044 rD 1 2
c0746 rF 1 2
c0072 rG 1 2
c0515 rA 1 2
c0110 rL 1 2
c0095 r50 1 2
c0024 r52 1 2
c0602 rDS1 1 2
c0423 rDS2 1 2
c0487 rEr1 1 2
c0963 rEr2 1 2
c0127 r25 1 3
c0535 r36 1 3
c1065 r37 1 3
c0232 r34 1 3
c0178 r27 1 3
c0479 r51 1 3
c0061 rB 1 3
c1041 rD 1 3
c0257 rF 1 3
c0103 rG 1 3
c0153 rA 1 3
c0193 rL 1 3
c0730 r50 1 3
c0213 r52 1 3
c0835 rDS1 1 3
c0808 rN 1 3
c0020 rEr1 1 3
c0455 rEr2 1 3
c0211 r25 1 4
c1066 r37 1 4
c0526 r38 1 4
c0162 r27 1 4
c0554 r51 1 4
c0479 rB 1 4
c0023 rD 1 4
c0152 rF 1 4
c0201 rG 1 4
c0730 rA 1 4
c0088 rL 1 4
c0503 r50 1 4
c0095 r52 1 4
c0191 rDS1 1 4
c0883 rDS2 1 4
c1064 rN 1 4
c0725 rEr1 1 4
c0795 rEr2 1 4
c0503 r25 2 0
c0537 r36 2 0
c0213 r37 2 0
c0883 r38 2 0
c1022 r34 2 0
c0980 r27 2 0
c0464 rB 2 0
c0430 rD 2 0
c0088 rF 2 0
c0963 rG 2 0
c1053 rA 2 0
c0129 rL 2 0
c0862 r52 2 0
c0515 rDS1 2 0
c0812 rDS2 2 0
c0049 rEr1 2 0
c1064 rEr2 2 0
c1074 r25 2 1
c0723 r37 2 1
c1077 r38 2 1
c0020 r34 2 1
c0983 r27 2 1
c0980 r51 2 1
c0449 rB 2 1
c0110 rD 2 1
c0047 rF 2 1
c0230 rG 2 1
c0496 rA 2 1
c0056 rL 2 1
c0467 r50 2 1
c0883 r52 2 1
c0221 rDS1 2 1
c0862 rN 2 1
c0963 rEr1 2 1
c0534 rEr2 2 1
c0504 r25 2 2
c0955 r37 2 2
c1053 r27 2 2
c1022 r51 2 2
c0069 rB 2 2
c0257 rD 2 2
c0538 rF 2 2
c0009 rG 2 2
c0478 rA 2 2
c0936 rL 2 2
c0412 r50 2 2
c0963 r52 2 2
c0225 rDS1 2 2
c1072 rDS2 2 2
c0812 rEr2 2 2
c0860 r25 2 3
c0095 r36 2 3
c1053 r38 2 3
c0975 r34 2 3
c0847 r27 2 3
c0053 r51 2 3
c0106 rB 2 3
c0088 rD 2 3
c0023 rF 2 3
c0512 rG 2 3
c0103 rA 2 3
c0062 rL 2 3
c0206 r50 2 3
c0883 r52 2 3
c0191 rDS1 2 3
c0024 rDS2 2 3
c0444 rN 2 3
c0794 rEr1 2 3
c0478 rEr2 2 3
c1065 r25 2 4
c0178 r36 2 4
c0538 r37 2 4
c0504 r38 2 4
c0449 r34 2 4
c0535 r27 2 4
c1072 r51 2 4
c0047 rB 2 4
c0129 rD 2 4
c0132 rF 2 4
c0072 rG 2 4
c0088 rA 2 4
c0230 rL 2 4
c0024 r52 2 4
c0998 rDS1 2 4
c0835 rN 2 4
c1069 rEr1 2 4
c0127 rEr2 2 4
c0211 r36 3 0
c0862 r37 3 0
c0503 r34 3 0
c0497 r27 3 0
c0193 rB 3 0
c0115 rD 3 0
c0069 rF 3 0
c0253 rG 3 0
c0980 rA 3 0
c0230 rL 3 0
c0883 r50 3 0
c0983 r52 3 0
c0411 rDS1 3 0
c1062 rDS2 3 0
c0539 rN 3 0
c0963 rEr1 3 0
c0742 rEr2 3 0
c0539 r25 3 1
c0195 r36 3 1
c0808 r37 3 1
c1065 r38 3 1
c0444 r34 3 1
c0534 r27 3 1
c0532 r51 3 1
c0252 rB 3 1
c0411 rD 3 1
c0515 rF 3 1
c0072 rG 3 1
c0131 rA 3 1
c0217 rL 3 1
c0044 r50 3 1
c0019 r52 3 1
c0722 rDS1 3 1
c0074 rDS2 3 1
c0883 rN 3 1
c0980 rEr1 3 1
c0975 r25 3 2
c0737 r36 3 2
c0860 r37 3 2
c0955 r38 3 2
c0554 r34 3 2
c0444 r27 3 2
c0053 r51 3 2
c0253 rB 3 2
c0998 rD 3 2
c0252 rF 3 2
c0455 rG 3 2
c0936 rA 3 2
c0217 rL 3 2
c0504 r50 3 2
c0537 r52 3 2
c1072 rDS1 3 2
c0530 rN 3 2
c0795 rEr1 3 2
c0730 r36 3 3
c0178 r37 3 3
c0479 r38 3 3
c0862 r51 3 3
c0253 rB 3 3
c0998 rD 3 3
c0113 rF 3 3
c0232 rG 3 3
c0152 rA 3 3
c0257 rL 3 3
c0062 r50 3 3
c1074 r52 3 3
c0725 rDS1 3 3
c0897 rDS2 3 3
c0554 rN 3 3
c0822 rEr1 3 3
c0860 rEr2 3 3
c0955 r36 3 4
c0794 r37 3 4
c0789 r38 3 4
c0443 r34 3 4
c0804 r27 3 4
c1005 r51 3 4
c0225 rB 3 4
c0113 rD 3 4
c0023 rF 3 4
c0115 rG 3 4
c0201 rA 3 4
c1041 rL 3 4
c0015 r50 3 4
c0428 r52 3 4
c0133 rDS1 3 4
c0049 rDS2 3 4
c0238 rEr1 3 4
c0489 rEr2 3 4
c0737 r25 4 0
c0238 r38 4 0
c1064 r34 4 0
c1069 r27 4 0
c0847 r51 4 0
c0133 rB 4 0
c0795 rD 4 0
c0539 rF 4 0
c0201 rG 4 0
c0232 rA 4 0
c0129 rL 4 0
c0019 r52 4 0
c0219 rDS1 4 0
c0195 rDS2 4 0
c0118 rEr1 4 0
c1077 rEr2 4 0
c1064 r25 4 1
c0467 r36 4 1
c0862 r37 4 1
c0206 r38 4 1
c1066 r34 4 1
c0020 r27 4 1
c0897 r51 4 1
c0487 rB 4 1
c0133 rD 4 1
c0430 rF 4 1
c0936 rG 4 1
c0932 rA 4 1
c0056 rL 4 1
c1005 r50 4 1
c0983 r52 4 1
c0058 rDS1 4 1
c0813 rDS2 4 1
c0975 rN 4 1
c0074 rEr1 4 1
c0955 rEr2 4 1
c0007 r36 4 2
c0530 r37 4 2
c0975 r38 4 2
c0526 r27 4 2
c0963 r51 4 2
c0279 rB 4 2
c0108 rD 4 2
c0723 rF 4 2
c0225 rG 4 2
c0423 rA 4 2
c0443 rL 4 2
c0489 r50 4 2
c0862 r52 4 2
c0058 rDS1 4 2
c0980 rDS2 4 2
c0983 rEr1 4 2
c0807 rEr2 4 2
c0822 r25 4 3
c0794 r36 4 3
c0804 r38 4 3
c0789 r34 4 3
c0723 r27 4 3
c0535 r51 4 3
c0862 rB 4 3
c0153 rD 4 3
c0219 rF 4 3
c1041 rG 4 3
c0279 rA 4 3
c0746 rL 4 3
c0443 r50 4 3
c0412 rDS1 4 3
c0019 rDS2 4 3
c1064 rEr1 4 3
c0983 rEr2 4 3
c0789 r36 4 4
c0860 r37 4 4
c0162 r38 4 4
c0983 r34 4 4
c0211 r27 4 4
c0534 rB 4 4
c0847 rD 4 4
c0217 rF 4 4
c0955 rG 4 4
c0153 rA 4 4
c0058 rL 4 4
c0975 r50 4 4
c0432 r52 4 4
c0108 rDS1 4 4
c0532 rDS2 4 4
c0512 rEr1 4 4
c0455 rEr2 4 4
