c0467 r25 0 0
c0849 r36 0 0
c0444 r34 0 0
c0723 r51 0 0
c0095 rB 0 0
c0056 rD 0 0
c0132 rF 0 0
c0217 rG 0 0
c0520 rA 0 0
c0725 rL 0 0
c0804 r50 0 0
c0812 r52 0 0
c0103 rDS1 0 0
c1069 rEr1 0 0
c0232 rEr2 0 0
c0423 r25 0 1
c0178 r36 0 1
c0849 r38 0 1
c0238 r34 0 1
c0883 r27 0 1
c0980 r51 0 1
c0279 rB 0 1
c0963 rD 0 1
c0812 rF 0 1
c0520 rG 0 1
c0056 rA 0 1
c0058 rL 0 1
c0061 r50 0 1
c0162 r52 0 1
c0932 rDS1 0 1
c0007 rN 0 1
c0512 rEr1 0 1
c0794 rEr2 0 1
c0496 r36 0 2
c1077 r38 0 2
c0020 rB 0 2
c0975 rD 0 2
c0980 rF 0 2
c0515 rG 0 2
c0053 rA 0 2
c0110 rL 0 2
c0554 r50 0 2
c0118 r52 0 2
c0009 rDS1 0 2
c0812 rDS2 0 2
c0963 rEr1 0 2
c0062 rEr2 0 2
c0044 r36 0 3
c0822 r37 0 3
c0108 r38 0 3
c0232 r27 0 3
c0203 r51 0 3
c0252 rB 0 3
c0053 rD 0 3
c0015 rF 0 3
c0106 rG 0 3
c0129 rA 0 3
c0113 rL 0 3
c0430 r50 0 3
c0980 r52 0 3
c1022 rDS1 0 3
c1069 rDS2 0 3
c1064 rN 0 3
c0024 r25 0 4
c0860 r36 0 4
c0162 r38 0 4
c0095 r34 0 4
c0539 r27 0 4
c1064 r51 0 4
c0897 rB 0 4
c0133 rD 0 4
c0129 rF 0 4
c0411 rG 0 4
c0201 rA 0 4
c0113 rL 0 4
c0428 r50 0 4
c0742 r52 0 4
c0191 rDS1 0 4
c0538 rDS2 0 4
c0206 rN 0 4
c0794 rEr1 0 4
c1069 rEr2 0 4
c0742 r37 1 0
c0489 r38 1 0
c0532 r34 1 0
c0478 r27 1 0
c0794 r51 1 0
c0047 rB 1 0
c0515 rD 1 0
c0152 rF 1 0
c0538 rG 1 0
c0219 rA 1 0
c0132 rL 1 0
c0044 r50 1 0
c1077 r52 1 0
c0221 rDS1 1 0
c0238 rDS2 1 0
c0095 rEr1 1 0
c0430 rEr2 1 0
c1053 r37 1 1
c0213 r34 1 1
c0449 r27 1 1
c0503 r51 1 1
c1072 rB 1 1
c0132 rD 1 1
c0088 rF 1 1
c0115 rG 1 1
c0252 rA 1 1
c0072 rL 1 1
c0975 r52 1 1
c0535 rDS1 1 1
c0955 rDS2 1 1
c1022 rN 1 1
c0813 rEr1 1 1
c0024 rEr2 1 1
c0554 r25 1 2
c1053 r36 1 2
c0449 r38 1 2
c0535 r34 1 2
c1062 r51 1 2
c0044 rB 1 2
c0072 rD 1 2
c0019 rF 1 2
c0746 rG 1 2
c0998 rA 1 2
c0193 rL 1 2
c0980 r50 1 2
c0983 r52 1 2
c0722 rDS1 1 2
c0602 rDS2 1 2
c0537 rN 1 2
c0963 rEr1 1 2
c1065 rEr2 1 2
c0975 r36 1 3
c0007 r37 1 3
c1064 r38 1 3
c0412 r34 1 3
c0464 r51 1 3
c0795 rB 1 3
c0253 rD 1 3
c0980 rF 1 3
c0257 rG 1 3
c0061 rA 1 3
c0193 rL 1 3
c0983 r50 1 3
c0537 r52 1 3
c0444 rDS1 1 3
c1066 rN 1 3
c0455 rEr1 1 3
c1053 rEr2 1 3
c1066 r25 1 4
c0238 r36 1 4
c0412 r37 1 4
c0443 r34 1 4
c0020 r27 1 4
c0883 r51 1 4
c0998 rB 1 4
c0746 rD 1 4
c0737 rF 1 4
c0253 rG 1 4
c0963 rA 1 4
c0023 rL 1 4
c0860 r50 1 4
c1064 r52 1 4
c0203 rDS1 1 4
c0862 rDS2 1 4
c0742 rEr1 1 4
c0602 rEr2 1 4
c0955 r25 2 0
c0883 r37 2 0
c0534 r34 2 0
c0963 r27 2 0
c0808 r51 2 0
c0069 rB 2 0
c0047 rD 2 0
c0232 rF 2 0
c0191 rG 2 0
c0980 rA 2 0
c0103 rL 2 0
c0725 r50 2 0
c0062 r52 2 0
c0998 rDS1 2 0
c0862 rDS2 2 0
c0195 rN 2 0
c0467 rEr1 2 0
c0479 rEr2 2 0
c0813 r36 2 1
c0860 r37 2 1
c0955 r38 2 1
c0118 r34 2 1
c1022 r27 2 1
c0088 rB 2 1
c0110 rD 2 1
c0487 rF 2 1
c0023 rG 2 1
c0515 rA 2 1
c0049 rL 2 1
c0983 r50 2 1
c0847 r52 2 1
c0455 rDS1 2 1
c0195 rDS2 2 1
c0428 rN 2 1
c0883 rEr1 2 1
c0532 rEr2 2 1
c0807 r25 2 2
c0118 r36 2 2
c0504 r37 2 2
c0534 r38 2 2
c0127 r34 2 2
c0479 r27 2 2
c0722 rB 2 2
c0897 rD 2 2
c0225 rF 2 2
c0152 rG 2 2
c0512 rA 2 2
c0201 rL 2 2
c0062 r50 2 2
c1077 r52 2 2
c0047 rDS1 2 2
c0883 rDS2 2 2
c0526 rN 2 2
c0432 rEr1 2 2
c0537 r25 2 3
c0211 r36 2 3
c1062 r38 2 3
c0423 r34 2 3
c0061 r27 2 3
c0963 r51 2 3
c0088 rB 2 3
c0257 rD 2 3
c0129 rF 2 3
c0069 rG 2 3
c0725 rA 2 3
c0219 rL 2 3
c0980 r50 2 3
c0862 r52 2 3
c0455 rDS1 2 3
c0191 rDS2 2 3
c0813 rN 2 3
c0487 rEr1 2 3
c1064 rEr2 2 3
c0883 r25 2 4
c1064 r36 2 4
c0730 r37 2 4
c0835 r38 2 4
c0860 r34 2 4
c0554 r27 2 4
c0423 r51 2 4
c0106 rB 2 4
c1041 rD 2 4
c0230 rF 2 4
c0113 rG 2 4
c0496 rA 2 4
c0512 rL 2 4
c1005 r50 2 4
c0983 r52 2 4
c0088 rDS1 2 4
c0862 rDS2 2 4
c0808 rN 2 4
c0975 rEr2 2 4
c0539 r25 3 0
c0860 r36 3 0
c0862 r38 3 0
c0211 r34 3 0
c0464 r51 3 0
c0835 rB 3 0
c0153 rD 3 0
c0023 rF 3 0
c0193 rG 3 0
c0534 rA 3 0
c0088 rL 3 0
c0203 r50 3 0
c0487 rDS1 3 0
c0479 rDS2 3 0
c0822 rN 3 0
c0955 rEr1 3 0
c0430 rEr2 3 0
c0015 r25 3 1
c0496 r36 3 1
c0503 r37 3 1
c0497 r38 3 1
c0009 r34 3 1
c0789 r27 3 1
c0115 rB 3 1
c0201 rD 3 1
c0411 rF 3 1
c0152 rG 3 1
c0049 rA 3 1
c0520 rL 3 1
c1072 r50 3 1
c0860 r52 3 1
c0253 rDS1 3 1
c0730 rDS2 3 1
c0530 rN 3 1
c0539 rEr1 3 1
c0883 rEr2 3 1
c0795 r25 3 2
c0443 r36 3 2
c0162 r37 3 2
c0108 r38 3 2
c0737 r34 3 2
c0053 r27 3 2
c0074 r51 3 2
c0217 rB 3 2
c0115 rD 3 2
c0847 rF 3 2
c0019 rG 3 2
c0103 rA 3 2
c0257 rL 3 2
c0822 r50 3 2
c0860 r52 3 2
c0503 rDS1 3 2
c0975 rN 3 2
c0936 rEr1 3 2
c0963 rEr2 3 2
c0020 r25 3 3
c0936 r36 3 3
c0504 r37 3 3
c0808 r38 3 3
c0432 r34 3 3
c1065 r27 3 3
c0795 r51 3 3
c0049 rB 3 3
c0131 rD 3 3
c0069 rF 3 3
c0478 rG 3 3
c0252 rA 3 3
c1005 rL 3 3
c0178 r50 3 3
c0221 rDS1 3 3
c1062 rDS2 3 3
c0213 rN 3 3
c1074 rEr1 3 3
c0804 r25 3 4
c0955 r36 3 4
c0497 r37 3 4
c0213 r38 3 4
c0206 r34 3 4
c0730 r27 3 4
c0983 r51 3 4
c0153 rB 3 4
c1065 rD 3 4
c0072 rF 3 4
c0230 rG 3 4
c1041 rA 3 4
c0449 rL 3 4
c0024 r50 3 4
c0504 r52 3 4
c0411 rDS1 3 4
c0467 rN 3 4
c0723 rEr1 3 4
c0412 r25 4 0
c0804 r38 4 0
c0127 r34 4 0
c0211 r27 4 0
c0936 r51 4 0
c0746 rB 4 0
c0131 rD 4 0
c0835 rF 4 0
c0230 rG 4 0
c0195 rA 4 0
c0153 rL 4 0
c0737 r50 4 0
c1072 r52 4 0
c0225 rDS1 4 0
c0789 rDS2 4 0
c0532 rEr2 4 0
c0443 r36 4 1
c0178 r37 4 1
c0009 r38 4 1
c0015 r34 4 1
c0602 r27 4 1
c0515 rB 4 1
c0133 rD 4 1
c0464 rF 4 1
c1005 rG 4 1
c0221 rA 4 1
c0056 rL 4 1
c0849 r50 4 1
c0975 r52 4 1
c0847 rDS1 4 1
c0497 rDS2 4 1
c0444 rN 4 1
c1074 rEr1 4 1
c0074 rEr2 4 1
c0807 r25 4 2
c0206 r36 4 2
c0489 r37 4 2
c0955 r38 4 2
c0428 r27 4 2
c0526 r51 4 2
c0110 rB 4 2
c0108 rD 4 2
c0217 rF 4 2
c0133 rG 4 2
c0279 rA 4 2
c0975 rL 4 2
c1066 r50 4 2
c0983 r52 4 2
c0932 rDS1 4 2
c0535 rDS2 4 2
c0127 r25 4 3
c0723 r37 4 3
c0807 r27 4 3
c0789 r51 4 3
c0131 rB 4 3
c1041 rD 4 3
c0279 rF 4 3
c0058 rG 4 3
c0133 rA 4 3
c0219 rL 4 3
c0862 r52 4 3
c0932 rDS1 4 3
c1064 rN 4 3
c0530 rEr1 4 3
c0074 rEr2 4 3
c0526 r36 4 4
c0862 r37 4 4
c0007 r38 4 4
c0019 r34 4 4
c0478 r27 4 4
c0897 r51 4 4
c0722 rB 4 4
c0058 rD 4 4
c0530 rF 4 4
c0106 rG 4 4
c0955 rA 4 4
c0133 rL 4 4
c0432 r50 4 4
c0538 r52 4 4
c0225 rDS1 4 4
c1074 rN 4 4
c0489 rEr1 4 4
c0983 rEr2 4 4
