c0723 r36 0 0
c0860 r38 0 0
c0530 r34 0 0
c0432 r51 0 0
c0225 rB 0 0
c0520 rD 0 0
c0132 rF 0 0
c0009 rG 0 0
c0467 rA 0 0
c1077 rL 0 0
c0074 r50 0 0
c0955 r52 0 0
c0195 rDS1 0 0
c0053 rDS2 0 0
c0108 rEr1 0 0
c0211 rEr2 0 0
c0162 r36 0 1
c0813 r38 0 1
c0496 r34 0 1
c0095 r51 0 1
c0131 rB 0 1
c0088 rD 0 1
c0153 rF 0 1
c0074 rG 0 1
c0069 rA 0 1
c0520 rL 0 1
c0503 r50 0 1
c0822 r52 0 1
c0219 rDS1 0 1
c0238 rDS2 0 1
c0467 rEr1 0 1
c0849 rEr2 0 1
c0535 r25 0 2
c0807 r36 0 2
c0538 r37 0 2
c0443 r34 0 2
c0835 r27 0 2
c0127 r51 0 2
c0129 rB 0 2
c0103 rD 0 2
c0526 rF 0 2
c0193 rG 0 2
c0746 rA 0 2
c0980 rL 0 2
c0062 r50 0 2
c0963 r52 0 2
c0225 rDS1 0 2
c0009 rDS2 0 2
c0444 rN 0 2
c0883 rEr2 0 2
c0975 r36 0 3
c0412 r38 0 3
c0232 r34 0 3
c0725 r51 0 3
c0153 rB 0 3
c0812 rD 0 3
c0253 rF 0 3
c0520 rG 0 3
c0479 rA 0 3
c1041 rL 0 3
c0455 r50 0 3
c0504 r52 0 3
c0062 rDS1 0 3
c0015 rDS2 0 3
c0007 rEr2 0 3
c0497 r25 0 4
c0206 r36 0 4
c0539 r37 0 4
c0737 r38 0 4
c0118 r27 0 4
c0095 r51 0 4
c1041 rB 0 4
c0113 rD 0 4
c0069 rF 0 4
c0129 rG 0 4
c0153 rA 0 4
c0201 rL 0 4
c0794 r50 0 4
c0061 r52 0 4
c0932 rDS1 0 4
c0849 rN 0 4
c0936 r37 1 0
c0211 r34 1 0
c0789 r27 1 0
c0497 r51 1 0
c0056 rB 1 0
c0152 rD 1 0
c0133 rF 1 0
c0217 rG 1 0
c0257 rA 1 0
c0423 rL 1 0
c0822 r52 1 0
c0932 rDS1 1 0
c1072 rDS2 1 0
c0489 rN 1 0
c0108 rEr1 1 0
c0537 rEr2 1 0
c1053 r25 1 1
c1064 r36 1 1
c0537 r38 1 1
c0955 r34 1 1
c0428 r27 1 1
c0975 r51 1 1
c1072 rB 1 1
c0193 rD 1 1
c0132 rF 1 1
c0217 rG 1 1
c0088 rA 1 1
c0115 rL 1 1
c0464 r50 1 1
c0983 r52 1 1
c0602 rDS1 1 1
c0024 rDS2 1 1
c0539 rN 1 1
c0444 rEr1 1 1
c0526 rEr2 1 1
c0020 r25 1 2
c0213 r36 1 2
c0127 r34 1 2
c0061 r27 1 2
c0423 r51 1 2
c0795 rB 1 2
c0131 rD 1 2
c0515 rF 1 2
c0219 rG 1 2
c0279 rA 1 2
c1005 rL 1 2
c0206 r52 1 2
c0479 rDS1 1 2
c1062 rDS2 1 2
c1064 rN 1 2
c0804 rEr2 1 2
c0955 r25 1 3
c0554 r36 1 3
c0883 r37 1 3
c0467 r38 1 3
c0804 r34 1 3
c0512 r51 1 3
c0737 rB 1 3
c0058 rD 1 3
c0088 rF 1 3
c0847 rG 1 3
c0106 rA 1 3
c0230 rL 1 3
c0020 r50 1 3
c0503 rDS1 1 3
c0534 rDS2 1 3
c0449 rN 1 3
c0789 rEr1 1 3
c0963 rEr2 1 3
c0015 r25 1 4
c0504 r36 1 4
c0044 r37 1 4
c0936 r38 1 4
c1053 r34 1 4
c0812 r27 1 4
c0110 rB 1 4
c0072 rD 1 4
c0963 rF 1 4
c0047 rG 1 4
c0232 rA 1 4
c1065 rL 1 4
c0794 r50 1 4
c0211 r52 1 4
c0998 rDS1 1 4
c0983 rDS2 1 4
c1074 rN 1 4
c0980 rEr2 1 4
c0955 r25 2 0
c0532 r36 2 0
c0449 r38 2 0
c0535 r27 2 0
c0835 r51 2 0
c0132 rB 2 0
c0230 rD 2 0
c0072 rF 2 0
c0487 rG 2 0
c0515 rA 2 0
c0053 rL 2 0
c0232 r50 2 0
c0195 r52 2 0
c0103 rDS1 2 0
c1072 rDS2 2 0
c0860 rN 2 0
c0804 rEr1 2 0
c0723 rEr2 2 0
c1062 r36 2 1
c1065 r37 2 1
c0044 r38 2 1
c1053 r34 2 1
c0963 r27 2 1
c0883 r51 2 1
c0257 rB 2 1
c0253 rD 2 1
c0725 rF 2 1
c0058 rG 2 1
c0230 rA 2 1
c0061 rL 2 1
c1077 r52 2 1
c0191 rDS1 2 1
c0478 rDS2 2 1
c0808 rN 2 1
c0723 rEr1 2 1
c0983 rEr2 2 1
c0862 r25 2 2
c0095 r36 2 2
c0206 r38 2 2
c0936 r34 2 2
c0203 r51 2 2
c0411 rB 2 2
c0279 rD 2 2
c0113 rF 2 2
c0069 rG 2 2
c0489 rA 2 2
c0253 rL 2 2
c0020 r50 2 2
c0983 r52 2 2
c0998 rDS1 2 2
c0534 rDS2 2 2
c1064 rN 2 2
c0497 rEr1 2 2
c0062 rEr2 2 2
c0178 r25 2 3
c0860 r36 2 3
c0730 r37 2 3
c0862 r34 2 3
c0213 r27 2 3
c0807 r51 2 3
c0411 rB 2 3
c1005 rD 2 3
c1066 rF 2 3
c0129 rG 2 3
c0279 rA 2 3
c0746 rL 2 3
c0897 r50 2 3
c0742 r52 2 3
c0430 rDS1 2 3
c0479 rDS2 2 3
c0539 rEr1 2 3
c0019 rEr2 2 3
c0191 r25 2 4
c0730 r36 2 4
c0813 r37 2 4
c0503 r38 2 4
c0860 r34 2 4
c0496 r27 2 4
c0053 r51 2 4
c0808 rB 2 4
c0257 rD 2 4
c0217 rF 2 4
c0449 rG 2 4
c0152 rA 2 4
c0225 rL 2 4
c0049 r50 2 4
c0213 r52 2 4
c0963 rDS1 2 4
c0847 rDS2 2 4
c0530 rN 2 4
c1074 rEr1 2 4
c1022 rEr2 2 4
c0487 r25 3 0
c0428 r36 3 0
c1022 r38 3 0
c1077 r27 3 0
c0455 r51 3 0
c0152 rB 3 0
c0023 rD 3 0
c0133 rF 3 0
c0411 rG 3 0
c0746 rA 3 0
c0512 rL 3 0
c0862 r50 3 0
c0534 r52 3 0
c0221 rDS1 3 0
c0742 rDS2 3 0
c0808 rN 3 0
c0118 rEr1 3 0
c0532 rEr2 3 0
c0975 r25 3 1
c0807 r37 3 1
c1064 r38 3 1
c0024 r34 3 1
c0464 r51 3 1
c0515 rB 3 1
c0430 rD 3 1
c0056 rF 3 1
c0088 rG 3 1
c0023 rA 3 1
c0252 rL 3 1
c0897 r50 3 1
c0883 r52 3 1
c0812 rDS1 3 1
c0238 rDS2 3 1
c0118 rEr1 3 1
c1064 r25 3 2
c1066 r37 3 2
c1022 r38 3 2
c0530 r27 3 2
c0980 r51 3 2
c0049 rB 3 2
c0191 rD 3 2
c0221 rF 3 2
c0478 rG 3 2
c0106 rA 3 2
c0047 rL 3 2
c0203 r50 3 2
c0983 r52 3 2
c0103 rDS1 3 2
c0862 rDS2 3 2
c0009 rN 3 2
c0883 rEr1 3 2
c0955 rEr2 3 2
c0178 r36 3 3
c0975 r37 3 3
c0443 r38 3 3
c0554 r34 3 3
c0487 r27 3 3
c0835 r51 3 3
c0252 rB 3 3
c0203 rD 3 3
c0106 rF 3 3
c0044 rG 3 3
c0023 rA 3 3
c0113 rL 3 3
c0512 r50 3 3
c0538 rDS1 3 3
c0980 rDS2 3 3
c0049 rEr1 3 3
c0412 rEr2 3 3
c0127 r25 3 4
c0238 r36 3 4
c0504 r37 3 4
c0444 r38 3 4
c0554 r27 3 4
c0532 r51 3 4
c0133 rB 3 4
c1041 rD 3 4
c0795 rF 3 4
c0072 rG 3 4
c1065 rA 3 4
c0432 rL 3 4
c0975 r50 3 4
c0537 r52 3 4
c0219 rDS1 3 4
c1074 rDS2 3 4
c1069 rN 3 4
c0019 rEr1 3 4
c0496 rEr2 3 4
c0822 r25 4 0
c0412 r36 4 0
c0862 r37 4 0
c0795 r34 4 0
c0742 r27 4 0
c0423 r51 4 0
c0221 rB 4 0
c0056 rD 4 0
c0115 rF 4 0
c0515 rG 4 0
c1066 rA 4 0
c0110 rL 4 0
c1064 r50 4 0
c0980 r52 4 0
c1069 rDS1 4 0
c0730 rDS2 4 0
c0955 rEr1 4 0
c0883 rEr2 4 0
c0538 r25 4 1
c0737 r36 4 1
c0007 r37 4 1
c0162 r38 4 1
c0860 r34 4 1
c0602 r27 4 1
c0024 r51 4 1
c0047 rB 4 1
c0980 rD 4 1
c0131 rF 4 1
c0088 rG 4 1
c0110 rA 4 1
c0998 rL 4 1
c0963 r52 4 1
c0430 rDS1 4 1
c0195 rDS2 4 1
c0862 rN 4 1
c0526 r36 4 2
c0602 r37 4 2
c1069 r27 4 2
c0443 r51 4 2
c0464 rB 4 2
c0019 rD 4 2
c0428 rF 4 2
c0252 rG 4 2
c0133 rA 4 2
c0115 rL 4 2
c0975 r50 4 2
c0847 r52 4 2
c0722 rDS1 4 2
c1064 rDS2 4 2
c0007 rN 4 2
c0860 rEr1 4 2
c0162 rEr2 4 2
c0794 r36 4 3
c0535 r38 4 3
c0178 r34 4 3
c0455 r27 4 3
c0108 r51 4 3
c0133 rB 4 3
c0932 rD 4 3
c0193 rF 4 3
c0074 rG 4 3
c0201 rA 4 3
c0897 rL 4 3
c0983 r50 4 3
c0722 rDS1 4 3
c0849 rN 4 3
c0489 rEr2 4 3
c0015 r25 4 4
c0955 r37 4 4
c1062 r38 4 4
c0432 r34 4 4
c0983 r27 4 4
c0725 r51 4 4
c1005 rB 4 4
c0975 rD 4 4
c0980 rF 4 4
c0058 rG 4 4
c0201 rA 4 4
c0883 rL 4 4
c0478 r50 4 4
c0963 r52 4 4
c0722 rDS1 4 4
c0860 rDS2 4 4
c0813 rN 4 4
c0789 rEr1 4 4
c0862 rEr2 4 4
