c0497 r25 0 0
c0849 r37 0 0
c0955 r38 0 0
c0238 r27 0 0
c0432 r51 0 0
c0132 rB 0 0
c0219 rD 0 0
c1005 rF 0 0
c0201 rG 0 0
c0193 rA 0 0
c0009 rL 0 0
c0444 r50 0 0
c0804 r52 0 0
c0221 rDS1 0 0
c0975 rDS2 0 0
c0074 rN 0 0
c0412 rEr1 0 0
c0464 rEr2 0 0
c0955 r25 0 1
c0537 r36 0 1
c0211 r37 0 1
c0532 r38 0 1
c0807 r34 0 1
c0478 r27 0 1
c0539 r51 0 1
c0430 rB 0 1
c0812 rD 0 1
c0061 rF 0 1
c0106 rG 0 1
c0110 rA 0 1
c0056 rL 0 1
c0133 rDS1 0 1
c1066 rN 0 1
c0467 rEr1 0 1
c0897 rEr2 0 1
c0007 r36 0 2
c0822 r37 0 2
c0127 r38 0 2
c0467 r34 0 2
c0963 r27 0 2
c1077 r51 0 2
c0113 rB 0 2
c0131 rD 0 2
c0069 rF 0 2
c0980 rG 0 2
c1069 rA 0 2
c0252 rL 0 2
c0804 r50 0 2
c0936 rDS1 0 2
c0496 rDS2 0 2
c0554 rN 0 2
c0118 rEr1 0 2
c1062 r25 0 3
c0883 r36 0 3
c0530 r37 0 3
c0020 r34 0 3
c0812 r27 0 3
c1069 r51 0 3
c0230 rB 0 3
c0232 rD 0 3
c0103 rF 0 3
c0279 rG 0 3
c0794 rA 0 3
c0069 rL 0 3
c0980 r50 0 3
c0963 r52 0 3
c0253 rDS1 0 3
c0955 rDS2 0 3
c1064 rN 0 3
c0118 rEr2 0 3
c0975 r25 0 4
c0808 r36 0 4
c1064 r34 0 4
c0423 r27 0 4
c0794 r51 0 4
c0115 rB 0 4
c0088 rD 0 4
c1041 rF 0 4
c0153 rG 0 4
c0058 rA 0 4
c0520 rL 0 4
c0535 r50 0 4
c0062 r52 0 4
c0737 rDS1 0 4
c0503 rDS2 0 4
c0191 rN 0 4
c0983 rEr1 0 4
c0095 rEr2 0 4
c0195 r25 1 0
c1074 r38 1 0
c1064 r34 1 0
c0860 r27 1 0
c0444 r51 1 0
c0072 rB 1 0
c0115 rD 1 0
c0129 rF 1 0
c0980 rG 1 0
c0221 rA 1 0
c0512 rL 1 0
c0883 r50 1 0
c1053 r52 1 0
c0443 rDS1 1 0
c0789 rDS2 1 0
c0497 rN 1 0
c0053 rEr1 1 0
c0127 rEr2 1 0
c0730 r36 1 1
c0178 r37 1 1
c0795 r38 1 1
c0007 r34 1 1
c0807 r27 1 1
c0203 r51 1 1
c1077 rB 1 1
c0056 rD 1 1
c0520 rF 1 1
c0131 rG 1 1
c0512 rA 1 1
c0133 rL 1 1
c1074 r50 1 1
c0503 r52 1 1
c0253 rDS1 1 1
c0860 rDS2 1 1
c0412 r25 1 2
c0020 r36 1 2
c0095 r37 1 2
c0443 r38 1 2
c0737 rB 1 2
c0849 rD 1 2
c0602 rF 1 2
c0746 rG 1 2
c0152 rA 1 2
c0515 rL 1 2
c0980 r50 1 2
c0504 r52 1 2
c0062 rDS1 1 2
c0526 rDS2 1 2
c0963 rEr1 1 2
c1062 rEr2 1 2
c0009 r36 1 3
c1053 r37 1 3
c0813 r34 1 3
c0554 r27 1 3
c0807 r51 1 3
c0512 rB 1 3
c0047 rD 1 3
c1041 rF 1 3
c0132 rG 1 3
c1005 rA 1 3
c0088 rL 1 3
c0423 r50 1 3
c0794 rDS1 1 3
c1064 rDS2 1 3
c0862 rN 1 3
c0455 rEr1 1 3
c0049 rEr2 1 3
c0487 r25 1 4
c0015 r36 1 4
c0936 r37 1 4
c0467 r38 1 4
c0423 r34 1 4
c0975 r27 1 4
c0804 r51 1 4
c0963 rB 1 4
c0088 rD 1 4
c0062 rF 1 4
c0047 rG 1 4
c0113 rA 1 4
c0023 rL 1 4
c0980 r50 1 4
c0479 r52 1 4
c0191 rDS1 1 4
c0862 rDS2 1 4
c0983 rEr1 1 4
c0862 r25 2 0
c0162 r36 2 0
c0211 r37 2 0
c0534 r38 2 0
c1053 r34 2 0
c1066 r27 2 0
c0478 r51 2 0
c0411 rB 2 0
c0257 rD 2 0
c0191 rF 2 0
c0056 rG 2 0
c0129 rA 2 0
c0009 rL 2 0
c0897 r50 2 0
c0742 r52 2 0
c0103 rDS1 2 0
c1022 rDS2 2 0
c0860 rN 2 0
c0883 rEr1 2 0
c0430 rEr2 2 0
c0975 r25 2 1
c0539 r37 2 1
c0020 r38 2 1
c0983 r34 2 1
c0730 r27 2 1
c0602 r51 2 1
c0106 rB 2 1
c0252 rD 2 1
c0153 rF 2 1
c0230 rG 2 1
c0072 rA 2 1
c0053 rL 2 1
c0808 r50 2 1
c0432 r52 2 1
c0225 rDS1 2 1
c1065 rDS2 2 1
c1074 rN 2 1
c0847 rEr1 2 1
c0238 rEr2 2 1
c0019 r36 2 2
c0095 r38 2 2
c0742 r27 2 2
c0860 r51 2 2
c0998 rB 2 2
c0132 rD 2 2
c0279 rF 2 2
c0225 rG 2 2
c0520 rA 2 2
c0479 rL 2 2
c0975 r50 2 2
c0862 r52 2 2
c0203 rDS1 2 2
c0007 rDS2 2 2
c0044 rN 2 2
c0411 rEr1 2 2
c0983 rEr2 2 2
c0178 r25 2 3
c0554 r37 2 3
c0015 r38 2 3
c0860 r34 2 3
c0813 r27 2 3
c0983 r51 2 3
c0217 rB 2 3
c0088 rD 2 3
c0998 rF 2 3
c0257 rG 2 3
c0069 rA 2 3
c1041 rL 2 3
c1022 r50 2 3
c0955 r52 2 3
c0103 rDS1 2 3
c0497 rDS2 2 3
c0730 rN 2 3
c0725 rEr1 2 3
c1064 rEr2 2 3
c0504 r25 2 4
c0535 r36 2 4
c1062 r37 2 4
c0822 r27 2 4
c0203 r51 2 4
c0225 rB 2 4
c0411 rD 2 4
c0430 rF 2 4
c0129 rG 2 4
c0489 rA 2 4
c0049 rL 2 4
c0963 r52 2 4
c1005 rDS1 2 4
c0883 rDS2 2 4
c0862 rN 2 4
c1064 rEr2 2 4
c0127 r37 3 0
c0428 r38 3 0
c0118 r34 3 0
c0860 r27 3 0
c0862 r51 3 0
c0133 rB 3 0
c0487 rD 3 0
c1072 rF 3 0
c0515 rG 3 0
c0152 rA 3 0
c0795 rL 3 0
c0206 r50 3 0
c0449 r52 3 0
c0932 rDS1 3 0
c1064 rDS2 3 0
c0049 rEr1 3 0
c0862 r25 3 1
c0539 r36 3 1
c0024 r37 3 1
c0444 r38 3 1
c0789 r34 3 1
c0503 r27 3 1
c0737 r51 3 1
c0152 rB 3 1
c1022 rD 3 1
c0252 rF 3 1
c0023 rG 3 1
c0932 rA 3 1
c0980 rL 3 1
c0464 r50 3 1
c0061 r52 3 1
c0515 rDS1 3 1
c0526 rDS2 3 1
c0044 rN 3 1
c0534 rEr1 3 1
c0812 rEr2 3 1
c0822 r25 3 2
c0489 r36 3 2
c0530 r38 3 2
c0449 r34 3 2
c1072 r27 3 2
c0072 rB 3 2
c0193 rD 3 2
c0047 rF 3 2
c0455 rG 3 2
c0722 rA 3 2
c0835 rL 3 2
c0723 r50 3 2
c0975 r52 3 2
c0217 rDS1 3 2
c0504 rEr1 3 2
c0742 rEr2 3 2
c0835 r25 3 3
c0883 r36 3 3
c0044 r37 3 3
c0412 r38 3 3
c0213 r34 3 3
c0535 r27 3 3
c0206 r51 3 3
c0449 rB 3 3
c0428 rD 3 3
c0061 rF 3 3
c0746 rG 3 3
c0257 rA 3 3
c0230 rL 3 3
c0232 r50 3 3
c0723 r52 3 3
c0722 rDS1 3 3
c0963 rDS2 3 3
c1065 rN 3 3
c0955 rEr1 3 3
c0537 rEr2 3 3
c1065 r25 3 4
c0835 r36 3 4
c0883 r38 3 4
c0983 r51 3 4
c0053 rB 3 4
c0980 rD 3 4
c0113 rF 3 4
c0725 rG 3 4
c0201 rA 3 4
c0998 rL 3 4
c0496 r52 3 4
c0253 rDS1 3 4
c1066 rDS2 3 4
c0538 rN 3 4
c0479 rEr1 3 4
c0232 rEr2 3 4
c0789 r25 4 0
c1069 r36 4 0
c0162 r37 4 0
c0487 r38 4 0
c0015 r34 4 0
c0532 r27 4 0
c0538 rB 4 0
c0219 rD 4 0
c0131 rF 4 0
c0058 rG 4 0
c0722 rA 4 0
c0515 rL 4 0
c0963 r50 4 0
c0088 rDS1 4 0
c0213 rDS2 4 0
c0195 rN 4 0
c0455 rEr1 4 0
c0847 rEr2 4 0
c0074 r37 4 1
c0530 r38 4 1
c1072 r27 4 1
c0024 r51 4 1
c0746 rB 4 1
c0023 rD 4 1
c0932 rF 4 1
c0106 rG 4 1
c0110 rA 4 1
c0153 rL 4 1
c0795 r50 4 1
c0975 r52 4 1
c0195 rDS1 4 1
c0537 rDS2 4 1
c0211 rN 4 1
c0808 rEr1 4 1
c0019 r25 4 2
c0206 r36 4 2
c0443 r38 4 2
c0162 r34 4 2
c0428 r51 4 2
c0279 rB 4 2
c0219 rD 4 2
c0058 rF 4 2
c0847 rG 4 2
c0193 rA 4 2
c0133 rL 4 2
c0074 r50 4 2
c0108 rDS1 4 2
c0213 rDS2 4 2
c0489 rEr1 4 2
c0955 r25 4 3
c0602 r37 4 3
c1077 r34 4 3
c0178 rB 4 3
c0538 rD 4 3
c0432 rF 4 3
c0108 rG 4 3
c0110 rA 4 3
c0221 rL 4 3
c0024 r50 4 3
c0883 r52 4 3
c0217 rDS1 4 3
c0849 rDS2 4 3
c0723 rN 4 3
c0496 rEr1 4 3
c0725 rEr2 4 3
c0860 r25 4 4
c0813 r36 4 4
c0534 r38 4 4
c0532 r27 4 4
c0983 r51 4 4
c0936 rB 4 4
c0464 rD 4 4
c0133 rF 4 4
c0201 rG 4 4
c0115 rA 4 4
c0897 rL 4 4
c0526 r50 4 4
c0478 r52 4 4
c0108 rDS1 4 4
c0955 rDS2 4 4
c0019 rEr1 4 4
c0238 rEr2 4 4
