c0162 r36 0 0
c0211 r37 0 0
c1066 r38 0 0
c0737 r27 0 0
c0195 r51 0 0
c0725 rB 0 0
c0129 rD 0 0
c0106 rF 0 0
c0113 rG 0 0
c0849 rA 0 0
c0411 rL 0 0
c0095 r50 0 0
c0133 rDS1 0 0
c1069 rN 0 0
c0822 rEr1 0 0
c0238 r36 0 1
c0538 r37 0 1
c0849 r38 0 1
c0975 r34 0 1
c0532 r27 0 1
c0526 r51 0 1
c0512 rB 0 1
c0153 rD 0 1
c0115 rF 0 1
c0432 rG 0 1
c0069 rA 0 1
c0110 rL 0 1
c0489 r50 0 1
c1072 r52 0 1
c0602 rDS1 0 1
c0955 rDS2 0 1
c0178 rN 0 1
c0007 rEr2 0 1
c0883 r25 0 2
c0936 r36 0 2
c0822 r37 0 2
c1064 r34 0 2
c0020 r27 0 2
c0478 r51 0 2
c0069 rB 0 2
c0504 rD 0 2
c0225 rF 0 2
c0110 rG 0 2
c0201 rA 0 2
c0219 rL 0 2
c0955 r50 0 2
c0411 r52 0 2
c0746 rDS1 0 2
c0983 rDS2 0 2
c0009 rN 0 2
c0963 rEr1 0 2
c1062 rEr2 0 2
c0539 r36 0 3
c1022 r37 0 3
c0444 r38 0 3
c0455 r27 0 3
c1064 r51 0 3
c0113 rB 0 3
c0252 rD 0 3
c1005 rF 0 3
c0496 rG 0 3
c0897 rA 0 3
c0088 rL 0 3
c1066 r52 0 3
c0095 rDS1 0 3
c0812 rDS2 0 3
c0554 rN 0 3
c1077 rEr1 0 3
c0049 rEr2 0 3
c0443 r25 0 4
c0118 r36 0 4
c0955 r37 0 4
c0412 r38 0 4
c0504 r34 0 4
c1064 r27 0 4
c0860 r51 0 4
c0069 rB 0 4
c0020 rD 0 4
c0132 rF 0 4
c0193 rG 0 4
c0221 rA 0 4
c0430 rL 0 4
c0496 r50 0 4
c0061 rDS1 0 4
c0602 rDS2 0 4
c1072 rEr1 0 4
c0127 rEr2 0 4
c0530 r36 1 0
c1064 r37 1 0
c0044 r38 1 0
c0835 r34 1 0
c0487 r27 1 0
c0808 r51 1 0
c0129 rB 1 0
c0257 rD 1 0
c0432 rF 1 0
c0230 rG 1 0
c0133 rA 1 0
c0115 rL 1 0
c1074 r50 1 0
c0936 r52 1 0
c1072 rDS1 1 0
c0191 rDS2 1 0
c0478 rEr1 1 0
c0534 rEr2 1 0
c0534 r25 1 1
c0195 r36 1 1
c0794 r38 1 1
c0983 r34 1 1
c0980 r27 1 1
c0963 r51 1 1
c1065 rB 1 1
c0217 rD 1 1
c0193 rF 1 1
c0253 rG 1 1
c0257 rA 1 1
c0535 rL 1 1
c0444 r50 1 1
c0975 r52 1 1
c0062 rDS1 1 1
c0044 rDS2 1 1
c0883 rN 1 1
c1062 rEr1 1 1
c0489 rEr2 1 1
c0095 r25 1 2
c0213 r36 1 2
c0730 r37 1 2
c0742 r38 1 2
c0812 r34 1 2
c0980 r27 1 2
c0496 r51 1 2
c0072 rB 1 2
c0152 rD 1 2
c0515 rF 1 2
c0423 rG 1 2
c0722 rA 1 2
c0225 rL 1 2
c1077 r50 1 2
c0019 r52 1 2
c0058 rDS1 1 2
c0860 r36 1 3
c0538 r37 1 3
c0024 r38 1 3
c0554 r34 1 3
c0862 r27 1 3
c0835 r51 1 3
c0103 rB 1 3
c0932 rD 1 3
c0133 rF 1 3
c1041 rG 1 3
c0430 rA 1 3
c0808 rL 1 3
c0737 r50 1 3
c0955 r52 1 3
c0203 rDS1 1 3
c0497 rDS2 1 3
c0178 rEr1 1 3
c0044 rEr2 1 3
c0213 r37 1 4
c1065 r27 1 4
c0497 r51 1 4
c0520 rB 1 4
c0201 rD 1 4
c0088 rF 1 4
c0009 rG 1 4
c0503 rA 1 4
c0423 rL 1 4
c0049 r50 1 4
c1062 r52 1 4
c0058 rDS1 1 4
c0127 rDS2 1 4
c0808 rN 1 4
c1053 rEr2 1 4
c0530 r25 2 0
c0813 r36 2 0
c0535 r38 2 0
c0883 r34 2 0
c0983 r27 2 0
c0963 r51 2 0
c0056 rB 2 0
c0221 rD 2 0
c0230 rF 2 0
c0103 rG 2 0
c0257 rA 2 0
c0455 rL 2 0
c0862 r50 2 0
c0487 r52 2 0
c0998 rDS1 2 0
c0412 rDS2 2 0
c0061 rEr1 2 0
c1022 rEr2 2 0
c0479 r36 2 1
c1064 r37 2 1
c0730 r38 2 1
c0983 r34 2 1
c0232 r27 2 1
c0444 r51 2 1
c0279 rB 2 1
c0132 rD 2 1
c0053 rF 2 1
c0252 rG 2 1
c0520 rA 2 1
c0061 rL 2 1
c0203 r50 2 1
c0195 rDS1 2 1
c0794 rDS2 2 1
c0428 rN 2 1
c0412 rEr1 2 1
c0118 rEr2 2 1
c0537 r25 2 2
c0127 r36 2 2
c0723 r38 2 2
c0206 r51 2 2
c0279 rB 2 2
c0746 rD 2 2
c0253 rF 2 2
c0219 rG 2 2
c0963 rA 2 2
c0152 rL 2 2
c0512 r50 2 2
c0742 r52 2 2
c0526 rDS1 2 2
c0489 rDS2 2 2
c0443 rN 2 2
c0883 rEr1 2 2
c0980 rEr2 2 2
c0449 r37 2 3
c0983 r34 2 3
c0467 r27 2 3
c0955 r51 2 3
c0230 rB 2 3
c0746 rD 2 3
c0725 rF 2 3
c0088 rG 2 3
c0132 rA 2 3
c0478 rL 2 3
c0024 r52 2 3
c1065 rDS1 2 3
c1053 rDS2 2 3
c0813 rEr1 2 3
c0847 rEr2 2 3
c1053 r25 2 4
c0019 r37 2 4
c0804 r34 2 4
c0526 r27 2 4
c0847 r51 2 4
c0464 rB 2 4
c0432 rD 2 4
c0047 rF 2 4
c0201 rG 2 4
c1074 rA 2 4
c0152 rL 2 4
c0062 r50 2 4
c0162 r52 2 4
c0217 rDS1 2 4
c0860 rDS2 2 4
c0602 rEr1 2 4
c0537 rEr2 2 4
c0862 r25 3 0
c0238 r36 3 0
c1064 r37 3 0
c0537 r38 3 0
c0975 r34 3 0
c0232 r27 3 0
c0860 r51 3 0
c0449 rB 3 0
c0072 rD 3 0
c0056 rF 3 0
c0023 rG 3 0
c0106 rA 3 0
c0153 rL 3 0
c1074 r50 3 0
c0813 r52 3 0
c0191 rDS1 3 0
c0789 rN 3 0
c0467 rEr1 3 0
c0487 rEr2 3 0
c0530 r37 3 1
c0730 r38 3 1
c0118 r34 3 1
c0897 r27 3 1
c0862 r51 3 1
c0193 rB 3 1
c0131 rD 3 1
c0056 rF 3 1
c0279 rG 3 1
c0088 rA 3 1
c1022 rL 3 1
c0534 r50 3 1
c0535 r52 3 1
c0103 rDS1 3 1
c0053 rDS2 3 1
c0238 rN 3 1
c0024 rEr1 3 1
c0049 rEr2 3 1
c0883 r25 3 2
c0795 r36 3 2
c0503 r37 3 2
c1064 r38 3 2
c0862 r34 3 2
c0983 r27 3 2
c1069 r51 3 2
c0998 rB 3 2
c0221 rD 3 2
c0023 rF 3 2
c0515 rG 3 2
c0072 rA 3 2
c0980 rL 3 2
c0428 r50 3 2
c0955 r52 3 2
c0722 rDS1 3 2
c0963 rDS2 3 2
c1066 rN 3 2
c0449 rEr1 3 2
c0053 rEr2 3 2
c0206 r36 3 3
c0479 r37 3 3
c0007 r34 3 3
c0213 r27 3 3
c1005 r51 3 3
c0795 rB 3 3
c0088 rD 3 3
c0113 rF 3 3
c0980 rG 3 3
c0219 rA 3 3
c0062 rL 3 3
c0883 r50 3 3
c0807 r52 3 3
c0998 rDS1 3 3
c0822 rDS2 3 3
c0020 rN 3 3
c0455 rEr1 3 3
c0975 rEr2 3 3
c0860 r25 3 4
c0862 r36 3 4
c0479 r37 3 4
c0211 r38 3 4
c0532 r34 3 4
c0538 r27 3 4
c0015 r51 3 4
c0133 rB 3 4
c0203 rD 3 4
c1041 rF 3 4
c0047 rG 3 4
c0253 rA 3 4
c0411 rL 3 4
c0009 r50 3 4
c0723 r52 3 4
c0191 rDS1 3 4
c0794 rDS2 3 4
c0975 rN 3 4
c0539 rEr1 3 4
c0464 rEr2 3 4
c0835 r25 4 0
c0742 r36 4 0
c0504 r38 4 0
c0074 r34 4 0
c0849 r27 4 0
c0015 r51 4 0
c1077 rB 4 0
c1005 rD 4 0
c0131 rF 4 0
c0047 rG 4 0
c0932 rA 4 0
c0722 rL 4 0
c0539 r50 4 0
c0789 r52 4 0
c0515 rDS1 4 0
c0211 rN 4 0
c0428 rEr1 4 0
c0980 rEr2 4 0
c0178 r25 4 1
c0443 r36 4 1
c0795 r37 4 1
c0804 r38 4 1
c0074 r34 4 1
c0497 r27 4 1
c0737 r51 4 1
c0430 rB 4 1
c0554 rD 4 1
c0023 rF 4 1
c0115 rG 4 1
c0129 rA 4 1
c0515 rL 4 1
c0980 r50 4 1
c0963 rDS1 4 1
c0532 rDS2 4 1
c0862 rEr1 4 1
c0883 rEr2 4 1
c0955 r25 4 2
c1069 r36 4 2
c0206 r38 4 2
c0019 r34 4 2
c0975 r27 4 2
c0983 r51 4 2
c0058 rB 4 2
c0106 rD 4 2
c0074 rF 4 2
c0133 rG 4 2
c0225 rA 4 2
c0162 rL 4 2
c0936 r50 4 2
c0807 r52 4 2
c0108 rDS1 4 2
c0860 rN 4 2
c0464 rEr1 4 2
c0897 rEr2 4 2
c0804 r25 4 3
c0467 r34 4 3
c0723 r51 4 3
c0252 rB 4 3
c0217 rD 4 3
c0932 rF 4 3
c0131 rG 4 3
c0847 rA 4 3
c0108 rL 4 3
c0512 r50 4 3
c0963 rDS1 4 3
c0812 rN 4 3
c0015 rEr1 4 3
c0007 r25 4 4
c0789 r36 4 4
c0503 r37 4 4
c0725 rB 4 4
c0110 rD 4 4
c0520 rF 4 4
c0153 rG 4 4
c0975 rA 4 4
c1041 rL 4 4
c0108 rDS1 4 4
c0423 rDS2 4 4
c0807 rN 4 4
c0860 rEr1 4 4
c0232 rEr2 4 4
