c0794 r36 0 0
c0535 r37 0 0
c0211 r34 0 0
c0195 r27 0 0
c0530 r51 0 0
c0515 rB 0 0
c1072 rD 0 0
c0131 rF 0 0
c0217 rG 0 0
c0455 rA 0 0
c0113 rL 0 0
c1064 r50 0 0
c0428 r52 0 0
c0133 rDS1 0 0
c0053 rDS2 0 0
c0412 rN 0 0
c1069 rEr1 0 0
c0162 rEr2 0 0
c0723 r36 0 1
c0118 r37 0 1
c1066 r38 0 1
c0162 r34 0 1
c1064 r51 0 1
c0455 rB 0 1
c0103 rD 0 1
c0129 rF 0 1
c0230 rG 0 1
c0056 rA 0 1
c0088 rL 0 1
c0812 r50 0 1
c0512 rDS1 0 1
c0808 rN 0 1
c0095 rEr1 0 1
c0504 rEr2 0 1
c0554 r25 0 2
c0095 r38 0 2
c0849 r34 0 2
c0963 r51 0 2
c1005 rB 0 2
c0835 rD 0 2
c0106 rF 0 2
c0423 rG 0 2
c0110 rA 0 2
c0980 rL 0 2
c0412 r50 0 2
c0221 rDS1 0 2
c0062 rDS2 0 2
c0443 rN 0 2
c0936 rEr1 0 2
c0983 rEr2 0 2
c0020 r25 0 3
c0503 r36 0 3
c0539 r37 0 3
c0860 r38 0 3
c0975 r34 0 3
c0095 r27 0 3
c0983 r51 0 3
c0193 rB 0 3
c0423 rD 0 3
c0932 rF 0 3
c0479 rG 0 3
c0897 rA 0 3
c0115 rL 0 3
c0061 r50 0 3
c0206 r52 0 3
c0103 rDS1 0 3
c0489 rDS2 0 3
c0789 rN 0 3
c1064 rEr1 0 3
c0835 rEr2 0 3
c0737 r25 0 4
c0860 r38 0 4
c0020 r34 0 4
c0539 r27 0 4
c0088 rB 0 4
c0430 rD 0 4
c0746 rF 0 4
c0201 rG 0 4
c0044 rA 0 4
c0110 rL 0 4
c0049 r50 0 4
c0883 r52 0 4
c0464 rDS1 0 4
c0009 rDS2 0 4
c0532 rN 0 4
c0118 rEr1 0 4
c0963 rEr2 0 4
c0812 r36 1 0
c0428 r37 1 0
c0955 r38 1 0
c0983 r34 1 0
c0975 r27 1 0
c1005 r51 1 0
c0106 rB 1 0
c0132 rD 1 0
c0069 rF 1 0
c0230 rG 1 0
c0487 rA 1 0
c0088 rL 1 0
c0467 r50 1 0
c0203 rDS1 1 0
c0449 rDS2 1 0
c1064 rN 1 0
c0936 rEr2 1 0
c1066 r25 1 1
c0015 r36 1 1
c0807 r38 1 1
c1077 r27 1 1
c0983 r51 1 1
c1022 rB 1 1
c0132 rD 1 1
c0110 rF 1 1
c0253 rG 1 1
c0217 rA 1 1
c0257 rL 1 1
c0061 r50 1 1
c0232 r52 1 1
c0195 rDS1 1 1
c0238 rDS2 1 1
c0725 rEr1 1 1
c0812 rEr2 1 1
c1053 r36 1 2
c0213 r37 1 2
c1066 r38 1 2
c1065 r27 1 2
c0412 r51 1 2
c0602 rB 1 2
c0058 rD 1 2
c0062 rF 1 2
c0217 rG 1 2
c0980 rA 1 2
c0131 rL 1 2
c0963 r50 1 2
c0497 r52 1 2
c0515 rDS1 1 2
c0526 rN 1 2
c0464 rEr1 1 2
c0538 rEr2 1 2
c0178 r25 1 3
c0009 r36 1 3
c0794 r38 1 3
c0535 r34 1 3
c0955 r27 1 3
c0537 r51 1 3
c0113 rB 1 3
c0153 rD 1 3
c0257 rF 1 3
c0193 rG 1 3
c0932 rA 1 3
c1041 rL 1 3
c0849 r50 1 3
c0496 r52 1 3
c0047 rDS1 1 3
c0062 rEr1 1 3
c0983 rEr2 1 3
c0015 r25 1 4
c1062 r36 1 4
c1022 r38 1 4
c0813 r34 1 4
c0963 r27 1 4
c0496 r51 1 4
c0478 rB 1 4
c0257 rD 1 4
c0932 rF 1 4
c0152 rG 1 4
c0191 rA 1 4
c0049 rL 1 4
c0980 rDS1 1 4
c0849 rDS2 1 4
c0883 rN 1 4
c0537 rEr1 1 4
c0862 r25 2 0
c0537 r36 2 0
c0804 r38 2 0
c1062 r27 2 0
c0883 r51 2 0
c0061 rB 2 0
c0430 rD 2 0
c0489 rF 2 0
c0279 rG 2 0
c0088 rA 2 0
c1077 rL 2 0
c0980 r52 2 0
c0515 rDS1 2 0
c1022 rDS2 2 0
c0238 rN 2 0
c0526 rEr1 2 0
c0822 rEr2 2 0
c0742 r25 2 1
c0883 r37 2 1
c1065 r38 2 1
c0238 r34 2 1
c0963 r27 2 1
c0955 r51 2 1
c0069 rB 2 1
c0230 rD 2 1
c0487 rF 2 1
c0252 rG 2 1
c0072 rA 2 1
c0024 rL 2 1
c0602 r50 2 1
c1062 r52 2 1
c0253 rDS1 2 1
c0980 rDS2 2 1
c1069 rEr1 2 1
c0723 rEr2 2 1
c0206 r25 2 2
c0127 r37 2 2
c0118 r38 2 2
c0479 r34 2 2
c0860 r27 2 2
c0963 r51 2 2
c0520 rB 2 2
c0047 rD 2 2
c0069 rF 2 2
c0103 rG 2 2
c0152 rA 2 2
c0009 rL 2 2
c0449 r50 2 2
c0602 r52 2 2
c0225 rDS1 2 2
c0554 rDS2 2 2
c0504 rN 2 2
c1053 rEr1 2 2
c0432 rEr2 2 2
c0467 r25 2 3
c0074 r36 2 3
c0742 r37 2 3
c1053 r34 2 3
c1074 r27 2 3
c0860 r51 2 3
c0044 rB 2 3
c0897 rD 2 3
c0072 rF 2 3
c0023 rG 2 3
c0191 rA 2 3
c0998 rL 2 3
c0503 r50 2 3
c0232 r52 2 3
c0047 rDS1 2 3
c0975 rDS2 2 3
c0178 rN 2 3
c0539 rEr1 2 3
c0534 rEr2 2 3
c0975 r25 2 4
c0211 r37 2 4
c0554 r38 2 4
c0955 r34 2 4
c0808 r27 2 4
c0504 r51 2 4
c0512 rB 2 4
c0132 rD 2 4
c0201 rF 2 4
c0225 rG 2 4
c1041 rA 2 4
c0023 rL 2 4
c1065 r50 2 4
c0053 r52 2 4
c0449 rDS1 2 4
c0024 rDS2 2 4
c0044 rN 2 4
c0432 rEr1 2 4
c0534 rEr2 2 4
c0835 r25 3 0
c0497 r38 3 0
c0804 r34 3 0
c1064 r27 3 0
c1074 r51 3 0
c0152 rB 3 0
c0133 rD 3 0
c0515 rF 3 0
c0253 rG 3 0
c0115 rA 3 0
c0487 rL 3 0
c0232 r50 3 0
c0897 rDS1 3 0
c0213 rN 3 0
c0789 rEr1 3 0
c0862 rEr2 3 0
c0534 r36 3 1
c0794 r37 3 1
c0860 r38 3 1
c0789 r34 3 1
c0730 r27 3 1
c0203 r51 3 1
c0411 rB 3 1
c0131 rD 3 1
c0998 rF 3 1
c0153 rG 3 1
c0479 rA 3 1
c0279 rL 3 1
c0530 r50 3 1
c0742 r52 3 1
c0746 rDS1 3 1
c0024 rDS2 3 1
c0822 rN 3 1
c0195 rEr1 3 1
c0847 rEr2 3 1
c0955 r25 3 2
c0423 r37 3 2
c0822 r38 3 2
c0975 r34 3 2
c0074 r27 3 2
c0813 r51 3 2
c0722 rB 3 2
c0201 rD 3 2
c1005 rF 3 2
c0847 rG 3 2
c1069 rA 3 2
c0464 rL 3 2
c0535 r52 3 2
c0191 rDS1 3 2
c0019 rDS2 3 2
c0804 rN 3 2
c0883 rEr1 3 2
c0213 rEr2 3 2
c0497 r25 3 3
c0808 r36 3 3
c0983 r34 3 3
c0730 r27 3 3
c0020 r51 3 3
c0411 rB 3 3
c0153 rD 3 3
c0279 rF 3 3
c0113 rG 3 3
c0023 rA 3 3
c0203 rL 3 3
c0847 r50 3 3
c0998 rDS1 3 3
c0860 rDS2 3 3
c0049 rEr1 3 3
c0430 rEr2 3 3
c0862 r25 3 4
c0883 r36 3 4
c0428 r37 3 4
c0178 r38 3 4
c0053 r27 3 4
c0538 r51 3 4
c0015 rB 3 4
c0252 rD 3 4
c0129 rF 3 4
c0225 rG 3 4
c0072 rA 3 4
c0723 rL 3 4
c0007 r50 3 4
c0980 r52 3 4
c0496 rDS1 3 4
c0936 rDS2 3 4
c0730 rN 3 4
c0813 rEr1 3 4
c0443 rEr2 3 4
c0444 r25 4 0
c1064 r36 4 0
c0795 r38 4 0
c0206 r34 4 0
c1072 r27 4 0
c0725 r51 4 0
c0088 rB 4 0
c0056 rD 4 0
c0219 rF 4 0
c0108 rG 4 0
c0520 rA 4 0
c0129 rL 4 0
c0162 r52 4 0
c0746 rDS1 4 0
c0489 rDS2 4 0
c0455 rEr2 4 0
c0955 r25 4 1
c0975 r37 4 1
c0532 r38 4 1
c1077 r34 4 1
c1074 r27 4 1
c0127 r51 4 1
c0133 rB 4 1
c0193 rD 4 1
c0219 rF 4 1
c0795 rG 4 1
c0007 rA 4 1
c0056 rL 4 1
c0019 r50 4 1
c0862 rDS1 4 1
c0807 rN 4 1
c0478 rEr1 4 1
c0019 r36 4 2
c1064 r38 4 2
c0444 r34 4 2
c1072 r27 4 2
c0862 r51 4 2
c0520 rB 4 2
c0133 rD 4 2
c0108 rF 4 2
c0722 rG 4 2
c0478 rA 4 2
c0115 rL 4 2
c0955 r50 4 2
c0983 r52 4 2
c0058 rDS1 4 2
c0530 rDS2 4 2
c0443 rN 4 2
c0807 rEr2 4 2
c0737 r25 4 3
c0503 r37 4 3
c0538 r38 4 3
c0862 r34 4 3
c0411 r27 4 3
c0467 rB 4 3
c0108 rD 4 3
c0106 rF 4 3
c0219 rG 4 3
c0221 rA 4 3
c0252 rL 4 3
c0725 rDS1 4 3
c0883 rDS2 4 3
c0975 rN 4 3
c0980 rEr1 4 3
c0963 rEr2 4 3
c0532 r25 4 4
c0860 r36 4 4
c0526 r37 4 4
c0211 r38 4 4
c0737 r34 4 4
c0007 r51 4 4
c0133 rB 4 4
c0058 rD 4 4
c0512 rF 4 4
c0722 rG 4 4
c1041 rA 4 4
c0432 rL 4 4
c0127 r50 4 4
c0074 r52 4 4
c0221 rDS1 4 4
c0862 rN 4 4
c0795 rEr1 4 4
c0444 rEr2 4 4
