c0432 r36 0 0
c0095 r37 0 0
c0813 r38 0 0
c1069 r27 0 0
c0723 r51 0 0
c0133 rB 0 0
c0201 rD 0 0
c0725 rF 0 0
c0131 rG 0 0
c0897 rA 0 0
c0056 rL 0 0
c0737 r50 0 0
c0822 r52 0 0
c0849 rDS1 0 0
c0238 rN 0 0
c1005 rEr2 0 0
c0195 r25 0 1
c0069 r36 0 1
c0807 r37 0 1
c0428 r38 0 1
c0602 r27 0 1
c0860 r51 0 1
c0133 rB 0 1
c0412 rD 0 1
c0230 rF 0 1
c0520 rG 0 1
c0515 rA 0 1
c0221 rL 0 1
c0983 r50 0 1
c0118 r52 0 1
c0746 rDS1 0 1
c1072 rDS2 0 1
c0504 rN 0 1
c0955 rEr1 0 1
c0504 r25 0 2
c1062 r36 0 2
c0554 r37 0 2
c0737 r38 0 2
c0526 r27 0 2
c0813 r51 0 2
c0069 rB 0 2
c0131 rD 0 2
c0963 rF 0 2
c0515 rG 0 2
c0932 rA 0 2
c0058 rL 0 2
c0980 rDS1 0 2
c0162 rDS2 0 2
c0822 rEr1 0 2
c0062 rEr2 0 2
c0191 r36 0 3
c0794 r37 0 3
c0069 r38 0 3
c0049 r27 0 3
c0789 r51 0 3
c0201 rB 0 3
c1041 rD 0 3
c0115 rF 0 3
c1005 rG 0 3
c0129 rA 0 3
c0088 rL 0 3
c0015 r50 0 3
c0496 r52 0 3
c0430 rDS1 0 3
c1064 rDS2 0 3
c0535 rN 0 3
c0963 rEr1 0 3
c0883 rEr2 0 3
c0539 r25 0 4
c0849 r37 0 4
c0602 r34 0 4
c0449 r27 0 4
c0534 r51 0 4
c0110 rB 0 4
c0153 rD 0 4
c1041 rF 0 4
c0217 rG 0 4
c0203 rA 0 4
c0746 rL 0 4
c0479 r50 0 4
c0061 r52 0 4
c0095 rDS1 0 4
c0238 rDS2 0 4
c0024 rEr1 0 4
c0443 rEr2 0 4
c0195 r25 1 0
c0975 r36 1 0
c0009 r38 1 0
c0804 r34 1 0
c0049 r27 1 0
c0455 r51 1 0
c0537 rB 1 0
c1053 rD 1 0
c0113 rF 1 0
c0132 rG 1 0
c0430 rA 1 0
c0257 rL 1 0
c0232 r50 1 0
c0238 r52 1 0
c0936 rDS1 1 0
c0812 rN 1 0
c1065 rEr1 1 0
c0412 rEr2 1 0
c0007 r25 1 1
c1074 r36 1 1
c0883 r37 1 1
c1066 r38 1 1
c0808 r34 1 1
c0191 r27 1 1
c0178 r51 1 1
c0152 rB 1 1
c0225 rD 1 1
c0515 rF 1 1
c0219 rG 1 1
c0279 rA 1 1
c0049 rL 1 1
c0794 r50 1 1
c0998 rDS1 1 1
c0432 rDS2 1 1
c0015 rN 1 1
c0449 rEr1 1 1
c0530 r25 1 2
c0206 r37 1 2
c1053 r38 1 2
c0443 r34 1 2
c0007 r27 1 2
c0108 r51 1 2
c0061 rB 1 2
c0520 rD 1 2
c0058 rF 1 2
c0253 rG 1 2
c0201 rA 1 2
c0152 rL 1 2
c0804 r50 1 2
c0044 r52 1 2
c0554 rDS1 1 2
c0497 rDS2 1 2
c1022 rEr1 1 2
c0883 rEr2 1 2
c0862 r25 1 3
c0795 r36 1 3
c1064 r37 1 3
c0412 r38 1 3
c0479 r51 1 3
c0061 rB 1 3
c0113 rD 1 3
c1041 rF 1 3
c0998 rG 1 3
c0279 rA 1 3
c0193 rL 1 3
c0554 r50 1 3
c0807 r52 1 3
c0133 rDS1 1 3
c0975 rN 1 3
c0538 rEr2 1 3
c0206 r25 1 4
c0883 r36 1 4
c1066 r38 1 4
c0423 r34 1 4
c0795 r27 1 4
c0537 r51 1 4
c0110 rB 1 4
c0725 rD 1 4
c0072 rF 1 4
c0219 rG 1 4
c0975 rA 1 4
c0983 rL 1 4
c0487 r50 1 4
c0963 r52 1 4
c0088 rDS1 1 4
c0980 rDS2 1 4
c1065 rEr1 1 4
c0955 rEr2 1 4
c0534 r25 2 0
c0532 r36 2 0
c0742 r37 2 0
c0489 r34 2 0
c0444 r27 2 0
c0512 r51 2 0
c0072 rB 2 0
c0103 rD 2 0
c0467 rF 2 0
c0232 rG 2 0
c0056 rA 2 0
c0153 rL 2 0
c0812 r50 2 0
c0211 r52 2 0
c0047 rDS1 2 0
c0975 rDS2 2 0
c1064 rN 2 0
c0860 rEr1 2 0
c0862 rEr2 2 0
c0118 r25 2 1
c0955 r36 2 1
c0526 r37 2 1
c0835 r34 2 1
c0723 r51 2 1
c0024 rB 2 1
c0056 rD 2 1
c0515 rF 2 1
c0088 rG 2 1
c0252 rA 2 1
c0132 rL 2 1
c1069 rDS1 2 1
c0009 rDS2 2 1
c0213 rN 2 1
c0496 rEr1 2 1
c0862 rEr2 2 1
c0444 r25 2 2
c0936 r36 2 2
c0860 r34 2 2
c0975 r27 2 2
c0980 r51 2 2
c0023 rB 2 2
c0203 rD 2 2
c0479 rF 2 2
c0221 rG 2 2
c0279 rA 2 2
c1005 rL 2 2
c1022 r50 2 2
c0053 r52 2 2
c0998 rDS1 2 2
c0411 rEr1 2 2
c0191 rEr2 2 2
c0020 r25 2 3
c0443 r37 2 3
c0860 r38 2 3
c0808 r34 2 3
c0835 r27 2 3
c0152 rB 2 3
c0980 rD 2 3
c0730 rF 2 3
c0230 rG 2 3
c0534 rA 2 3
c0253 rL 2 3
c0478 r50 2 3
c0496 r52 2 3
c0103 rDS1 2 3
c0742 rDS2 2 3
c0530 rN 2 3
c1064 rEr1 2 3
c1062 rEr2 2 3
c0497 r25 2 4
c0423 r36 2 4
c1053 r37 2 4
c0983 r51 2 4
c0088 rB 2 4
c0602 rD 2 4
c0047 rF 2 4
c0520 rG 2 4
c0062 rA 2 4
c0230 rL 2 4
c0530 r50 2 4
c0862 r52 2 4
c0963 rDS1 2 4
c1072 rDS2 2 4
c0095 rN 2 4
c0044 rEr1 2 4
c0539 rEr2 2 4
c1022 r36 3 0
c0537 r37 3 0
c0812 r38 3 0
c0206 r34 3 0
c0789 r27 3 0
c0975 r51 3 0
c0106 rB 3 0
c0737 rD 3 0
c0047 rF 3 0
c0897 rG 3 0
c0225 rA 3 0
c0423 rL 3 0
c0512 r50 3 0
c0044 r52 3 0
c0203 rDS1 3 0
c0103 rDS2 3 0
c1066 rN 3 0
c0127 rEr1 3 0
c0009 rEr2 3 0
c0807 r36 3 1
c0489 r37 3 1
c0503 r38 3 1
c0532 r34 3 1
c0007 r27 3 1
c0847 r51 3 1
c0467 rB 3 1
c0722 rD 3 1
c0512 rF 3 1
c0411 rG 3 1
c0132 rA 3 1
c0072 rL 3 1
c0118 r50 3 1
c0020 r52 3 1
c0221 rDS1 3 1
c0178 rDS2 3 1
c0053 rEr1 3 1
c0955 rEr2 3 1
c0883 r36 3 2
c0804 r37 3 2
c0860 r38 3 2
c0983 r34 3 2
c0497 r27 3 2
c0428 r51 3 2
c0193 rB 3 2
c0722 rD 3 2
c0217 rF 3 2
c0730 rG 3 2
c0257 rA 3 2
c1077 rL 3 2
c0020 r50 3 2
c0062 r52 3 2
c0225 rDS1 3 2
c0980 rDS2 3 2
c1064 rN 3 2
c0963 rEr1 3 2
c0411 rEr2 3 2
c0835 r25 3 3
c0487 r36 3 3
c0538 r37 3 3
c0015 r38 3 3
c0127 r34 3 3
c0936 r27 3 3
c0789 r51 3 3
c0153 rB 3 3
c0131 rD 3 3
c0219 rF 3 3
c0847 rG 3 3
c0257 rA 3 3
c0455 rL 3 3
c0074 r50 3 3
c0449 r52 3 3
c1077 rDS1 3 3
c0178 rDS2 3 3
c1074 rN 3 3
c0053 rEr1 3 3
c0432 rEr2 3 3
c0532 r25 3 4
c0808 r36 3 4
c0213 r38 3 4
c0883 r34 3 4
c0730 r27 3 4
c0162 r51 3 4
c0725 rB 3 4
c0113 rD 3 4
c0023 rF 3 4
c0129 rG 3 4
c0106 rA 3 4
c0252 rL 3 4
c1062 r50 3 4
c0253 rDS1 3 4
c1065 rDS2 3 4
c1069 rEr1 3 4
c0980 rEr2 3 4
c0822 r25 4 0
c0213 r37 4 0
c0883 r38 4 0
c0742 r34 4 0
c0795 r27 4 0
c0464 r51 4 0
c0110 rB 4 0
c0106 rD 4 0
c0746 rF 4 0
c0478 rG 4 0
c0088 rA 4 0
c0535 rL 4 0
c0538 r50 4 0
c0849 r52 4 0
c0487 rDS1 4 0
c0444 rDS2 4 0
c0983 rEr1 4 0
c0489 r25 4 1
c0955 r36 4 1
c0975 r37 4 1
c0074 r34 4 1
c0860 r27 4 1
c0980 r51 4 1
c0195 rB 4 1
c0023 rD 4 1
c0430 rF 4 1
c0503 rG 4 1
c0252 rA 4 1
c0115 rL 4 1
c0232 r50 4 1
c0862 r52 4 1
c0024 rDS1 4 1
c0963 rDS2 4 1
c0211 rN 4 1
c0983 rEr1 4 1
c0127 rEr2 4 1
c0955 r34 4 2
c0897 r27 4 2
c0115 rB 4 2
c0932 rD 4 2
c0019 rF 4 2
c0464 rG 4 2
c0108 rA 4 2
c0535 rL 4 2
c0983 r50 4 2
c0133 rDS1 4 2
c0478 rDS2 4 2
c0504 rEr1 4 2
c0862 rEr2 4 2
c1064 r25 4 3
c0862 r36 4 3
c0723 r37 4 3
c0539 r38 4 3
c0860 r34 4 3
c0455 r51 4 3
c1072 rB 4 3
c0464 rD 4 3
c0193 rF 4 3
c0058 rG 4 3
c0019 rA 4 3
c0129 rL 4 3
c0963 r50 4 3
c0108 rDS1 4 3
c0074 rDS2 4 3
c1074 rEr1 4 3
c0794 rEr2 4 3
c0428 r37 4 4
c1064 r38 4 4
c0019 r34 4 4
c0526 r27 4 4
c0813 r51 4 4
c0932 rB 4 4
c0503 rD 4 4
c1077 rF 4 4
c0217 rG 4 4
c0847 rA 4 4
c0133 rL 4 4
c0162 r50 4 4
c0211 r52 4 4
c0722 rDS1 4 4
c0467 rN 4 4
c0955 rEr1 4 4
