c0794 r25 0 0
c0108 r36 0 0
c0812 r37 0 0
c1077 r34 0 0
c1072 r27 0 0
c0860 r51 0 0
c0221 rB 0 0
c0455 rD 0 0
c0113 rF 0 0
c0153 rG 0 0
c1069 rA 0 0
c0515 rL 0 0
c0822 r52 0 0
c0195 rDS1 0 0
c0539 rDS2 0 0
c0443 rN 0 0
c0496 rEr1 0 0
c0955 rEr2 0 0
c0444 r36 0 1
c0602 r37 0 1
c0822 r38 0 1
c0238 r34 0 1
c1072 r27 0 1
c0983 r51 0 1
c0056 rB 0 1
c0193 rD 0 1
c0015 rF 0 1
c0132 rG 0 1
c0217 rA 0 1
c0106 rL 0 1
c0178 r50 0 1
c0053 r52 0 1
c0221 rDS1 0 1
c0412 rN 0 1
c0432 rEr1 0 1
c1005 rEr2 0 1
c0813 r25 0 2
c0412 r38 0 2
c0074 r34 0 2
c0807 r27 0 2
c0020 r51 0 2
c0129 rB 0 2
c0193 rD 0 2
c0201 rF 0 2
c0489 rG 0 2
c0520 rA 0 2
c0225 rL 0 2
c0009 r50 0 2
c0118 r52 0 2
c0058 rDS1 0 2
c0963 rDS2 0 2
c1064 rEr1 0 2
c0530 rEr2 0 2
c0539 r25 0 3
c1022 r36 0 3
c0479 r34 0 3
c0789 r27 0 3
c0203 r51 0 3
c0153 rB 0 3
c0219 rD 0 3
c1005 rF 0 3
c0464 rG 0 3
c1041 rA 0 3
c0115 rL 0 3
c1074 r50 0 3
c0983 r52 0 3
c0061 rDS1 0 3
c0975 rN 0 3
c0430 rEr1 0 3
c0804 rEr2 0 3
c0024 r38 0 4
c0504 r34 0 4
c0534 r27 0 4
c0238 r51 0 4
c0835 rB 0 4
c0512 rD 0 4
c0132 rF 0 4
c0115 rG 0 4
c0062 rA 0 4
c0219 rL 0 4
c0206 r50 0 4
c0983 r52 0 4
c0088 rDS1 0 4
c0444 rN 0 4
c1062 rEr1 0 4
c0554 rEr2 0 4
c0009 r25 1 0
c0095 r36 1 0
c1064 r37 1 0
c0487 r38 1 0
c0983 r34 1 0
c0813 r27 1 0
c0980 r51 1 0
c0047 rB 1 0
c0478 rD 1 0
c0203 rF 1 0
c0056 rG 1 0
c0113 rA 1 0
c0430 rL 1 0
c0936 r50 1 0
c0742 r52 1 0
c0191 rDS1 1 0
c0963 rDS2 1 0
c0467 rEr1 1 0
c0860 rEr2 1 0
c0497 r37 1 1
c1053 r38 1 1
c0975 r34 1 1
c1072 r27 1 1
c0804 r51 1 1
c0191 rB 1 1
c0069 rD 1 1
c0253 rF 1 1
c0132 rG 1 1
c0230 rA 1 1
c0526 rL 1 1
c0203 r50 1 1
c0532 r52 1 1
c0103 rDS1 1 1
c0232 rDS2 1 1
c0213 rEr1 1 1
c0538 rEr2 1 1
c0955 r25 1 2
c0127 r36 1 2
c0835 r37 1 2
c0443 r38 1 2
c0479 r27 1 2
c0860 r51 1 2
c0515 rB 1 2
c0963 rD 1 2
c0279 rF 1 2
c0221 rG 1 2
c0520 rA 1 2
c0110 rL 1 2
c0789 r50 1 2
c0746 rDS1 1 2
c0975 rDS2 1 2
c0020 rEr1 1 2
c0883 rEr2 1 2
c0497 r25 1 3
c0044 r38 1 3
c0812 r34 1 3
c0178 r27 1 3
c0955 r51 1 3
c0936 rB 1 3
c1041 rD 1 3
c0252 rF 1 3
c0430 rG 1 3
c0975 rA 1 3
c0088 rL 1 3
c0062 r50 1 3
c0015 r52 1 3
c0133 rDS1 1 3
c0849 rDS2 1 3
c0526 rN 1 3
c0487 rEr1 1 3
c0530 r25 1 4
c1065 r37 1 4
c0554 r38 1 4
c0534 r34 1 4
c0455 r27 1 4
c0980 rB 1 4
c0737 rD 1 4
c0257 rF 1 4
c0795 rG 1 4
c0253 rA 1 4
c0217 rL 1 4
c0808 r50 1 4
c0963 r52 1 4
c0061 rDS1 1 4
c0211 rDS2 1 4
c0162 rEr1 1 4
c0983 rEr2 1 4
c0118 r25 2 0
c1065 r37 2 0
c0195 r38 2 0
c0730 r34 2 0
c0412 r27 2 0
c0162 r51 2 0
c0153 rB 2 0
c0520 rD 2 0
c0201 rF 2 0
c0230 rG 2 0
c0129 rA 2 0
c0432 rL 2 0
c1022 r50 2 0
c0504 r52 2 0
c0103 rDS1 2 0
c0808 rDS2 2 0
c0723 rN 2 0
c0127 rEr1 2 0
c0049 rEr2 2 0
c0862 r25 2 1
c1066 r36 2 1
c0195 r37 2 1
c0019 r38 2 1
c0432 r34 2 1
c0007 r27 2 1
c0503 r51 2 1
c0110 rB 2 1
c0746 rD 2 1
c0467 rF 2 1
c0129 rG 2 1
c1053 rA 2 1
c0998 rL 2 1
c0725 r50 2 1
c0534 r52 2 1
c0449 rDS1 2 1
c0897 rDS2 2 1
c0095 rN 2 1
c1074 rEr1 2 1
c0489 r36 2 2
c0807 r38 2 2
c0554 r27 2 2
c0980 rB 2 2
c0998 rD 2 2
c0072 rF 2 2
c0535 rG 2 2
c0411 rA 2 2
c0152 rL 2 2
c0963 r50 2 2
c0053 r52 2 2
c0455 rDS1 2 2
c0530 rDS2 2 2
c0449 rN 2 2
c0742 rEr1 2 2
c0044 rEr2 2 2
c0862 r25 2 3
c0213 r36 2 3
c0537 r37 2 3
c1074 r27 2 3
c0049 r51 2 3
c0225 rB 2 3
c0152 rD 2 3
c0230 rF 2 3
c0464 rG 2 3
c0024 rA 2 3
c0478 rL 2 3
c0095 r50 2 3
c1053 r52 2 3
c0746 rDS1 2 3
c0535 rDS2 2 3
c0860 rN 2 3
c0804 rEr1 2 3
c1069 r25 2 4
c0191 r36 2 4
c0883 r37 2 4
c0794 r38 2 4
c0118 r34 2 4
c1062 r27 2 4
c0074 r51 2 4
c0725 rB 2 4
c0023 rD 2 4
c0496 rF 2 4
c0047 rG 2 4
c0257 rA 2 4
c0152 rL 2 4
c0044 r50 2 4
c0015 r52 2 4
c0088 rDS1 2 4
c0963 rDS2 2 4
c0812 rEr1 2 4
c1064 rEr2 2 4
c1065 r25 3 0
c1066 r36 3 0
c0213 r37 3 0
c0444 r34 3 0
c0980 r27 3 0
c0088 rB 3 0
c0131 rD 3 0
c0257 rF 3 0
c0023 rG 3 0
c0113 rA 3 0
c0056 rL 3 0
c0487 r50 3 0
c0108 r52 3 0
c0512 rDS1 3 0
c0808 rEr1 3 0
c0062 rEr2 3 0
c0503 r25 3 1
c0862 r36 3 1
c0428 r37 3 1
c0467 r38 3 1
c0860 r34 3 1
c0178 r27 3 1
c0411 r51 3 1
c0047 rB 3 1
c0072 rD 3 1
c0897 rF 3 1
c0103 rG 3 1
c0131 rA 3 1
c0725 rL 3 1
c0019 r50 3 1
c0723 r52 3 1
c0449 rDS1 3 1
c0883 rEr2 3 1
c0538 r25 3 2
c1066 r36 3 2
c1064 r37 3 2
c0423 r38 3 2
c0862 r34 3 2
c0730 r27 3 2
c0883 r51 3 2
c0252 rB 3 2
c0512 rD 3 2
c0225 rF 3 2
c0072 rG 3 2
c0069 rA 3 2
c0106 rL 3 2
c0980 r50 3 2
c1022 r52 3 2
c0963 rDS1 3 2
c0007 rDS2 3 2
c0443 rN 3 2
c0479 r25 3 3
c0860 r36 3 3
c0883 r37 3 3
c0730 r38 3 3
c0975 r34 3 3
c0847 r27 3 3
c0537 r51 3 3
c0023 rB 3 3
c0252 rD 3 3
c0411 rF 3 3
c0998 rG 3 3
c0279 rA 3 3
c0069 rL 3 3
c0061 r50 3 3
c1064 r52 3 3
c0253 rDS1 3 3
c0955 rDS2 3 3
c0020 rN 3 3
c0983 rEr1 3 3
c0526 rEr2 3 3
c0807 r36 3 4
c0955 r37 3 4
c0127 r38 3 4
c0862 r34 3 4
c0211 r27 3 4
c1064 r51 3 4
c0602 rB 3 4
c1041 rD 3 4
c0489 rF 3 4
c0932 rG 3 4
c0106 rA 3 4
c0428 rL 3 4
c0497 r50 3 4
c0053 r52 3 4
c0133 rDS1 3 4
c0539 rN 3 4
c0206 rEr1 3 4
c0049 rEr2 3 4
c0795 r25 4 0
c0162 r36 4 0
c0742 r37 4 0
c0206 r38 4 0
c0883 r27 4 0
c0722 rB 4 0
c0980 rD 4 0
c0058 rF 4 0
c0532 rG 4 0
c0737 rA 4 0
c0515 rL 4 0
c0862 r50 4 0
c0975 r52 4 0
c0088 rDS1 4 0
c0537 rDS2 4 0
c0009 rEr1 4 0
c1062 rEr2 4 0
c0822 r25 4 1
c0849 r34 4 1
c0883 r27 4 1
c0131 rB 4 1
c0795 rD 4 1
c0515 rF 4 1
c0219 rG 4 1
c0423 rA 4 1
c0478 rL 4 1
c1005 r50 4 1
c0504 r52 4 1
c0058 rDS1 4 1
c0232 rEr1 4 1
c0980 rEr2 4 1
c0723 r25 4 2
c0428 r37 4 2
c0936 r38 4 2
c1069 r34 4 2
c0464 r27 4 2
c1077 r51 4 2
c0932 rB 4 2
c0133 rD 4 2
c0110 rF 4 2
c0108 rG 4 2
c0503 rA 4 2
c0024 rL 4 2
c0835 r50 4 2
c0860 r52 4 2
c0737 rDS1 4 2
c0538 rDS2 4 2
c0007 rEr1 4 2
c0847 rEr2 4 2
c0955 r38 4 3
c0813 r34 4 3
c0211 r27 4 3
c0975 r51 4 3
c0193 rB 4 3
c0133 rD 4 3
c0279 rF 4 3
c0847 rG 4 3
c0232 rA 4 3
c0722 rL 4 3
c1077 r50 4 3
c0849 r52 4 3
c0217 rDS1 4 3
c0019 rDS2 4 3
c0794 rN 4 3
c0983 rEr1 4 3
c0423 rEr2 4 3
c0602 r36 4 4
c0955 r37 4 4
c0862 r38 4 4
c0532 r34 4 4
c0074 rB 4 4
c0932 rD 4 4
c0115 rF 4 4
c0201 rG 4 4
c0722 rA 4 4
c0496 rL 4 4
c0238 r52 4 4
c0133 rDS1 4 4
c0897 rDS2 4 4
c0535 rN 4 4
c1064 rEr1 4 4
c0789 rEr2 4 4
