c0532 r25 0 0
c0118 r36 0 0
c0535 r38 0 0
c0467 r27 0 0
c0113 rB 0 0
c0132 rD 0 0
c0219 rF 0 0
c0056 rG 0 0
c0193 rA 0 0
c0095 rL 0 0
c0238 r50 0 0
c1069 r52 0 0
c0221 rDS1 0 0
c0411 rDS2 0 0
c0723 rN 0 0
c0975 rEr1 0 0
c0983 rEr2 0 0
c0009 r25 0 1
c0822 r36 0 1
c0807 r37 0 1
c0103 r38 0 1
c0860 r51 0 1
c0430 rB 0 1
c1005 rD 0 1
c0535 rF 0 1
c0131 rG 0 1
c0252 rA 0 1
c0088 rL 0 1
c1064 r50 0 1
c0061 r52 0 1
c0133 rDS1 0 1
c0195 rDS2 0 1
c0723 rN 0 1
c1072 rEr1 0 1
c1064 r25 0 2
c0860 r36 0 2
c0532 r34 0 2
c0554 r27 0 2
c0813 r51 0 2
c0069 rB 0 2
c0062 rD 0 2
c0193 rF 0 2
c0932 rG 0 2
c0058 rA 0 2
c0526 rL 0 2
c0538 r52 0 2
c0217 rDS1 0 2
c0980 rEr1 0 2
c0095 rEr2 0 2
c0118 r25 0 3
c0812 r36 0 3
c0975 r34 0 3
c0049 r27 0 3
c0203 r51 0 3
c0252 rB 0 3
c0430 rD 0 3
c0737 rF 0 3
c0133 rG 0 3
c0526 rA 0 3
c1041 rL 0 3
c0464 r50 0 3
c0088 rDS1 0 3
c0794 rN 0 3
c0955 rEr1 0 3
c0015 rEr2 0 3
c0535 r25 0 4
c1066 r38 0 4
c0526 r34 0 4
c0489 r27 0 4
c0883 r51 0 4
c0746 rB 0 4
c0062 rD 0 4
c0106 rF 0 4
c0152 rG 0 4
c0980 rA 0 4
c0020 rL 0 4
c0789 r50 0 4
c0860 r52 0 4
c0478 rDS1 0 4
c0530 rDS2 0 4
c0813 rN 0 4
c0449 rEr2 0 4
c0795 r25 1 0
c0108 r36 1 0
c0497 r38 1 0
c1065 r34 1 0
c0044 r27 1 0
c0211 r51 1 0
c0746 rB 1 0
c0512 rD 1 0
c0088 rF 1 0
c0423 rG 1 0
c0257 rA 1 0
c0153 rL 1 0
c0195 r50 1 0
c0983 r52 1 0
c1053 rDS1 1 0
c0808 rDS2 1 0
c0103 rN 1 0
c0503 rEr2 1 0
c0807 r25 1 1
c0795 r36 1 1
c0955 r37 1 1
c0860 r38 1 1
c0449 r34 1 1
c0024 r27 1 1
c0061 r51 1 1
c0132 rB 1 1
c0115 rD 1 1
c0554 rF 1 1
c0088 rG 1 1
c1072 rA 1 1
c0058 rL 1 1
c0178 r50 1 1
c0127 r52 1 1
c0515 rDS1 1 1
c0539 rDS2 1 1
c0737 rEr1 1 1
c0009 rEr2 1 1
c0206 r37 1 2
c0127 r34 1 2
c0537 r27 1 2
c0883 r51 1 2
c0110 rB 1 2
c0835 rD 1 2
c0512 rF 1 2
c0072 rG 1 2
c0225 rA 1 2
c1053 rL 1 2
c0983 r50 1 2
c0412 r52 1 2
c0746 rDS1 1 2
c0963 rDS2 1 2
c0849 rN 1 2
c0789 rEr1 1 2
c0007 rEr2 1 2
c0191 r36 1 3
c0730 r37 1 3
c0443 r38 1 3
c0849 r34 1 3
c0062 r51 1 3
c0203 rB 1 3
c1041 rD 1 3
c0230 rF 1 3
c0464 rG 1 3
c0058 rA 1 3
c0153 rL 1 3
c0512 r50 1 3
c0534 r52 1 3
c0835 rDS1 1 3
c0983 rDS2 1 3
c1074 rN 1 3
c0455 rEr2 1 3
c0497 r25 1 4
c0883 r37 1 4
c0808 r38 1 4
c0449 r34 1 4
c0049 r27 1 4
c0936 r51 1 4
c0044 rB 1 4
c0520 rD 1 4
c0110 rF 1 4
c0201 rG 1 4
c0129 rA 1 4
c0225 rL 1 4
c0432 r50 1 4
c0862 r52 1 4
c0219 rDS1 1 4
c1053 rDS2 1 4
c0602 rEr1 1 4
c0497 r36 2 0
c0534 r37 2 0
c0489 r38 2 0
c0232 r34 2 0
c0053 r27 2 0
c0095 r51 2 0
c0467 rB 2 0
c0072 rD 2 0
c0074 rF 2 0
c0132 rG 2 0
c0129 rA 2 0
c0106 rL 2 0
c0211 r50 2 0
c0503 r52 2 0
c0103 rDS1 2 0
c0412 rN 2 0
c0444 rEr1 2 0
c0428 rEr2 2 0
c0538 r25 2 1
c0479 r36 2 1
c0742 r37 2 1
c0955 r38 2 1
c0232 r34 2 1
c0019 r51 2 1
c0113 rB 2 1
c0998 rD 2 1
c0539 rF 2 1
c0056 rG 2 1
c0279 rA 2 1
c0047 rL 2 1
c0530 r50 2 1
c0862 r52 2 1
c0897 rDS1 2 1
c0794 rEr1 2 1
c0554 rEr2 2 1
c0019 r25 2 2
c0444 r37 2 2
c0487 r38 2 2
c0883 r34 2 2
c0162 r27 2 2
c0983 r51 2 2
c0428 rB 2 2
c1069 rD 2 2
c0411 rF 2 2
c0201 rG 2 2
c0069 rA 2 2
c0998 rL 2 2
c0822 r50 2 2
c0963 r52 2 2
c0217 rDS1 2 2
c1065 rDS2 2 2
c0975 rN 2 2
c1022 rEr1 2 2
c0980 rEr2 2 2
c0862 r25 2 3
c1064 r37 2 3
c1062 r38 2 3
c0432 r34 2 3
c0108 r27 2 3
c0520 rB 2 3
c0023 rD 2 3
c0279 rF 2 3
c0225 rG 2 3
c0152 rA 2 3
c0069 rL 2 3
c0213 r50 2 3
c0804 r52 2 3
c0479 rDS1 2 3
c0980 rDS2 2 3
c0015 rN 2 3
c0444 rEr1 2 3
c0835 rEr2 2 3
c0118 r25 2 4
c0206 r36 2 4
c0020 r37 2 4
c0975 r27 2 4
c0061 r51 2 4
c0487 rB 2 4
c0428 rD 2 4
c0191 rF 2 4
c0023 rG 2 4
c0203 rA 2 4
c0455 rL 2 4
c0794 r50 2 4
c0053 r52 2 4
c0537 rDS1 2 4
c0232 rDS2 2 4
c1074 rN 2 4
c0860 rEr1 2 4
c0897 rEr2 2 4
c0479 r25 3 0
c0206 r36 3 0
c0883 r37 3 0
c0534 r38 3 0
c1066 r34 3 0
c0489 r27 3 0
c0053 r51 3 0
c0515 rB 3 0
c0455 rD 3 0
c0253 rF 3 0
c0056 rG 3 0
c0152 rA 3 0
c0230 rL 3 0
c0108 r50 3 0
c0162 r52 3 0
c0980 rDS1 3 0
c0412 rN 3 0
c0963 rEr1 3 0
c0530 rEr2 3 0
c0238 r25 3 1
c1062 r36 3 1
c0955 r37 3 1
c0862 r38 3 1
c0883 r34 3 1
c0963 r27 3 1
c0812 r51 3 1
c0725 rB 3 1
c0230 rD 3 1
c0257 rF 3 1
c0253 rG 3 1
c0722 rA 3 1
c0998 rL 3 1
c0975 r50 3 1
c0496 r52 3 1
c0191 rDS1 3 1
c1064 rDS2 3 1
c0020 rN 3 1
c0049 rEr2 3 1
c1022 r25 3 2
c0213 r37 3 2
c0742 r38 3 2
c1069 r34 3 2
c0983 r27 3 2
c1066 r51 3 2
c0411 rB 3 2
c0515 rD 3 2
c0023 rF 3 2
c0072 rG 3 2
c0980 rA 3 2
c0221 rL 3 2
c0963 r50 3 2
c0496 r52 3 2
c0047 rDS1 3 2
c0178 rN 3 2
c0862 rEr1 3 2
c0955 rEr2 3 2
c0808 r25 3 3
c0812 r36 3 3
c0936 r37 3 3
c0862 r38 3 3
c0213 r34 3 3
c0009 r27 3 3
c0044 r51 3 3
c0432 rB 3 3
c0131 rD 3 3
c0153 rF 3 3
c0279 rG 3 3
c0113 rA 3 3
c1041 rL 3 3
c1077 r50 3 3
c0730 r52 3 3
c0024 rDS1 3 3
c1022 rEr1 3 3
c0602 r36 3 4
c0975 r37 3 4
c0504 r38 3 4
c0211 r34 3 4
c0955 r27 3 4
c0115 rB 3 4
c1074 rD 3 4
c0936 rF 3 4
c0847 rG 3 4
c0257 rA 3 4
c0253 rL 3 4
c0730 r50 3 4
c0963 r52 3 4
c0217 rDS1 3 4
c0742 rDS2 3 4
c0789 rN 3 4
c1065 rEr1 3 4
c0804 r37 4 0
c0975 r38 4 0
c0443 r34 4 0
c0795 r51 4 0
c0110 rB 4 0
c1072 rD 4 0
c0133 rF 4 0
c0520 rG 4 0
c0478 rA 4 0
c0219 rL 4 0
c0983 r50 4 0
c0487 r52 4 0
c0515 rDS1 4 0
c0539 rDS2 4 0
c0238 rEr1 4 0
c0430 rEr2 4 0
c0532 r36 4 1
c0496 r38 4 1
c0074 r34 4 1
c0537 r27 4 1
c0897 r51 4 1
c0195 rB 4 1
c0106 rD 4 1
c0088 rF 4 1
c0131 rG 4 1
c0133 rA 4 1
c0503 rL 4 1
c0467 r50 4 1
c0047 rDS1 4 1
c0127 rDS2 4 1
c0807 rN 4 1
c1064 rEr1 4 1
c0860 r25 4 2
c0019 r37 4 2
c0504 r38 4 2
c0980 r27 4 2
c0955 r51 4 2
c0932 rB 4 2
c0193 rD 4 2
c0007 rF 4 2
c1005 rG 4 2
c0722 rA 4 2
c0115 rL 4 2
c1062 r50 4 2
c0862 r52 4 2
c0478 rDS1 4 2
c0813 rDS2 4 2
c1064 rN 4 2
c0423 rEr1 4 2
c0883 rEr2 4 2
c0504 r25 4 3
c0162 r36 4 3
c0423 r37 4 3
c0849 r38 4 3
c0178 r34 4 3
c0725 r51 4 3
c0847 rB 4 3
c0252 rD 4 3
c0932 rF 4 3
c0024 rG 4 3
c0602 rA 4 3
c0129 rL 4 3
c0074 r50 4 3
c0538 r52 4 3
c0464 rDS1 4 3
c0963 rDS2 4 3
c0822 rN 4 3
c1077 rEr1 4 3
c0723 rEr2 4 3
c0804 r25 4 4
c0860 r37 4 4
c0737 r38 4 4
c0221 rB 4 4
c0725 rD 4 4
c1005 rF 4 4
c0133 rG 4 4
c0201 rA 4 4
c0847 rL 4 4
c1064 r50 4 4
c0015 r52 4 4
c0722 rDS1 4 4
c0007 rN 4 4
c1077 rEr1 4 4
c0443 rEr2 4 4
