c1064 r25 0 0
c0195 r37 0 0
c1066 r34 0 0
c1005 r51 0 0
c0113 rB 0 0
c0129 rD 0 0
c0133 rF 0 0
c0106 rG 0 0
c0932 rA 0 0
c0193 rL 0 0
c0478 r52 0 0
c0219 rDS1 0 0
c0238 rDS2 0 0
c0812 rEr2 0 0
c0162 r25 0 1
c0423 r37 0 1
c0009 r38 0 1
c0983 r34 0 1
c0537 r51 0 1
c0056 rB 0 1
c0115 rD 0 1
c0133 rF 0 1
c0602 rG 0 1
c0088 rA 0 1
c0252 rL 0 1
c0849 r52 0 1
c0515 rDS1 0 1
c1066 rDS2 0 1
c0808 rN 0 1
c0532 r25 0 2
c0975 r37 0 2
c1062 r38 0 2
c0095 r34 0 2
c1064 r27 0 2
c0009 r51 0 2
c0932 rB 0 2
c0515 rD 0 2
c0963 rF 0 2
c0110 rG 0 2
c1077 rA 0 2
c0279 rL 0 2
c0554 r50 0 2
c1069 r52 0 2
c0746 rDS1 0 2
c0980 rDS2 0 2
c0860 rN 0 2
c0074 rEr1 0 2
c0955 rEr2 0 2
c0789 r25 0 3
c0794 r36 0 3
c0539 r37 0 3
c0955 r38 0 3
c0503 r34 0 3
c0430 rB 0 3
c0088 rD 0 3
c0479 rF 0 3
c0024 rG 0 3
c1041 rA 0 3
c0153 rL 0 3
c0489 r50 0 3
c0103 rDS1 0 3
c0538 rN 0 3
c0983 rEr1 0 3
c0975 rEr2 0 3
c0015 r37 0 4
c0535 r38 0 4
c0238 r34 0 4
c0428 r27 0 4
c0504 r51 0 4
c0152 rB 0 4
c0069 rD 0 4
c0133 rF 0 4
c0049 rG 0 4
c1041 rA 0 4
c0106 rL 0 4
c1005 r50 0 4
c0058 rDS1 0 4
c0411 rDS2 0 4
c1064 rEr1 0 4
c0206 rEr2 0 4
c0537 r25 1 0
c1065 r37 1 0
c1069 r38 1 0
c0955 r34 1 0
c0195 r51 1 0
c0072 rB 1 0
c0253 rD 1 0
c0487 rF 1 0
c0467 rG 1 0
c1072 rA 1 0
c0009 rL 1 0
c0883 r50 1 0
c0808 r52 1 0
c0047 rDS1 1 0
c0532 rDS2 1 0
c0044 rN 1 0
c0725 rEr1 1 0
c0813 rEr2 1 0
c0813 r25 1 1
c0794 r37 1 1
c0178 r38 1 1
c0804 r34 1 1
c0554 r27 1 1
c0730 r51 1 1
c0998 rB 1 1
c0152 rD 1 1
c0219 rF 1 1
c0072 rG 1 1
c0132 rA 1 1
c0430 rL 1 1
c0936 r50 1 1
c0074 r52 1 1
c0221 rDS1 1 1
c1072 rDS2 1 1
c0127 rN 1 1
c0015 rEr1 1 1
c0412 rEr2 1 1
c0883 r25 1 2
c0807 r36 1 2
c0983 r34 1 2
c0428 r51 1 2
c0058 rB 1 2
c0512 rD 1 2
c0998 rF 1 2
c0257 rG 1 2
c0049 rA 1 2
c0980 rL 1 2
c1053 r52 1 2
c0221 rDS1 1 2
c0849 rDS2 1 2
c0095 rN 1 2
c0955 rEr1 1 2
c0975 rEr2 1 2
c0955 r37 1 3
c0496 r38 1 3
c0812 r27 1 3
c0423 rB 1 3
c0897 rD 1 3
c0252 rF 1 3
c0467 rG 1 3
c1005 rA 1 3
c0088 rL 1 3
c0203 r50 1 3
c0497 r52 1 3
c0725 rDS1 1 3
c0983 rDS2 1 3
c1064 rEr1 1 3
c0062 rEr2 1 3
c0020 r25 1 4
c0489 r36 1 4
c0975 r37 1 4
c0044 r38 1 4
c1065 r34 1 4
c1066 r27 1 4
c0535 r51 1 4
c0253 rB 1 4
c0980 rD 1 4
c0201 rF 1 4
c0113 rG 1 4
c0193 rA 1 4
c0230 rL 1 4
c0955 r50 1 4
c0963 r52 1 4
c0602 rDS1 1 4
c0108 rDS2 1 4
c0232 rEr1 1 4
c0742 rEr2 1 4
c0444 r25 2 0
c0213 r36 2 0
c0443 r37 2 0
c0812 r38 2 0
c0412 r34 2 0
c1053 r27 2 0
c0723 r51 2 0
c0129 rB 2 0
c0478 rD 2 0
c0221 rF 2 0
c0053 rG 2 0
c1065 rA 2 0
c0230 rL 2 0
c0980 r50 2 0
c0963 r52 2 0
c0515 rDS1 2 0
c1022 rDS2 2 0
c0504 rN 2 0
c0049 rEr1 2 0
c0742 r25 2 1
c0496 r36 2 1
c0534 r38 2 1
c1077 r34 2 1
c0478 r27 2 1
c0725 r51 2 1
c0847 rB 2 1
c0432 rD 2 1
c0132 rF 2 1
c0467 rG 2 1
c0023 rA 2 1
c0015 rL 2 1
c0449 r50 2 1
c0975 r52 2 1
c0203 rDS1 2 1
c0807 rN 2 1
c0813 rEr1 2 1
c0056 rEr2 2 1
c0860 r25 2 2
c0530 r36 2 2
c0537 r37 2 2
c0479 r34 2 2
c0061 r27 2 2
c0975 r51 2 2
c0203 rB 2 2
c0191 rD 2 2
c0217 rF 2 2
c0279 rG 2 2
c0722 rA 2 2
c0069 rL 2 2
c0019 r50 2 2
c0730 r52 2 2
c0095 rDS1 2 2
c0443 rDS2 2 2
c0444 rEr1 2 2
c0883 rEr2 2 2
c1064 r25 2 3
c0497 r36 2 3
c0118 r37 2 3
c0602 r38 2 3
c0074 r51 2 3
c0072 rB 2 3
c0449 rD 2 3
c0487 rF 2 3
c0983 rG 2 3
c0232 rA 2 3
c0103 rL 2 3
c0512 r50 2 3
c0897 r52 2 3
c0191 rDS1 2 3
c0024 rDS2 2 3
c0804 rN 2 3
c0053 rEr2 2 3
c0862 r25 2 4
c0535 r36 2 4
c0213 r37 2 4
c0808 r38 2 4
c0983 r34 2 4
c1074 r27 2 4
c1053 r51 2 4
c0201 rB 2 4
c0479 rD 2 4
c0019 rF 2 4
c0047 rG 2 4
c0132 rA 2 4
c0520 rL 2 4
c0061 r50 2 4
c0432 r52 2 4
c0217 rDS1 2 4
c0794 rDS2 2 4
c0503 rEr1 2 4
c0178 rEr2 2 4
c0883 r25 3 0
c0504 r36 3 0
c0213 r37 3 0
c0730 r34 3 0
c0118 r27 3 0
c0835 r51 3 0
c0056 rB 3 0
c0455 rD 3 0
c0232 rF 3 0
c0062 rG 3 0
c0515 rA 3 0
c0113 rL 3 0
c0430 r50 3 0
c0822 r52 3 0
c0980 rDS1 3 0
c0053 rDS2 3 0
c0862 rN 3 0
c0127 rEr1 3 0
c0412 rEr2 3 0
c0807 r36 3 1
c0044 r37 3 1
c0449 r38 3 1
c0534 r34 3 1
c0737 r27 3 1
c0795 r51 3 1
c0152 rB 3 1
c0257 rD 3 1
c0455 rF 3 1
c0963 rG 3 1
c0980 rA 3 1
c0062 rL 3 1
c0464 r50 3 1
c1062 r52 3 1
c0225 rDS1 3 1
c0936 rDS2 3 1
c0883 rN 3 1
c0007 rEr1 3 1
c0103 rEr2 3 1
c0789 r25 3 2
c0487 r36 3 2
c1022 r37 3 2
c0020 r38 3 2
c0862 r34 3 2
c0860 r27 3 2
c0530 r51 3 2
c0464 rB 3 2
c0936 rD 3 2
c0411 rF 3 2
c0115 rG 3 2
c0023 rA 3 2
c0897 rL 3 2
c0047 rDS1 3 2
c0061 rDS2 3 2
c0191 rN 3 2
c0497 rEr2 3 2
c1064 r25 3 3
c0883 r37 3 3
c0862 r27 3 3
c0178 r51 3 3
c0019 rB 3 3
c0106 rD 3 3
c1022 rF 3 3
c0069 rG 3 3
c0131 rA 3 3
c1041 rL 3 3
c0963 r50 3 3
c0860 r52 3 3
c0411 rDS1 3 3
c0526 rN 3 3
c0534 rEr2 3 3
c0503 r25 3 4
c0862 r36 3 4
c0742 r37 3 4
c0211 r34 3 4
c0464 r27 3 4
c0980 r51 3 4
c0998 rB 3 4
c0129 rD 3 4
c0253 rF 3 4
c0230 rG 3 4
c0722 rA 3 4
c0257 rL 3 4
c0443 r52 3 4
c0538 rDS1 3 4
c0206 rDS2 3 4
c0822 rN 3 4
c1074 rEr1 3 4
c0963 rEr2 3 4
c0822 r25 4 0
c0539 r36 4 0
c0860 r37 4 0
c0737 r38 4 0
c0530 r34 4 0
c0538 r27 4 0
c0795 r51 4 0
c0115 rB 4 0
c0023 rD 4 0
c0088 rF 4 0
c0110 rG 4 0
c0153 rA 4 0
c0746 rL 4 0
c0532 r50 4 0
c0804 r52 4 0
c0195 rDS1 4 0
c0526 rDS2 4 0
c0238 rEr1 4 0
c0862 rEr2 4 0
c0883 r25 4 1
c0795 r36 4 1
c0860 r37 4 1
c0862 r38 4 1
c0118 r34 4 1
c1072 r27 4 1
c0723 r51 4 1
c0512 rB 4 1
c0496 rD 4 1
c0088 rF 4 1
c0520 rG 4 1
c0252 rA 4 1
c0131 rL 4 1
c0020 r50 4 1
c0554 r52 4 1
c0217 rDS1 4 1
c0127 rDS2 4 1
c1069 rN 4 1
c0444 rEr1 4 1
c0963 rEr2 4 1
c0955 r25 4 2
c0975 r36 4 2
c1064 r38 4 2
c0007 r34 4 2
c0162 r51 4 2
c0133 rB 4 2
c0219 rD 4 2
c0746 rF 4 2
c0520 rG 4 2
c0279 rA 4 2
c0847 rL 4 2
c0428 r50 4 2
c0723 r52 4 2
c0225 rDS1 4 2
c0983 rDS2 4 2
c0835 rN 4 2
c0108 rEr1 4 2
c0789 rEr2 4 2
c0835 r25 4 3
c0526 r36 4 3
c0539 r37 4 3
c0206 r34 4 3
c0849 r27 4 3
c0133 rB 4 3
c0110 rD 4 3
c0201 rF 4 3
c0131 rG 4 3
c0737 rA 4 3
c1062 rL 4 3
c0024 r52 4 3
c0932 rDS1 4 3
c0423 rDS2 4 3
c0211 rN 4 3
c1077 rEr2 4 3
c0432 r25 4 4
c1074 r36 4 4
c0007 r27 4 4
c0860 r51 4 4
c0058 rB 4 4
c0225 rD 4 4
c0108 rF 4 4
c0193 rG 4 4
c0489 rA 4 4
c0153 rL 4 4
c0847 r50 4 4
c0722 rDS1 4 4
c0211 rDS2 4 4
c0162 rEr1 4 4
c0455 rEr2 4 4
