c0428 r25 0 0
c0195 r36 0 0
c0489 r34 0 0
c0794 r27 0 0
c0539 r51 0 0
c0113 rB 0 0
c0746 rD 0 0
c0515 rF 0 0
c0129 rG 0 0
c0411 rA 0 0
c0133 rL 0 0
c0860 r50 0 0
c1072 rDS1 0 0
c0118 rEr2 0 0
c0432 r36 0 1
c0602 r27 0 1
c0211 r51 0 1
c0153 rB 0 1
c0230 rD 0 1
c0115 rF 0 1
c0532 rG 0 1
c0496 rA 0 1
c0195 rL 0 1
c0983 r52 0 1
c0095 rDS1 0 1
c0860 rEr1 0 1
c0497 rEr2 0 1
c0860 r25 0 2
c0009 r36 0 2
c0883 r37 0 2
c0537 r38 0 2
c0602 r27 0 2
c0061 r51 0 2
c0058 rB 0 2
c0103 rD 0 2
c0069 rF 0 2
c0412 rG 0 2
c0129 rA 0 2
c0201 rL 0 2
c0423 r50 0 2
c1064 r52 0 2
c0191 rDS1 0 2
c0980 rEr2 0 2
c0794 r25 0 3
c0822 r36 0 3
c0955 r37 0 3
c0530 r38 0 3
c0537 r34 0 3
c0479 r27 0 3
c0024 r51 0 3
c0411 rB 0 3
c0203 rD 0 3
c0225 rF 0 3
c0193 rG 0 3
c0279 rA 0 3
c1041 rL 0 3
c0963 r50 0 3
c0428 r52 0 3
c0103 rDS1 0 3
c0444 rDS2 0 3
c0975 rN 0 3
c0009 rEr1 0 3
c1064 rEr2 0 3
c0975 r25 0 4
c0955 r36 0 4
c1022 r37 0 4
c0162 r51 0 4
c0110 rB 0 4
c0069 rD 0 4
c0554 rF 0 4
c0088 rG 0 4
c0132 rA 0 4
c0106 rL 0 4
c0024 r50 0 4
c1064 r52 0 4
c0203 rDS1 0 4
c0061 rDS2 0 4
c0423 rEr2 0 4
c0497 r36 1 0
c1062 r37 1 0
c0849 r38 1 0
c0412 r34 1 0
c0191 rB 1 0
c0106 rD 1 0
c0219 rF 1 0
c0072 rG 1 0
c0153 rA 1 0
c0056 rL 1 0
c0812 r50 1 0
c0534 r52 1 0
c0047 rDS1 1 0
c0535 rDS2 1 0
c0487 rEr1 1 0
c0530 rEr2 1 0
c0530 r25 1 1
c0238 r36 1 1
c0883 r38 1 1
c0955 r27 1 1
c0526 r51 1 1
c1066 rB 1 1
c0795 rD 1 1
c0201 rF 1 1
c0217 rG 1 1
c0252 rA 1 1
c0443 rL 1 1
c0478 r50 1 1
c0061 r52 1 1
c0980 rDS1 1 1
c1053 rDS2 1 1
c0449 rEr1 1 1
c0024 rEr2 1 1
c0535 r25 1 2
c0489 r36 1 2
c0007 r37 1 2
c1062 r38 1 2
c0812 r34 1 2
c0020 r27 1 2
c0963 r51 1 2
c0253 rB 1 2
c0152 rD 1 2
c0103 rF 1 2
c0279 rG 1 2
c0058 rA 1 2
c0515 rL 1 2
c0822 r52 1 2
c0049 rDS1 1 2
c0849 rDS2 1 2
c0095 rN 1 2
c1005 rEr2 1 2
c0444 r25 1 3
c0955 r36 1 3
c0127 r37 1 3
c1022 r38 1 3
c0213 r34 1 3
c1077 r27 1 3
c0808 r51 1 3
c1072 rB 1 3
c0133 rD 1 3
c0110 rF 1 3
c0201 rG 1 3
c0520 rA 1 3
c0049 rL 1 3
c0503 r50 1 3
c0088 rDS1 1 3
c0936 rDS2 1 3
c0862 rN 1 3
c0015 rEr1 1 3
c0737 rEr2 1 3
c0423 r25 1 4
c0044 r36 1 4
c0862 r37 1 4
c0538 r38 1 4
c0983 r34 1 4
c0883 r27 1 4
c0095 r51 1 4
c0487 rB 1 4
c0088 rD 1 4
c0015 rF 1 4
c0072 rG 1 4
c0058 rA 1 4
c0193 rL 1 4
c0455 r50 1 4
c0539 r52 1 4
c1069 rDS1 1 4
c0980 rDS2 1 4
c1022 rN 1 4
c0532 r25 2 0
c0730 r36 2 0
c0504 r37 2 0
c0449 r38 2 0
c0118 r34 2 0
c1062 r27 2 0
c0206 r51 2 0
c0232 rB 2 0
c0515 rD 2 0
c0980 rF 2 0
c0129 rG 2 0
c1077 rA 2 0
c0219 rL 2 0
c0464 r50 2 0
c0835 r52 2 0
c0746 rDS1 2 0
c0526 rDS2 2 0
c0862 rN 2 0
c0538 rEr1 2 0
c0062 rEr2 2 0
c0496 r25 2 1
c0238 r36 2 1
c0443 r37 2 1
c0444 r38 2 1
c0723 r34 2 1
c0534 r27 2 1
c0049 r51 2 1
c0252 rB 2 1
c0056 rD 2 1
c0023 rF 2 1
c0897 rG 2 1
c0515 rA 2 1
c0835 rL 2 1
c0862 r50 2 1
c0804 r52 2 1
c0253 rDS1 2 1
c0860 rDS2 2 1
c0020 rN 2 1
c0412 rEr1 2 1
c1064 rEr2 2 1
c0554 r37 2 2
c0044 r38 2 2
c0503 r27 2 2
c0019 r51 2 2
c0467 rB 2 2
c0983 rD 2 2
c0998 rF 2 2
c0053 rG 2 2
c0897 rA 2 2
c1066 rL 2 2
c0512 r50 2 2
c0883 r52 2 2
c0203 rDS1 2 2
c0213 rN 2 2
c0860 rEr1 2 2
c0449 rEr2 2 2
c0535 r37 2 3
c0020 r38 2 3
c0804 r34 2 3
c0862 r27 2 3
c0963 r51 2 3
c1041 rB 2 3
c0217 rD 2 3
c0813 rF 2 3
c0430 rG 2 3
c1005 rA 2 3
c0088 rL 2 3
c0053 r50 2 3
c0883 r52 2 3
c0464 rDS1 2 3
c1053 rDS2 2 3
c0062 rEr1 2 3
c0478 rEr2 2 3
c0127 r37 2 4
c0955 r38 2 4
c0044 r34 2 4
c0983 r27 2 4
c0253 rB 2 4
c0062 rD 2 4
c0132 rF 2 4
c0230 rG 2 4
c0191 rA 2 4
c0725 rL 2 4
c1053 r50 2 4
c0178 r52 2 4
c0232 rDS1 2 4
c0479 rDS2 2 4
c0162 rN 2 4
c0602 rEr1 2 4
c1065 rEr2 2 4
c1064 r36 3 0
c0860 r37 3 0
c0443 r38 3 0
c1074 r34 3 0
c0936 r27 3 0
c0795 r51 3 0
c0221 rB 3 0
c0152 rD 3 0
c0074 rF 3 0
c0520 rG 3 0
c0133 rA 3 0
c1069 rL 3 0
c0723 r52 3 0
c0808 rDS1 3 0
c0862 rDS2 3 0
c0737 rEr1 3 0
c0455 rEr2 3 0
c0479 r36 3 1
c0496 r37 3 1
c0808 r38 3 1
c1065 r34 3 1
c0795 r27 3 1
c0983 r51 3 1
c0113 rB 3 1
c0056 rD 3 1
c0257 rF 3 1
c0132 rG 3 1
c0023 rA 3 1
c0088 rL 3 1
c1072 r50 3 1
c0504 r52 3 1
c0998 rDS1 3 1
c0534 rDS2 3 1
c0975 rN 3 1
c0742 rEr1 3 1
c0430 rEr2 3 1
c0807 r37 3 2
c0975 r38 3 2
c0730 r34 3 2
c0538 r27 3 2
c0069 rB 3 2
c0219 rD 3 2
c0847 rF 3 2
c0113 rG 3 2
c0257 rA 3 2
c0193 rL 3 2
c0007 r50 3 2
c1064 r52 3 2
c0932 rDS1 3 2
c0789 rDS2 3 2
c0883 rN 3 2
c0963 rEr1 3 2
c0478 rEr2 3 2
c0730 r25 3 3
c0178 r36 3 3
c0108 r37 3 3
c0074 r38 3 3
c0019 r34 3 3
c0455 r51 3 3
c0257 rB 3 3
c0252 rD 3 3
c1041 rF 3 3
c0152 rG 3 3
c0153 rA 3 3
c0722 rL 3 3
c0813 r50 3 3
c0497 r52 3 3
c0932 rDS1 3 3
c0213 rDS2 3 3
c0118 rEr1 3 3
c0537 rEr2 3 3
c0742 r25 3 4
c0532 r36 3 4
c1065 r37 3 4
c0822 r34 3 4
c0963 r27 3 4
c0835 r51 3 4
c1069 rB 3 4
c0230 rD 3 4
c0072 rF 3 4
c0221 rG 3 4
c0980 rA 3 4
c0115 rL 3 4
c0432 r50 3 4
c0975 r52 3 4
c0722 rDS1 3 4
c0554 rDS2 3 4
c0789 rN 3 4
c0539 rEr1 3 4
c0053 rEr2 3 4
c0860 r25 4 0
c0794 r36 4 0
c0074 r37 4 0
c0162 r38 4 0
c0195 r27 4 0
c0131 rB 4 0
c0279 rD 4 0
c0430 rF 4 0
c0998 rG 4 0
c0520 rA 4 0
c0847 rL 4 0
c1064 r50 4 0
c0127 r52 4 0
c0047 rDS1 4 0
c0742 rDS2 4 0
c0812 rN 4 0
c0232 rEr1 4 0
c0936 rEr2 4 0
c0428 r37 4 1
c0211 r34 4 1
c1077 r27 4 1
c0789 r51 4 1
c0725 rB 4 1
c0047 rD 4 1
c0023 rF 4 1
c0133 rG 4 1
c0225 rA 4 1
c0131 rL 4 1
c0487 r52 4 1
c0411 rDS1 4 1
c0897 rDS2 4 1
c0807 rN 4 1
c0206 rEr1 4 1
c0467 rEr2 4 1
c0975 r25 4 2
c1066 r36 4 2
c0804 r37 4 2
c0862 r38 4 2
c0206 r27 4 2
c0980 r51 4 2
c0512 rB 4 2
c1005 rD 4 2
c0983 rF 4 2
c0963 rG 4 2
c0110 rA 4 2
c0115 rL 4 2
c0504 r52 4 2
c0932 rDS1 4 2
c0489 rDS2 4 2
c0955 rEr1 4 2
c0007 rEr2 4 2
c0807 r25 4 3
c0883 r36 4 3
c0723 r37 4 3
c1074 r38 4 3
c0464 r27 4 3
c0849 r51 4 3
c0108 rB 4 3
c0225 rD 4 3
c0217 rF 4 3
c0980 rG 4 3
c0019 rA 4 3
c0131 rL 4 3
c0178 r50 4 3
c0813 r52 4 3
c0737 rDS1 4 3
c0211 rN 4 3
c0963 rEr1 4 3
c0512 rEr2 4 3
c0015 r25 4 4
c1074 r36 4 4
c0009 r37 4 4
c0983 r34 4 4
c0847 r27 4 4
c0526 r51 4 4
c0722 rB 4 4
c0106 rD 4 4
c0746 rF 4 4
c0108 rG 4 4
c0975 rA 4 4
c0221 rL 4 4
c0725 r50 4 4
c0467 r52 4 4
c0133 rDS1 4 4
c0955 rDS2 4 4
c0238 rN 4 4
c0503 rEr1 4 4
c0432 rEr2 4 4
