c1066 r37 0 0
c0432 r34 0 0
c0009 r27 0 0
c0211 r51 0 0
c0056 rB 0 0
c0980 rD 0 0
c0520 rF 0 0
c0489 rG 0 0
c0279 rA 0 0
c0515 rL 0 0
c0539 r50 0 0
c0103 r52 0 0
c0849 rDS1 0 0
c0530 rDS2 0 0
c0074 rN 0 0
c0983 rEr1 0 0
c0975 rEr2 0 0
c0423 r25 0 1
c0118 r38 0 1
c0794 r34 0 1
c1072 r27 0 1
c0230 rB 0 1
c0279 rD 0 1
c0532 rF 0 1
c0252 rG 0 1
c0113 rA 0 1
c0132 rL 0 1
c0056 r50 0 1
c0539 r52 0 1
c0515 rDS1 0 1
c0232 rDS2 0 1
c0807 rEr1 0 1
c0061 rEr2 0 1
c0497 r36 0 2
c0723 r37 0 2
c0975 r38 0 2
c0496 r34 0 2
c0722 rB 0 2
c1077 rD 0 2
c0428 rF 0 2
c0980 rG 0 2
c0252 rA 0 2
c0217 rL 0 2
c0526 r50 0 2
c0053 r52 0 2
c0512 rDS1 0 2
c0983 rDS2 0 2
c1022 rN 0 2
c0411 rEr1 0 2
c0963 rEr2 0 2
c0489 r25 0 3
c0162 r37 0 3
c0020 r38 0 3
c0444 r34 0 3
c0428 r51 0 3
c0053 rB 0 3
c0193 rD 0 3
c0115 rF 0 3
c0897 rG 0 3
c0152 rA 0 3
c0133 rL 0 3
c1022 r50 0 3
c0479 r52 0 3
c0526 rDS1 0 3
c0860 rN 0 3
c0411 rEr1 0 3
c1062 r25 0 4
c0532 r37 0 4
c0443 r38 0 4
c0955 r34 0 4
c0211 r27 0 4
c0203 r51 0 4
c0115 rB 0 4
c0478 rD 0 4
c0980 rF 0 4
c0069 rG 0 4
c0110 rA 0 4
c0221 rL 0 4
c0512 r50 0 4
c0795 r52 0 4
c0423 rDS1 0 4
c0062 rDS2 0 4
c0537 rN 0 4
c0464 rEr1 0 4
c0504 rEr2 0 4
c0860 r25 1 0
c0489 r36 1 0
c0443 r37 1 0
c0822 r38 1 0
c0804 r27 1 0
c0975 r51 1 0
c0203 rB 1 0
c0132 rD 1 0
c0253 rF 1 0
c0478 rG 1 0
c0056 rA 1 0
c0230 rL 1 0
c1074 r50 1 0
c1077 r52 1 0
c0746 rDS1 1 0
c0049 rDS2 1 0
c1064 rN 1 0
c0538 rEr1 1 0
c0238 rEr2 1 0
c0804 r25 1 1
c0737 r36 1 1
c0955 r38 1 1
c0535 r34 1 1
c0044 r27 1 1
c1062 r51 1 1
c0515 rB 1 1
c0088 rD 1 1
c0110 rF 1 1
c0520 rG 1 1
c0835 rA 1 1
c0133 rL 1 1
c0455 r50 1 1
c0860 r52 1 1
c0061 rDS1 1 1
c0554 rDS2 1 1
c0530 rEr1 1 1
c0822 rEr2 1 1
c0535 r25 1 2
c0044 r36 1 2
c0554 r37 1 2
c0795 r38 1 2
c0883 r34 1 2
c0007 r51 1 2
c0515 rB 1 2
c0487 rD 1 2
c0152 rF 1 2
c0219 rG 1 2
c0103 rA 1 2
c0455 rL 1 2
c0980 r50 1 2
c0449 r52 1 2
c0058 rDS1 1 2
c0534 rDS2 1 2
c0127 rN 1 2
c0479 rEr1 1 2
c0095 r25 1 3
c0538 r36 1 3
c0742 r38 1 3
c0213 r27 1 3
c0232 rB 1 3
c0257 rD 1 3
c0110 rF 1 3
c0132 rG 1 3
c0129 rA 1 3
c1041 rL 1 3
c0862 r52 1 3
c0602 rDS1 1 3
c0074 rDS2 1 3
c0730 rN 1 3
c0430 rEr1 1 3
c0412 rEr2 1 3
c0108 r25 1 4
c0883 r36 1 4
c1062 r37 1 4
c0808 r38 1 4
c0061 r27 1 4
c0464 r51 1 4
c0430 rB 1 4
c0794 rD 1 4
c0044 rF 1 4
c0131 rG 1 4
c0023 rA 1 4
c0088 rL 1 4
c1064 r50 1 4
c0191 rDS1 1 4
c0020 rDS2 1 4
c0812 rN 1 4
c0963 rEr1 1 4
c0238 rEr2 1 4
c0423 r25 2 0
c0095 r37 2 0
c0883 r38 2 0
c0963 r51 2 0
c0088 rB 2 0
c0980 rD 2 0
c0230 rF 2 0
c0115 rG 2 0
c1065 rA 2 0
c0257 rL 2 0
c0497 r50 2 0
c0487 r52 2 0
c0746 rDS1 2 0
c0812 rDS2 2 0
c0211 rN 2 0
c0535 rEr1 2 0
c0195 rEr2 2 0
c0534 r25 2 1
c1069 r36 2 1
c0024 r37 2 1
c0467 r38 2 1
c0503 r34 2 1
c1053 r27 2 1
c0152 rB 2 1
c0998 rD 2 1
c0072 rF 2 1
c0847 rG 2 1
c0153 rA 2 1
c0058 rL 2 1
c0009 r52 2 1
c0225 rDS1 2 1
c0539 rDS2 2 1
c0432 rEr1 2 1
c0412 rEr2 2 1
c0069 r25 2 2
c0602 r36 2 2
c1064 r37 2 2
c0449 r34 2 2
c0206 r27 2 2
c1069 r51 2 2
c0106 rB 2 2
c0072 rD 2 2
c0129 rF 2 2
c0219 rG 2 2
c1053 rA 2 2
c0512 rL 2 2
c0127 r50 2 2
c0019 r52 2 2
c0225 rDS1 2 2
c1072 rDS2 2 2
c0742 rEr1 2 2
c0862 rEr2 2 2
c0883 r36 2 3
c0118 r37 2 3
c0095 r38 2 3
c0526 r34 2 3
c0807 r27 2 3
c0178 r51 2 3
c0023 rB 2 3
c0088 rD 2 3
c0897 rF 2 3
c0725 rG 2 3
c0496 rA 2 3
c0049 rL 2 3
c0835 r50 2 3
c0020 r52 2 3
c0203 rDS1 2 3
c0503 rDS2 2 3
c0975 rN 2 3
c0534 rEr1 2 3
c0428 rEr2 2 3
c0883 r25 2 4
c1053 r36 2 4
c0432 r37 2 4
c1065 r38 2 4
c0504 r34 2 4
c0963 r27 2 4
c1074 r51 2 4
c1041 rB 2 4
c0047 rD 2 4
c0072 rF 2 4
c0221 rG 2 4
c0725 rA 2 4
c0455 rL 2 4
c0206 r52 2 4
c0998 rDS1 2 4
c0024 rDS2 2 4
c0213 rN 2 4
c1022 rEr1 2 4
c0191 rEr2 2 4
c0955 r25 3 0
c0983 r34 3 0
c1064 r27 3 0
c0835 r51 3 0
c0153 rB 3 0
c0193 rD 3 0
c0221 rF 3 0
c0279 rG 3 0
c0047 rA 3 0
c0847 rL 3 0
c1005 r50 3 0
c0412 r52 3 0
c0219 rDS1 3 0
c0789 rDS2 3 0
c0975 rN 3 0
c0443 rEr1 3 0
c0723 rEr2 3 0
c0238 r25 3 1
c0955 r36 3 1
c0554 r37 3 1
c0118 r34 3 1
c0862 r27 3 1
c0808 r51 3 1
c1005 rB 3 1
c0201 rD 3 1
c0936 rF 3 1
c0897 rG 3 1
c0737 rA 3 1
c0746 rL 3 1
c0813 r50 3 1
c0103 r52 3 1
c0932 rDS1 3 1
c0019 rDS2 3 1
c1064 rN 3 1
c0195 rEr1 3 1
c0860 rEr2 3 1
c0955 r25 3 2
c0537 r36 3 2
c0860 r38 3 2
c0812 r34 3 2
c0963 r27 3 2
c0497 r51 3 2
c0503 rB 3 2
c0069 rD 3 2
c0191 rF 3 2
c0113 rG 3 2
c0253 rA 3 2
c0106 rL 3 2
c0049 r52 3 2
c0444 rDS1 3 2
c0737 rDS2 3 2
c0862 rN 3 2
c0983 rEr1 3 2
c0808 r25 3 3
c0127 r36 3 3
c0487 r38 3 3
c0983 r51 3 3
c0217 rB 3 3
c0062 rD 3 3
c0153 rF 3 3
c0019 rG 3 3
c0257 rA 3 3
c0113 rL 3 3
c0975 r50 3 3
c0178 r52 3 3
c1065 rDS1 3 3
c1072 rDS2 3 3
c0479 rEr1 3 3
c0449 rEr2 3 3
c0537 r25 3 4
c0730 r37 3 4
c1066 r34 3 4
c0795 r27 3 4
c0062 r51 3 4
c0201 rB 3 4
c0133 rD 3 4
c0131 rF 3 4
c0253 rG 3 4
c0024 rA 3 4
c0252 rL 3 4
c0804 r50 3 4
c0108 rDS1 3 4
c0862 rDS2 3 4
c1064 rN 3 4
c0053 rEr1 3 4
c0232 rEr2 3 4
c0532 r36 4 0
c0794 r37 4 0
c0822 r27 4 0
c1066 r51 4 0
c0217 rB 4 0
c0411 rD 4 0
c0015 rF 4 0
c0131 rG 4 0
c0047 rA 4 0
c0193 rL 4 0
c1069 r50 4 0
c0742 r52 4 0
c0133 rDS1 4 0
c0862 rDS2 4 0
c0860 rN 4 0
c1064 rEr2 4 0
c0730 r36 4 1
c0975 r37 4 1
c0936 r34 4 1
c0883 r27 4 1
c0195 r51 4 1
c0225 rB 4 1
c0520 rD 4 1
c0023 rF 4 1
c0430 rG 4 1
c0467 rA 4 1
c0015 rL 4 1
c0955 r50 4 1
c0980 r52 4 1
c0998 rDS1 4 1
c1074 rN 4 1
c0849 rEr1 4 1
c0789 r36 4 2
c0860 r37 4 2
c0936 r34 4 2
c0847 r27 4 2
c0201 rB 4 2
c0133 rD 4 2
c0932 rF 4 2
c0478 rG 4 2
c0813 rA 4 2
c0162 rL 4 2
c0530 r50 4 2
c0007 r52 4 2
c0108 rDS1 4 2
c0213 rDS2 4 2
c0538 rN 4 2
c0983 rEr1 4 2
c0955 rEr2 4 2
c0009 r25 4 3
c0206 r36 4 3
c0444 r37 4 3
c1077 r38 4 3
c0602 r34 4 3
c0464 r51 4 3
c0129 rB 4 3
c0963 rD 4 3
c1041 rF 4 3
c0088 rG 4 3
c0058 rA 4 3
c0722 rL 4 3
c0015 r50 4 3
c0883 rDS1 4 3
c0723 rDS2 4 3
c0789 rN 4 3
c1005 rEr1 4 3
c0849 rEr2 4 3
c0074 r25 4 4
c0178 r36 4 4
c0807 r37 4 4
c0007 r38 4 4
c0862 r34 4 4
c0813 r27 4 4
c0496 rB 4 4
c0725 rD 4 4
c0932 rF 4 4
c0722 rG 4 4
c0983 rA 4 4
c0106 rL 4 4
c0467 r52 4 4
c0980 rDS1 4 4
c0504 rDS2 4 4
c0162 rN 4 4
c0963 rEr1 4 4
