c0975 r25 0 0
c0812 r36 0 0
c0467 r38 0 0
c0955 r34 0 0
c0127 r27 0 0
c0497 r51 0 0
c0133 rB 0 0
c0512 rD 0 0
c0195 rF 0 0
c0897 rG 0 0
c0932 rA 0 0
c0464 rL 0 0
c0053 r52 0 0
c0103 rDS1 0 0
c0983 rDS2 0 0
c0860 rEr1 0 0
c0835 r25 0 1
c0206 r37 0 1
c0807 r34 0 1
c0015 r27 0 1
c1072 r51 0 1
c0088 rB 0 1
c0133 rD 0 1
c0515 rF 0 1
c0131 rG 0 1
c0058 rA 0 1
c0056 rL 0 1
c1005 r50 0 1
c0423 r52 0 1
c0103 rDS1 0 1
c1064 rDS2 0 1
c0539 rN 0 1
c0860 rEr2 0 1
c0813 r25 0 2
c1064 r36 0 2
c0118 r38 0 2
c0532 r34 0 2
c1066 r27 0 2
c0193 rB 0 2
c0443 rD 0 2
c0074 rF 0 2
c0131 rG 0 2
c0058 rA 0 2
c0221 rL 0 2
c0095 r50 0 2
c0428 r52 0 2
c0455 rDS1 0 2
c0020 rDS2 0 2
c0723 rN 0 2
c0963 rEr2 0 2
c0737 r36 0 3
c0532 r38 0 3
c0015 r27 0 3
c0430 r51 0 3
c0746 rB 0 3
c0061 rD 0 3
c0221 rF 0 3
c1077 rG 0 3
c1065 rA 0 3
c0110 rL 0 3
c0411 r50 0 3
c0007 r52 0 3
c0217 rDS1 0 3
c0883 rDS2 0 3
c0980 rEr1 0 3
c0455 rEr2 0 3
c0975 r36 0 4
c0822 r38 0 4
c0020 r34 0 4
c0496 r27 0 4
c0849 r51 0 4
c0088 rB 0 4
c0193 rD 0 4
c0061 rF 0 4
c0132 rG 0 4
c1041 rA 0 4
c0520 rL 0 4
c0053 r50 0 4
c0955 r52 0 4
c0219 rDS1 0 4
c0478 rDS2 0 4
c0795 rN 0 4
c0118 rEr1 0 4
c0479 r36 1 0
c0794 r37 1 0
c0532 r38 1 0
c0730 r27 1 0
c0538 r51 1 0
c0279 rB 1 0
c0253 rD 1 0
c0113 rF 1 0
c0230 rG 1 0
c0056 rA 1 0
c0153 rL 1 0
c0203 r50 1 0
c0211 r52 1 0
c0191 rDS1 1 0
c0849 rDS2 1 0
c0975 rN 1 0
c0955 rEr1 1 0
c1074 rEr2 1 0
c0195 r37 1 1
c1064 r38 1 1
c0074 r34 1 1
c0455 r27 1 1
c0053 r51 1 1
c0520 rB 1 1
c0132 rD 1 1
c0019 rF 1 1
c0430 rG 1 1
c0932 rA 1 1
c0515 rL 1 1
c1072 r52 1 1
c0722 rDS1 1 1
c0983 rDS2 1 1
c0535 rN 1 1
c0504 rEr1 1 1
c0489 rEr2 1 1
c0496 r25 1 2
c0975 r37 1 2
c0789 r38 1 2
c0983 r34 1 2
c0074 r51 1 2
c0428 rB 1 2
c0106 rD 1 2
c0072 rF 1 2
c0058 rG 1 2
c0849 rA 1 2
c0009 rL 1 2
c0730 rDS1 1 2
c0467 rDS2 1 2
c0044 rN 1 2
c0444 rEr2 1 2
c0955 r25 1 3
c0178 r37 1 3
c0537 r38 1 3
c0983 r34 1 3
c0530 r27 1 3
c0795 r51 1 3
c0478 rB 1 3
c0432 rD 1 3
c0257 rF 1 3
c0023 rG 1 3
c1077 rA 1 3
c1041 rL 1 3
c0095 r50 1 3
c0213 r52 1 3
c0133 rDS1 1 3
c0412 rDS2 1 3
c1065 rEr1 1 3
c0936 rEr2 1 3
c0822 r36 1 4
c0412 r37 1 4
c1053 r38 1 4
c1065 r34 1 4
c0444 r27 1 4
c0238 r51 1 4
c0253 rB 1 4
c0257 rD 1 4
c0131 rF 1 4
c0047 rG 1 4
c0110 rA 1 4
c0998 rL 1 4
c0725 r50 1 4
c0062 r52 1 4
c0219 rDS1 1 4
c0044 rDS2 1 4
c0554 rN 1 4
c0232 rEr2 1 4
c0534 r36 2 0
c0162 r37 2 0
c0238 r34 2 0
c0232 r27 2 0
c0115 rB 2 0
c0201 rD 2 0
c0808 rF 2 0
c0152 rG 2 0
c0062 rA 2 0
c0153 rL 2 0
c0860 r50 2 0
c0526 r52 2 0
c1053 rDS1 2 0
c1066 rDS2 2 0
c0813 rN 2 0
c0794 rEr1 2 0
c0725 rEr2 2 0
c0537 r25 2 1
c0955 r36 2 1
c0024 r37 2 1
c0539 r38 2 1
c0602 r34 2 1
c0883 r27 2 1
c0862 r51 2 1
c0230 rB 2 1
c0113 rD 2 1
c0252 rF 2 1
c0062 rG 2 1
c0432 rA 2 1
c1072 rL 2 1
c1053 r50 2 1
c0963 r52 2 1
c0203 rDS1 2 1
c0127 rDS2 2 1
c0504 rN 2 1
c0479 rEr1 2 1
c0530 rEr2 2 1
c0534 r25 2 2
c0883 r36 2 2
c0095 r38 2 2
c0412 r34 2 2
c1064 r27 2 2
c0213 r51 2 2
c0936 rB 2 2
c0225 rD 2 2
c0279 rF 2 2
c0069 rG 2 2
c0023 rA 2 2
c0526 rL 2 2
c0980 r50 2 2
c0963 r52 2 2
c0061 rDS1 2 2
c0862 rN 2 2
c0479 rEr1 2 2
c0975 rEr2 2 2
c0213 r37 2 3
c0127 r38 2 3
c1074 r34 2 3
c0847 r27 2 3
c0023 rB 2 3
c0520 rD 2 3
c0152 rF 2 3
c0069 rG 2 3
c0132 rA 2 3
c0225 rL 2 3
c0487 r50 2 3
c0535 r52 2 3
c0449 rDS1 2 3
c0118 rDS2 2 3
c0049 rEr1 2 3
c0835 rEr2 2 3
c0808 r25 2 4
c0862 r36 2 4
c0044 r37 2 4
c0020 r38 2 4
c0489 r34 2 4
c0812 r27 2 4
c0009 r51 2 4
c0152 rB 2 4
c0072 rD 2 4
c0932 rF 2 4
c0722 rG 2 4
c0538 rA 2 4
c0503 rL 2 4
c0742 r50 2 4
c1062 r52 2 4
c0539 rDS1 2 4
c0980 rDS2 2 4
c1022 rEr1 2 4
c0497 rEr2 2 4
c0813 r36 3 0
c0804 r34 3 0
c0467 r51 3 0
c0725 rB 3 0
c0056 rD 3 0
c0203 rF 3 0
c0133 rG 3 0
c0129 rA 3 0
c0088 rL 3 0
c1069 r50 3 0
c0178 r52 3 0
c0998 rDS1 3 0
c0897 rDS2 3 0
c0534 rN 3 0
c0503 rEr1 3 0
c0975 r25 3 1
c0955 r36 3 1
c0449 r37 3 1
c0206 r38 3 1
c0822 r34 3 1
c1022 r27 3 1
c0103 r51 3 1
c0115 rB 3 1
c0230 rD 3 1
c0225 rF 3 1
c0257 rG 3 1
c0443 rA 3 1
c0252 rL 3 1
c0512 r50 3 1
c0860 r52 3 1
c0019 rDS1 3 1
c0963 rDS2 3 1
c1064 rN 3 1
c0049 rEr1 3 1
c0487 rEr2 3 1
c0862 r25 3 2
c0955 r36 3 2
c0804 r37 3 2
c0489 r38 3 2
c0443 r34 3 2
c0980 r27 3 2
c0554 r51 3 2
c0998 rB 3 2
c0515 rD 3 2
c0602 rF 3 2
c0069 rG 3 2
c0047 rA 3 2
c0072 rL 3 2
c0789 r50 3 2
c0883 r52 3 2
c0253 rDS1 3 2
c1069 rDS2 3 2
c0742 rEr1 3 2
c0983 rEr2 3 2
c0206 r25 3 3
c0449 r36 3 3
c0191 r37 3 3
c0835 r38 3 3
c0464 r51 3 3
c0115 rB 3 3
c0153 rD 3 3
c0129 rF 3 3
c0047 rG 3 3
c1041 rA 3 3
c0201 rL 3 3
c0497 r50 3 3
c0088 rDS1 3 3
c0526 rDS2 3 3
c0530 rN 3 3
c0808 rEr1 3 3
c0162 r25 3 4
c0554 r36 3 4
c0178 r37 3 4
c1062 r38 3 4
c0860 r34 3 4
c0232 r27 3 4
c0423 r51 3 4
c0106 rB 3 4
c0812 rD 3 4
c0535 rF 3 4
c0217 rG 3 4
c0024 rA 3 4
c0113 rL 3 4
c0980 r50 3 4
c0537 r52 3 4
c0191 rDS1 3 4
c0963 rDS2 3 4
c1022 rN 3 4
c0487 rEr1 3 4
c0049 rEr2 3 4
c1064 r25 4 0
c0883 r37 4 0
c0211 r34 4 0
c0742 r27 4 0
c0496 r51 4 0
c0129 rB 4 0
c0411 rD 4 0
c0217 rF 4 0
c0722 rG 4 0
c1005 rA 4 0
c0794 rL 4 0
c0963 r50 4 0
c0478 r52 4 0
c0515 rDS1 4 0
c0847 rDS2 4 0
c0195 rN 4 0
c0015 rEr1 4 0
c0211 r25 4 1
c0723 r37 4 1
c0504 r38 4 1
c0730 r34 4 1
c0024 r51 4 1
c0193 rB 4 1
c0746 rD 4 1
c0201 rF 4 1
c1069 rG 4 1
c0430 rA 4 1
c0133 rL 4 1
c1064 r50 4 1
c0860 r52 4 1
c0411 rDS1 4 1
c0847 rDS2 4 1
c0009 rEr1 4 1
c0162 rEr2 4 1
c0428 r25 4 2
c0807 r36 4 2
c0723 r37 4 2
c1066 r38 4 2
c0862 r27 4 2
c0538 r51 4 2
c0252 rB 4 2
c0444 rD 4 2
c0464 rF 4 2
c0512 rG 4 2
c0019 rA 4 2
c0108 rL 4 2
c0007 r50 4 2
c0737 r52 4 2
c0980 rDS1 4 2
c0795 rN 4 2
c0503 rEr2 4 2
c0975 r25 4 3
c0883 r38 4 3
c1077 r34 4 3
c0423 r27 4 3
c1062 r51 4 3
c0746 rB 4 3
c1005 rD 4 3
c0279 rF 4 3
c0110 rG 4 3
c0088 rA 4 3
c0219 rL 4 3
c0963 r50 4 3
c0983 r52 4 3
c0108 rDS1 4 3
c0789 rDS2 4 3
c0807 rN 4 3
c0862 rEr1 4 3
c0980 rEr2 4 3
c0862 r25 4 4
c0804 r37 4 4
c0007 r38 4 4
c0883 r34 4 4
c0983 rB 4 4
c0432 rD 4 4
c0108 rF 4 4
c0737 rG 4 4
c0106 rA 4 4
c0221 rL 4 4
c1074 r50 4 4
c0860 r52 4 4
c0602 rDS1 4 4
c0936 rDS2 4 4
c0897 rEr1 4 4
c0238 rEr2 4 4
