c1062 r38 0 0
c0535 r34 0 0
c0211 r27 0 0
c0478 r51 0 0
c0132 rB 0 0
c0411 rD 0 0
c0056 rF 0 0
c0129 rG 0 0
c0095 rA 0 0
c0225 rL 0 0
c0723 r50 0 0
c1064 r52 0 0
c0219 rDS1 0 0
c0162 rN 0 0
c0489 rEr1 0 0
c1005 rEr2 0 0
c1074 r25 0 1
c0539 r36 0 1
c0074 r38 0 1
c0602 r27 0 1
c0530 r51 0 1
c0056 rB 0 1
c0103 rD 0 1
c0252 rF 0 1
c0132 rG 0 1
c0230 rA 0 1
c0489 rL 0 1
c0497 r50 0 1
c0975 r52 0 1
c0515 rDS1 0 1
c0808 rEr1 0 1
c0432 rEr2 0 1
c0554 r25 0 2
c1062 r37 0 2
c0537 r38 0 2
c0496 r27 0 2
c0983 r51 0 2
c0069 rB 0 2
c0980 rD 0 2
c0193 rF 0 2
c0058 rG 0 2
c0061 rA 0 2
c0106 rL 0 2
c0955 r50 0 2
c0812 r52 0 2
c0020 rDS1 0 2
c0975 rN 0 2
c0794 r25 0 3
c0127 r36 0 3
c0813 r37 0 3
c0423 r38 0 3
c0789 r34 0 3
c0113 rB 0 3
c0115 rD 0 3
c0512 rF 0 3
c0132 rG 0 3
c0049 rA 0 3
c1041 rL 0 3
c0007 r50 0 3
c0504 r52 0 3
c0088 rDS1 0 3
c0537 rDS2 0 3
c0532 rEr1 0 3
c0955 rEr2 0 3
c0789 r25 0 4
c0554 r36 0 4
c0822 r37 0 4
c0024 r51 0 4
c0932 rB 0 4
c0737 rD 0 4
c0152 rF 0 4
c0725 rG 0 4
c0049 rA 0 4
c0106 rL 0 4
c1066 r50 0 4
c0849 rDS1 0 4
c0238 rDS2 0 4
c0813 rN 0 4
c0963 rEr1 0 4
c0980 rEr2 0 4
c1053 r37 1 0
c0849 r34 1 0
c0044 r27 1 0
c0131 rB 1 0
c0221 rD 1 0
c0072 rF 1 0
c0153 rG 1 0
c0455 rA 1 0
c0219 rL 1 0
c0412 r52 1 0
c0515 rDS1 1 0
c0053 rDS2 1 0
c0504 rN 1 0
c0211 rEr1 1 0
c0443 rEr2 1 0
c1053 r36 1 1
c1074 r37 1 1
c0479 r38 1 1
c0602 r34 1 1
c1005 r51 1 1
c0252 rB 1 1
c0253 rF 1 1
c0015 rG 1 1
c0152 rA 1 1
c0722 rL 1 1
c0195 r50 1 1
c0232 r52 1 1
c1072 rDS1 1 1
c0535 rDS2 1 1
c0808 rN 1 1
c0849 rEr1 1 1
c0133 rEr2 1 1
c1065 r25 1 2
c1066 r37 1 2
c0883 r38 1 2
c0062 r51 1 2
c0746 rB 1 2
c0257 rD 1 2
c0009 rF 1 2
c0225 rG 1 2
c0131 rA 1 2
c0110 rL 1 2
c0478 r50 1 2
c1077 r52 1 2
c0095 rDS1 1 2
c0807 rDS2 1 2
c0489 rN 1 2
c0444 rEr1 1 2
c0822 rEr2 1 2
c0804 r25 1 3
c1065 r36 1 3
c0178 r37 1 3
c0007 r38 1 3
c1069 r34 1 3
c0795 r51 1 3
c0279 rB 1 3
c0432 rD 1 3
c0113 rF 1 3
c0980 rG 1 3
c0047 rA 1 3
c0193 rL 1 3
c0975 r50 1 3
c0020 r52 1 3
c0221 rDS1 1 3
c0044 rDS2 1 3
c0449 rN 1 3
c1005 rEr1 1 3
c0963 rEr2 1 3
c1064 r25 1 4
c0862 r36 1 4
c0449 r37 1 4
c0479 r34 1 4
c0539 r27 1 4
c0127 r51 1 4
c0193 rB 1 4
c0835 rD 1 4
c0897 rF 1 4
c0062 rG 1 4
c0257 rA 1 4
c1053 rL 1 4
c0983 r50 1 4
c0975 r52 1 4
c0464 rDS1 1 4
c0428 rDS2 1 4
c0412 rN 1 4
c0883 rEr1 1 4
c0534 rEr2 1 4
c0504 r25 2 0
c0444 r36 2 0
c1022 r37 2 0
c0238 r38 2 0
c0963 r51 2 0
c0455 rB 2 0
c0088 rD 2 0
c0219 rF 2 0
c0515 rG 2 0
c0072 rA 2 0
c0069 rL 2 0
c0742 r50 2 0
c1072 rDS1 2 0
c1065 rDS2 2 0
c0195 rN 2 0
c0538 rEr1 2 0
c0206 r25 2 1
c1022 r36 2 1
c0496 r37 2 1
c0980 r38 2 1
c1077 r34 2 1
c0538 r27 2 1
c0883 r51 2 1
c0257 rB 2 1
c0019 rD 2 1
c0056 rF 2 1
c0430 rG 2 1
c0103 rA 2 1
c0411 rL 2 1
c0975 r50 2 1
c0478 r52 2 1
c0058 rDS1 2 1
c0061 rDS2 2 1
c0095 rN 2 1
c0118 rEr1 2 1
c1064 rEr2 2 1
c0807 r25 2 2
c0554 r36 2 2
c0108 r38 2 2
c0883 r34 2 2
c0053 r27 2 2
c0963 r51 2 2
c0203 rB 2 2
c0049 rD 2 2
c0503 rF 2 2
c0217 rG 2 2
c0936 rA 2 2
c0191 rL 2 2
c0019 r50 2 2
c0044 r52 2 2
c0980 rDS1 2 2
c0860 rDS2 2 2
c0206 rN 2 2
c0730 rEr1 2 2
c0449 rEr2 2 2
c1064 r25 2 3
c0807 r36 2 3
c0794 r37 2 3
c0118 r38 2 3
c0862 r34 2 3
c0883 r27 2 3
c0015 r51 2 3
c0279 rB 2 3
c0103 rD 2 3
c0129 rF 2 3
c0191 rG 2 3
c1041 rA 2 3
c0088 rL 2 3
c0526 r50 2 3
c0061 r52 2 3
c0217 rDS1 2 3
c0178 rDS2 2 3
c0535 rN 2 3
c0430 rEr1 2 3
c0213 rEr2 2 3
c0602 r36 2 4
c0024 r37 2 4
c1064 r38 2 4
c0178 r34 2 4
c0963 r27 2 4
c0152 rB 2 4
c0998 rD 2 4
c0217 rF 2 4
c0047 rG 2 4
c0253 rA 2 4
c0072 rL 2 4
c0512 r50 2 4
c0847 r52 2 4
c0497 rDS1 2 4
c0232 rDS2 2 4
c0537 rEr1 2 4
c0213 r25 3 0
c0742 r36 3 0
c0723 r37 3 0
c0538 r38 3 0
c0195 r34 3 0
c0730 r27 3 0
c0862 r51 3 0
c0153 rB 3 0
c0203 rD 3 0
c0455 rF 3 0
c0725 rG 3 0
c0015 rA 3 0
c0088 rL 3 0
c0074 r50 3 0
c1022 r52 3 0
c0813 rDS1 3 0
c0423 rDS2 3 0
c0532 rN 3 0
c0983 rEr1 3 0
c0955 rEr2 3 0
c0532 r25 3 1
c0804 r36 3 1
c0862 r37 3 1
c0487 r34 3 1
c0539 r27 3 1
c0203 r51 3 1
c0113 rB 3 1
c0191 rD 3 1
c0230 rF 3 1
c0129 rG 3 1
c0835 rA 3 1
c0932 rL 3 1
c0153 r50 3 1
c0211 r52 3 1
c0746 rDS1 3 1
c0534 rN 3 1
c0860 rEr1 3 1
c0118 rEr2 3 1
c0503 r25 3 2
c0526 r36 3 2
c0497 r38 3 2
c0835 r34 3 2
c0860 r27 3 2
c0464 r51 3 2
c0515 rB 3 2
c0023 rD 3 2
c0069 rF 3 2
c0998 rG 3 2
c0253 rA 3 2
c0722 rL 3 2
c0534 r50 3 2
c0862 r52 3 2
c0047 rDS1 3 2
c0897 rDS2 3 2
c0883 rN 3 2
c0062 rEr1 3 2
c0955 rEr2 3 2
c0955 r38 3 3
c0983 r34 3 3
c0467 r27 3 3
c0487 r51 3 3
c0423 rB 3 3
c0023 rD 3 3
c0088 rF 3 3
c0520 rG 3 3
c0252 rA 3 3
c0897 rL 3 3
c1077 r50 3 3
c0822 r52 3 3
c0722 rDS1 3 3
c0479 rDS2 3 3
c0053 rEr1 3 3
c0862 rEr2 3 3
c0860 r25 3 4
c1074 r36 3 4
c1041 r37 3 4
c0133 r38 3 4
c0730 r34 3 4
c0428 r27 3 4
c0812 r51 3 4
c0024 rB 3 4
c0023 rD 3 4
c0467 rF 3 4
c0936 rG 3 4
c0106 rL 3 4
c1069 r50 3 4
c0221 rDS1 3 4
c0742 rDS2 3 4
c0443 rN 3 4
c0862 rEr1 3 4
c0496 rEr2 3 4
c0794 r36 4 0
c0444 r37 4 0
c0955 r38 4 0
c0847 r51 4 0
c0230 rB 4 0
c0279 rD 4 0
c0520 rF 4 0
c0110 rG 4 0
c0411 rA 4 0
c0998 rL 4 0
c0530 r50 4 0
c1069 r52 4 0
c0133 rDS1 4 0
c0860 rDS2 4 0
c0428 rEr1 4 0
c0804 rEr2 4 0
c1064 r25 4 1
c0808 r36 4 1
c1062 r37 4 1
c0883 r38 4 1
c0238 r34 4 1
c0487 r27 4 1
c0963 r51 4 1
c0131 rB 4 1
c0115 rD 4 1
c0520 rF 4 1
c0020 rG 4 1
c0201 rA 4 1
c0430 rL 4 1
c0009 r50 4 1
c0936 r52 4 1
c0746 rDS1 4 1
c0980 rDS2 4 1
c0795 rN 4 1
c0162 rEr1 4 1
c0232 rEr2 4 1
c0213 r36 4 2
c0467 r37 4 2
c1072 r27 4 2
c0983 r51 4 2
c0225 rB 4 2
c0108 rD 4 2
c0009 rF 4 2
c0110 rG 4 2
c0133 rA 4 2
c0975 rL 4 2
c0512 r50 4 2
c1064 r52 4 2
c0737 rDS1 4 2
c0789 rDS2 4 2
c0074 rN 4 2
c0443 rEr1 4 2
c0464 rEr2 4 2
c0860 r36 4 3
c0975 r38 4 3
c0983 r27 4 3
c0812 r51 4 3
c0432 rB 4 3
c0058 rD 4 3
c0737 rF 4 3
c0201 rG 4 3
c0847 rA 4 3
c0503 rL 4 3
c0127 r50 4 3
c0412 r52 4 3
c0133 rDS1 4 3
c0530 rDS2 4 3
c0723 rN 4 3
c0007 rEr1 4 3
c0019 rEr2 4 3
c0955 r37 4 4
c0206 r38 4 4
c0860 r34 4 4
c0162 rB 4 4
c0980 rD 4 4
c0108 rF 4 4
c0932 rG 4 4
c0201 rA 4 4
c0115 rL 4 4
c0983 r50 4 4
c1066 r52 4 4
c0725 rDS1 4 4
c0795 rDS2 4 4
c0963 rEr1 4 4
c0526 rEr2 4 4
