c0813 r25 0 0
c0883 r36 0 0
c0723 r37 0 0
c0195 r38 0 0
c0412 r34 0 0
c0532 r27 0 0
c0512 r51 0 0
c0069 rB 0 0
c0219 rD 0 0
c0103 rF 0 0
c0963 rG 0 0
c0131 rA 0 0
c0432 rL 0 0
c0467 rDS1 0 0
c1064 rN 0 0
c0238 rEr2 0 0
c0539 r38 0 1
c0238 r34 0 1
c0808 r27 0 1
c0443 r51 0 1
c0110 rB 0 1
c0430 rD 0 1
c0132 rF 0 1
c1072 rG 0 1
c0737 rA 0 1
c1077 rL 0 1
c0526 r50 0 1
c0955 r52 0 1
c0195 rDS1 0 1
c0983 rDS2 0 1
c0412 rN 0 1
c0455 rEr1 0 1
c0504 rEr2 0 1
c0095 r25 0 2
c1077 r38 0 2
c0860 r34 0 2
c0980 r27 0 2
c0983 r51 0 2
c1062 rB 0 2
c0489 rD 0 2
c0069 rF 0 2
c0279 rG 0 2
c0443 rA 0 2
c0225 rL 0 2
c0537 r50 0 2
c0723 r52 0 2
c0746 rDS1 0 2
c0883 rDS2 0 2
c0497 rN 0 2
c0532 rEr2 0 2
c0095 r25 0 3
c1066 r37 0 3
c0449 r38 0 3
c0849 r27 0 3
c0203 rB 0 3
c0496 rD 0 3
c0221 rF 0 3
c0252 rG 0 3
c0411 rA 0 3
c0113 rL 0 3
c0007 r50 0 3
c0980 r52 0 3
c0963 rDS1 0 3
c0062 rDS2 0 3
c0535 rEr1 0 3
c0020 rEr2 0 3
c0479 r25 0 4
c0794 r37 0 4
c0118 r38 0 4
c0044 r34 0 4
c0464 r27 0 4
c1074 rB 0 4
c0221 rD 0 4
c0217 rF 0 4
c1041 rG 0 4
c0110 rA 0 4
c0153 rL 0 4
c0015 r50 0 4
c0789 r52 0 4
c0430 rDS1 0 4
c0860 rDS2 0 4
c1064 rN 0 4
c1005 rEr1 0 4
c0812 rEr2 0 4
c0849 r37 1 0
c0238 r38 1 0
c0432 r34 1 0
c0983 r27 1 0
c0503 r51 1 0
c0230 rB 1 0
c0106 rD 1 0
c1053 rF 1 0
c0072 rG 1 0
c0191 rA 1 0
c0512 rL 1 0
c0053 r50 1 0
c0794 r52 1 0
c0133 rDS1 1 0
c0742 rDS2 1 0
c0538 rN 1 0
c0955 rEr1 1 0
c1066 rEr2 1 0
c0955 r25 1 1
c0449 r37 1 1
c0860 r38 1 1
c0530 r34 1 1
c0897 r27 1 1
c0062 r51 1 1
c0515 rB 1 1
c0056 rD 1 1
c0252 rF 1 1
c0998 rG 1 1
c0088 rA 1 1
c0279 rL 1 1
c0812 r52 1 1
c0539 rDS1 1 1
c0053 rDS2 1 1
c0497 rN 1 1
c0975 rEr1 1 1
c0178 rEr2 1 1
c0213 r25 1 2
c0807 r36 1 2
c0108 r38 1 2
c1022 r51 1 2
c0515 rB 1 2
c0219 rD 1 2
c0129 rF 1 2
c0535 rG 1 2
c1005 rA 1 2
c0019 rL 1 2
c0487 r50 1 2
c0813 r52 1 2
c0191 rDS1 1 2
c0428 rDS2 1 2
c0883 rN 1 2
c0061 rEr2 1 2
c1053 r25 1 3
c0432 r36 1 3
c0554 r37 1 3
c0883 r38 1 3
c0007 r27 1 3
c0602 r51 1 3
c0129 rB 1 3
c0113 rD 1 3
c0225 rF 1 3
c0257 rG 1 3
c0047 rA 1 3
c0538 rL 1 3
c1064 r50 1 3
c0963 r52 1 3
c0980 rDS1 1 3
c0061 rDS2 1 3
c0804 rEr2 1 3
c0009 r36 1 4
c0862 r37 1 4
c0024 r38 1 4
c0467 r34 1 4
c0860 r27 1 4
c0203 r51 1 4
c0058 rB 1 4
c0113 rD 1 4
c0131 rF 1 4
c0478 rG 1 4
c0430 rA 1 4
c0193 rL 1 4
c0813 r50 1 4
c0049 r52 1 4
c0095 rDS1 1 4
c0980 rDS2 1 4
c0489 rN 1 4
c0232 rEr1 1 4
c0211 rEr2 1 4
c0467 r25 2 0
c0534 r36 2 0
c0883 r37 2 0
c0862 r38 2 0
c0044 r27 2 0
c0219 rB 2 0
c0088 rD 2 0
c0152 rF 2 0
c0487 rG 2 0
c0535 rA 2 0
c0072 rL 2 0
c0980 r50 2 0
c0423 r52 2 0
c0812 rDS1 2 0
c0963 rDS2 2 0
c0804 rN 2 0
c0723 rEr1 2 0
c0742 r25 2 1
c0975 r37 2 1
c0808 r38 2 1
c0983 r34 2 1
c1062 r27 2 1
c0024 r51 2 1
c0153 rB 2 1
c0279 rD 2 1
c1065 rF 2 1
c0110 rG 2 1
c0515 rA 2 1
c0225 rL 2 1
c0444 r50 2 1
c0178 r52 2 1
c0411 rDS1 2 1
c0118 rDS2 2 1
c0489 r25 2 2
c0044 r37 2 2
c0444 r34 2 2
c0007 r27 2 2
c0412 r51 2 2
c0152 rB 2 2
c0072 rD 2 2
c0103 rF 2 2
c0132 rG 2 2
c0936 rA 2 2
c0253 rL 2 2
c0053 r50 2 2
c0537 r52 2 2
c0191 rDS1 2 2
c0162 rDS2 2 2
c0443 rN 2 2
c0847 rEr1 2 2
c0455 rEr2 2 2
c0118 r25 2 3
c0807 r37 2 3
c0015 r51 2 3
c0847 rB 2 3
c0069 rD 2 3
c0835 rF 2 3
c0023 rG 2 3
c0201 rA 2 3
c0152 rL 2 3
c1053 r50 2 3
c0162 r52 2 3
c0088 rDS1 2 3
c0206 rN 2 3
c0479 rEr1 2 3
c0062 rEr2 2 3
c1065 r25 2 4
c0127 r38 2 4
c0487 r34 2 4
c1022 r27 2 4
c0088 rB 2 4
c0257 rD 2 4
c0129 rF 2 4
c0132 rG 2 4
c1041 rA 2 4
c0725 rL 2 4
c0049 r50 2 4
c0478 r52 2 4
c0998 rDS1 2 4
c0211 rDS2 2 4
c0534 rEr2 2 4
c0015 r25 3 0
c0479 r38 3 0
c0794 r34 3 0
c0975 r27 3 0
c0983 r51 3 0
c0056 rB 3 0
c0725 rD 3 0
c0153 rF 3 0
c0023 rG 3 0
c0932 rA 3 0
c0520 rL 3 0
c0822 r50 3 0
c1065 r52 3 0
c0722 rDS1 3 0
c1072 rDS2 3 0
c0211 rEr1 3 0
c0423 rEr2 3 0
c0955 r36 3 1
c0020 r37 3 1
c0730 r38 3 1
c0162 r34 3 1
c0795 r27 3 1
c0980 r51 3 1
c0232 rB 3 1
c0520 rD 3 1
c0201 rF 3 1
c0722 rG 3 1
c0253 rA 3 1
c0998 rL 3 1
c0862 r50 3 1
c0554 r52 3 1
c0217 rDS1 3 1
c0496 rDS2 3 1
c1074 rN 3 1
c0725 rEr1 3 1
c0455 rEr2 3 1
c0975 r25 3 2
c0213 r36 3 2
c0883 r37 3 2
c0206 r38 3 2
c0074 r34 3 2
c0955 r27 3 2
c0742 r51 3 2
c0023 rB 3 2
c1005 rD 3 2
c0106 rF 3 2
c0252 rG 3 2
c0722 rA 3 2
c0554 rL 3 2
c0602 r50 3 2
c0983 r52 3 2
c0253 rDS1 3 2
c0504 rDS2 3 2
c1069 rEr1 3 2
c0789 rEr2 3 2
c0730 r25 3 3
c0537 r36 3 3
c0213 r37 3 3
c0862 r38 3 3
c0206 r34 3 3
c0835 r51 3 3
c0088 rB 3 3
c0115 rD 3 3
c0257 rF 3 3
c0103 rG 3 3
c0936 rA 3 3
c0230 rL 3 3
c0061 r50 3 3
c0980 r52 3 3
c0478 rDS1 3 3
c0496 rDS2 3 3
c0020 rN 3 3
c1064 rEr1 3 3
c0963 rEr2 3 3
c0127 r25 3 4
c0019 r36 3 4
c0449 r37 3 4
c0730 r38 3 4
c1022 r34 3 4
c0178 r27 3 4
c0526 r51 3 4
c1041 rB 3 4
c0503 rD 3 4
c0936 rF 3 4
c0230 rG 3 4
c0133 rA 3 4
c0746 rL 3 4
c0411 r50 3 4
c0049 r52 3 4
c0203 rDS1 3 4
c0534 rDS2 3 4
c0497 rN 3 4
c0808 rEr1 3 4
c1064 rEr2 3 4
c0428 r36 4 0
c1064 r37 4 0
c0530 r38 4 0
c0232 r34 4 0
c0532 r51 4 0
c0115 rB 4 0
c0217 rD 4 0
c0515 rF 4 0
c0847 rG 4 0
c0795 rA 4 0
c0047 rL 4 0
c0975 r50 4 0
c0195 rDS1 4 0
c0983 rDS2 4 0
c0963 rEr1 4 0
c0955 rEr2 4 0
c0127 r37 4 1
c1074 r38 4 1
c0737 r27 4 1
c0520 rB 4 1
c0221 rD 4 1
c0115 rF 4 1
c0047 rG 4 1
c0849 rA 4 1
c0056 rL 4 1
c0897 r50 4 1
c0807 r52 4 1
c0133 rDS1 4 1
c0602 rDS2 4 1
c1069 rN 4 1
c0009 rEr1 4 1
c1066 rEr2 4 1
c0526 r25 4 2
c0024 r36 4 2
c0862 r37 4 2
c0737 r38 4 2
c0860 r51 4 2
c0108 rB 4 2
c0795 rD 4 2
c0975 rF 4 2
c0512 rG 4 2
c0058 rA 4 2
c0201 rL 4 2
c1069 r50 4 2
c0444 r52 4 2
c0133 rDS1 4 2
c0538 rEr1 4 2
c1072 rEr2 4 2
c0835 r25 4 3
c0503 r36 4 3
c0789 r37 4 3
c0423 r38 4 3
c0009 r34 4 3
c0822 r27 4 3
c0897 r51 4 3
c0193 rB 4 3
c0746 rD 4 3
c0131 rF 4 3
c0108 rG 4 3
c0932 rA 4 3
c0133 rL 4 3
c1064 r50 4 3
c1077 r52 4 3
c0074 rDS1 4 3
c0862 rDS2 4 3
c0804 rN 4 3
c0860 rEr1 4 3
c0464 rEr2 4 3
c0539 r36 4 4
c0074 r37 4 4
c0504 r38 4 4
c0955 r34 4 4
c0822 r27 4 4
c0860 r51 4 4
c0963 rB 4 4
c0193 rD 4 4
c0464 rF 4 4
c0530 rG 4 4
c0106 rA 4 4
c0932 rL 4 4
c0862 r50 4 4
c0883 r52 4 4
c0058 rDS1 4 4
c0019 rDS2 4 4
c0975 rN 4 4
c0428 rEr1 4 4
c1062 rEr2 4 4
