c0737 r25 0 0
c0794 r37 0 0
c0423 r34 0 0
c0975 r27 0 0
c0932 rB 0 0
c0725 rD 0 0
c0132 rF 0 0
c0537 rG 0 0
c0056 rA 0 0
c0115 rL 0 0
c0211 r50 0 0
c0983 r52 0 0
c0746 rDS1 0 0
c0532 rN 0 0
c0813 rEr1 0 0
c0464 rEr2 0 0
c0007 r25 0 1
c0539 r36 0 1
c0074 r38 0 1
c0238 r34 0 1
c0804 r27 0 1
c0430 r51 0 1
c1005 rB 0 1
c0219 rD 0 1
c0113 rF 0 1
c0980 rG 0 1
c0106 rA 0 1
c0129 rL 0 1
c0195 r50 0 1
c0602 r52 0 1
c0737 rDS1 0 1
c0822 rDS2 0 1
c0849 rN 0 1
c0412 rEr1 0 1
c0232 rEr2 0 1
c0108 r25 0 2
c0497 r36 0 2
c0860 r37 0 2
c0963 r51 0 2
c0131 rB 0 2
c0193 rD 0 2
c0932 rF 0 2
c0520 rG 0 2
c0069 rA 0 2
c0115 rL 0 2
c0061 r52 0 2
c0103 rDS1 0 2
c0980 rDS2 0 2
c0883 rN 0 2
c0554 rEr2 0 2
c0955 r36 0 3
c1074 r38 0 3
c0795 r27 0 3
c1064 r51 0 3
c1041 rB 0 3
c0115 rD 0 3
c0520 rF 0 3
c0132 rG 0 3
c0430 rA 0 3
c0110 rL 0 3
c0095 rDS1 0 3
c0044 rDS2 0 3
c0443 rN 0 3
c0478 rEr1 0 3
c0539 r25 0 4
c0534 r36 0 4
c0044 r38 0 4
c1065 r34 0 4
c0804 r27 0 4
c0897 r51 0 4
c0455 rB 0 4
c1022 rD 0 4
c0221 rF 0 4
c0201 rG 0 4
c0024 rA 0 4
c0428 rL 0 4
c0489 r50 0 4
c0983 r52 0 4
c0411 rDS1 0 4
c0238 rDS2 0 4
c0883 rN 0 4
c0530 rEr1 0 4
c0049 rEr2 0 4
c0103 r25 1 0
c0730 r36 1 0
c0822 r37 1 0
c0530 r38 1 0
c0191 r34 1 0
c0955 r51 1 0
c0153 rB 1 0
c0217 rD 1 0
c0253 rF 1 0
c0203 rG 1 0
c0936 rA 1 0
c0279 rL 1 0
c0053 r50 1 0
c0213 r52 1 0
c0998 rDS1 1 0
c1064 rDS2 1 0
c0127 rN 1 0
c0860 rEr1 1 0
c1072 rEr2 1 0
c0860 r25 1 1
c1064 r36 1 1
c1077 r38 1 1
c0487 r34 1 1
c0443 r27 1 1
c0455 r51 1 1
c0515 rB 1 1
c0746 rD 1 1
c0153 rF 1 1
c0221 rG 1 1
c0722 rA 1 1
c0230 rL 1 1
c0062 r50 1 1
c0449 r52 1 1
c0191 rDS1 1 1
c0975 rDS2 1 1
c1074 rN 1 1
c0537 rEr1 1 1
c0813 rEr2 1 1
c0883 r25 1 2
c0449 r36 1 2
c0206 r37 1 2
c0730 r38 1 2
c0936 r34 1 2
c0795 r27 1 2
c0020 r51 1 2
c0496 rB 1 2
c0980 rD 1 2
c0221 rF 1 2
c0219 rG 1 2
c0257 rA 1 2
c0152 rL 1 2
c0479 r50 1 2
c0058 rDS1 1 2
c0963 rDS2 1 2
c0044 rN 1 2
c0936 r36 1 3
c0095 r38 1 3
c1053 r34 1 3
c0467 r51 1 3
c0019 rB 1 3
c0072 rD 1 3
c0133 rF 1 3
c1041 rG 1 3
c0131 rA 1 3
c0230 rL 1 3
c0504 r50 1 3
c0074 rDS1 1 3
c0807 rDS2 1 3
c0742 rEr1 1 3
c0432 rEr2 1 3
c0862 r25 1 4
c0975 r34 1 4
c0534 r27 1 4
c0225 rB 1 4
c0257 rD 1 4
c1053 rF 1 4
c0252 rG 1 4
c0478 rA 1 4
c0023 rL 1 4
c0512 r50 1 4
c0883 r52 1 4
c0015 rDS1 1 4
c0860 rN 1 4
c0432 rEr1 1 4
c0095 r25 2 0
c0178 r36 2 0
c0862 r37 2 0
c0813 r38 2 0
c0503 r27 2 0
c0238 r51 2 0
c0088 rB 2 0
c0047 rD 2 0
c0152 rF 2 0
c0056 rG 2 0
c0998 rA 2 0
c0009 rL 2 0
c0049 r50 2 0
c0963 r52 2 0
c0449 rDS1 2 0
c0526 rN 2 0
c0467 rEr1 2 0
c0980 rEr2 2 0
c0496 r36 2 1
c0056 r37 2 1
c0178 r38 2 1
c0118 r34 2 1
c0847 r27 2 1
c0725 r51 2 1
c0110 rB 2 1
c0132 rD 2 1
c0808 rF 2 1
c0232 rG 2 1
c0467 rA 2 1
c0072 rL 2 1
c0812 r50 2 1
c0211 r52 2 1
c0020 rDS1 2 1
c0504 rDS2 2 1
c1065 rEr1 2 1
c0428 rEr2 2 1
c1062 r25 2 2
c0535 r36 2 2
c0497 r38 2 2
c0723 r34 2 2
c1022 r27 2 2
c0862 r51 2 2
c0279 rB 2 2
c0217 rD 2 2
c0203 rF 2 2
c0443 rG 2 2
c0412 rA 2 2
c0423 rL 2 2
c1005 r50 2 2
c0963 r52 2 2
c0225 rDS1 2 2
c0983 rDS2 2 2
c0807 rN 2 2
c0049 rEr1 2 2
c0860 rEr2 2 2
c1069 r25 2 3
c0862 r36 2 3
c0444 r37 2 3
c0955 r34 2 3
c1066 r27 2 3
c0203 r51 2 3
c0106 rB 2 3
c1053 rD 2 3
c0512 rF 2 3
c0088 rG 2 3
c0113 rA 2 3
c0980 rL 2 3
c0007 r52 2 3
c1005 rDS1 2 3
c0015 rDS2 2 3
c0860 rN 2 3
c0504 rEr1 2 3
c0602 rEr2 2 3
c0074 r25 2 4
c1074 r36 2 4
c0835 r37 2 4
c0538 r38 2 4
c0118 r34 2 4
c0897 r27 2 4
c0432 r51 2 4
c0725 rB 2 4
c0152 rD 2 4
c0069 rF 2 4
c0722 rG 2 4
c1077 rA 2 4
c0072 rL 2 4
c1069 r50 2 4
c1066 r52 2 4
c0047 rDS1 2 4
c1064 rDS2 2 4
c0742 rEr2 2 4
c0195 r25 3 0
c0804 r36 3 0
c0537 r37 3 0
c0487 r38 3 0
c0213 r34 3 0
c0789 r27 3 0
c0479 r51 3 0
c0428 rB 3 0
c0015 rD 3 0
c0133 rF 3 0
c0722 rG 3 0
c0088 rA 3 0
c0515 rL 3 0
c0464 r50 3 0
c0053 r52 3 0
c0812 rDS1 3 0
c0118 rDS2 3 0
c1064 rN 3 0
c0955 rEr1 3 0
c1072 rEr2 3 0
c0162 r25 3 1
c0808 r36 3 1
c1066 r37 3 1
c1064 r38 3 1
c0479 r34 3 1
c0009 r27 3 1
c0862 r51 3 1
c0129 rB 3 1
c0430 rD 3 1
c0279 rF 3 1
c0252 rG 3 1
c0053 rA 3 1
c0088 rL 3 1
c0532 r50 3 1
c0795 r52 3 1
c0061 rDS1 3 1
c0963 rDS2 3 1
c0883 rEr2 3 1
c0534 r25 3 2
c0822 r36 3 2
c1062 r38 3 2
c0103 r34 3 2
c0883 r27 3 2
c0862 r51 3 2
c0998 rB 3 2
c0023 rD 3 2
c0252 rF 3 2
c0737 rG 3 2
c0062 rA 3 2
c0069 rL 3 2
c0983 r50 3 2
c0955 r52 3 2
c0515 rDS1 3 2
c0980 rDS2 3 2
c0789 rN 3 2
c0020 rEr1 3 2
c0411 rEr2 3 2
c0535 r25 3 3
c0794 r36 3 3
c0723 r37 3 3
c0955 r38 3 3
c0883 r34 3 3
c0963 r27 3 3
c1065 r51 3 3
c0113 rB 3 3
c0730 rD 3 3
c0062 rF 3 3
c0023 rG 3 3
c0024 rA 3 3
c0253 rL 3 3
c0206 r50 3 3
c0444 r52 3 3
c0983 rDS2 3 3
c1041 rN 3 3
c0975 rEr1 3 3
c0554 rEr2 3 3
c1022 r36 3 4
c0162 r37 3 4
c0860 r38 3 4
c0191 r34 3 4
c0455 r27 3 4
c0812 r51 3 4
c0257 rB 3 4
c0131 rD 3 4
c0133 rF 3 4
c0253 rG 3 4
c0554 rA 3 4
c0230 rL 3 4
c0232 r50 3 4
c0061 rDS1 3 4
c0847 rDS2 3 4
c0489 rN 3 4
c0723 rEr1 3 4
c1062 r25 4 0
c0162 r36 4 0
c0503 r37 4 0
c0789 r38 4 0
c0742 r34 4 0
c0411 r27 4 0
c0047 rB 4 0
c0520 rD 4 0
c0219 rF 4 0
c0201 rG 4 0
c0193 rA 4 0
c0153 rL 4 0
c0849 r50 4 0
c0535 r52 4 0
c0489 rDS1 4 0
c0794 rDS2 4 0
c0497 rN 4 0
c0530 rEr1 4 0
c0195 r25 4 1
c0213 r38 4 1
c0808 r34 4 1
c0835 r27 4 1
c0487 r51 4 1
c0129 rB 4 1
c0746 rD 4 1
c0897 rF 4 1
c0478 rG 4 1
c0515 rA 4 1
c0088 rL 4 1
c0526 r50 4 1
c0127 r52 4 1
c0538 rDS1 4 1
c0009 rEr1 4 1
c0849 rEr2 4 1
c1069 r25 4 2
c0975 r36 4 2
c0807 r38 4 2
c1064 r34 4 2
c0024 r27 4 2
c0932 rB 4 2
c0110 rD 4 2
c0444 rF 4 2
c0835 rG 4 2
c1077 rA 4 2
c0133 rL 4 2
c0862 r50 4 2
c0983 rDS1 4 2
c0955 rDS2 4 2
c0108 rN 4 2
c0206 rEr1 4 2
c1072 rEr2 4 2
c0538 r25 4 3
c0178 r36 4 3
c0532 r38 4 3
c0007 r34 4 3
c0019 r27 4 3
c0423 r51 4 3
c0193 rB 4 3
c0539 rD 4 3
c0058 rF 4 3
c0412 rG 4 3
c0602 rA 4 3
c0201 rL 4 3
c0980 r52 4 3
c0464 rDS1 4 3
c0975 rDS2 4 3
c0108 rN 4 3
c0963 rEr1 4 3
c0526 r25 4 4
c0019 r37 4 4
c0975 r34 4 4
c0503 r27 4 4
c0847 r51 4 4
c0058 rB 4 4
c0217 rD 4 4
c0133 rF 4 4
c0225 rG 4 4
c0106 rA 4 4
c0512 rL 4 4
c0983 r52 4 4
c0496 rDS1 4 4
c0127 rEr1 4 4
c0211 rEr2 4 4
