c0955 r25 0 0
c0162 r36 0 0
c0423 r38 0 0
c1072 r27 0 0
c0108 r51 0 0
c0056 rB 0 0
c0106 rD 0 0
c0103 rF 0 0
c0153 rG 0 0
c0932 rA 0 0
c0737 rL 0 0
c0725 r50 0 0
c0532 r52 0 0
c0219 rDS1 0 0
c0812 rDS2 0 0
c0467 rN 0 0
c0526 rEr1 0 0
c0053 rEr2 0 0
c0532 r36 0 1
c0015 r34 0 1
c0195 r27 0 1
c0058 rB 0 1
c0129 rD 0 1
c0217 rF 0 1
c0132 rG 0 1
c0115 rA 0 1
c0515 rL 0 1
c0464 r50 0 1
c1062 r52 0 1
c0225 rDS1 0 1
c0095 rDS2 0 1
c0849 rN 0 1
c0411 rEr1 0 1
c0737 rEr2 0 1
c0883 r25 0 2
c0443 r36 0 2
c1064 r37 0 2
c0535 r38 0 2
c0723 r34 0 2
c0955 r27 0 2
c0455 r51 0 2
c0201 rB 0 2
c1069 rD 0 2
c0217 rF 0 2
c0020 rG 0 2
c0069 rA 0 2
c0221 rL 0 2
c0983 r50 0 2
c0835 r52 0 2
c0191 rDS1 0 2
c0554 rN 0 2
c0496 rEr1 0 2
c0963 rEr2 0 2
c0808 r36 0 3
c0467 r37 0 3
c0813 r38 0 3
c0444 r34 0 3
c0432 r27 0 3
c0049 rB 0 3
c0133 rD 0 3
c1041 rF 0 3
c0024 rG 0 3
c0193 rA 0 3
c0955 rL 0 3
c0478 r50 0 3
c0044 r52 0 3
c0053 rDS1 0 3
c0127 rDS2 0 3
c0009 rN 0 3
c0860 rEr1 0 3
c0538 rEr2 0 3
c0975 r36 0 4
c0009 r34 0 4
c1062 r27 0 4
c0983 r51 0 4
c0115 rB 0 4
c0219 rD 0 4
c0478 rF 0 4
c0512 rG 0 4
c1005 rA 0 4
c0113 rL 0 4
c0203 r50 0 4
c0443 r52 0 4
c0253 rDS1 0 4
c0444 rDS2 0 4
c0980 rEr1 0 4
c0412 rEr2 0 4
c0127 r36 1 0
c0449 r37 1 0
c0489 r38 1 0
c0849 r34 1 0
c0088 rB 1 0
c0131 rD 1 0
c0106 rF 1 0
c0056 rG 1 0
c0512 rA 1 0
c0795 rL 1 0
c0053 r50 1 0
c0206 r52 1 0
c0980 rDS1 1 0
c0963 rDS2 1 0
c0238 rN 1 0
c0537 rEr1 1 0
c0478 rEr2 1 0
c1053 r25 1 1
c0020 r37 1 1
c0554 r38 1 1
c0883 r27 1 1
c0206 r51 1 1
c0106 rB 1 1
c0537 rD 1 1
c0129 rF 1 1
c0072 rG 1 1
c0539 rA 1 1
c0252 rL 1 1
c0095 r50 1 1
c0088 rDS1 1 1
c0789 rDS2 1 1
c0213 rN 1 1
c0812 rEr1 1 1
c0980 rEr2 1 1
c1064 r36 1 2
c1069 r37 1 2
c0095 r38 1 2
c0807 r27 1 2
c0007 rB 1 2
c0152 rD 1 2
c0520 rF 1 2
c0201 rG 1 2
c0058 rA 1 2
c1077 rL 1 2
c0963 r50 1 2
c0980 r52 1 2
c0103 rDS1 1 2
c0883 rDS2 1 2
c0795 rN 1 2
c0737 rEr1 1 2
c0044 rEr2 1 2
c0849 r25 1 3
c0044 r37 1 3
c0794 r38 1 3
c0449 r34 1 3
c0538 r27 1 3
c0487 r51 1 3
c0897 rB 1 3
c0512 rD 1 3
c0024 rF 1 3
c0428 rG 1 3
c0023 rA 1 3
c0061 rL 1 3
c0526 r50 1 3
c0455 rDS1 1 3
c0412 rDS2 1 3
c1077 rEr1 1 3
c0983 rEr2 1 3
c0534 r25 1 4
c0020 r36 1 4
c0742 r37 1 4
c0730 r38 1 4
c1065 r34 1 4
c0432 r27 1 4
c0813 r51 1 4
c0530 rB 1 4
c0072 rD 1 4
c0230 rF 1 4
c0225 rG 1 4
c0963 rA 1 4
c0110 rL 1 4
c0503 r50 1 4
c0496 r52 1 4
c0444 rDS1 1 4
c0211 rDS2 1 4
c0074 rN 1 4
c1022 rEr1 1 4
c0535 rEr2 1 4
c0479 r25 2 0
c0813 r38 2 0
c0206 r34 2 0
c1072 r27 2 0
c0534 r51 2 0
c0219 rB 2 0
c0279 rD 2 0
c0152 rF 2 0
c0430 rG 2 0
c0153 rA 2 0
c0221 rL 2 0
c1064 r50 2 0
c0489 r52 2 0
c0515 rDS1 2 0
c1077 rDS2 2 0
c0062 rEr1 2 0
c0723 r25 2 1
c0497 r36 2 1
c0807 r37 2 1
c0602 r38 2 1
c0015 r34 2 1
c0178 r51 2 1
c0088 rB 2 1
c0049 rD 2 1
c0056 rF 2 1
c1005 rG 2 1
c0201 rA 2 1
c0132 rL 2 1
c0162 r50 2 1
c0975 rDS1 2 1
c1065 rDS2 2 1
c1053 rN 2 1
c0430 rEr1 2 1
c0847 rEr2 2 1
c1022 r25 2 2
c0812 r36 2 2
c0822 r37 2 2
c0955 r38 2 2
c0936 r34 2 2
c0807 r27 2 2
c1005 r51 2 2
c0203 rB 2 2
c0023 rD 2 2
c0980 rF 2 2
c0279 rG 2 2
c0253 rA 2 2
c0069 rL 2 2
c0862 r50 2 2
c0883 r52 2 2
c0103 rDS1 2 2
c0963 rDS2 2 2
c0412 rN 2 2
c0862 r25 2 3
c0955 r36 2 3
c0467 r37 2 3
c0539 r38 2 3
c0432 r34 2 3
c0963 r27 2 3
c1074 r51 2 3
c0191 rB 2 3
c1041 rD 2 3
c0883 rF 2 3
c0746 rG 2 3
c0520 rA 2 3
c0221 rL 2 3
c0062 r50 2 3
c0489 r52 2 3
c0504 rDS1 2 3
c1064 rDS2 2 3
c0497 rEr1 2 3
c1053 r25 2 4
c0602 r36 2 4
c0808 r37 2 4
c0504 r27 2 4
c0464 r51 2 4
c0047 rB 2 4
c0061 rD 2 4
c0722 rF 2 4
c0257 rG 2 4
c0132 rA 2 4
c0998 rL 2 4
c0975 r50 2 4
c0253 rDS1 2 4
c0232 rDS2 2 4
c0539 rEr1 2 4
c0847 rEr2 2 4
c0883 r25 3 0
c0862 r36 3 0
c0730 r37 3 0
c0795 r38 3 0
c0804 r34 3 0
c0049 r27 3 0
c0535 r51 3 0
c0998 rB 3 0
c0257 rD 3 0
c0980 rF 3 0
c0113 rG 3 0
c1062 rA 3 0
c0152 rL 3 0
c0238 r52 3 0
c0195 rDS1 3 0
c0860 rN 3 0
c0009 rEr1 3 0
c0430 rEr2 3 0
c0449 r36 3 1
c0804 r37 3 1
c0883 r34 3 1
c1074 r27 3 1
c0162 r51 3 1
c1066 rB 3 1
c0047 rD 3 1
c0515 rF 3 1
c0131 rG 3 1
c1065 rA 3 1
c0062 rL 3 1
c0503 r50 3 1
c0897 r52 3 1
c0232 rDS1 3 1
c0428 rN 3 1
c0822 rEr1 3 1
c0835 rEr2 3 1
c0955 r25 3 2
c0862 r36 3 2
c0118 r37 3 2
c0537 r38 3 2
c0479 r34 3 2
c0061 r27 3 2
c0526 r51 3 2
c0730 rB 3 2
c0252 rD 3 2
c0411 rF 3 2
c0279 rG 3 2
c0019 rA 3 2
c0217 rL 3 2
c0860 r50 3 2
c0554 r52 3 2
c0203 rDS1 3 2
c0530 rDS2 3 2
c1022 rN 3 2
c0936 rEr1 3 2
c0742 r36 3 3
c0118 r37 3 3
c0534 r34 3 3
c0835 r27 3 3
c0479 r51 3 3
c0113 rB 3 3
c0257 rD 3 3
c0088 rF 3 3
c0230 rG 3 3
c0428 rA 3 3
c0975 rL 3 3
c0725 r50 3 3
c0487 r52 3 3
c0191 rDS1 3 3
c0860 rDS2 3 3
c0723 rN 3 3
c0983 rEr2 3 3
c0213 r25 3 4
c0808 r36 3 4
c0423 r38 3 4
c0936 r34 3 4
c0532 r27 3 4
c0794 r51 3 4
c0131 rB 3 4
c0232 rD 3 4
c0023 rF 3 4
c0072 rG 3 4
c0115 rA 3 4
c0069 rL 3 4
c1066 r50 3 4
c0178 r52 3 4
c0133 rDS1 3 4
c0497 rN 3 4
c0108 rEr1 3 4
c0496 rEr2 3 4
c0118 r25 4 0
c1064 r36 4 0
c1069 r37 4 0
c0127 r34 4 0
c0804 r27 4 0
c0847 r51 4 0
c0129 rB 4 0
c0230 rD 4 0
c0725 rF 4 0
c0110 rG 4 0
c0746 rA 4 0
c0932 rL 4 0
c0238 r50 4 0
c0195 r52 4 0
c0133 rDS1 4 0
c0742 rDS2 4 0
c0015 r25 4 1
c1064 r36 4 1
c0007 r37 4 1
c0443 r38 4 1
c1074 r34 4 1
c0211 r51 4 1
c0520 rB 4 1
c0602 rD 4 1
c0515 rF 4 1
c0110 rG 4 1
c0998 rA 4 1
c0047 rL 4 1
c0423 r50 4 1
c1072 r52 4 1
c0133 rDS1 4 1
c0487 rDS2 4 1
c0860 rN 4 1
c0975 rEr1 4 1
c0862 rEr2 4 1
c0789 r25 4 2
c0860 r36 4 2
c0975 r38 4 2
c0019 r34 4 2
c0503 r51 4 2
c0252 rB 4 2
c0108 rD 4 2
c0530 rF 4 2
c0722 rG 4 2
c0980 rA 4 2
c0007 rL 4 2
c0411 r50 4 2
c0862 r52 4 2
c0225 rDS1 4 2
c0963 rDS2 4 2
c0213 rEr1 4 2
c0983 rEr2 4 2
c0822 r25 4 3
c0504 r36 4 3
c1066 r38 4 3
c0860 r34 4 3
c0538 r27 4 3
c0455 r51 4 3
c0024 rB 4 3
c0193 rD 4 3
c0088 rF 4 3
c0897 rG 4 3
c0133 rA 4 3
c0074 rL 4 3
c0794 r50 4 3
c0058 rDS1 4 3
c0789 rN 4 3
c0983 rEr2 4 3
c0955 r25 4 4
c1064 r36 4 4
c0178 r38 4 4
c0862 r27 4 4
c0975 r51 4 4
c0932 rB 4 4
c0153 rD 4 4
c0464 rF 4 4
c1041 rG 4 4
c0193 rA 4 4
c0722 rL 4 4
c0074 r50 4 4
c0746 rDS1 4 4
c0019 rDS2 4 4
c0983 rEr1 4 4
c0211 rEr2 4 4
