c0813 r25 0 0
c0009 r36 0 0
c0195 r37 0 0
c0432 r38 0 0
c1064 r34 0 0
c1077 r51 0 0
c0132 rB 0 0
c0746 rD 0 0
c0515 rF 0 0
c0129 rG 0 0
c0074 rA 0 0
c0279 rL 0 0
c1062 r50 0 0
c0103 rDS1 0 0
c0538 rN 0 0
c0497 rEr2 0 0
c0432 r37 0 1
c0794 r38 0 1
c0007 r34 0 1
c0444 r27 0 1
c0849 r51 0 1
c1005 rB 0 1
c0221 rD 0 1
c0153 rF 0 1
c0193 rG 0 1
c0058 rA 0 1
c0131 rL 0 1
c0530 r50 0 1
c0095 r52 0 1
c0061 rDS1 0 1
c1077 rEr1 0 1
c1072 rEr2 0 1
c0538 r25 0 2
c0723 r36 0 2
c0554 r38 0 2
c0118 r34 0 2
c0532 r27 0 2
c0955 r51 0 2
c0932 rB 0 2
c0113 rD 0 2
c0963 rF 0 2
c0201 rG 0 2
c0193 rA 0 2
c0883 rL 0 2
c0602 r50 0 2
c0983 r52 0 2
c0053 rDS1 0 2
c0061 rDS2 0 2
c0044 rN 0 2
c0807 rEr2 0 2
c0044 r25 0 3
c1064 r37 0 3
c1074 r38 0 3
c0479 r34 0 3
c0449 r27 0 3
c0203 r51 0 3
c0153 rB 0 3
c1041 rD 0 3
c0602 rF 0 3
c0113 rG 0 3
c0115 rA 0 3
c0191 rL 0 3
c0232 r52 0 3
c0489 rDS1 0 3
c0015 rN 0 3
c0535 rEr1 0 3
c0808 rEr2 0 3
c0537 r25 0 4
c0955 r36 0 4
c0449 r38 0 4
c1064 r34 0 4
c0983 r27 0 4
c0512 rB 0 4
c0133 rD 0 4
c0115 rF 0 4
c1041 rG 0 4
c0737 rA 0 4
c0221 rL 0 4
c0464 r50 0 4
c0024 r52 0 4
c0795 rDS1 0 4
c0049 rDS2 0 4
c0975 rEr1 0 4
c0503 rEr2 0 4
c0742 r36 1 0
c0860 r37 1 0
c1074 r38 1 0
c0537 r34 1 0
c0443 r27 1 0
c0423 r51 1 0
c0221 rB 1 0
c0133 rD 1 0
c0056 rF 1 0
c0998 rG 1 0
c0152 rA 1 0
c0201 rL 1 0
c0725 r50 1 0
c0835 r52 1 0
c0103 rDS1 1 0
c0487 rDS2 1 0
c0897 rEr1 1 0
c1064 rEr2 1 0
c1074 r36 1 1
c0503 r37 1 1
c0211 r38 1 1
c1053 r34 1 1
c0813 r27 1 1
c0849 r51 1 1
c0936 rB 1 1
c0963 rD 1 1
c0072 rF 1 1
c0430 rG 1 1
c0129 rA 1 1
c0110 rL 1 1
c0015 r50 1 1
c1022 r52 1 1
c0998 rDS1 1 1
c0443 rDS2 1 1
c0808 rEr1 1 1
c0980 rEr2 1 1
c0530 r25 1 2
c0804 r36 1 2
c0020 r37 1 2
c0955 r38 1 2
c0730 r34 1 2
c0108 r51 1 2
c0110 rB 1 2
c0257 rD 1 2
c0225 rF 1 2
c0478 rG 1 2
c0936 rA 1 2
c0044 rL 1 2
c0980 r50 1 2
c0423 r52 1 2
c0217 rDS1 1 2
c0412 rDS2 1 2
c0822 rEr1 1 2
c0849 rEr2 1 2
c0862 r25 1 3
c0860 r36 1 3
c1062 r38 1 3
c1064 r27 1 3
c0963 r51 1 3
c0191 rB 1 3
c0152 rD 1 3
c0725 rF 1 3
c0520 rG 1 3
c0479 rA 1 3
c0980 rL 1 3
c0467 r50 1 3
c0432 r52 1 3
c0812 rDS1 1 3
c0412 rDS2 1 3
c0095 rN 1 3
c1053 rEr1 1 3
c0813 r36 1 4
c0789 r38 1 4
c0487 r34 1 4
c0975 r27 1 4
c0980 r51 1 4
c0203 rB 1 4
c0088 rD 1 4
c0520 rF 1 4
c0058 rG 1 4
c0230 rA 1 4
c0722 rL 1 4
c0467 r50 1 4
c0428 r52 1 4
c1077 rDS1 1 4
c0049 rDS2 1 4
c0883 rEr2 1 4
c0412 r25 2 0
c0860 r36 2 0
c0794 r37 2 0
c0108 r38 2 0
c0812 r34 2 0
c0195 r27 2 0
c0822 r51 2 0
c0232 rB 2 0
c0253 rD 2 0
c0113 rF 2 0
c0047 rG 2 0
c0279 rA 2 0
c0515 rL 2 0
c0238 r50 2 0
c0723 r52 2 0
c0963 rDS1 2 0
c0742 rDS2 2 0
c0883 rN 2 0
c0847 rEr1 2 0
c0009 rEr2 2 0
c0127 r36 2 1
c0489 r38 2 1
c0024 r34 2 1
c0807 r27 2 1
c1022 r51 2 1
c0088 rB 2 1
c0072 rD 2 1
c0023 rF 2 1
c1069 rG 2 1
c0056 rA 2 1
c0115 rL 2 1
c0725 r50 2 1
c0534 r52 2 1
c0103 rDS1 2 1
c0975 rN 2 1
c0053 rEr1 2 1
c0980 rEr2 2 1
c0443 r25 2 2
c0530 r37 2 2
c0602 r38 2 2
c1066 r27 2 2
c0225 rB 2 2
c0023 rD 2 2
c0257 rF 2 2
c0152 rG 2 2
c0049 rA 2 2
c0132 rL 2 2
c0206 r50 2 2
c0722 rDS1 2 2
c1053 rDS2 2 2
c0213 rN 2 2
c0444 rEr1 2 2
c0860 rEr2 2 2
c0955 r25 2 3
c0095 r36 2 3
c0975 r37 2 3
c0206 r38 2 3
c0211 r34 2 3
c0835 r27 2 3
c0496 r51 2 3
c0069 rB 2 3
c0512 rD 2 3
c0479 rF 2 3
c0088 rG 2 3
c0897 rA 2 3
c0520 rL 2 3
c0061 r50 2 3
c0983 r52 2 3
c0047 rDS1 2 3
c0862 rDS2 2 3
c1064 rEr1 2 3
c0449 rEr2 2 3
c0554 r25 2 4
c0497 r36 2 4
c0020 r37 2 4
c0742 r38 2 4
c1065 r27 2 4
c0963 r51 2 4
c0191 rB 2 4
c0069 rD 2 4
c0257 rF 2 4
c0847 rG 2 4
c0253 rA 2 4
c0217 rL 2 4
c0539 r52 2 4
c0998 rDS1 2 4
c0411 rDS2 2 4
c1022 rN 2 4
c0503 rEr1 2 4
c0808 rEr2 2 4
c0178 r25 3 0
c1065 r36 3 0
c0496 r38 3 0
c0897 r27 3 0
c0455 r51 3 0
c0932 rB 3 0
c0835 rD 3 0
c0131 rF 3 0
c0023 rG 3 0
c0423 rA 3 0
c0515 rL 3 0
c0534 r50 3 0
c0162 r52 3 0
c0062 rDS1 3 0
c0053 rDS2 3 0
c0526 rEr1 3 0
c0812 r36 3 1
c0862 r37 3 1
c0015 r34 3 1
c0238 r27 3 1
c0074 r51 3 1
c0252 rB 3 1
c0253 rD 3 1
c0072 rF 3 1
c0056 rG 3 1
c0132 rA 3 1
c0106 rL 3 1
c0537 r50 3 1
c0127 r52 3 1
c0467 rDS1 3 1
c1069 rDS2 3 1
c0807 rN 3 1
c0730 rEr1 3 1
c0009 rEr2 3 1
c0489 r25 3 2
c0936 r37 3 2
c0007 r38 3 2
c0975 r27 3 2
c0203 r51 3 2
c0219 rB 3 2
c0106 rD 3 2
c0019 rF 3 2
c0478 rG 3 2
c0062 rA 3 2
c0069 rL 3 2
c0983 r50 3 2
c0746 rDS1 3 2
c1072 rDS2 3 2
c0883 rN 3 2
c0504 rEr1 3 2
c0162 r25 3 3
c0178 r36 3 3
c0539 r37 3 3
c0955 r38 3 3
c0007 r34 3 3
c0980 r27 3 3
c0534 r51 3 3
c0430 rB 3 3
c0219 rD 3 3
c0106 rF 3 3
c0252 rG 3 3
c0024 rA 3 3
c0062 rL 3 3
c0554 r50 3 3
c0213 r52 3 3
c0411 rDS1 3 3
c0730 rDS2 3 3
c0883 rN 3 3
c1066 rEr1 3 3
c0983 rEr2 3 3
c0444 r25 3 4
c0538 r36 3 4
c0206 r37 3 4
c0108 r38 3 4
c0723 r34 3 4
c0019 r27 3 4
c0455 r51 3 4
c0230 rB 3 4
c0232 rD 3 4
c0983 rF 3 4
c0487 rG 3 4
c0201 rA 3 4
c0153 rL 3 4
c1062 r50 3 4
c1065 r52 3 4
c0746 rDS1 3 4
c0526 rN 3 4
c0464 rEr1 3 4
c0118 rEr2 3 4
c0213 r25 4 0
c0860 r36 4 0
c0162 r38 4 0
c0539 r27 4 0
c0789 r51 4 0
c0515 rB 4 0
c0058 rD 4 0
c0737 rF 4 0
c0133 rG 4 0
c0131 rA 4 0
c1069 rL 4 0
c0178 r50 4 0
c0504 r52 4 0
c0088 rDS1 4 0
c0862 rN 4 0
c0430 rEr1 4 0
c1005 rEr2 4 0
c0789 r25 4 1
c0535 r36 4 1
c0020 r37 4 1
c0428 r38 4 1
c0195 r27 4 1
c0794 r51 4 1
c0129 rB 4 1
c0193 rD 4 1
c0230 rF 4 1
c0847 rG 4 1
c0279 rA 4 1
c0047 rL 4 1
c0238 r50 4 1
c0860 r52 4 1
c0088 rDS1 4 1
c0963 rDS2 4 1
c0883 rN 4 1
c0118 rEr1 4 1
c0804 rEr2 4 1
c0737 r25 4 2
c0955 r36 4 2
c0497 r37 4 2
c0795 r38 4 2
c0862 r34 4 2
c0822 r51 4 2
c0512 rB 4 2
c0110 rD 4 2
c0975 rF 4 2
c1072 rG 4 2
c0217 rA 4 2
c0133 rL 4 2
c1005 rDS1 4 2
c1064 rN 4 2
c0883 r25 4 3
c0983 r34 4 3
c1066 r27 4 3
c0252 rB 4 3
c0464 rD 4 3
c0225 rF 4 3
c0862 rG 4 3
c0019 rA 4 3
c0219 rL 4 3
c0980 r50 4 3
c0963 r52 4 3
c0722 rDS1 4 3
c0532 rDS2 4 3
c0411 rEr1 4 3
c0478 rEr2 4 3
c0955 r36 4 4
c0804 r37 4 4
c0860 r38 4 4
c0074 r34 4 4
c0504 r27 4 4
c0532 r51 4 4
c1041 rB 4 4
c0932 rD 4 4
c0133 rF 4 4
c0795 rG 4 4
c0496 rA 4 4
c0862 rL 4 4
c0127 r50 4 4
c0211 r52 4 4
c0455 rDS1 4 4
c0975 rDS2 4 4
c0526 rN 4 4
c0535 rEr1 4 4
c0428 rEr2 4 4
