c0206 r36 0 0
c0411 r27 0 0
c0532 r51 0 0
c0133 rB 0 0
c0115 rD 0 0
c0201 rF 0 0
c0725 rG 0 0
c0074 rA 0 0
c0113 rL 0 0
c0444 r50 0 0
c1062 rDS1 0 0
c0860 rDS2 0 0
c0238 rEr1 0 0
c0489 rEr2 0 0
c0723 r25 0 1
c1062 r36 0 1
c0497 r37 0 1
c0162 r38 0 1
c0602 r34 0 1
c0423 r51 0 1
c0980 rB 0 1
c0103 rD 0 1
c0230 rF 0 1
c0737 rG 0 1
c0088 rA 0 1
c0537 rL 0 1
c0975 r50 0 1
c0178 r52 0 1
c0963 rDS1 0 1
c0804 rDS2 0 1
c0535 rN 0 1
c0053 rEr1 0 1
c0526 r25 0 2
c0497 r36 0 2
c0554 r37 0 2
c0936 r34 0 2
c0118 r27 0 2
c0206 r51 0 2
c0467 rB 0 2
c0020 rD 0 2
c0131 rF 0 2
c0110 rG 0 2
c0069 rA 0 2
c0963 rL 0 2
c0162 r50 0 2
c0444 r52 0 2
c0095 rDS1 0 2
c0849 rDS2 0 2
c0007 rN 0 2
c1074 r25 0 3
c0162 r36 0 3
c1064 r37 0 3
c0789 r38 0 3
c0464 r27 0 3
c0813 r51 0 3
c0219 rB 0 3
c0467 rD 0 3
c0106 rF 0 3
c0193 rG 0 3
c0103 rA 0 3
c0443 rL 0 3
c0983 r50 0 3
c0975 r52 0 3
c0203 rDS1 0 3
c0980 rDS2 0 3
c0449 rN 0 3
c0532 rEr1 0 3
c0963 rEr2 0 3
c0835 r36 0 4
c0412 r37 0 4
c1064 r38 0 4
c0496 r27 0 4
c0860 r51 0 4
c0478 rB 0 4
c0058 rD 0 4
c0520 rF 0 4
c0230 rG 0 4
c0432 rA 0 4
c0131 rL 0 4
c0883 r50 0 4
c0449 r52 0 4
c0049 rDS1 0 4
c0211 rDS2 0 4
c0980 rEr2 0 4
c0975 r36 1 0
c0432 r37 1 0
c0883 r38 1 0
c0795 r34 1 0
c0211 r27 1 0
c0203 r51 1 0
c0049 rB 1 0
c0998 rD 1 0
c0279 rF 1 0
c0225 rG 1 0
c0047 rA 1 0
c0980 rL 1 0
c0178 r50 1 0
c0936 r52 1 0
c0103 rDS1 1 0
c0489 rDS2 1 0
c0095 rN 1 0
c0808 rEr2 1 0
c0024 r36 1 1
c0789 r37 1 1
c0983 r34 1 1
c0804 r27 1 1
c0725 r51 1 1
c0835 rB 1 1
c0153 rD 1 1
c0191 rF 1 1
c0115 rG 1 1
c0072 rA 1 1
c0195 rL 1 1
c1072 r52 1 1
c0088 rDS1 1 1
c0053 rDS2 1 1
c0860 rN 1 1
c0487 rEr1 1 1
c0009 rEr2 1 1
c0807 r25 1 2
c0487 r36 1 2
c0530 r37 1 2
c1065 r38 1 2
c0983 r34 1 2
c0883 r27 1 2
c0497 rB 1 2
c0219 rD 1 2
c0252 rF 1 2
c0257 rG 1 2
c0253 rA 1 2
c0464 rL 1 2
c0206 r50 1 2
c0835 r52 1 2
c0722 rDS1 1 2
c0213 rN 1 2
c1077 rEr1 1 2
c0412 rEr2 1 2
c0955 r25 1 3
c1065 r37 1 3
c0807 r38 1 3
c0127 r27 1 3
c0009 r51 1 3
c0044 rB 1 3
c0153 rD 1 3
c0746 rF 1 3
c0193 rG 1 3
c1041 rA 1 3
c0432 rL 1 3
c0539 r50 1 3
c0503 r52 1 3
c0221 rDS1 1 3
c0983 rDS2 1 3
c1074 rN 1 3
c0015 rEr1 1 3
c0813 rEr2 1 3
c0095 r25 1 4
c0191 r36 1 4
c0534 r37 1 4
c0849 r38 1 4
c0737 r34 1 4
c1069 r27 1 4
c0464 r51 1 4
c0722 rB 1 4
c0129 rD 1 4
c0602 rF 1 4
c0088 rG 1 4
c0023 rA 1 4
c0106 rL 1 4
c0980 r50 1 4
c0742 r52 1 4
c0058 rDS1 1 4
c0213 rDS2 1 4
c0044 rN 1 4
c0963 rEr1 1 4
c0725 rEr2 1 4
c0883 r25 2 0
c0238 r36 2 0
c0862 r37 2 0
c1053 r38 2 0
c1064 r34 2 0
c0963 r27 2 0
c0430 r51 2 0
c0998 rB 2 0
c0056 rD 2 0
c0520 rF 2 0
c0129 rG 2 0
c0023 rA 2 0
c0047 rL 2 0
c0062 r50 2 0
c0221 rDS1 2 0
c0980 rDS2 2 0
c1066 rEr1 2 0
c0822 r25 2 1
c0526 r36 2 1
c0955 r37 2 1
c0535 r38 2 1
c0127 r34 2 1
c0428 r27 2 1
c0730 r51 2 1
c0061 rB 2 1
c0056 rD 2 1
c0515 rF 2 1
c0217 rG 2 1
c0088 rA 2 1
c0110 rL 2 1
c1072 r50 2 1
c0862 r52 2 1
c0998 rDS1 2 1
c0024 rDS2 2 1
c0538 rN 2 1
c0455 rEr2 2 1
c0487 r25 2 2
c0975 r36 2 2
c1066 r37 2 2
c0862 r34 2 2
c0127 r27 2 2
c0955 r51 2 2
c0478 rB 2 2
c0253 rD 2 2
c1005 rF 2 2
c0132 rG 2 2
c0201 rA 2 2
c0061 rL 2 2
c1022 rDS1 2 2
c0044 r25 2 3
c0537 r36 2 3
c0862 r37 2 3
c1053 r34 2 3
c1072 r27 2 3
c0062 r51 2 3
c0152 rB 2 3
c0015 rD 2 3
c0257 rF 2 3
c0253 rG 2 3
c0455 rA 2 3
c0113 rL 2 3
c0554 r52 2 3
c0411 rDS1 2 3
c0883 rDS2 2 3
c0794 rN 2 3
c0963 rEr1 2 3
c0807 rEr2 2 3
c0423 r37 2 4
c1053 r38 2 4
c1064 r27 2 4
c0822 r51 2 4
c0113 rB 2 4
c0106 rD 2 4
c0088 rF 2 4
c0132 rG 2 4
c0217 rA 2 4
c1041 rL 2 4
c0479 r50 2 4
c0503 r52 2 4
c0203 rDS1 2 4
c0191 rDS2 2 4
c0534 rN 2 4
c0024 rEr1 2 4
c0554 rEr2 2 4
c0195 r36 3 0
c0530 r37 3 0
c0862 r38 3 0
c1074 r34 3 0
c0232 r27 3 0
c0049 r51 3 0
c0279 rB 3 0
c0133 rD 3 0
c0515 rF 3 0
c0023 rG 3 0
c0746 rA 3 0
c0152 rL 3 0
c0449 r52 3 0
c1005 rDS1 3 0
c0539 rDS2 3 0
c1066 rN 3 0
c0808 rEr1 3 0
c0897 rEr2 3 0
c0812 r36 3 1
c1022 r37 3 1
c0118 r38 3 1
c0535 r34 3 1
c0019 r27 3 1
c0257 rB 3 1
c0132 rD 3 1
c0538 rF 3 1
c0152 rG 3 1
c0069 rA 3 1
c0230 rL 3 1
c0496 r50 3 1
c0479 r52 3 1
c0847 rDS1 3 1
c0503 rDS2 3 1
c0444 rN 3 1
c0061 rEr1 3 1
c0232 rEr2 3 1
c0118 r25 3 2
c0955 r36 3 2
c0020 r38 3 2
c0530 r34 3 2
c0804 r27 3 2
c0411 r51 3 2
c0069 rB 3 2
c0252 rD 3 2
c0072 rF 3 2
c0515 rG 3 2
c0225 rA 3 2
c0722 rL 3 2
c0428 r50 3 2
c1022 r52 3 2
c0862 rDS1 3 2
c0980 rDS2 3 2
c0730 rN 3 2
c1062 rEr2 3 2
c0812 r25 3 3
c0467 r36 3 3
c0936 r37 3 3
c0723 r38 3 3
c0742 r27 3 3
c1077 r51 3 3
c0897 rB 3 3
c1069 rD 3 3
c0746 rF 3 3
c0430 rG 3 3
c0072 rA 3 3
c0131 rL 3 3
c0532 r50 3 3
c0883 r52 3 3
c0932 rDS1 3 3
c0504 rN 3 3
c1065 rEr1 3 3
c0534 rEr2 3 3
c0007 r25 3 4
c0479 r36 3 4
c0975 r37 3 4
c0496 r38 3 4
c1077 r34 3 4
c0020 r27 3 4
c0808 r51 3 4
c0795 rB 3 4
c0201 rD 3 4
c0520 rF 3 4
c0430 rG 3 4
c0062 rA 3 4
c0455 rL 3 4
c0723 r50 3 4
c0053 r52 3 4
c0221 rDS1 3 4
c0883 rDS2 3 4
c1064 rN 3 4
c0504 rEr2 3 4
c0539 r25 4 0
c0074 r36 4 0
c0526 r37 4 0
c0860 r38 4 0
c0812 r27 4 0
c0443 r51 4 0
c0412 rB 4 0
c0133 rD 4 0
c0047 rF 4 0
c0056 rG 4 0
c1069 rA 4 0
c0279 rL 4 0
c0742 r50 4 0
c0515 rDS1 4 0
c0794 rDS2 4 0
c0489 rN 4 0
c1064 rEr1 4 0
c0983 rEr2 4 0
c0730 r25 4 1
c1064 r37 4 1
c0019 r38 4 1
c0860 r34 4 1
c0007 r51 4 1
c0129 rB 4 1
c0195 rD 4 1
c0252 rF 4 1
c0963 rG 4 1
c0478 rA 4 1
c0217 rL 4 1
c0512 r50 4 1
c0847 r52 4 1
c0108 rDS1 4 1
c0213 rN 4 1
c0232 rEr1 4 1
c0423 r25 4 2
c0537 r37 4 2
c0983 r34 4 2
c0860 r27 4 2
c0133 rB 4 2
c0108 rD 4 2
c0058 rF 4 2
c0897 rG 4 2
c0225 rA 4 2
c0115 rL 4 2
c0602 r50 4 2
c0737 r52 4 2
c0512 rDS1 4 2
c0862 rDS2 4 2
c0955 rEr1 4 2
c0443 rEr2 4 2
c0211 r25 4 3
c0538 r37 4 3
c0813 r38 4 3
c0975 r34 4 3
c0849 r51 4 3
c0193 rB 4 3
c1041 rD 4 3
c0153 rF 4 3
c0219 rG 4 3
c0794 rA 4 3
c0932 rL 4 3
c0074 r50 4 3
c0789 r52 4 3
c0983 rDS1 4 3
c0009 rDS2 4 3
c0015 rN 4 3
c0955 rEr2 4 3
c0238 r25 4 4
c0428 r36 4 4
c0860 r38 4 4
c0795 r34 4 4
c0512 r51 4 4
c0133 rB 4 4
c1005 rD 4 4
c0847 rF 4 4
c0108 rG 4 4
c0110 rA 4 4
c0932 rL 4 4
c0975 r52 4 4
c0178 rDS1 4 4
c0955 rDS2 4 4
c0822 rN 4 4
c0019 rEr1 4 4
c0504 rEr2 4 4
