c0813 r25 0 0
c0504 r36 0 0
c0794 r38 0 0
c0883 r27 0 0
c0737 rB 0 0
c0113 rD 0 0
c0129 rF 0 0
c0217 rG 0 0
c0069 rA 0 0
c0932 rL 0 0
c1066 r50 0 0
c0980 r52 0 0
c0195 rDS1 0 0
c0535 rDS2 0 0
c0095 rN 0 0
c0963 rEr2 0 0
c0537 r36 0 1
c0955 r37 0 1
c0238 r38 0 1
c0983 r27 0 1
c0503 r51 0 1
c0153 rB 0 1
c1072 rD 0 1
c0252 rF 0 1
c0515 rG 0 1
c0056 rA 0 1
c0230 rL 0 1
c0812 r52 0 1
c0088 rDS1 0 1
c0095 rN 0 1
c0061 rEr2 0 1
c0497 r25 0 2
c0955 r37 0 2
c0206 r38 0 2
c0849 r34 0 2
c0496 r27 0 2
c1005 r51 0 2
c0106 rB 0 2
c0554 rD 0 2
c1062 rF 0 2
c0110 rG 0 2
c0467 rA 0 2
c0219 rL 0 2
c0162 r50 0 2
c0975 r52 0 2
c0062 rDS1 0 2
c0963 rDS2 0 2
c0118 r25 0 3
c0795 r36 0 3
c1065 r34 0 3
c0975 r27 0 3
c0053 r51 0 3
c0520 rB 0 3
c1041 rD 0 3
c0088 rF 0 3
c0455 rG 0 3
c0153 rA 0 3
c0201 rL 0 3
c0479 r52 0 3
c0095 rDS1 0 3
c0955 rEr1 0 3
c0062 rEr2 0 3
c1074 r25 0 4
c0432 r36 0 4
c0534 r37 0 4
c0444 r34 0 4
c0464 r27 0 4
c0980 r51 0 4
c0252 rB 0 4
c0015 rD 0 4
c0106 rF 0 4
c0512 rG 0 4
c0225 rA 0 4
c0131 rL 0 4
c0479 r50 0 4
c0963 r52 0 4
c0103 rDS1 0 4
c1064 rN 0 4
c0053 rEr1 0 4
c0467 rEr2 0 4
c0443 r25 1 0
c0213 r36 1 0
c0423 r37 1 0
c0108 r38 1 0
c1065 r34 1 0
c0479 r27 1 0
c0725 r51 1 0
c1062 rB 1 0
c0230 rD 1 0
c0047 rF 1 0
c0133 rG 1 0
c0257 rA 1 0
c0115 rL 1 0
c0794 r50 1 0
c0195 r52 1 0
c0464 rDS1 1 0
c0808 rDS2 1 0
c0487 rEr1 1 0
c0742 rEr2 1 0
c0822 r25 1 1
c0794 r36 1 1
c0211 r37 1 1
c1077 r38 1 1
c0730 r34 1 1
c0980 r27 1 1
c0049 r51 1 1
c0129 rB 1 1
c0232 rD 1 1
c0056 rF 1 1
c0515 rG 1 1
c0252 rA 1 1
c0279 rL 1 1
c0813 r52 1 1
c0253 rDS1 1 1
c0178 rN 1 1
c0539 rEr1 1 1
c0789 r25 1 2
c1066 r36 1 2
c0007 r38 1 2
c0537 r34 1 2
c0489 r27 1 2
c0193 rB 1 2
c0980 rD 1 2
c0131 rF 1 2
c0058 rG 1 2
c0257 rA 1 2
c0932 rL 1 2
c0423 r50 1 2
c0602 rDS1 1 2
c0860 rN 1 2
c0807 rEr1 1 2
c1064 rEr2 1 2
c0835 r25 1 3
c0730 r37 1 3
c0862 r38 1 3
c0535 r27 1 3
c0113 rB 1 3
c1005 rD 1 3
c0088 rF 1 3
c0106 rG 1 3
c0219 rA 1 3
c0061 rL 1 3
c0496 rDS1 1 3
c0804 rDS2 1 3
c0883 rN 1 3
c0980 rEr1 1 3
c0449 rEr2 1 3
c0742 r36 1 4
c0812 r38 1 4
c1065 r34 1 4
c0412 r27 1 4
c1069 r51 1 4
c0455 rB 1 4
c0131 rD 1 4
c0019 rF 1 4
c0193 rG 1 4
c0072 rA 1 4
c0058 rL 1 4
c0178 r50 1 4
c1053 r52 1 4
c0430 rDS1 1 4
c0534 rDS2 1 4
c0554 rN 1 4
c0822 rEr1 1 4
c0535 rEr2 1 4
c0742 r25 2 0
c0412 r37 2 0
c0162 r34 2 0
c0847 r27 2 0
c0530 r51 2 0
c0103 rB 2 0
c0152 rD 2 0
c0746 rF 2 0
c0998 rG 2 0
c0219 rA 2 0
c0072 rL 2 0
c0009 r50 2 0
c0232 r52 2 0
c0515 rDS1 2 0
c0812 rDS2 2 0
c0044 rN 2 0
c0963 rEr1 2 0
c1022 rEr2 2 0
c0862 r25 2 1
c1053 r36 2 1
c0723 r37 2 1
c0127 r38 2 1
c0449 r34 2 1
c0062 r27 2 1
c0217 rB 2 1
c0152 rD 2 1
c1005 rF 2 1
c0512 rG 2 1
c0225 rA 2 1
c0132 rL 2 1
c0428 r52 2 1
c0047 rDS1 2 1
c0503 rDS2 2 1
c0007 rN 2 1
c0411 rEr1 2 1
c0211 rEr2 2 1
c0860 r36 2 2
c0975 r37 2 2
c0412 r38 2 2
c0983 r27 2 2
c0487 r51 2 2
c0132 rB 2 2
c0023 rD 2 2
c0072 rF 2 2
c0443 rG 2 2
c0723 rA 2 2
c0746 rL 2 2
c1072 r52 2 2
c0936 rDS1 2 2
c0804 rDS2 2 2
c0449 rN 2 2
c0862 rEr1 2 2
c0538 rEr2 2 2
c0534 r25 2 3
c0955 r36 2 3
c0007 r38 2 3
c0428 r34 2 3
c0019 r27 2 3
c1077 r51 2 3
c0132 rB 2 3
c0512 rD 2 3
c1041 rF 2 3
c0113 rG 2 3
c0203 rA 2 3
c0279 rL 2 3
c0411 rDS1 2 3
c0074 rDS2 2 3
c0497 rEr1 2 3
c0118 rEr2 2 3
c0238 r25 2 4
c0074 r38 2 4
c0862 r34 2 4
c0019 r27 2 4
c0203 r51 2 4
c0455 rB 2 4
c1062 rD 2 4
c0225 rF 2 4
c0069 rG 2 4
c0230 rA 2 4
c0998 rL 2 4
c1053 r50 2 4
c0428 r52 2 4
c1022 rDS1 2 4
c0178 rDS2 2 4
c0526 rN 2 4
c0980 rEr1 2 4
c0411 rEr2 2 4
c1064 r25 3 0
c0213 r37 3 0
c0804 r38 3 0
c0860 r34 3 0
c0049 r27 3 0
c0897 r51 3 0
c0515 rB 3 0
c0520 rD 3 0
c0103 rF 3 0
c0069 rG 3 0
c0191 rA 3 0
c0047 rL 3 0
c0108 r50 3 0
c1022 r52 3 0
c0088 rDS1 3 0
c0478 rDS2 3 0
c0883 rN 3 0
c0862 rEr1 3 0
c0539 rEr2 3 0
c0020 r36 3 1
c0808 r37 3 1
c1064 r38 3 1
c0497 r34 3 1
c0975 r27 3 1
c0725 r51 3 1
c0253 rB 3 1
c0023 rD 3 1
c0279 rF 3 1
c0998 rG 3 1
c0795 rA 3 1
c0153 rL 3 1
c0195 r50 3 1
c0127 r52 3 1
c0722 rDS1 3 1
c0044 rDS2 3 1
c1074 rN 3 1
c0211 rEr1 3 1
c0983 rEr2 3 1
c0807 r25 3 2
c0443 r36 3 2
c0024 r37 3 2
c0537 r34 3 2
c0423 r27 3 2
c0504 r51 3 2
c0115 rB 3 2
c0221 rD 3 2
c0722 rF 3 2
c0191 rG 3 2
c0737 rA 3 2
c0980 rL 3 2
c0203 r50 3 2
c0963 r52 3 2
c0860 rDS1 3 2
c0883 rDS2 3 2
c0061 rEr1 3 2
c0983 rEr2 3 2
c0539 r25 3 3
c0530 r36 3 3
c0526 r37 3 3
c0860 r38 3 3
c0808 r34 3 3
c0049 r27 3 3
c0044 r51 3 3
c0432 rB 3 3
c0847 rD 3 3
c0152 rF 3 3
c0217 rG 3 3
c0602 rA 3 3
c0554 rL 3 3
c0963 r50 3 3
c0221 rDS1 3 3
c0213 rN 3 3
c0024 rEr1 3 3
c0883 rEr2 3 3
c0162 r25 3 4
c0020 r36 3 4
c0127 r37 3 4
c0730 r38 3 4
c0074 r34 3 4
c0118 r27 3 4
c0813 r51 3 4
c0009 rB 3 4
c0133 rD 3 4
c1069 rF 3 4
c0503 rG 3 4
c0253 rA 3 4
c0257 rL 3 4
c0053 r50 3 4
c1064 r52 3 4
c0191 rDS1 3 4
c0897 rDS2 3 4
c0444 rN 3 4
c0232 rEr1 3 4
c0725 rEr2 3 4
c0860 r36 4 0
c0538 r37 4 0
c1077 r38 4 0
c0862 r34 4 0
c0532 rB 4 0
c0088 rD 4 0
c0129 rF 4 0
c0487 rG 4 0
c0110 rA 4 0
c0430 rL 4 0
c0467 r50 4 0
c0936 r52 4 0
c0015 rDS1 4 0
c1069 rDS2 4 0
c0822 rN 4 0
c0464 rEr1 4 0
c0883 rEr2 4 0
c0538 r25 4 1
c0496 r36 4 1
c0206 r37 4 1
c0532 r38 4 1
c0849 r34 4 1
c0975 r27 4 1
c0847 r51 4 1
c0056 rB 4 1
c0835 rD 4 1
c0430 rF 4 1
c0110 rG 4 1
c0023 rA 4 1
c0478 rL 4 1
c0238 r50 4 1
c0133 rDS1 4 1
c0789 rDS2 4 1
c0504 rN 4 1
c0983 rEr1 4 1
c0020 rEr2 4 1
c0955 r25 4 2
c0206 r36 4 2
c0795 r38 4 2
c0983 r34 4 2
c0807 r51 4 2
c0201 rB 4 2
c1072 rD 4 2
c0444 rF 4 2
c0723 rG 4 2
c0133 rA 4 2
c0193 rL 4 2
c0024 r52 4 2
c0746 rDS1 4 2
c1064 rDS2 4 2
c0489 rN 4 2
c0478 rEr1 4 2
c0975 rEr2 4 2
c0835 r25 4 3
c0955 r36 4 3
c1074 r38 4 3
c0489 r34 4 3
c0936 r27 4 3
c0963 r51 4 3
c0115 rB 4 3
c0221 rD 4 3
c0108 rF 4 3
c0201 rG 4 3
c1041 rA 4 3
c0520 rL 4 3
c0530 r50 4 3
c0975 r52 4 3
c0432 rDS1 4 3
c0883 rDS2 4 3
c0015 rEr1 4 3
c0849 rEr2 4 3
c1066 r36 4 4
c0737 r37 4 4
c0860 r34 4 4
c0983 r27 4 4
c0955 r51 4 4
c0722 rB 4 4
c0862 rD 4 4
c0058 rF 4 4
c0602 rG 4 4
c0932 rA 4 4
c0526 rL 4 4
c0897 r50 4 4
c1064 r52 4 4
c0133 rDS1 4 4
c0789 rDS2 4 4
c0009 rEr1 4 4
c0532 rEr2 4 4
