c0794 r25 0 0
c0822 r38 0 0
c0849 r27 0 0
c1069 r51 0 0
c1072 rB 0 0
c0725 rD 0 0
c0133 rF 0 0
c0432 rG 0 0
c0115 rA 0 0
c0131 rL 0 0
c0221 rDS1 0 0
c0238 rN 0 0
c1005 rEr2 0 0
c0539 r25 0 1
c0955 r37 0 1
c0206 r38 0 1
c0808 r34 0 1
c0211 r27 0 1
c0193 rB 0 1
c0056 rD 0 1
c0520 rF 0 1
c0058 rG 0 1
c0963 rA 0 1
c0219 rL 0 1
c0849 r50 0 1
c0496 r52 0 1
c0411 rDS1 0 1
c0478 rDS2 0 1
c0015 rEr1 0 1
c0883 rEr2 0 1
c0807 r25 0 2
c0835 r36 0 2
c0532 r37 0 2
c0963 r51 0 2
c0069 rB 0 2
c0131 rD 0 2
c0110 rF 0 2
c0221 rG 0 2
c0737 rA 0 2
c0464 rL 0 2
c0455 r50 0 2
c0020 r52 0 2
c0095 rDS1 0 2
c0936 rEr1 0 2
c0074 rEr2 0 2
c0812 r25 0 3
c0162 r37 0 3
c0497 r38 0 3
c1022 r34 0 3
c0053 r51 0 3
c0980 rB 0 3
c0152 rD 0 3
c0191 rF 0 3
c0115 rG 0 3
c0520 rA 0 3
c0725 rL 0 3
c0860 r50 0 3
c0808 r52 0 3
c0217 rDS1 0 3
c0432 rDS2 0 3
c1074 rN 0 3
c0737 rEr1 0 3
c0118 r25 0 4
c0804 r37 0 4
c0412 r38 0 4
c0444 r34 0 4
c0127 r27 0 4
c0963 r51 0 4
c0835 rB 0 4
c0478 rD 0 4
c0113 rF 0 4
c0225 rG 0 4
c0069 rA 0 4
c0131 rL 0 4
c0504 r52 0 4
c0062 rDS1 0 4
c0024 rDS2 0 4
c0489 rN 0 4
c1064 rEr1 0 4
c0980 rEr2 0 4
c0730 r25 1 0
c0539 r34 1 0
c0537 r27 1 0
c0883 r51 1 0
c0049 rB 1 0
c0113 rD 1 0
c0230 rF 1 0
c0129 rG 1 0
c0088 rA 1 0
c0279 rL 1 0
c1064 r50 1 0
c0812 r52 1 0
c0515 rDS1 1 0
c1062 rDS2 1 0
c0449 rEr1 1 0
c0178 rEr2 1 0
c0860 r25 1 1
c0883 r36 1 1
c0206 r37 1 1
c0526 r34 1 1
c0108 r27 1 1
c1062 r51 1 1
c0980 rB 1 1
c0532 rD 1 1
c0515 rF 1 1
c0230 rG 1 1
c0252 rA 1 1
c0932 rL 1 1
c1064 r50 1 1
c1053 r52 1 1
c0963 rDS1 1 1
c0211 rN 1 1
c0428 rEr1 1 1
c0794 rEr2 1 1
c0883 r25 1 2
c0554 r36 1 2
c0074 r38 1 2
c0412 r34 1 2
c0503 r27 1 2
c0009 r51 1 2
c0998 rB 1 2
c0742 rD 1 2
c0110 rF 1 2
c0072 rG 1 2
c0538 rA 1 2
c0044 rL 1 2
c0496 r50 1 2
c0449 r52 1 2
c0515 rDS1 1 2
c0860 rDS2 1 2
c0963 rEr1 1 2
c0443 rEr2 1 2
c0467 r25 1 3
c0044 r37 1 3
c0423 r38 1 3
c0162 r34 1 3
c0983 r27 1 3
c0807 r51 1 3
c0252 rB 1 3
c0023 rD 1 3
c0203 rF 1 3
c0024 rG 1 3
c0103 rA 1 3
c0088 rL 1 3
c0897 r50 1 3
c0737 r52 1 3
c0133 rDS1 1 3
c0061 rDS2 1 3
c0862 rN 1 3
c1064 rEr1 1 3
c0789 rEr2 1 3
c0975 r25 1 4
c1065 r37 1 4
c1077 r51 1 4
c0479 rB 1 4
c0047 rD 1 4
c0464 rF 1 4
c0230 rG 1 4
c0512 rA 1 4
c1005 rL 1 4
c0127 r50 1 4
c0504 r52 1 4
c0088 rDS1 1 4
c0980 rDS2 1 4
c0191 rN 1 4
c0983 rEr1 1 4
c0602 rEr2 1 4
c0432 r25 2 0
c0503 r36 2 0
c0883 r34 2 0
c0213 r27 2 0
c0127 r51 2 0
c0103 rB 2 0
c0225 rD 2 0
c0998 rF 2 0
c0056 rG 2 0
c0835 rA 2 0
c0257 rL 2 0
c0897 r50 2 0
c0534 r52 2 0
c0191 rDS1 2 0
c0061 rDS2 2 0
c0496 rEr1 2 0
c0512 rEr2 2 0
c1064 r25 2 1
c0554 r38 2 1
c0955 r34 2 1
c0535 r27 2 1
c0479 r51 2 1
c0023 rB 2 1
c0061 rD 2 1
c0058 rF 2 1
c0132 rG 2 1
c0088 rA 2 1
c0279 rL 2 1
c0095 r50 2 1
c0020 r52 2 1
c0812 rDS1 2 1
c1072 rDS2 2 1
c0723 rN 2 1
c0195 rEr1 2 1
c0430 rEr2 2 1
c1066 r25 2 2
c0862 r38 2 2
c0095 r34 2 2
c0813 r27 2 2
c0009 r51 2 2
c0253 rB 2 2
c0257 rD 2 2
c0722 rF 2 2
c0152 rG 2 2
c0132 rA 2 2
c0998 rL 2 2
c0044 r50 2 2
c0443 r52 2 2
c1053 rDS1 2 2
c0444 rDS2 2 2
c0860 rN 2 2
c0062 rEr1 2 2
c0455 rEr2 2 2
c1053 r25 2 3
c0118 r36 2 3
c0975 r37 2 3
c0813 r38 2 3
c0232 r34 2 3
c0497 r27 2 3
c0538 r51 2 3
c0053 rB 2 3
c1041 rD 2 3
c0430 rF 2 3
c0019 rG 2 3
c0219 rA 2 3
c0132 rL 2 3
c0822 r52 2 3
c0467 rDS1 2 3
c0862 rDS2 2 3
c1074 rN 2 3
c1064 rEr1 2 3
c0049 rEr2 2 3
c0497 r25 2 4
c0537 r36 2 4
c0108 r37 2 4
c0813 r34 2 4
c0015 r27 2 4
c0742 r51 2 4
c0253 rB 2 4
c0219 rD 2 4
c0106 rF 2 4
c0232 rG 2 4
c0963 rA 2 4
c0725 rL 2 4
c0203 r50 2 4
c0980 r52 2 4
c0467 rDS1 2 4
c0554 rDS2 2 4
c1066 rN 2 4
c0955 rEr1 2 4
c0178 rEr2 2 4
c0428 r25 3 0
c0444 r37 3 0
c0074 r38 3 0
c0487 r34 3 0
c0411 r27 3 0
c0213 r51 3 0
c0129 rB 3 0
c0535 rD 3 0
c0722 rF 3 0
c1065 rG 3 0
c0072 rA 3 0
c0455 rL 3 0
c0195 r50 3 0
c1022 r52 3 0
c0221 rDS1 3 0
c0883 rDS2 3 0
c0789 rN 3 0
c0538 rEr1 3 0
c0980 rEr2 3 0
c0723 r36 3 1
c0449 r37 3 1
c0479 r38 3 1
c0535 r34 3 1
c0730 r51 3 1
c0252 rB 3 1
c0279 rD 3 1
c0153 rF 3 1
c0129 rG 3 1
c1072 rA 3 1
c0113 rL 3 1
c0203 r50 3 1
c0088 rDS1 3 1
c0118 rDS2 3 1
c0015 rN 3 1
c0053 rEr1 3 1
c0238 rEr2 3 1
c0975 r25 3 2
c0206 r37 3 2
c0020 r38 3 2
c0730 r34 3 2
c0162 r27 3 2
c0062 r51 3 2
c0103 rB 3 2
c0069 rD 3 2
c0217 rF 3 2
c0932 rG 3 2
c0602 rA 3 2
c0515 rL 3 2
c0860 r50 3 2
c0983 r52 3 2
c0746 rDS1 3 2
c0847 rDS2 3 2
c1064 rN 3 2
c1005 rEr1 3 2
c0795 r36 3 3
c1077 r38 3 3
c0534 r34 3 3
c0847 r51 3 3
c0152 rB 3 3
c0153 rD 3 3
c0253 rF 3 3
c0487 rG 3 3
c0049 rA 3 3
c0257 rL 3 3
c0232 r52 3 3
c0746 rDS1 3 3
c1074 rDS2 3 3
c0804 rEr1 3 3
c0860 rEr2 3 3
c1069 r25 3 4
c0955 r36 3 4
c1065 r38 3 4
c0983 r34 3 4
c0936 r51 3 4
c0115 rB 3 4
c0072 rD 3 4
c0847 rF 3 4
c0430 rG 3 4
c1022 rA 3 4
c0133 rL 3 4
c0487 r50 3 4
c0047 rDS1 3 4
c0443 rDS2 3 4
c0534 rN 3 4
c0213 rEr1 3 4
c0007 rEr2 3 4
c0195 r25 4 0
c0862 r36 4 0
c0530 r37 4 0
c0423 r38 4 0
c0504 r27 4 0
c0023 rB 4 0
c0520 rD 4 0
c0963 rF 4 0
c0201 rG 4 0
c0412 rA 4 0
c0110 rL 4 0
c0238 r50 4 0
c0980 r52 4 0
c0047 rDS1 4 0
c0742 rDS2 4 0
c0975 rN 4 0
c0860 rEr1 4 0
c0795 rEr2 4 0
c0794 r36 4 1
c0862 r37 4 1
c0007 r38 4 1
c1066 r34 4 1
c0883 r51 4 1
c0746 rB 4 1
c0936 rD 4 1
c0897 rF 4 1
c0106 rG 4 1
c0056 rA 4 1
c0225 rL 4 1
c0464 r50 4 1
c0955 r52 4 1
c0411 rDS1 4 1
c0983 rDS2 4 1
c0789 rN 4 1
c0478 rEr1 4 1
c0822 r36 4 2
c0955 r37 4 2
c1069 r38 4 2
c0602 r27 4 2
c0804 r51 4 2
c0019 rB 4 2
c0201 rD 4 2
c0217 rF 4 2
c0975 rG 4 2
c0512 rA 4 2
c1062 rL 4 2
c0983 r50 4 2
c0723 r52 4 2
c0133 rDS1 4 2
c0862 rDS2 4 2
c0428 rN 4 2
c0537 rEr1 4 2
c0526 rEr2 4 2
c0024 r25 4 3
c0975 r37 4 3
c0539 r38 4 3
c0423 r34 4 3
c0849 r27 4 3
c0983 r51 4 3
c0133 rB 4 3
c1041 rD 4 3
c0058 rF 4 3
c0201 rG 4 3
c0193 rA 4 3
c0932 rL 4 3
c0808 r50 4 3
c0530 r52 4 3
c0722 rDS1 4 3
c1077 rDS2 4 3
c0009 rN 4 3
c0489 rEr1 4 3
c0019 r25 4 4
c0532 r36 4 4
c0211 r37 4 4
c0530 r34 4 4
c0526 r27 4 4
c0862 r51 4 4
c0193 rB 4 4
c0178 rD 4 4
c0489 rF 4 4
c1041 rG 4 4
c0153 rA 4 4
c0106 rL 4 4
c0975 r50 4 4
c0503 r52 4 4
c0108 rDS1 4 4
c0807 rDS2 4 4
c0795 rN 4 4
c0955 rEr1 4 4
c0007 rEr2 4 4
