c0955 r36 0 0
c0162 r37 0 0
c0794 r27 0 0
c0897 r51 0 0
c0225 rB 0 0
c0133 rD 0 0
c0746 rF 0 0
c0515 rG 0 0
c0113 rA 0 0
c0432 rL 0 0
c0813 r50 0 0
c0983 r52 0 0
c0195 rDS1 0 0
c0118 rDS2 0 0
c0238 rN 0 0
c0108 rEr2 0 0
c0497 r36 0 1
c0127 r37 0 1
c0195 r38 0 1
c1064 r34 0 1
c1062 r27 0 1
c0118 r51 0 1
c0230 rB 0 1
c0069 rD 0 1
c0455 rF 0 1
c0132 rG 0 1
c0535 rA 0 1
c0794 rL 0 1
c0061 r50 0 1
c0423 r52 0 1
c0088 rDS1 0 1
c0238 rDS2 0 1
c0807 rEr1 0 1
c0532 rEr2 0 1
c0835 r25 0 2
c1069 r37 0 2
c1062 r34 0 2
c0980 r27 0 2
c0131 rB 0 2
c0221 rD 0 2
c0115 rF 0 2
c0058 rG 0 2
c0201 rA 0 2
c0103 rL 0 2
c0936 r50 0 2
c0074 r52 0 2
c0963 rDS1 0 2
c0807 rDS2 0 2
c0883 rEr1 0 2
c0849 rEr2 0 2
c0095 r36 0 3
c0737 r37 0 3
c0808 r38 0 3
c1074 r34 0 3
c0061 r27 0 3
c0504 r51 0 3
c0110 rB 0 3
c0203 rD 0 3
c0464 rF 0 3
c0129 rG 0 3
c0897 rA 0 3
c0221 rL 0 3
c0526 r52 0 3
c0133 rDS1 0 3
c0812 rDS2 0 3
c0849 rN 0 3
c0430 rEr1 0 3
c0095 r25 0 4
c1065 r37 0 4
c0211 r38 0 4
c0813 r27 0 4
c0897 r51 0 4
c0252 rB 0 4
c0133 rD 0 4
c0113 rF 0 4
c0088 rG 0 4
c0478 rA 0 4
c0106 rL 0 4
c0532 r50 0 4
c1022 rDS1 0 4
c0530 rDS2 0 4
c0804 rN 0 4
c0983 rEr1 0 4
c0449 rEr2 0 4
c0794 r25 1 0
c0813 r36 1 0
c0849 r37 1 0
c1066 r34 1 0
c0983 r51 1 0
c0998 rB 1 0
c0153 rD 1 0
c0455 rF 1 0
c0088 rG 1 0
c0722 rA 1 0
c0515 rL 1 0
c0822 r50 1 0
c0053 r52 1 0
c0217 rDS1 1 0
c0534 rDS2 1 0
c0789 rN 1 0
c0127 rEr1 1 0
c0487 rEr2 1 0
c0860 r25 1 1
c0539 r36 1 1
c0742 r38 1 1
c0554 r34 1 1
c0737 r27 1 1
c0019 r51 1 1
c0230 rB 1 1
c0133 rD 1 1
c1072 rF 1 1
c0252 rG 1 1
c0432 rA 1 1
c0152 rL 1 1
c0044 r50 1 1
c0238 r52 1 1
c0515 rDS1 1 1
c0053 rDS2 1 1
c0412 rN 1 1
c0804 rEr1 1 1
c0602 rEr2 1 1
c0206 r25 1 2
c0737 r36 1 2
c0020 r37 1 2
c1064 r34 1 2
c0883 r51 1 2
c0602 rB 1 2
c0722 rD 1 2
c0253 rF 1 2
c0257 rG 1 2
c0058 rA 1 2
c0975 rL 1 2
c0443 r52 1 2
c0464 rDS1 1 2
c0497 rN 1 2
c0049 rEr1 1 2
c0963 rEr2 1 2
c0024 r36 1 3
c0467 r37 1 3
c0538 r38 1 3
c0983 r34 1 3
c0860 r27 1 3
c0153 rB 1 3
c0072 rD 1 3
c1041 rF 1 3
c0103 rG 1 3
c0191 rA 1 3
c0106 rL 1 3
c0444 r50 1 3
c0936 r52 1 3
c0088 rDS1 1 3
c0108 rDS2 1 3
c0074 rN 1 3
c0812 rEr1 1 3
c0487 rEr2 1 3
c0178 r25 1 4
c0044 r36 1 4
c0883 r37 1 4
c1066 r38 1 4
c0503 r34 1 4
c1053 r27 1 4
c0049 r51 1 4
c0110 rB 1 4
c0232 rD 1 4
c0464 rF 1 4
c0131 rG 1 4
c0020 rA 1 4
c0512 rL 1 4
c0963 r50 1 4
c0980 rDS1 1 4
c1077 rDS2 1 4
c1065 rEr2 1 4
c0095 r25 2 0
c0539 r36 2 0
c0496 r38 2 0
c0009 r34 2 0
c0847 r51 2 0
c0998 rB 2 0
c0526 rD 2 0
c0152 rF 2 0
c0132 rG 2 0
c0219 rA 2 0
c0062 rL 2 0
c0532 r52 2 0
c0088 rDS1 2 0
c0822 rDS2 2 0
c0835 rN 2 0
c0804 rEr1 2 0
c0449 rEr2 2 0
c0496 r25 2 1
c0412 r36 2 1
c0444 r37 2 1
c0428 r38 2 1
c0955 r34 2 1
c0980 r27 2 1
c0203 r51 2 1
c0061 rB 2 1
c0230 rD 2 1
c0225 rF 2 1
c0106 rG 2 1
c0056 rA 2 1
c1005 rL 2 1
c0503 r50 2 1
c0053 r52 2 1
c0730 rDS1 2 1
c0178 rDS2 2 1
c1064 rN 2 1
c0512 rEr1 2 1
c0019 rEr2 2 1
c1053 r36 2 2
c0554 r38 2 2
c0162 r34 2 2
c0206 r27 2 2
c1069 r51 2 2
c0980 rB 2 2
c1065 rD 2 2
c0069 rF 2 2
c0253 rG 2 2
c0129 rA 2 2
c0072 rL 2 2
c0963 r52 2 2
c0602 rDS1 2 2
c0020 rN 2 2
c0883 rEr1 2 2
c0534 rEr2 2 2
c0955 r25 2 3
c0554 r38 2 3
c0963 r27 2 3
c0537 r51 2 3
c0467 rB 2 3
c0430 rD 2 3
c0932 rF 2 3
c1072 rG 2 3
c0072 rA 2 3
c0217 rL 2 3
c0983 r52 2 3
c0103 rDS1 2 3
c0007 rDS2 2 3
c0213 rN 2 3
c1053 rEr1 2 3
c0975 rEr2 2 3
c0015 r25 2 4
c1066 r36 2 4
c0009 r37 2 4
c0883 r38 2 4
c0044 r34 2 4
c1022 r27 2 4
c0049 rB 2 4
c0725 rD 2 4
c0411 rF 2 4
c0219 rG 2 4
c0257 rA 2 4
c0487 rL 2 4
c0478 r50 2 4
c0983 r52 2 4
c0253 rDS1 2 4
c0213 rDS2 2 4
c0534 rEr2 2 4
c0489 r25 3 0
c0213 r36 3 0
c0195 r37 3 0
c0537 r38 3 0
c1064 r34 3 0
c0535 r27 3 0
c0795 r51 3 0
c0847 rB 3 0
c0023 rD 3 0
c0279 rF 3 0
c0430 rG 3 0
c0998 rA 3 0
c0132 rL 3 0
c0232 r52 3 0
c0746 rDS1 3 0
c0479 rDS2 3 0
c0975 rN 3 0
c0742 rEr2 3 0
c0539 r25 3 1
c0808 r36 3 1
c0211 r37 3 1
c0423 r38 3 1
c0019 r34 3 1
c0443 r27 3 1
c0074 r51 3 1
c0219 rB 3 1
c0193 rD 3 1
c0203 rF 3 1
c0520 rG 3 1
c1074 rA 3 1
c0467 rL 3 1
c0497 r50 3 1
c0007 rDS1 3 1
c0162 rDS2 3 1
c0862 rN 3 1
c0730 rEr1 3 1
c0955 r25 3 2
c0537 r36 3 2
c0975 r38 3 2
c0206 r34 3 2
c0723 r27 3 2
c0024 r51 3 2
c0023 rB 3 2
c0047 rD 3 2
c0515 rF 3 2
c0069 rG 3 2
c0411 rA 3 2
c0279 rL 3 2
c0535 r50 3 2
c0479 r52 3 2
c1022 rDS1 3 2
c0862 rDS2 3 2
c0530 rN 3 2
c0980 rEr1 3 2
c0789 rEr2 3 2
c0015 r25 3 3
c0504 r36 3 3
c0423 r37 3 3
c0883 r34 3 3
c0860 r27 3 3
c0980 r51 3 3
c0115 rB 3 3
c0047 rD 3 3
c0113 rF 3 3
c0257 rG 3 3
c0152 rA 3 3
c0023 rL 3 3
c1064 r50 3 3
c0936 r52 3 3
c0191 rDS1 3 3
c0835 rDS2 3 3
c0178 rEr1 3 3
c0062 rEr2 3 3
c0862 r25 3 4
c0860 r36 3 4
c0024 r34 3 4
c0428 r51 3 4
c0115 rB 3 4
c0131 rD 3 4
c0191 rF 3 4
c0795 rG 3 4
c1041 rA 3 4
c0047 rL 3 4
c0479 r52 3 4
c0932 rDS1 3 4
c0449 rN 3 4
c0062 rEr1 3 4
c0538 rEr2 3 4
c0860 r25 4 0
c0015 r36 4 0
c0444 r38 4 0
c0742 r27 4 0
c1062 r51 4 0
c0478 rB 4 0
c0520 rD 4 0
c0217 rF 4 0
c0232 rG 4 0
c0056 rA 4 0
c0129 rL 4 0
c0980 r50 4 0
c0723 r52 4 0
c0725 rDS1 4 0
c0963 rDS2 4 0
c0862 rN 4 0
c0412 rEr1 4 0
c1077 rEr2 4 0
c0862 r25 4 1
c0808 r36 4 1
c0118 r37 4 1
c0127 r34 4 1
c0730 r51 4 1
c0153 rB 4 1
c0193 rD 4 1
c0411 rF 4 1
c0058 rG 4 1
c0225 rA 4 1
c0056 rL 4 1
c0860 r50 4 1
c0955 rDS1 4 1
c0503 rDS2 4 1
c0723 rN 4 1
c0975 rEr1 4 1
c1005 rEr2 4 1
c0975 r25 4 2
c0822 r36 4 2
c0812 r37 4 2
c0538 r38 4 2
c0983 r34 4 2
c0807 r27 4 2
c0955 r51 4 2
c0279 rB 4 2
c0512 rD 4 2
c1072 rF 4 2
c0110 rG 4 2
c0009 rA 4 2
c1069 rL 4 2
c0862 r50 4 2
c0860 r52 4 2
c0443 rDS1 4 2
c0489 rDS2 4 2
c0526 rEr1 4 2
c0789 rEr2 4 2
c0975 r25 4 3
c0862 r36 4 3
c0883 r37 4 3
c1077 r38 4 3
c1064 r34 4 3
c0963 r51 4 3
c1041 rB 4 3
c0520 rD 4 3
c0432 rF 4 3
c0725 rG 4 3
c0201 rA 4 3
c0252 rL 4 3
c1074 r50 4 3
c0496 r52 4 3
c0221 rDS1 4 3
c0007 rN 4 3
c0455 rEr2 4 3
c0504 r25 4 4
c1064 r38 4 4
c0955 r34 4 4
c0530 r27 4 4
c0108 r51 4 4
c0722 rB 4 4
c0201 rD 4 4
c0133 rF 4 4
c0746 rG 4 4
c1005 rA 4 4
c0193 rL 4 4
c0795 r50 4 4
c0847 r52 4 4
c0932 rDS1 4 4
c0211 rN 4 4
c0489 rEr1 4 4
c0428 rEr2 4 4
