c0211 r25 0 0
c0162 r36 0 0
c0532 r27 0 0
c0009 r51 0 0
c0932 rB 0 0
c0131 rD 0 0
c0193 rF 0 0
c0153 rG 0 0
c0464 rA 0 0
c1072 rL 0 0
c0723 r50 0 0
c0195 rDS1 0 0
c0423 rDS2 0 0
c0804 rN 0 0
c1064 rEr1 0 0
c0467 rEr2 0 0
c0015 r25 0 1
c1069 r36 0 1
c0074 r34 0 1
c0503 r27 0 1
c0955 r51 0 1
c0113 rB 0 1
c0056 rD 0 1
c0496 rF 0 1
c0217 rG 0 1
c0133 rA 0 1
c0106 rL 0 1
c0430 r50 0 1
c0835 r52 0 1
c0095 rDS1 0 1
c0178 rDS2 0 1
c0860 rEr1 0 1
c0975 r25 0 2
c0443 r37 0 2
c1062 r38 0 2
c0095 r34 0 2
c0963 r27 0 2
c0883 r51 0 2
c0520 rB 0 2
c0225 rD 0 2
c0423 rF 0 2
c0279 rG 0 2
c0252 rA 0 2
c0980 rL 0 2
c0983 r52 0 2
c0835 rDS1 0 2
c0044 rDS2 0 2
c1069 rEr1 0 2
c0449 r25 0 3
c0537 r36 0 3
c0860 r37 0 3
c0822 r38 0 3
c0118 r34 0 3
c1064 r27 0 3
c0554 r51 0 3
c0512 rB 0 3
c0897 rD 0 3
c0088 rF 0 3
c0069 rG 0 3
c0049 rA 0 3
c0279 rL 0 3
c0203 r50 0 3
c0789 r52 0 3
c0133 rDS1 0 3
c0955 rDS2 0 3
c1022 rN 0 3
c0191 rEr1 0 3
c0737 r25 0 4
c0860 r36 0 4
c1074 r37 0 4
c0024 r38 0 4
c0118 r34 0 4
c0497 r27 0 4
c0074 r51 0 4
c0203 rB 0 4
c0103 rD 0 4
c0232 rF 0 4
c0153 rG 0 4
c0252 rA 0 4
c0131 rL 0 4
c0238 r50 0 4
c0503 r52 0 4
c0430 rDS1 0 4
c0053 rDS2 0 4
c0534 rN 0 4
c1064 rEr1 0 4
c1072 rEr2 0 4
c0526 r25 1 0
c0206 r36 1 0
c0849 r37 1 0
c0535 r34 1 0
c0980 r27 1 0
c0487 r51 1 0
c0253 rB 1 0
c0722 rD 1 0
c0217 rF 1 0
c0129 rG 1 0
c0515 rA 1 0
c0963 rL 1 0
c0537 r50 1 0
c0532 r52 1 0
c0794 rDS1 1 0
c0883 rDS2 1 0
c0808 rN 1 0
c0813 rEr1 1 0
c0238 rEr2 1 0
c0975 r25 1 1
c0807 r36 1 1
c0849 r37 1 1
c0213 r34 1 1
c0980 r27 1 1
c0963 r51 1 1
c0428 rB 1 1
c0056 rD 1 1
c0257 rF 1 1
c0113 rG 1 1
c0020 rA 1 1
c0088 rL 1 1
c0049 r50 1 1
c1053 r52 1 1
c0746 rDS1 1 1
c0007 rN 1 1
c0512 rEr1 1 1
c0602 rEr2 1 1
c1065 r25 1 2
c0530 r34 1 2
c0449 r27 1 2
c0812 r51 1 2
c0746 rB 1 2
c0019 rD 1 2
c0044 rF 1 2
c0129 rG 1 2
c0110 rA 1 2
c0201 rL 1 2
c1062 r50 1 2
c0213 r52 1 2
c0998 rDS1 1 2
c0737 rDS2 1 2
c0062 rEr1 1 2
c0412 rEr2 1 2
c0849 r25 1 3
c1069 r36 1 3
c0044 r37 1 3
c0730 r38 1 3
c0504 r34 1 3
c0725 r51 1 3
c0253 rB 1 3
c0230 rD 1 3
c0201 rF 1 3
c0232 rG 1 3
c0152 rA 1 3
c1005 rL 1 3
c0602 r50 1 3
c0103 rDS1 1 3
c0412 rN 1 3
c0847 rEr1 1 3
c0789 rEr2 1 3
c0975 r25 1 4
c0108 r36 1 4
c1065 r37 1 4
c0812 r38 1 4
c0213 r34 1 4
c0794 r27 1 4
c0504 r51 1 4
c0058 rB 1 4
c0257 rD 1 4
c0936 rF 1 4
c0479 rG 1 4
c0217 rA 1 4
c0088 rL 1 4
c1053 r50 1 4
c0191 r52 1 4
c0998 rDS1 1 4
c0062 rDS2 1 4
c0428 rN 1 4
c0015 rEr1 1 4
c0983 rEr2 1 4
c0503 r25 2 0
c0479 r36 2 0
c1066 r37 2 0
c0496 r38 2 0
c0730 r34 2 0
c0963 r27 2 0
c0532 r51 2 0
c0106 rB 2 0
c0062 rD 2 0
c0467 rF 2 0
c0225 rG 2 0
c0411 rA 2 0
c0113 rL 2 0
c0206 r50 2 0
c0860 r52 2 0
c0539 rDS1 2 0
c0538 rDS2 2 0
c0883 rN 2 0
c0053 rEr2 2 0
c0808 r25 2 1
c0955 r37 2 1
c0443 r38 2 1
c0983 r34 2 1
c0238 r27 2 1
c0723 r51 2 1
c0515 rB 2 1
c0230 rD 2 1
c0056 rF 2 1
c0225 rG 2 1
c0072 rA 2 1
c0110 rL 2 1
c0980 r50 2 1
c0860 r52 2 1
c0095 rDS1 2 1
c0412 rDS2 2 1
c0862 rN 2 1
c0496 rEr1 2 1
c0019 rEr2 2 1
c0812 r25 2 2
c1062 r36 2 2
c0489 r37 2 2
c0530 r38 2 2
c0535 r34 2 2
c0963 r27 2 2
c0444 r51 2 2
c0478 rB 2 2
c0722 rD 2 2
c0432 rF 2 2
c0106 rG 2 2
c0152 rA 2 2
c0047 rL 2 2
c0526 r50 2 2
c0020 r52 2 2
c0980 rDS1 2 2
c0742 rDS2 2 2
c0807 rN 2 2
c1022 rEr1 2 2
c0883 rEr2 2 2
c1074 r25 2 3
c0534 r36 2 3
c0019 r37 2 3
c0742 r38 2 3
c0822 r34 2 3
c0432 r27 2 3
c0219 rB 2 3
c1041 rD 2 3
c1077 rF 2 3
c0132 rG 2 3
c0072 rA 2 3
c0487 rL 2 3
c0804 r50 2 3
c0053 r52 2 3
c0467 rDS1 2 3
c0127 rN 2 3
c0512 rEr1 2 3
c1053 r25 2 4
c0108 r37 2 4
c0534 r38 2 4
c0983 r34 2 4
c0539 r51 2 4
c0072 rB 2 4
c1041 rD 2 4
c0069 rF 2 4
c0023 rG 2 4
c0132 rA 2 4
c0430 rL 2 4
c0742 r52 2 4
c0088 rDS1 2 4
c0602 rEr1 2 4
c1064 rEr2 2 4
c1065 r25 3 0
c0537 r34 3 0
c0478 rB 3 0
c0257 rD 3 0
c0069 rF 3 0
c0088 rG 3 0
c0132 rA 3 0
c0464 rL 3 0
c0725 r50 3 0
c0195 r52 3 0
c0746 rDS1 3 0
c0975 rEr1 3 0
c0449 rEr2 3 0
c0024 r25 3 1
c0535 r36 3 1
c0813 r38 3 1
c0162 r34 3 1
c0730 r27 3 1
c0862 r51 3 1
c0203 rB 3 1
c0230 rD 3 1
c0253 rF 3 1
c0153 rG 3 1
c0455 rA 3 1
c0252 rL 3 1
c0444 r52 3 1
c1072 rDS1 3 1
c0061 rDS2 3 1
c0723 rN 3 1
c0955 rEr1 3 1
c0804 rEr2 3 1
c0789 r25 3 2
c0807 r38 3 2
c0118 r34 3 2
c0554 r27 3 2
c1077 r51 3 2
c0936 rB 3 2
c0737 rD 3 2
c0221 rF 3 2
c0023 rG 3 2
c0061 rA 3 2
c0455 rL 3 2
c1066 r50 3 2
c0497 r52 3 2
c0897 rDS1 3 2
c0835 rN 3 2
c0862 rEr1 3 2
c0127 rEr2 3 2
c0489 r25 3 3
c0813 r37 3 3
c0936 r38 3 3
c0432 r34 3 3
c0127 r27 3 3
c0191 r51 3 3
c0847 rB 3 3
c0221 rD 3 3
c0115 rF 3 3
c0047 rG 3 3
c0520 rA 3 3
c0129 rL 3 3
c1022 r50 3 3
c0808 r52 3 3
c0103 rDS1 3 3
c0049 rDS2 3 3
c0007 rN 3 3
c1064 rEr2 3 3
c1064 r25 3 4
c0178 r36 3 4
c0423 r37 3 4
c0020 r38 3 4
c0862 r27 3 4
c1005 r51 3 4
c0152 rB 3 4
c0023 rD 3 4
c0795 rF 3 4
c0998 rG 3 4
c1041 rA 3 4
c0932 rL 3 4
c0211 r50 3 4
c0479 r52 3 4
c0133 rDS1 3 4
c0061 rDS2 3 4
c0725 rEr1 3 4
c0883 r25 4 0
c0955 r36 4 0
c0795 r38 4 0
c0428 r34 4 0
c0538 r27 4 0
c0515 rB 4 0
c0847 rD 4 0
c0009 rF 4 0
c0219 rG 4 0
c0115 rA 4 0
c0110 rL 4 0
c0983 r50 4 0
c0232 r52 4 0
c0487 rDS1 4 0
c0211 rN 4 0
c0530 rEr1 4 0
c0975 rEr2 4 0
c0195 r25 4 1
c1074 r36 4 1
c0862 r38 4 1
c0822 r34 4 1
c0963 r27 4 1
c0074 r51 4 1
c0219 rB 4 1
c0115 rD 4 1
c1005 rF 4 1
c0047 rG 4 1
c0015 rA 4 1
c0980 rL 4 1
c0975 r50 4 1
c0955 r52 4 1
c0515 rDS1 4 1
c0554 rDS2 4 1
c1064 rN 4 1
c0883 rEr1 4 1
c0443 rEr2 4 1
c0497 r25 4 2
c0538 r37 4 2
c0862 r34 4 2
c1066 r27 4 2
c0860 r51 4 2
c0133 rB 4 2
c0193 rD 4 2
c0279 rF 4 2
c0983 rG 4 2
c0221 rA 4 2
c0411 rL 4 2
c0444 r50 4 2
c0007 r52 4 2
c0024 rDS1 4 2
c0206 rEr2 4 2
c0162 r36 4 3
c0539 r38 4 3
c0794 r27 4 3
c0897 rB 4 3
c0133 rD 4 3
c0131 rF 4 3
c0193 rG 4 3
c0058 rA 4 3
c0201 rL 4 3
c0526 r50 4 3
c0504 r52 4 3
c0464 rDS1 4 3
c0411 rDS2 4 3
c0455 rEr1 4 3
c1077 rEr2 4 3
c0178 r25 4 4
c0955 r36 4 4
c0860 r37 4 4
c0975 r34 4 4
c0795 r27 4 4
c0963 r51 4 4
c0489 rB 4 4
c0722 rD 4 4
c0520 rF 4 4
c0932 rG 4 4
c0478 rA 4 4
c0108 rL 4 4
c0009 r50 4 4
c0862 r52 4 4
c0058 rDS1 4 4
c0883 rDS2 4 4
c0980 rEr1 4 4
c0983 rEr2 4 4
