c0804 r25 0 0
c1069 r36 0 0
c0737 r37 0 0
c1077 r38 0 0
c0432 r34 0 0
c0444 r27 0 0
c0056 rB 0 0
c0794 rD 0 0
c0095 rF 0 0
c0131 rG 0 0
c0133 rA 0 0
c0520 rL 0 0
c1072 r50 0 0
c0238 r52 0 0
c0103 rDS1 0 0
c0074 rDS2 0 0
c0539 rN 0 0
c0455 rEr1 0 0
c0822 rEr2 0 0
c0162 r36 0 1
c0108 r38 0 1
c0883 r34 0 1
c0980 r27 0 1
c0849 r51 0 1
c0115 rB 0 1
c0232 rD 0 1
c0252 rF 0 1
c0061 rG 0 1
c0069 rA 0 1
c0230 rL 0 1
c0955 r50 0 1
c0178 r52 0 1
c0478 rDS1 0 1
c0983 rDS2 0 1
c0963 rEr1 0 1
c1005 rEr2 0 1
c1022 r25 0 2
c0537 r36 0 2
c0807 r37 0 2
c0007 r38 0 2
c0975 r27 0 2
c0883 r51 0 2
c0530 rB 0 2
c0053 rD 0 2
c0496 rF 0 2
c0110 rG 0 2
c0515 rA 0 2
c0532 rL 0 2
c0020 r50 0 2
c0526 r52 0 2
c0411 rDS1 0 2
c0723 rDS2 0 2
c0444 rN 0 2
c0478 rEr1 0 2
c0955 rEr2 0 2
c0975 r25 0 3
c0074 r36 0 3
c0849 r37 0 3
c0983 r51 0 3
c0153 rB 0 3
c0252 rD 0 3
c0932 rF 0 3
c0115 rG 0 3
c0835 rA 0 3
c1005 rL 0 3
c0449 r50 0 3
c0206 r52 0 3
c0203 rDS1 0 3
c0737 rDS2 0 3
c0020 rN 0 3
c0535 rEr2 0 3
c0554 r36 0 4
c1069 r34 0 4
c0955 r51 0 4
c0512 rB 0 4
c0024 rD 0 4
c0115 rF 0 4
c0795 rG 0 4
c1041 rA 0 4
c0253 rL 0 4
c0737 r50 0 4
c0537 r52 0 4
c0058 rDS1 0 4
c1064 rDS2 0 4
c0975 rN 0 4
c1074 rEr1 0 4
c0963 rEr2 0 4
c0975 r25 1 0
c0428 r36 1 0
c1065 r38 1 0
c0883 r34 1 0
c0009 r27 1 0
c1053 rB 1 0
c0257 rD 1 0
c0056 rF 1 0
c0464 rG 1 0
c0998 rA 1 0
c0503 rL 1 0
c0538 r50 1 0
c0936 r52 1 0
c0088 rDS1 1 0
c0211 rDS2 1 0
c0983 rEr1 1 0
c0049 rEr2 1 0
c0730 r36 1 1
c0742 r37 1 1
c0804 r38 1 1
c0127 r27 1 1
c0211 r51 1 1
c0153 rB 1 1
c0129 rD 1 1
c0230 rF 1 1
c0932 rG 1 1
c0602 rA 1 1
c0193 rL 1 1
c0479 r50 1 1
c0530 r52 1 1
c0203 rDS1 1 1
c1072 rDS2 1 1
c0178 rN 1 1
c0504 rEr1 1 1
c0860 rEr2 1 1
c0975 r25 1 2
c0443 r36 1 2
c0007 r37 1 2
c1064 r38 1 2
c0019 r34 1 2
c0980 r27 1 2
c0095 r51 1 2
c0058 rB 1 2
c0722 rD 1 2
c0225 rF 1 2
c0423 rG 1 2
c0072 rA 1 2
c0489 rL 1 2
c0044 r50 1 2
c0742 r52 1 2
c0467 rDS1 1 2
c0883 rDS2 1 2
c0213 rN 1 2
c0789 rEr1 1 2
c0860 rEr2 1 2
c0860 r25 1 3
c0862 r36 1 3
c0804 r37 1 3
c0835 r34 1 3
c1066 r27 1 3
c0088 rB 1 3
c0110 rD 1 3
c0520 rF 1 3
c0152 rG 1 3
c0279 rA 1 3
c0897 rL 1 3
c0479 rDS1 1 3
c0554 rDS2 1 3
c1064 rN 1 3
c0725 rEr2 1 3
c0535 r25 1 4
c1074 r36 1 4
c0074 r37 1 4
c0213 r38 1 4
c0423 r34 1 4
c0963 r27 1 4
c0955 r51 1 4
c0219 rB 1 4
c0980 rD 1 4
c1053 rF 1 4
c0225 rG 1 4
c0072 rA 1 4
c0795 rL 1 4
c0883 r50 1 4
c0862 r52 1 4
c0998 rDS1 1 4
c1062 rDS2 1 4
c0975 rEr1 1 4
c0095 rEr2 1 4
c0503 r36 2 0
c0443 r37 2 0
c0211 r38 2 0
c0412 r51 2 0
c0152 rB 2 0
c0515 rD 2 0
c0847 rF 2 0
c0253 rG 2 0
c0047 rA 2 0
c0998 rL 2 0
c1053 r50 2 0
c0532 r52 2 0
c0219 rDS1 2 0
c0537 rN 2 0
c0062 rEr1 2 0
c0822 rEr2 2 0
c0162 r25 2 1
c0883 r36 2 1
c0118 r37 2 1
c0862 r38 2 1
c0020 r34 2 1
c0504 r27 2 1
c1066 r51 2 1
c0746 rB 2 1
c0520 rD 2 1
c0467 rF 2 1
c0554 rG 2 1
c0430 rA 2 1
c0056 rL 2 1
c0178 r50 2 1
c0479 r52 2 1
c0203 rDS1 2 1
c0489 rDS2 2 1
c1074 rN 2 1
c0897 rEr1 2 1
c0062 rEr2 2 1
c0813 r25 2 2
c0432 r36 2 2
c1065 r37 2 2
c1022 r34 2 2
c0730 r27 2 2
c0444 r51 2 2
c0061 rB 2 2
c0936 rD 2 2
c0478 rF 2 2
c0113 rG 2 2
c0221 rA 2 2
c0132 rL 2 2
c0053 r50 2 2
c0191 rDS1 2 2
c1077 rDS2 2 2
c0412 rN 2 2
c0496 rEr1 2 2
c0487 r36 2 3
c0808 r37 2 3
c0535 r34 2 3
c0534 r27 2 3
c0497 r51 2 3
c0088 rB 2 3
c0132 rD 2 3
c0023 rF 2 3
c0201 rG 2 3
c0129 rA 2 3
c0430 rL 2 3
c0602 r50 2 3
c0847 r52 2 3
c0103 rDS1 2 3
c1064 rDS2 2 3
c0108 rN 2 3
c0053 rEr1 2 3
c0061 rEr2 2 3
c0730 r25 2 4
c0503 r36 2 4
c1065 r38 2 4
c0534 r34 2 4
c0983 r27 2 4
c0742 r51 2 4
c0132 rB 2 4
c0072 rD 2 4
c1041 rF 2 4
c0106 rG 2 4
c0230 rA 2 4
c0191 rL 2 4
c0024 r50 2 4
c0443 r52 2 4
c0813 rDS1 2 4
c0127 rN 2 4
c0467 rEr1 2 4
c0044 rEr2 2 4
c0423 r25 3 0
c0835 r36 3 0
c0860 r34 3 0
c0412 r27 3 0
c1005 r51 3 0
c0131 rB 3 0
c0279 rD 3 0
c0069 rF 3 0
c0515 rG 3 0
c0133 rA 3 0
c0023 rL 3 0
c0808 r50 3 0
c0232 r52 3 0
c0103 rDS1 3 0
c1062 rDS2 3 0
c0015 rEr1 3 0
c0195 rEr2 3 0
c0862 r25 3 1
c0118 r37 3 1
c0794 r38 3 1
c0813 r27 3 1
c0963 r51 3 1
c0512 rB 3 1
c0257 rD 3 1
c0019 rF 3 1
c0062 rG 3 1
c0113 rA 3 1
c0932 rL 3 1
c0983 r52 3 1
c0195 rDS1 3 1
c0213 rDS2 3 1
c0449 rN 3 1
c0455 rEr1 3 1
c0162 rEr2 3 1
c0449 r25 3 2
c0883 r36 3 2
c0812 r38 3 2
c0862 r27 3 2
c0723 r51 3 2
c0515 rB 3 2
c0526 rD 3 2
c0279 rF 3 2
c0047 rG 3 2
c0069 rA 3 2
c0980 rL 3 2
c1022 r52 3 2
c0217 rDS1 3 2
c0019 rDS2 3 2
c0975 rN 3 2
c0955 rEr1 3 2
c0049 rEr2 3 2
c0044 r25 3 3
c0009 r36 3 3
c0015 r38 3 3
c0118 r34 3 3
c1064 r27 3 3
c0455 r51 3 3
c0201 rB 3 3
c0047 rD 3 3
c0980 rF 3 3
c0430 rG 3 3
c0088 rA 3 3
c0113 rL 3 3
c0532 r50 3 3
c0963 r52 3 3
c0191 rDS1 3 3
c0860 rDS2 3 3
c0497 rN 3 3
c0936 rEr2 3 3
c0238 r25 3 4
c0127 r37 3 4
c0862 r38 3 4
c0496 r27 3 4
c0504 r51 3 4
c0253 rB 3 4
c0153 rD 3 4
c0049 rF 3 4
c0257 rG 3 4
c1041 rA 3 4
c0152 rL 3 4
c0232 r50 3 4
c0602 r52 3 4
c0725 rDS1 3 4
c0497 rDS2 3 4
c0538 rN 3 4
c0860 rEr1 3 4
c0808 rEr2 3 4
c0789 r25 4 0
c1064 r37 4 0
c0487 r34 4 0
c0411 r27 4 0
c1069 r51 4 0
c0133 rB 4 0
c0428 rD 4 0
c0131 rF 4 0
c0746 rG 4 0
c0722 rA 4 0
c0106 rL 4 0
c0847 r50 4 0
c0219 rDS1 4 0
c0538 rDS2 4 0
c0195 rN 4 0
c0725 rEr2 4 0
c0487 r36 4 1
c0024 r37 4 1
c0539 r38 4 1
c0862 r34 4 1
c0795 r51 4 1
c0221 rB 4 1
c0129 rD 4 1
c0023 rF 4 1
c0058 rG 4 1
c0193 rA 4 1
c0106 rL 4 1
c0428 r50 4 1
c0807 r52 4 1
c0133 rDS1 4 1
c1072 rDS2 4 1
c1064 rN 4 1
c0238 rEr1 4 1
c0807 r25 4 2
c0860 r36 4 2
c1066 r37 4 2
c0822 r38 4 2
c0526 r34 4 2
c0723 r27 4 2
c0963 r51 4 2
c0722 rB 4 2
c0252 rD 4 2
c0217 rF 4 2
c1077 rG 4 2
c0411 rA 4 2
c0225 rL 4 2
c0464 r50 4 2
c0980 r52 4 2
c0512 rDS1 4 2
c0955 rEr1 4 2
c0983 rEr2 4 2
c0789 r37 4 3
c0009 r38 4 3
c0983 r34 4 3
c0812 r27 4 3
c0794 r51 4 3
c0088 rB 4 3
c0201 rD 4 3
c0133 rF 4 3
c0489 rG 4 3
c0110 rA 4 3
c0530 rL 4 3
c0955 rDS1 4 3
c0897 rDS2 4 3
c0206 rN 4 3
c0849 rEr1 4 3
c0007 r25 4 4
c0534 r36 4 4
c0206 r38 4 4
c0015 r27 4 4
c0539 r51 4 4
c0193 rB 4 4
c0746 rD 4 4
c0217 rF 4 4
c0432 rG 4 4
c0221 rA 4 4
c0108 rL 4 4
c0963 r50 4 4
c0812 r52 4 4
c0464 rDS1 4 4
c1062 rDS2 4 4
c0980 rEr1 4 4
