c0532 r25 0 0
c0489 r36 0 0
c0897 r27 0 0
c0432 r51 0 0
c0279 rB 0 0
c0221 rD 0 0
c0133 rF 0 0
c0746 rG 0 0
c0056 rA 0 0
c0131 rL 0 0
c1064 r50 0 0
c0074 r52 0 0
c0515 rDS1 0 0
c0238 rDS2 0 0
c0723 rEr1 0 0
c0535 rEr2 0 0
c0723 r36 0 1
c1064 r37 0 1
c0432 r38 0 1
c0539 r34 0 1
c0118 r27 0 1
c0526 r51 0 1
c0193 rB 0 1
c0129 rD 0 1
c0153 rF 0 1
c0061 rG 0 1
c1077 rA 0 1
c0279 rL 0 1
c0530 r50 0 1
c0219 rDS1 0 1
c0015 rDS2 0 1
c0497 rN 0 1
c0103 rEr1 0 1
c0813 rEr2 0 1
c0849 r36 0 2
c1066 r37 0 2
c0489 r34 0 2
c0053 r27 0 2
c0530 r51 0 2
c0044 rB 0 2
c0520 rD 0 2
c0279 rF 0 2
c0252 rG 0 2
c1022 rA 0 2
c0515 rL 0 2
c0963 r52 0 2
c0722 rDS1 0 2
c0883 rDS2 0 2
c0975 rN 0 2
c0980 rEr1 0 2
c0423 rEr2 0 2
c0789 r25 0 3
c0602 r37 0 3
c0804 r38 0 3
c0822 r34 0 3
c0074 r27 0 3
c1041 rB 0 3
c0489 rD 0 3
c0230 rF 0 3
c0932 rG 0 3
c0201 rA 0 3
c0725 rL 0 3
c0053 r50 0 3
c0983 r52 0 3
c0133 rDS1 0 3
c0955 rDS2 0 3
c0538 rN 0 3
c0103 rEr1 0 3
c0504 rEr2 0 3
c0554 r25 0 4
c0443 r36 0 4
c0024 r37 0 4
c0849 r38 0 4
c0206 r34 0 4
c0980 r27 0 4
c0975 r51 0 4
c0201 rB 0 4
c0430 rD 0 4
c0225 rF 0 4
c0058 rG 0 4
c0795 rA 0 4
c0113 rL 0 4
c0095 r50 0 4
c1062 r52 0 4
c0496 rDS1 0 4
c0808 rDS2 0 4
c0539 rEr1 0 4
c0118 rEr2 0 4
c0955 r25 1 0
c1053 r36 1 0
c0538 r37 1 0
c0794 r38 1 0
c0983 r34 1 0
c0195 r27 1 0
c1069 r51 1 0
c0072 rB 1 0
c0455 rD 1 0
c0132 rF 1 0
c0512 rG 1 0
c1072 rA 1 0
c0088 rL 1 0
c1077 r52 1 0
c0219 rDS1 1 0
c0009 rDS2 1 0
c0211 rN 1 0
c0812 rEr2 1 0
c0444 r25 1 1
c0213 r37 1 1
c1066 r38 1 1
c0534 r34 1 1
c0020 r51 1 1
c0257 rB 1 1
c0132 rD 1 1
c0110 rF 1 1
c0061 rG 1 1
c0056 rA 1 1
c0088 rL 1 1
c0478 r50 1 1
c0835 r52 1 1
c0047 rDS1 1 1
c1053 rDS2 1 1
c1065 rN 1 1
c0789 rEr1 1 1
c0009 rEr2 1 1
c0449 r37 1 2
c0883 r38 1 2
c0554 r27 1 2
c0007 r51 1 2
c0737 rB 1 2
c0113 rD 1 2
c0191 rF 1 2
c0257 rG 1 2
c0746 rA 1 2
c0225 rL 1 2
c0537 r50 1 2
c0936 rDS1 1 2
c0963 rDS2 1 2
c0975 rN 1 2
c0602 rEr1 1 2
c0849 rEr2 1 2
c0503 r25 1 3
c0730 r37 1 3
c0024 r38 1 3
c0007 r34 1 3
c0835 r27 1 3
c0539 r51 1 3
c0253 rB 1 3
c0153 rD 1 3
c1041 rF 1 3
c0232 rG 1 3
c0193 rA 1 3
c0062 rL 1 3
c0975 r50 1 3
c0464 rDS1 1 3
c0526 rDS2 1 3
c0178 rN 1 3
c0412 rEr1 1 3
c0983 rEr2 1 3
c0467 r25 1 4
c1065 r36 1 4
c1066 r34 1 4
c0554 r27 1 4
c0412 r51 1 4
c0487 rB 1 4
c0058 rD 1 4
c0044 rF 1 4
c0193 rG 1 4
c0072 rA 1 4
c0232 rL 1 4
c0808 r52 1 4
c0430 rDS1 1 4
c0897 rDS2 1 4
c0095 rN 1 4
c0178 rEr1 1 4
c0955 rEr2 1 4
c0195 r36 2 0
c0449 r37 2 0
c0860 r34 2 0
c0127 r27 2 0
c0730 r51 2 0
c0496 rB 2 0
c0203 rD 2 0
c0217 rF 2 0
c0132 rG 2 0
c0062 rA 2 0
c0088 rL 2 0
c0512 r50 2 0
c0862 r52 2 0
c0998 rDS1 2 0
c0211 rDS2 2 0
c1064 rEr1 2 0
c0983 rEr2 2 0
c0804 r25 2 1
c0497 r36 2 1
c0794 r37 2 1
c0983 r34 2 1
c0534 r51 2 1
c0110 rB 2 1
c0049 rD 2 1
c0088 rF 2 1
c0230 rG 2 1
c0153 rA 2 1
c0847 rL 2 1
c0455 r50 2 1
c0860 r52 2 1
c0998 rDS1 2 1
c0730 rDS2 2 1
c0813 rN 2 1
c0195 rEr1 2 1
c0975 rEr2 2 1
c0883 r25 2 2
c0955 r36 2 2
c1069 r38 2 2
c0807 r34 2 2
c0980 r51 2 2
c0106 rB 2 2
c0069 rD 2 2
c1065 rF 2 2
c0023 rG 2 2
c0072 rA 2 2
c0932 rL 2 2
c0074 r50 2 2
c0191 r52 2 2
c0103 rDS1 2 2
c0162 rN 2 2
c1022 rEr1 2 2
c0423 rEr2 2 2
c0812 r25 2 3
c0020 r36 2 3
c0808 r34 2 3
c0479 r27 2 3
c0061 r51 2 3
c0023 rB 2 3
c0455 rD 2 3
c0152 rF 2 3
c1022 rG 2 3
c1005 rA 2 3
c0047 rL 2 3
c0862 r50 2 3
c1074 r52 2 3
c0225 rDS1 2 3
c0432 rDS2 2 3
c1053 rN 2 3
c0897 rEr1 2 3
c0044 rEr2 2 3
c1064 r25 2 4
c0213 r36 2 4
c0095 r38 2 4
c0862 r34 2 4
c0963 r27 2 4
c0464 r51 2 4
c1041 rB 2 4
c0129 rD 2 4
c0253 rF 2 4
c0257 rG 2 4
c0746 rA 2 4
c0998 rL 2 4
c1074 r50 2 4
c0015 rDS1 2 4
c0860 rDS2 2 4
c0835 rN 2 4
c0049 rEr1 2 4
c0530 rEr2 2 4
c0412 r25 3 0
c1064 r37 3 0
c0191 r38 3 0
c0862 r34 3 0
c0053 r27 3 0
c0423 r51 3 0
c0062 rB 3 0
c0221 rD 3 0
c0520 rF 3 0
c0496 rG 3 0
c0203 rA 3 0
c0725 rL 3 0
c0795 r50 3 0
c0503 r52 3 0
c0479 rDS1 3 0
c0009 rN 3 0
c0963 rEr1 3 0
c0975 rEr2 3 0
c0737 r25 3 1
c0742 r36 3 1
c0504 r37 3 1
c0497 r38 3 1
c0860 r34 3 1
c0238 r27 3 1
c0203 r51 3 1
c0980 rB 3 1
c0113 rD 3 1
c0131 rF 3 1
c1062 rG 3 1
c0106 rA 3 1
c0007 rL 3 1
c0725 r50 3 1
c0602 r52 3 1
c0428 rDS1 3 1
c0162 rDS2 3 1
c0532 rN 3 1
c0444 rEr1 3 1
c0487 r25 3 2
c0955 r36 3 2
c0020 r37 3 2
c0443 r34 3 2
c0883 r27 3 2
c0963 r51 3 2
c0115 rB 3 2
c0047 rD 3 2
c0520 rF 3 2
c0515 rG 3 2
c0253 rA 3 2
c0219 rL 3 2
c1072 r50 3 2
c0983 r52 3 2
c0722 rDS1 3 2
c0049 rDS2 3 2
c0535 rEr1 3 2
c0860 r25 3 3
c0883 r34 3 3
c0847 r27 3 3
c0487 r51 3 3
c0252 rB 3 3
c0115 rD 3 3
c0088 rF 3 3
c0152 rG 3 3
c1005 rA 3 3
c0069 rL 3 3
c0742 r50 3 3
c0795 r52 3 3
c0217 rDS1 3 3
c0479 rDS2 3 3
c0822 rN 3 3
c0807 rEr1 3 3
c0449 rEr2 3 3
c0812 r25 3 4
c0534 r36 3 4
c0742 r37 3 4
c0883 r38 3 4
c1074 r34 3 4
c1062 r27 3 4
c0443 r51 3 4
c0478 rB 3 4
c0152 rD 3 4
c0069 rF 3 4
c0023 rG 3 4
c0252 rA 3 4
c0115 rL 3 4
c0804 r50 3 4
c0862 r52 3 4
c0464 rDS1 3 4
c0980 rDS2 3 4
c0430 rEr1 3 4
c0024 rEr2 3 4
c0537 r25 4 0
c0127 r37 4 0
c0118 r38 4 0
c0883 r27 4 0
c0515 rB 4 0
c0129 rD 4 0
c0056 rF 4 0
c0980 rG 4 0
c0058 rA 4 0
c0722 rL 4 0
c0019 r50 4 0
c0963 r52 4 0
c0794 rDS1 4 0
c0232 rDS2 4 0
c0213 rEr1 4 0
c0789 rEr2 4 0
c0822 r25 4 1
c0526 r37 4 1
c0206 r38 4 1
c0955 r34 4 1
c0127 r27 4 1
c0537 r51 4 1
c0847 rB 4 1
c0230 rD 4 1
c0737 rF 4 1
c0133 rG 4 1
c0512 rA 4 1
c0411 rL 4 1
c0532 r50 4 1
c0983 r52 4 1
c0503 rDS1 4 1
c1064 rDS2 4 1
c0467 rN 4 1
c0860 rEr2 4 1
c0955 r25 4 2
c0162 r37 4 2
c0807 r34 4 2
c0936 r51 4 2
c0019 rB 4 2
c0133 rD 4 2
c0110 rF 4 2
c0201 rG 4 2
c0411 rA 4 2
c0862 rL 4 2
c0108 r50 4 2
c1069 r52 4 2
c0723 rDS1 4 2
c0428 rEr1 4 2
c1005 rEr2 4 2
c0444 r25 4 3
c0211 r37 4 3
c0535 r38 4 3
c0015 r34 4 3
c0178 rB 4 3
c0411 rD 4 3
c0131 rF 4 3
c0133 rG 4 3
c0221 rA 4 3
c0106 rL 4 3
c0428 r50 4 3
c0108 rDS1 4 3
c0504 rDS2 4 3
c1072 rEr1 4 3
c1064 rEr2 4 3
c0467 r25 4 4
c0936 r36 4 4
c0238 r37 4 4
c0975 r38 4 4
c0478 r51 4 4
c0932 rB 4 4
c0217 rD 4 4
c0980 rF 4 4
c0860 rG 4 4
c0019 rA 4 4
c0813 rL 4 4
c1077 r50 4 4
c0538 r52 4 4
c0108 rDS1 4 4
c0862 rDS2 4 4
c0206 rEr1 4 4
c0963 rEr2 4 4
