c0467 r36 0 0
c0432 r37 0 0
c0412 r38 0 0
c0532 r34 0 0
c0238 r27 0 0
c0132 rB 0 0
c0069 rD 0 0
c0129 rF 0 0
c0489 rG 0 0
c0225 rA 0 0
c0103 rL 0 0
c0118 r50 0 0
c0162 r52 0 0
c0219 rDS1 0 0
c1072 rDS2 0 0
c0195 rEr1 0 0
c0478 rEr2 0 0
c1064 r25 0 1
c0444 r36 0 1
c1062 r37 0 1
c1077 r38 0 1
c0503 r34 0 1
c0983 r51 0 1
c0225 rB 0 1
c0230 rD 0 1
c0069 rF 0 1
c0153 rG 0 1
c0110 rA 0 1
c0195 rL 0 1
c0411 r50 0 1
c0467 rDS1 0 1
c0955 rDS2 0 1
c0860 rN 0 1
c1005 rEr2 0 1
c0423 r36 0 2
c0020 r37 0 2
c0009 r34 0 2
c0538 r27 0 2
c0455 r51 0 2
c0131 rB 0 2
c0201 rD 0 2
c0932 rF 0 2
c0746 rG 0 2
c0737 rA 0 2
c0219 rL 0 2
c0849 r52 0 2
c0722 rDS1 0 2
c0061 rDS2 0 2
c1062 rEr1 0 2
c0963 rEr2 0 2
c0127 r36 0 3
c0794 r37 0 3
c0883 r38 0 3
c1065 r34 0 3
c0428 r27 0 3
c0049 r51 0 3
c0520 rB 0 3
c0230 rD 0 3
c0193 rF 0 3
c0129 rG 0 3
c0058 rA 0 3
c1041 rL 0 3
c1077 r50 0 3
c0449 r52 0 3
c0221 rDS1 0 3
c0411 rDS2 0 3
c0530 rEr1 0 3
c0789 r36 0 4
c0015 r38 0 4
c0074 r34 0 4
c0534 r27 0 4
c0504 r51 0 4
c0131 rB 0 4
c0535 rD 0 4
c0069 rF 0 4
c0110 rG 0 4
c0221 rA 0 4
c0430 rL 0 4
c0203 r50 0 4
c0980 r52 0 4
c0411 rDS1 0 4
c0860 rN 0 4
c0206 rEr1 0 4
c0963 rEr2 0 4
c0883 r25 1 0
c0808 r36 1 0
c0860 r37 1 0
c0489 r38 1 0
c0213 r34 1 0
c0515 rB 1 0
c0113 rD 1 0
c0009 rF 1 0
c0088 rG 1 0
c0056 rA 1 0
c0279 rL 1 0
c0053 r50 1 0
c0479 rDS1 1 0
c0206 rDS2 1 0
c0975 rEr1 1 0
c1072 rEr2 1 0
c1074 r25 1 1
c0504 r36 1 1
c0742 r37 1 1
c0203 r51 1 1
c0737 rB 1 1
c0980 rD 1 1
c0512 rF 1 1
c0219 rG 1 1
c0106 rA 1 1
c0253 rL 1 1
c0497 r50 1 1
c0195 r52 1 1
c0835 rDS1 1 1
c0095 rDS2 1 1
c0443 rN 1 1
c0464 rEr1 1 1
c1064 rEr2 1 1
c0795 r37 1 2
c1066 r38 1 2
c0206 r34 1 2
c0061 r51 1 2
c0047 rB 1 2
c0963 rD 1 2
c0253 rF 1 2
c0113 rG 1 2
c0191 rA 1 2
c0257 rL 1 2
c0538 r50 1 2
c0496 r52 1 2
c0443 rDS1 1 2
c0504 rDS2 1 2
c0009 rN 1 2
c0512 rEr1 1 2
c0737 r25 1 3
c0862 r36 1 3
c1064 r38 1 3
c0503 r27 1 3
c0430 r51 1 3
c0062 rB 1 3
c0257 rD 1 3
c1041 rF 1 3
c0153 rG 1 3
c0191 rA 1 3
c0113 rL 1 3
c0983 r52 1 3
c0225 rDS1 1 3
c0794 rN 1 3
c0808 rEr1 1 3
c0015 rEr2 1 3
c0238 r25 1 4
c0862 r36 1 4
c0795 r37 1 4
c0044 r38 1 4
c0804 r34 1 4
c0980 r51 1 4
c0722 rB 1 4
c0193 rD 1 4
c0047 rF 1 4
c0152 rG 1 4
c0478 rA 1 4
c0088 rL 1 4
c0535 r50 1 4
c0062 r52 1 4
c0534 rDS1 1 4
c1066 rN 1 4
c0178 rEr1 1 4
c0530 rEr2 1 4
c0503 r25 2 0
c0723 r36 2 0
c0804 r37 2 0
c0812 r38 2 0
c1066 r34 2 0
c0963 r27 2 0
c0095 r51 2 0
c0023 rB 2 0
c1005 rD 2 0
c0725 rF 2 0
c0201 rG 2 0
c0088 rA 2 0
c0049 rL 2 0
c0980 r50 2 0
c1053 r52 2 0
c0103 rDS1 2 0
c0822 rN 2 0
c0044 rEr1 2 0
c0213 rEr2 2 0
c0813 r25 2 1
c0467 r37 2 1
c1074 r38 2 1
c0007 r27 2 1
c0232 r51 2 1
c0152 rB 2 1
c0897 rD 2 1
c0058 rF 2 1
c0062 rG 2 1
c0019 rA 2 1
c0998 rL 2 1
c0479 r50 2 1
c0526 r52 2 1
c0449 rDS1 2 1
c0127 rDS2 2 1
c1053 rN 2 1
c0535 rEr1 2 1
c0537 rEr2 2 1
c0975 r25 2 2
c0095 r36 2 2
c0730 r37 2 2
c0883 r38 2 2
c0412 r34 2 2
c0049 r27 2 2
c0983 r51 2 2
c0106 rB 2 2
c0020 rD 2 2
c0746 rF 2 2
c0203 rG 2 2
c0812 rA 2 2
c0023 rL 2 2
c0862 r50 2 2
c0423 r52 2 2
c0897 rDS1 2 2
c1064 rDS2 2 2
c0554 rEr1 2 2
c0804 rEr2 2 2
c1022 r25 2 3
c0554 r36 2 3
c0537 r37 2 3
c0955 r34 2 3
c0024 r27 2 3
c0730 r51 2 3
c1041 rB 2 3
c0072 rD 2 3
c0539 rF 2 3
c0088 rG 2 3
c0103 rA 2 3
c0132 rL 2 3
c0975 r52 2 3
c0998 rDS1 2 3
c0813 rDS2 2 3
c0862 rN 2 3
c0007 rEr1 2 3
c1064 rEr2 2 3
c0883 r25 2 4
c1053 r36 2 4
c0539 r37 2 4
c0742 r38 2 4
c0862 r34 2 4
c0812 r27 2 4
c0432 r51 2 4
c0191 rB 2 4
c0998 rD 2 4
c1022 rF 2 4
c0479 rG 2 4
c0152 rA 2 4
c0455 rL 2 4
c0963 r50 2 4
c0860 r52 2 4
c1062 rDS1 2 4
c1064 rN 2 4
c0822 rEr1 2 4
c0980 rEr2 2 4
c0178 r25 3 0
c0822 r36 3 0
c1065 r37 3 0
c0795 r34 3 0
c0955 r51 3 0
c0257 rB 3 0
c0487 rD 3 0
c0193 rF 3 0
c0088 rG 3 0
c0133 rA 3 0
c0430 rL 3 0
c0723 r50 3 0
c0847 r52 3 0
c0053 rDS1 3 0
c0975 rN 3 0
c0742 rEr1 3 0
c0108 rEr2 3 0
c1065 r36 3 1
c0975 r37 3 1
c0007 r38 3 1
c0530 r34 3 1
c0487 r27 3 1
c0554 rB 3 1
c0515 rD 3 1
c0115 rF 3 1
c0252 rG 3 1
c0132 rA 3 1
c1022 rL 3 1
c0807 r50 3 1
c0019 r52 3 1
c0061 rDS1 3 1
c0955 rDS2 3 1
c0449 rN 3 1
c0053 rEr1 3 1
c0532 rEr2 3 1
c1069 r25 3 2
c0602 r36 3 2
c0127 r37 3 2
c0428 r34 3 2
c0074 r27 3 2
c0963 r51 3 2
c0221 rB 3 2
c0217 rD 3 2
c1005 rF 3 2
c0515 rG 3 2
c0252 rA 3 2
c0464 rL 3 2
c0118 r50 3 2
c0044 r52 3 2
c0722 rDS1 3 2
c0178 rDS2 3 2
c0807 rN 3 2
c0883 rEr1 3 2
c0444 rEr2 3 2
c0883 r36 3 3
c0602 r37 3 3
c0024 r38 3 3
c0980 r27 3 3
c0412 r51 3 3
c0131 rB 3 3
c0252 rD 3 3
c0115 rF 3 3
c0253 rG 3 3
c0072 rA 3 3
c0963 rL 3 3
c0860 r50 3 3
c0487 rDS1 3 3
c0808 rDS2 3 3
c0534 rN 3 3
c0936 rEr1 3 3
c0862 rEr2 3 3
c0537 r25 3 4
c0813 r36 3 4
c0108 r37 3 4
c0794 r38 3 4
c0862 r34 3 4
c0162 r27 3 4
c1072 r51 3 4
c0133 rB 3 4
c0072 rD 3 4
c0129 rF 3 4
c0023 rG 3 4
c1069 rA 3 4
c0455 rL 3 4
c0725 r50 3 4
c0015 rDS1 3 4
c0489 rDS2 3 4
c0211 rN 3 4
c0428 rEr1 3 4
c0232 rEr2 3 4
c0860 r25 4 0
c0539 r36 4 0
c0074 r38 4 0
c0730 r34 4 0
c0211 r27 4 0
c0983 r51 4 0
c0056 rB 4 0
c0133 rD 4 0
c0520 rF 4 0
c0110 rG 4 0
c0279 rA 4 0
c0515 rL 4 0
c0118 r50 4 0
c0232 rDS1 4 0
c0497 rN 4 0
c0789 rEr1 4 0
c0835 rEr2 4 0
c0020 r25 4 1
c0936 r38 4 1
c0602 r34 4 1
c0847 r27 4 1
c0849 r51 4 1
c0056 rB 4 1
c0230 rD 4 1
c0153 rF 4 1
c0532 rG 4 1
c0497 rA 4 1
c0932 rL 4 1
c0238 r52 4 1
c0047 rDS1 4 1
c1077 rDS2 4 1
c0526 rN 4 1
c0496 rEr1 4 1
c0955 rEr2 4 1
c0024 r25 4 2
c0883 r37 4 2
c0538 r38 4 2
c0723 r34 4 2
c0213 r27 4 2
c0058 rB 4 2
c1069 rD 4 2
c0279 rF 4 2
c0217 rG 4 2
c0980 rA 4 2
c0932 rL 4 2
c0444 r50 4 2
c0983 r52 4 2
c0835 rDS1 4 2
c1064 rN 4 2
c0526 rEr1 4 2
c0512 rEr2 4 2
c0936 r36 4 3
c0955 r37 4 3
c0432 r38 4 3
c0849 r27 4 3
c0464 r51 4 3
c1074 rB 4 3
c0133 rD 4 3
c0106 rF 4 3
c0478 rG 4 3
c0108 rA 4 3
c0897 rL 4 3
c0789 r50 4 3
c0807 r52 4 3
c0746 rDS1 4 3
c0975 rDS2 4 3
c0983 rEr1 4 3
c0162 r25 4 4
c0860 r36 4 4
c0423 r38 4 4
c0019 r34 4 4
c0983 r27 4 4
c0115 rB 4 4
c0217 rD 4 4
c0520 rF 4 4
c0847 rG 4 4
c0133 rA 4 4
c0201 rL 4 4
c0975 r50 4 4
c0211 r52 4 4
c0443 rDS1 4 4
c0496 rDS2 4 4
c0725 rEr1 4 4
c0955 rEr2 4 4
