c0526 r25 0 0
c0822 r38 0 0
c0074 r27 0 0
c0053 r51 0 0
c0432 rB 0 0
c0725 rD 0 0
c0835 rF 0 0
c0503 rG 0 0
c0219 rA 0 0
c0115 rL 0 0
c0133 r50 0 0
c0983 r52 0 0
c0225 rDS1 0 0
c0955 rDS2 0 0
c0162 rN 0 0
c0464 rEr2 0 0
c0423 r25 0 1
c0723 r37 0 1
c0794 r38 0 1
c1066 r34 0 1
c0238 r27 0 1
c0009 r51 0 1
c0056 rB 0 1
c0132 rD 0 1
c0219 rF 0 1
c0515 rG 0 1
c0932 rA 0 1
c0110 rL 0 1
c0975 r50 0 1
c0526 r52 0 1
c0095 rDS1 0 1
c1064 rN 0 1
c0455 rEr1 0 1
c0983 rEr2 0 1
c0444 r25 0 2
c0127 r36 0 2
c0723 r34 0 2
c0860 r51 0 2
c0279 rB 0 2
c0428 rD 0 2
c0512 rF 0 2
c0520 rG 0 2
c0118 rA 0 2
c0963 rL 0 2
c1069 r50 0 2
c0053 rDS1 0 2
c0955 rDS2 0 2
c0883 rN 0 2
c0443 rEr1 0 2
c0162 rEr2 0 2
c0795 r25 0 3
c0095 r36 0 3
c0737 r37 0 3
c0532 r38 0 3
c0020 r34 0 3
c0152 rB 0 3
c0106 rD 0 3
c1041 rF 0 3
c0049 rG 0 3
c0110 rA 0 3
c0412 rL 0 3
c0464 r50 0 3
c0232 r52 0 3
c0133 rDS1 0 3
c0206 rDS2 0 3
c0497 rEr1 0 3
c0009 rEr2 0 3
c0975 r25 0 4
c0539 r36 0 4
c0530 r37 0 4
c0602 r38 0 4
c0822 r34 0 4
c0554 r27 0 4
c0526 r51 0 4
c0230 rB 0 4
c0088 rD 0 4
c0061 rF 0 4
c0203 rG 0 4
c0132 rA 0 4
c0489 rL 0 4
c0538 r50 0 4
c0044 r52 0 4
c0532 rDS1 0 4
c0118 rDS2 0 4
c0211 rEr1 0 4
c0860 rEr2 0 4
c0808 r25 1 0
c1064 r36 1 0
c1074 r38 1 0
c0213 r27 1 0
c1072 r51 1 0
c0131 rB 1 0
c0746 rD 1 0
c0795 rF 1 0
c0279 rG 1 0
c0253 rA 1 0
c0153 rL 1 0
c0232 r52 1 0
c0512 rDS1 1 0
c1005 rEr1 1 0
c0489 rEr2 1 0
c0213 r36 1 1
c0195 r38 1 1
c0730 r34 1 1
c0883 r27 1 1
c0936 rB 1 1
c0963 rD 1 1
c0113 rF 1 1
c0430 rG 1 1
c0131 rA 1 1
c0279 rL 1 1
c0980 r50 1 1
c0044 r52 1 1
c0088 rDS1 1 1
c0062 rDS2 1 1
c0835 rEr1 1 1
c0883 r36 1 2
c0980 r37 1 2
c0789 r38 1 2
c0538 r34 1 2
c1053 r27 1 2
c0804 r51 1 2
c0515 rB 1 2
c0113 rD 1 2
c0252 rF 1 2
c0152 rG 1 2
c0849 rA 1 2
c0932 rL 1 2
c0449 r50 1 2
c0061 r52 1 2
c0998 rDS1 1 2
c0019 rEr2 1 2
c0795 r36 1 3
c0412 r37 1 3
c0849 r38 1 3
c0044 r34 1 3
c0178 r27 1 3
c0062 r51 1 3
c0478 rB 1 3
c0129 rD 1 3
c0023 rF 1 3
c1005 rG 1 3
c0132 rA 1 3
c0110 rL 1 3
c0203 r50 1 3
c0936 r52 1 3
c0095 rDS1 1 3
c1053 rDS2 1 3
c0232 rEr2 1 3
c0955 r25 1 4
c0883 r36 1 4
c0822 r37 1 4
c0804 r38 1 4
c0742 r34 1 4
c0019 r27 1 4
c0487 r51 1 4
c0812 rB 1 4
c0193 rD 1 4
c0963 rF 1 4
c0980 rG 1 4
c0432 rA 1 4
c0257 rL 1 4
c0554 r50 1 4
c0479 r52 1 4
c0998 rDS1 1 4
c1062 rDS2 1 4
c0127 rN 1 4
c0983 rEr1 1 4
c1065 rEr2 1 4
c0009 r25 2 0
c1062 r36 2 0
c0535 r37 2 0
c0813 r38 2 0
c0496 r34 2 0
c0975 r27 2 0
c0862 r51 2 0
c0201 rB 2 0
c0049 rD 2 0
c0430 rF 2 0
c0153 rG 2 0
c0520 rA 2 0
c0069 rL 2 0
c0455 r50 2 0
c0047 rDS1 2 0
c0794 rDS2 2 0
c0211 rEr1 2 0
c0195 rEr2 2 0
c0742 r25 2 1
c0807 r36 2 1
c1022 r37 2 1
c0883 r34 2 1
c0963 r27 2 1
c0455 r51 2 1
c0932 rB 2 1
c0056 rD 2 1
c0072 rF 2 1
c0230 rG 2 1
c0515 rA 2 1
c0998 rL 2 1
c0428 r50 2 1
c1064 r52 2 1
c0980 rDS1 2 1
c0862 rDS2 2 1
c1069 rN 2 1
c0489 rEr1 2 1
c0812 rEr2 2 1
c0535 r25 2 2
c0602 r36 2 2
c0443 r37 2 2
c0487 r34 2 2
c0444 r27 2 2
c0412 r51 2 2
c0534 rB 2 2
c0072 rD 2 2
c0129 rF 2 2
c0746 rG 2 2
c0069 rA 2 2
c0217 rL 2 2
c0213 r50 2 2
c0108 r52 2 2
c0225 rDS1 2 2
c0807 rDS2 2 2
c0860 rN 2 2
c0847 rEr2 2 2
c0497 r25 2 3
c0467 r36 2 3
c0983 r34 2 3
c0449 r27 2 3
c0504 r51 2 3
c0725 rB 2 3
c0072 rD 2 3
c0411 rF 2 3
c0047 rG 2 3
c0024 rA 2 3
c1041 rL 2 3
c0963 r52 2 3
c0221 rDS1 2 3
c1077 rDS2 2 3
c1053 rN 2 3
c1064 rEr1 2 3
c0860 rEr2 2 3
c0496 r25 2 4
c1022 r36 2 4
c0479 r37 2 4
c0020 r38 2 4
c0530 r27 2 4
c0722 rB 2 4
c0520 rD 2 4
c0411 rF 2 4
c0897 rG 2 4
c0221 rA 2 4
c0152 rL 2 4
c0211 r50 2 4
c0554 r52 2 4
c0191 rDS1 2 4
c0449 rDS2 2 4
c0808 rN 2 4
c0862 rEr2 2 4
c0238 r36 3 0
c0015 r37 3 0
c0808 r34 3 0
c1065 r27 3 0
c0062 r51 3 0
c0113 rB 3 0
c0253 rD 3 0
c0847 rF 3 0
c0133 rG 3 0
c0503 rA 3 0
c0257 rL 3 0
c0534 r52 3 0
c0191 rDS1 3 0
c0108 rDS2 3 0
c0975 rN 3 0
c0737 rEr1 3 0
c1077 rEr2 3 0
c0020 r25 3 1
c1074 r36 3 1
c0794 r37 3 1
c0955 r38 3 1
c0975 r34 3 1
c0813 r27 3 1
c0538 r51 3 1
c0746 rB 3 1
c0253 rD 3 1
c0056 rF 3 1
c0023 rG 3 1
c0897 rA 3 1
c0201 rL 3 1
c0730 r50 3 1
c0478 r52 3 1
c0103 rDS1 3 1
c0539 rDS2 3 1
c0443 rN 3 1
c1065 rEr1 3 1
c0191 r25 3 2
c0955 r36 3 2
c0936 r34 3 2
c0807 r27 3 2
c0423 r51 3 2
c0847 rB 3 2
c0203 rD 3 2
c0061 rF 3 2
c0106 rG 3 2
c0103 rA 3 2
c0069 rL 3 2
c0812 r50 3 2
c0503 r52 3 2
c0219 rDS1 3 2
c0479 rDS2 3 2
c1064 rN 3 2
c0464 rEr1 3 2
c0024 rEr2 3 2
c0883 r36 3 3
c0007 r37 3 3
c0862 r38 3 3
c0860 r27 3 3
c0835 r51 3 3
c0252 rB 3 3
c1041 rD 3 3
c0129 rF 3 3
c0963 rG 3 3
c0201 rA 3 3
c0088 rL 3 3
c0049 r50 3 3
c0534 r52 3 3
c0103 rDS1 3 3
c0053 rDS2 3 3
c0108 rEr1 3 3
c0423 r25 3 4
c0537 r36 3 4
c1074 r34 3 4
c0862 r27 3 4
c0860 r51 3 4
c0725 rB 3 4
c1022 rD 3 4
c0897 rF 3 4
c0023 rG 3 4
c0257 rA 3 4
c0115 rL 3 4
c0497 r50 3 4
c0730 r52 3 4
c0133 rDS1 3 4
c0178 rN 3 4
c0074 rEr1 3 4
c0742 rEr2 3 4
c0862 r25 4 0
c0804 r36 4 0
c0444 r37 4 0
c0504 r38 4 0
c0532 r34 4 0
c0983 r27 4 0
c1069 r51 4 0
c0467 rB 4 0
c0058 rD 4 0
c0428 rF 4 0
c0106 rG 4 0
c0088 rA 4 0
c0230 rL 4 0
c0980 r52 4 0
c0195 rDS1 4 0
c0535 rDS2 4 0
c0127 rN 4 0
c0813 rEr1 4 0
c1062 rEr2 4 0
c0849 r25 4 1
c0015 r36 4 1
c0789 r38 4 1
c0238 r34 4 1
c0487 r27 4 1
c0478 r51 4 1
c0047 rB 4 1
c0515 rD 4 1
c0430 rF 4 1
c0221 rG 4 1
c0217 rA 4 1
c0133 rL 4 1
c1077 r50 4 1
c0118 r52 4 1
c0539 rDS1 4 1
c0983 rDS2 4 1
c0975 rN 4 1
c1072 rEr1 4 1
c0007 rEr2 4 1
c0162 r25 4 2
c0206 r36 4 2
c1066 r37 4 2
c0007 r38 4 2
c0074 r34 4 2
c0019 r27 4 2
c0955 r51 4 2
c0193 rB 4 2
c0411 rD 4 2
c0058 rF 4 2
c0467 rG 4 2
c0217 rA 4 2
c0225 rL 4 2
c0862 r50 4 2
c0537 r52 4 2
c0722 rDS1 4 2
c0723 rDS2 4 2
c1064 rN 4 2
c0496 rEr1 4 2
c0980 rEr2 4 2
c0537 r25 4 3
c0024 r37 4 3
c0178 r27 4 3
c1072 r51 4 3
c0131 rB 4 3
c0252 rD 4 3
c0153 rF 4 3
c0088 rG 4 3
c0860 rA 4 3
c0512 rL 4 3
c1064 r52 4 3
c0737 rDS1 4 3
c0602 rEr2 4 3
c0015 r25 4 4
c0883 r37 4 4
c0206 r38 4 4
c0789 r34 4 4
c0432 r27 4 4
c0955 r51 4 4
c1005 rB 4 4
c0115 rD 4 4
c0980 rF 4 4
c0058 rG 4 4
c0530 rA 4 4
c0193 rL 4 4
c0983 r50 4 4
c0975 r52 4 4
c0722 rDS1 4 4
c0504 rN 4 4
c0963 rEr1 4 4
c1066 rEr2 4 4
