c1064 r25 0 0
c0504 r36 0 0
c0238 r38 0 0
c0963 r51 0 0
c0221 rB 0 0
c0129 rD 0 0
c0115 rF 0 0
c0478 rG 0 0
c0056 rA 0 0
c0201 rL 0 0
c0883 r50 0 0
c0794 r52 0 0
c0725 rDS1 0 0
c0411 rEr1 0 0
c0980 rEr2 0 0
c0127 r25 0 1
c0975 r37 0 1
c0496 r38 0 1
c0532 r27 0 1
c0432 r51 0 1
c0056 rB 0 1
c0193 rD 0 1
c0503 rF 0 1
c0201 rG 0 1
c0133 rA 0 1
c0225 rL 0 1
c0983 r50 0 1
c0053 r52 0 1
c1072 rDS1 0 1
c0723 rDS2 0 1
c0074 rN 0 1
c0009 rEr1 0 1
c0835 rEr2 0 1
c0804 r25 0 2
c0497 r36 0 2
c0530 r38 0 2
c0737 r34 0 2
c0980 r27 0 2
c0428 r51 0 2
c0110 rB 0 2
c0044 rD 0 2
c0746 rF 0 2
c0219 rG 0 2
c0131 rA 0 2
c0106 rL 0 2
c0464 r50 0 2
c0535 r52 0 2
c0061 rDS1 0 2
c0963 rDS2 0 2
c0020 rEr1 0 2
c0537 rEr2 0 2
c0191 r25 0 3
c0489 r36 0 3
c0504 r37 0 3
c0554 r38 0 3
c0412 r34 0 3
c0975 r27 0 3
c0497 r51 0 3
c0203 rB 0 3
c0253 rD 0 3
c1041 rF 0 3
c0132 rG 0 3
c0074 rA 0 3
c0113 rL 0 3
c0983 r50 0 3
c0813 r52 0 3
c1022 rDS1 0 3
c0539 rN 0 3
c1005 rEr1 0 3
c0232 rEr2 0 3
c0118 r36 0 4
c0535 r38 0 4
c0963 r27 0 4
c0520 rB 0 4
c0131 rD 0 4
c0835 rF 0 4
c0069 rG 0 4
c0062 rA 0 4
c0230 rL 0 4
c1062 r50 0 4
c1065 r52 0 4
c0088 rDS1 0 4
c0980 rEr2 0 4
c0789 r36 1 0
c1053 r37 1 0
c1064 r38 1 0
c0532 r34 1 0
c0232 r27 1 0
c0512 r51 1 0
c0133 rB 1 0
c0069 rD 1 0
c0455 rF 1 0
c0219 rG 1 0
c0047 rA 1 0
c0072 rL 1 0
c0538 r50 1 0
c0412 r52 1 0
c0722 rDS1 1 0
c0742 rDS2 1 0
c0428 rN 1 0
c0794 rEr1 1 0
c0449 rEr2 1 0
c0178 r36 1 1
c1069 r37 1 1
c0936 r38 1 1
c0487 r34 1 1
c0883 r27 1 1
c0520 rB 1 1
c0252 rD 1 1
c0056 rF 1 1
c0602 rG 1 1
c0152 rA 1 1
c0230 rL 1 1
c0103 r50 1 1
c0849 r52 1 1
c0088 rDS1 1 1
c0449 rDS2 1 1
c0963 rEr1 1 1
c0980 rEr2 1 1
c0024 r36 1 2
c0206 r37 1 2
c0980 r51 1 2
c0062 rB 1 2
c0058 rD 1 2
c0835 rF 1 2
c0152 rG 1 2
c0455 rA 1 2
c0515 rL 1 2
c0095 r50 1 2
c0849 r52 1 2
c0217 rDS1 1 2
c0007 rDS2 1 2
c0489 rEr1 1 2
c1064 r25 1 3
c0496 r37 1 3
c0497 r27 1 3
c0132 rB 1 3
c0103 rD 1 3
c1041 rF 1 3
c0432 rG 1 3
c0072 rA 1 3
c0058 rL 1 3
c0725 r50 1 3
c0225 rDS1 1 3
c0730 rDS2 1 3
c0822 rN 1 3
c0554 rEr1 1 3
c0020 rEr2 1 3
c0412 r25 1 4
c1062 r37 1 4
c0737 r38 1 4
c0554 r27 1 4
c0512 r51 1 4
c0131 rB 1 4
c0049 rD 1 4
c0110 rF 1 4
c0047 rG 1 4
c0253 rA 1 4
c0044 rL 1 4
c0602 r50 1 4
c0162 r52 1 4
c0203 rDS1 1 4
c0211 rDS2 1 4
c0108 rN 1 4
c0015 rEr1 1 4
c0849 rEr2 1 4
c1053 r25 2 0
c0808 r36 2 0
c0723 r37 2 0
c0211 r38 2 0
c0862 r34 2 0
c0539 r27 2 0
c0812 r51 2 0
c0257 rB 2 0
c0479 rD 2 0
c0217 rF 2 0
c0113 rG 2 0
c0746 rA 2 0
c0132 rL 2 0
c0955 r50 2 0
c1022 r52 2 0
c0191 rDS1 2 0
c0061 rDS2 2 0
c0530 rN 2 0
c0095 rEr1 2 0
c0232 rEr2 2 0
c0807 r25 2 1
c0975 r36 2 1
c0444 r37 2 1
c0238 r38 2 1
c0742 r34 2 1
c0862 r27 2 1
c0279 rB 2 1
c1077 rD 2 1
c0252 rF 2 1
c0088 rG 2 1
c0515 rA 2 1
c0153 rL 2 1
c0534 r50 2 1
c0217 rDS1 2 1
c0015 rDS2 2 1
c0860 rN 2 1
c0983 rEr1 2 1
c1072 rEr2 2 1
c0479 r37 2 2
c0423 r38 2 2
c0602 r34 2 2
c0095 r27 2 2
c0537 r51 2 2
c0257 rB 2 2
c0023 rD 2 2
c0129 rF 2 2
c0464 rG 2 2
c0932 rA 2 2
c0061 rL 2 2
c0860 r50 2 2
c0206 r52 2 2
c0998 rDS1 2 2
c0963 rDS2 2 2
c0862 rN 2 2
c1053 rEr1 2 2
c0955 r25 2 3
c0118 r37 2 3
c0975 r34 2 3
c0487 r27 2 3
c0883 r51 2 3
c0411 rB 2 3
c0069 rD 2 3
c0897 rF 2 3
c0103 rG 2 3
c0808 rA 2 3
c0072 rL 2 3
c1065 r50 2 3
c0467 r52 2 3
c0019 rDS1 2 3
c0983 rDS2 2 3
c1066 rN 2 3
c0178 rEr1 2 3
c1069 rEr2 2 3
c0044 r25 2 4
c0127 r36 2 4
c1066 r38 2 4
c0883 r27 2 4
c0526 r51 2 4
c0897 rB 2 4
c0411 rD 2 4
c0009 rF 2 4
c0024 rG 2 4
c0152 rA 2 4
c0062 rL 2 4
c0479 r50 2 4
c0118 r52 2 4
c0430 rDS1 2 4
c0730 rDS2 2 4
c0213 rN 2 4
c0467 rEr1 2 4
c1064 rEr2 2 4
c0503 r36 3 0
c0955 r37 3 0
c0532 r38 3 0
c0053 r27 3 0
c0847 r51 3 0
c0534 rB 3 0
c0219 rD 3 0
c0133 rF 3 0
c0515 rG 3 0
c0998 rA 3 0
c0430 rL 3 0
c0983 r50 3 0
c0789 r52 3 0
c0088 rDS1 3 0
c0737 rDS2 3 0
c1064 rN 3 0
c1069 rEr1 3 0
c0195 rEr2 3 0
c0449 r25 3 1
c0213 r36 3 1
c0538 r38 3 1
c0195 r34 3 1
c1065 r27 3 1
c1074 rB 3 1
c0024 rD 3 1
c0129 rF 3 1
c0515 rG 3 1
c0252 rA 3 1
c0153 rL 3 1
c0794 r52 3 1
c0049 rDS1 3 1
c0487 rDS2 3 1
c0807 rEr1 3 1
c0530 r25 3 2
c0444 r36 3 2
c0020 r37 3 2
c0955 r38 3 2
c0503 r34 3 2
c0795 r27 3 2
c0443 r51 3 2
c0722 rB 3 2
c0253 rD 3 2
c0106 rF 3 2
c0023 rG 3 2
c0193 rA 3 2
c0203 rL 3 2
c0883 r50 3 2
c0847 r52 3 2
c1005 rDS1 3 2
c0860 rDS2 3 2
c0730 rN 3 2
c0963 rEr1 3 2
c0822 rEr2 3 2
c0467 r25 3 3
c0860 r38 3 3
c0936 r34 3 3
c0883 r27 3 3
c0813 r51 3 3
c0221 rB 3 3
c0430 rD 3 3
c0049 rF 3 3
c1041 rG 3 3
c0478 rA 3 3
c0113 rL 3 3
c0955 r50 3 3
c0975 r52 3 3
c0746 rDS1 3 3
c1077 rDS2 3 3
c0007 rEr1 3 3
c0804 rEr2 3 3
c1074 r25 3 4
c0955 r36 3 4
c0423 r37 3 4
c0808 r38 3 4
c0860 r34 3 4
c0534 r27 3 4
c0443 r51 3 4
c0257 rB 3 4
c0191 rD 3 4
c0023 rF 3 4
c0897 rG 3 4
c0936 rA 3 4
c0133 rL 3 4
c0455 r50 3 4
c0812 r52 3 4
c0053 rDS1 3 4
c0723 rDS2 3 4
c0983 rEr1 3 4
c1022 rEr2 3 4
c0019 r25 4 0
c0862 r36 4 0
c0504 r37 4 0
c0539 r38 4 0
c0975 r34 4 0
c0526 r27 4 0
c0742 r51 4 0
c0115 rB 4 0
c0230 rD 4 0
c0722 rF 4 0
c0932 rG 4 0
c0195 rA 4 0
c0058 rL 4 0
c1072 r50 4 0
c1064 r52 4 0
c0133 rDS1 4 0
c0464 rEr1 4 0
c0211 rEr2 4 0
c0862 r25 4 1
c0955 r36 4 1
c0213 r37 4 1
c0795 r34 4 1
c0860 r27 4 1
c0963 r51 4 1
c0047 rB 4 1
c0489 rD 4 1
c0279 rF 4 1
c0932 rG 4 1
c1005 rA 4 1
c0512 rL 4 1
c0883 r50 4 1
c0428 r52 4 1
c0998 rDS1 4 1
c0975 rDS2 4 1
c0007 rN 4 1
c0822 rEr1 4 1
c1062 rEr2 4 1
c0795 r25 4 2
c0019 r36 4 2
c0074 r51 4 2
c0201 rB 4 2
c0162 rD 4 2
c0108 rF 4 2
c0423 rG 4 2
c0193 rA 4 2
c0115 rL 4 2
c0862 r50 4 2
c0980 r52 4 2
c0225 rDS1 4 2
c0538 rN 4 2
c0443 rEr2 4 2
c0789 r25 4 3
c0127 r38 4 3
c0804 r34 4 3
c0178 r27 4 3
c0860 r51 4 3
c0153 rB 4 3
c0847 rD 4 3
c0983 rF 4 3
c0279 rG 4 3
c0088 rA 4 3
c0520 rL 4 3
c1077 r50 4 3
c0812 r52 4 3
c0725 rDS1 4 3
c0015 rDS2 4 3
c0162 rN 4 3
c0444 rEr2 4 3
c1066 r25 4 4
c1064 r36 4 4
c0807 r37 4 4
c0009 r38 4 4
c0526 r34 4 4
c0862 r27 4 4
c0206 r51 4 4
c0537 rB 4 4
c0106 rD 4 4
c0221 rF 4 4
c0110 rG 4 4
c0496 rA 4 4
c0478 rL 4 4
c0813 r50 4 4
c0535 r52 4 4
c0108 rDS1 4 4
c1074 rDS2 4 4
c0238 rN 4 4
c0432 rEr1 4 4
c0980 rEr2 4 4
