c1064 r25 0 0
c0009 r36 0 0
c0432 r37 0 0
c1077 r38 0 0
c0532 r34 0 0
c0835 r27 0 0
c0975 r51 0 0
c0219 rB 0 0
c0746 rD 0 0
c0279 rF 0 0
c0069 rG 0 0
c0153 rA 0 0
c0412 rL 0 0
c0955 r52 0 0
c0225 rDS1 0 0
c0118 rDS2 0 0
c0723 rN 0 0
c0211 rEr1 0 0
c1072 rEr2 0 0
c1062 r25 0 1
c1064 r36 0 1
c0860 r37 0 1
c0195 r38 0 1
c0539 r34 0 1
c0813 r27 0 1
c0007 r51 0 1
c0467 rB 0 1
c0133 rD 0 1
c0129 rF 0 1
c0058 rG 0 1
c0193 rA 0 1
c0526 rL 0 1
c1074 r50 0 1
c0496 r52 0 1
c0221 rDS1 0 1
c0530 rN 0 1
c0537 rEr1 0 1
c0061 rEr2 0 1
c0554 r38 0 2
c0074 r34 0 2
c0932 rB 0 2
c0106 rD 0 2
c0110 rF 0 2
c0129 rG 0 2
c1069 rA 0 2
c0044 rL 0 2
c0807 r50 0 2
c0535 r52 0 2
c0217 rDS1 0 2
c0812 rDS2 0 2
c1064 rN 0 2
c0963 rEr2 0 2
c0538 r37 0 3
c1022 r38 0 3
c0411 r51 0 3
c0279 rB 0 3
c0152 rD 0 3
c0110 rF 0 3
c0219 rG 0 3
c0428 rA 0 3
c0980 rL 0 3
c0053 r50 0 3
c0808 r52 0 3
c0095 rDS1 0 3
c1064 rN 0 3
c0015 rEr1 0 3
c0049 rEr2 0 3
c0423 r36 0 4
c0526 r37 0 4
c0860 r38 0 4
c0822 r34 0 4
c0118 r27 0 4
c0024 r51 0 4
c0103 rB 0 4
c0049 rD 0 4
c0489 rF 0 4
c0203 rG 0 4
c0069 rA 0 4
c0193 rL 0 4
c0975 r50 0 4
c0478 r52 0 4
c0058 rDS1 0 4
c0538 rDS2 0 4
c0238 rN 0 4
c0443 rEr1 0 4
c0897 rEr2 0 4
c0835 r25 1 0
c0822 r36 1 0
c0428 r37 1 0
c0238 r38 1 0
c0532 r34 1 0
c0983 r27 1 0
c0955 r51 1 0
c0449 rB 1 0
c0455 rD 1 0
c0056 rF 1 0
c1053 rG 1 0
c0072 rA 1 0
c1069 rL 1 0
c0725 r50 1 0
c0883 r52 1 0
c0088 rDS1 1 0
c0849 rN 1 0
c0095 rEr1 1 0
c0897 rEr2 1 0
c0213 r25 1 1
c0975 r36 1 1
c0835 r37 1 1
c0789 r38 1 1
c0449 r34 1 1
c1072 r27 1 1
c0201 rB 1 1
c0133 rD 1 1
c1065 rF 1 1
c0195 rG 1 1
c0252 rA 1 1
c0088 rL 1 1
c1053 r50 1 1
c0530 r52 1 1
c0103 rDS1 1 1
c0049 rDS2 1 1
c0936 rEr1 1 1
c0983 rEr2 1 1
c0883 r25 1 2
c0206 r36 1 2
c0534 r34 1 2
c0487 r27 1 2
c0061 r51 1 2
c0515 rB 1 2
c0131 rD 1 2
c0252 rF 1 2
c0980 rG 1 2
c0602 rA 1 2
c0963 rL 1 2
c0526 r52 1 2
c0722 rDS1 1 2
c1066 rEr1 1 2
c0449 rEr2 1 2
c0849 r25 1 3
c0742 r36 1 3
c0178 r37 1 3
c0537 r38 1 3
c0024 r34 1 3
c0554 r27 1 3
c0127 r51 1 3
c0072 rB 1 3
c0512 rD 1 3
c0432 rF 1 3
c0221 rG 1 3
c1041 rA 1 3
c0132 rL 1 3
c0467 r50 1 3
c0503 r52 1 3
c0496 rDS1 1 3
c0213 rDS2 1 3
c0955 rEr1 1 3
c1074 rEr2 1 3
c0804 r25 1 4
c0530 r38 1 4
c1069 r34 1 4
c1065 r27 1 4
c0444 r51 1 4
c0980 rB 1 4
c0193 rD 1 4
c0023 rF 1 4
c0257 rG 1 4
c0464 rA 1 4
c0932 rL 1 4
c0795 r50 1 4
c0162 r52 1 4
c0455 rDS1 1 4
c0963 rDS2 1 4
c0095 rEr1 1 4
c1077 rEr2 1 4
c0444 r25 2 0
c0537 r36 2 0
c0860 r37 2 0
c1062 r38 2 0
c0162 r34 2 0
c1053 r27 2 0
c0238 r51 2 0
c0152 rB 2 0
c0072 rD 2 0
c0963 rF 2 0
c0230 rG 2 0
c0998 rA 2 0
c0047 rL 2 0
c0980 r50 2 0
c0862 r52 2 0
c0088 rDS1 2 0
c0742 rDS2 2 0
c0191 rEr2 2 0
c0813 r36 2 1
c0127 r37 2 1
c1065 r38 2 1
c0443 r34 2 1
c0479 r27 2 1
c0955 r51 2 1
c0053 rB 2 1
c0257 rD 2 1
c0062 rF 2 1
c0115 rG 2 1
c0430 rA 2 1
c0153 rL 2 1
c0975 r52 2 1
c0019 rDS1 2 1
c0794 rDS2 2 1
c0044 rN 2 1
c0412 rEr1 2 1
c0464 rEr2 2 1
c0883 r36 2 2
c0723 r37 2 2
c0020 r38 2 2
c0860 r27 2 2
c0487 r51 2 2
c0253 rB 2 2
c0129 rD 2 2
c0478 rF 2 2
c0411 rG 2 2
c0201 rA 2 2
c1066 rL 2 2
c0897 r50 2 2
c0742 r52 2 2
c0191 rDS1 2 2
c0534 rDS2 2 2
c0862 rN 2 2
c0053 rEr1 2 2
c0206 r25 2 3
c0211 r36 2 3
c1064 r37 2 3
c0822 r38 2 3
c1077 r34 2 3
c0975 r27 2 3
c0883 r51 2 3
c0487 rB 2 3
c0253 rD 2 3
c0023 rF 2 3
c0725 rG 2 3
c1005 rA 2 3
c0203 rL 2 3
c0794 r52 2 3
c0232 rDS1 2 3
c0015 rDS2 2 3
c0497 rN 2 3
c0455 rEr1 2 3
c0847 rEr2 2 3
c0178 r25 2 4
c0009 r36 2 4
c0862 r37 2 4
c0044 r38 2 4
c1022 r34 2 4
c0496 r51 2 4
c0088 rB 2 4
c0430 rD 2 4
c0257 rF 2 4
c0479 rG 2 4
c0113 rA 2 4
c0534 rL 2 4
c0812 r50 2 4
c0730 r52 2 4
c0503 rDS1 2 4
c0883 rDS2 2 4
c0980 rEr1 2 4
c1064 rEr2 2 4
c0862 r25 3 0
c0539 r36 3 0
c0808 r37 3 0
c0127 r38 3 0
c1022 r34 3 0
c0532 r27 3 0
c0047 rB 3 0
c0113 rD 3 0
c0015 rF 3 0
c0225 rG 3 0
c0279 rA 3 0
c0132 rL 3 0
c0430 r50 3 0
c0983 r52 3 0
c0515 rDS1 3 0
c0860 rDS2 3 0
c0975 rN 3 0
c0074 rEr1 3 0
c0955 rEr2 3 0
c0024 r37 3 1
c0795 r27 3 1
c0512 r51 3 1
c0152 rB 3 1
c0023 rD 3 1
c0056 rF 3 1
c0253 rG 3 1
c0132 rA 3 1
c0106 rL 3 1
c0730 r50 3 1
c0103 rDS1 3 1
c0807 rDS2 3 1
c0062 rEr1 3 1
c0847 rEr2 3 1
c0789 r36 3 2
c0019 r37 3 2
c0178 r34 3 2
c0804 r51 3 2
c0998 rB 3 2
c0113 rD 3 2
c0225 rF 3 2
c0515 rG 3 2
c0069 rA 3 2
c0217 rL 3 2
c0061 r50 3 2
c0847 r52 3 2
c0737 rDS1 3 2
c0983 rDS2 3 2
c0554 rN 3 2
c0963 rEr1 3 2
c0955 rEr2 3 2
c0955 r36 3 3
c0975 r37 3 3
c0936 r38 3 3
c0479 r34 3 3
c0860 r27 3 3
c0983 r51 3 3
c0230 rB 3 3
c0153 rD 3 3
c0106 rF 3 3
c1005 rG 3 3
c0602 rA 3 3
c1041 rL 3 3
c0412 r50 3 3
c0203 rDS1 3 3
c0020 rDS2 3 3
c0191 rN 3 3
c0432 rEr1 3 3
c0860 r25 3 4
c0497 r38 3 4
c0883 r34 3 4
c0062 r27 3 4
c0464 r51 3 4
c0108 rB 3 4
c0252 rD 3 4
c0932 rF 3 4
c0980 rG 3 4
c0131 rA 3 4
c0230 rL 3 4
c0936 r50 3 4
c0504 r52 3 4
c0998 rDS1 3 4
c0808 rDS2 3 4
c0794 rEr1 3 4
c1005 rEr2 3 4
c0162 r25 4 0
c0813 r37 4 0
c0211 r38 4 0
c0862 r34 4 0
c0232 r27 4 0
c0019 r51 4 0
c0423 rB 4 0
c0520 rD 4 0
c0746 rF 4 0
c0515 rG 4 0
c0110 rA 4 0
c0195 rL 4 0
c0535 r50 4 0
c1072 r52 4 0
c0133 rDS1 4 0
c0730 rDS2 4 0
c0983 rEr1 4 0
c0503 rEr2 4 0
c0504 r25 4 1
c0118 r36 4 1
c0423 r37 4 1
c0795 r38 4 1
c0862 r27 4 1
c1064 r51 4 1
c0056 rB 4 1
c0088 rD 4 1
c0983 rF 4 1
c0201 rG 4 1
c0009 rA 4 1
c0133 rL 4 1
c0489 r50 4 1
c1066 r52 4 1
c0047 rDS1 4 1
c0478 rDS2 4 1
c0213 rN 4 1
c0020 rEr1 4 1
c0512 rEr2 4 1
c0007 r36 4 2
c0206 r37 4 2
c0497 r38 4 2
c0862 r34 4 2
c0443 r27 4 2
c0520 rB 4 2
c0602 rD 4 2
c0115 rF 4 2
c0722 rG 4 2
c0108 rA 4 2
c0219 rL 4 2
c0535 r52 4 2
c0133 rDS1 4 2
c0807 rDS2 4 2
c0504 rN 4 2
c0489 rEr1 4 2
c1062 rEr2 4 2
c0723 r25 4 3
c0849 r36 4 3
c0963 r27 4 3
c0411 r51 4 3
c1041 rB 4 3
c0520 rD 4 3
c0467 rF 4 3
c0221 rG 4 3
c0058 rA 4 3
c0131 rL 4 3
c0737 rDS1 4 3
c0883 rN 4 3
c0725 rEr1 4 3
c0789 rEr2 4 3
c0444 r25 4 4
c0007 r36 4 4
c0538 r38 4 4
c1074 r34 4 4
c0074 r27 4 4
c0804 r51 4 4
c0217 rB 4 4
c0746 rD 4 4
c0108 rF 4 4
c0737 rG 4 4
c0115 rA 4 4
c0722 rL 4 4
c0963 r52 4 4
c0539 rDS1 4 4
c0980 rDS2 4 4
c0812 rN 4 4
c0428 rEr1 4 4
c0232 rEr2 4 4
