c0955 r25 0 0
c0009 r37 0 0
c0412 r38 0 0
c0503 r34 0 0
c0193 rB 0 0
c0056 rD 0 0
c0133 rF 0 0
c0746 rG 0 0
c0812 rA 0 0
c0467 rL 0 0
c0526 r50 0 0
c0232 r52 0 0
c0849 rDS1 0 0
c0537 rN 0 0
c0423 rEr1 0 0
c1062 rEr2 0 0
c0095 r25 0 1
c0015 r38 0 1
c0238 r34 0 1
c0602 r27 0 1
c0007 r51 0 1
c0515 rB 0 1
c0432 rD 0 1
c0132 rF 0 1
c0069 rG 0 1
c0115 rA 0 1
c0113 rL 0 1
c1064 r50 0 1
c0975 r52 0 1
c0058 rDS1 0 1
c1074 rEr1 0 1
c0860 rEr2 0 1
c1064 r38 0 2
c0530 r34 0 2
c0020 r51 0 2
c0103 rB 0 2
c0061 rD 0 2
c0193 rF 0 2
c0106 rG 0 2
c0131 rA 0 2
c0428 rL 0 2
c1005 r50 0 2
c0053 r52 0 2
c0221 rDS1 0 2
c0489 rDS2 0 2
c0835 rEr1 0 2
c0532 r25 0 3
c0955 r37 0 3
c0412 r38 0 3
c0975 r34 0 3
c0464 r27 0 3
c0725 r51 0 3
c0479 rB 0 3
c0230 rD 0 3
c0061 rF 0 3
c0203 rG 0 3
c0883 rA 0 3
c0253 rL 0 3
c0444 r50 0 3
c0503 r52 0 3
c0053 rDS1 0 3
c0983 rDS2 0 3
c0980 rEr1 0 3
c0963 rEr2 0 3
c0955 r25 0 4
c0127 r36 0 4
c1064 r37 0 4
c1077 r38 0 4
c0983 r27 0 4
c0449 r51 0 4
c0520 rB 0 4
c0230 rD 0 4
c0061 rF 0 4
c0088 rG 0 4
c0203 rA 0 4
c0153 rL 0 4
c1072 r50 0 4
c0737 r52 0 4
c0058 rDS1 0 4
c0118 rDS2 0 4
c0238 rEr1 0 4
c0860 rEr2 0 4
c1065 r25 1 0
c0539 r36 1 0
c1066 r37 1 0
c0479 r51 1 0
c0132 rB 1 0
c0056 rD 1 0
c0795 rF 1 0
c0129 rG 1 0
c0219 rA 1 0
c0106 rL 1 0
c0742 r50 1 0
c0532 r52 1 0
c0932 rDS1 1 0
c1053 rEr1 1 0
c0211 rEr2 1 0
c0955 r25 1 1
c0095 r36 1 1
c0423 r38 1 1
c0983 r34 1 1
c0497 r27 1 1
c1062 r51 1 1
c0110 rB 1 1
c0133 rD 1 1
c0007 rF 1 1
c0279 rG 1 1
c0932 rA 1 1
c0515 rL 1 1
c0539 r50 1 1
c0730 r52 1 1
c0998 rDS1 1 1
c0024 rDS2 1 1
c0789 rN 1 1
c0062 rEr1 1 1
c0975 rEr2 1 1
c1053 r25 1 2
c0789 r36 1 2
c0443 r38 1 2
c0883 r34 1 2
c0019 r27 1 2
c0602 r51 1 2
c0044 rB 1 2
c0252 rD 1 2
c0131 rF 1 2
c0257 rG 1 2
c0113 rA 1 2
c0444 rL 1 2
c0554 r50 1 2
c0936 r52 1 2
c0095 rDS1 1 2
c0980 rEr1 1 2
c0049 rEr2 1 2
c0178 r25 1 3
c0444 r36 1 3
c0730 r37 1 3
c0024 r38 1 3
c0504 r34 1 3
c0847 r27 1 3
c0526 r51 1 3
c0193 rB 1 3
c0232 rD 1 3
c0722 rF 1 3
c0133 rG 1 3
c0478 rA 1 3
c0201 rL 1 3
c0534 r50 1 3
c0807 r52 1 3
c0058 rDS1 1 3
c0835 rDS2 1 3
c1074 rN 1 3
c0849 rEr2 1 3
c0024 r25 1 4
c0808 r36 1 4
c1053 r37 1 4
c0211 r38 1 4
c0537 r27 1 4
c0478 r51 1 4
c0998 rB 1 4
c0883 rD 1 4
c0252 rF 1 4
c0897 rG 1 4
c0152 rA 1 4
c0044 rL 1 4
c0464 r50 1 4
c0936 r52 1 4
c0088 rDS1 1 4
c0504 rDS2 1 4
c0849 rN 1 4
c0430 rEr1 1 4
c0162 rEr2 1 4
c1069 r25 2 0
c0538 r36 2 0
c0812 r37 2 0
c0108 r38 2 0
c0532 r34 2 0
c0897 r27 2 0
c0530 r51 2 0
c0195 rB 2 0
c0191 rD 2 0
c0932 rF 2 0
c0496 rG 2 0
c0072 rA 2 0
c0423 rL 2 0
c0883 r50 2 0
c1066 r52 2 0
c0047 rDS1 2 0
c0862 rDS2 2 0
c0804 rN 2 0
c0535 rEr1 2 0
c0742 rEr2 2 0
c0489 r25 2 1
c0813 r36 2 1
c1064 r37 2 1
c0206 r38 2 1
c0975 r34 2 1
c0455 r27 2 1
c0794 r51 2 1
c0062 rB 2 1
c0153 rD 2 1
c0520 rF 2 1
c0515 rG 2 1
c0047 rA 2 1
c0023 rL 2 1
c0015 r50 2 1
c0225 rDS1 2 1
c0808 rDS2 2 1
c0862 rN 2 1
c0860 rEr1 2 1
c0430 rEr2 2 1
c0496 r25 2 2
c0020 r36 2 2
c0044 r37 2 2
c0467 r27 2 2
c0980 r51 2 2
c0072 rB 2 2
c0512 rD 2 2
c0722 rF 2 2
c0106 rG 2 2
c0963 rA 2 2
c0217 rL 2 2
c0432 r50 2 2
c1066 r52 2 2
c0047 rDS1 2 2
c0862 rN 2 2
c0449 rEr1 2 2
c0860 rEr2 2 2
c0535 r25 2 3
c0443 r36 2 3
c0862 r38 2 3
c0812 r27 2 3
c0963 rB 2 3
c0049 rD 2 3
c0520 rF 2 3
c0253 rG 2 3
c0279 rA 2 3
c0203 rL 2 3
c1072 r50 2 3
c0554 r52 2 3
c0103 rDS1 2 3
c1022 rDS2 2 3
c0975 rN 2 3
c0883 rEr1 2 3
c0007 rEr2 2 3
c0537 r25 2 4
c0432 r37 2 4
c1069 r38 2 4
c0127 r34 2 4
c1022 r27 2 4
c1065 r51 2 4
c1041 rB 2 4
c0072 rD 2 4
c0191 rF 2 4
c0129 rG 2 4
c0074 rA 2 4
c0069 rL 2 4
c0503 r50 2 4
c0730 r52 2 4
c0020 rDS1 2 4
c0132 rDS2 2 4
c0530 rN 2 4
c0238 rEr2 2 4
c0015 r25 3 0
c0195 r36 3 0
c0497 r38 3 0
c0535 r34 3 0
c0162 r27 3 0
c0257 rB 3 0
c0980 rD 3 0
c0088 rF 3 0
c0487 rG 3 0
c0428 rA 3 0
c0103 rL 3 0
c0813 r50 3 0
c0538 r52 3 0
c0219 rDS1 3 0
c0975 rDS2 3 0
c0794 rN 3 0
c0455 rEr2 3 0
c0742 r36 3 1
c0602 r37 3 1
c0862 r34 3 1
c0162 r27 3 1
c0152 rB 3 1
c0088 rD 3 1
c0998 rF 3 1
c0257 rG 3 1
c0195 rA 3 1
c0534 rL 3 1
c0211 r50 3 1
c0860 r52 3 1
c0808 rDS1 3 1
c0897 rDS2 3 1
c0497 rEr1 3 1
c0789 r25 3 2
c0955 r36 3 2
c0213 r37 3 2
c1022 r38 3 2
c0983 r34 3 2
c0411 r27 3 2
c0449 r51 3 2
c0515 rB 3 2
c0217 rD 3 2
c0746 rF 3 2
c0847 rG 3 2
c0479 rA 3 2
c0113 rL 3 2
c0807 r50 3 2
c0554 r52 3 2
c0191 rDS1 3 2
c0975 rDS2 3 2
c0487 rEr1 3 2
c0963 rEr2 3 2
c0822 r25 3 3
c0807 r36 3 3
c0178 r37 3 3
c0487 r27 3 3
c0412 r51 3 3
c0023 rB 3 3
c0253 rD 3 3
c0152 rF 3 3
c0115 rG 3 3
c0069 rA 3 3
c0201 rL 3 3
c0049 r50 3 3
c0232 r52 3 3
c0538 rDS1 3 3
c1072 rDS2 3 3
c0862 rN 3 3
c0478 rEr1 3 3
c0795 rEr2 3 3
c0108 r25 3 4
c0723 r36 3 4
c0019 r37 3 4
c0118 r38 3 4
c0983 r34 3 4
c0213 r27 3 4
c0411 r51 3 4
c0225 rB 3 4
c1041 rD 3 4
c0062 rF 3 4
c0496 rG 3 4
c0230 rA 3 4
c0153 rL 3 4
c0534 r50 3 4
c1065 r52 3 4
c0725 rDS1 3 4
c0053 rDS2 3 4
c0504 r25 4 0
c1064 r36 4 0
c0883 r37 4 0
c0178 r38 4 0
c0127 r51 4 0
c0056 rB 4 0
c0963 rD 4 0
c0512 rF 4 0
c0219 rG 4 0
c0131 rA 4 0
c0110 rL 4 0
c0737 r50 4 0
c0019 r52 4 0
c0225 rDS1 4 0
c0804 rDS2 4 0
c0794 rN 4 0
c0411 rEr1 4 0
c0980 rEr2 4 0
c0795 r25 4 1
c0118 r36 4 1
c0539 r37 4 1
c1077 r34 4 1
c1062 r27 4 1
c1005 r51 4 1
c0221 rB 4 1
c0023 rD 4 1
c0279 rF 4 1
c0252 rG 4 1
c0722 rA 4 1
c0430 rL 4 1
c0963 r52 4 1
c1069 rDS1 4 1
c0980 rDS2 4 1
c0723 rN 4 1
c0213 rEr1 4 1
c0955 rEr2 4 1
c0074 r36 4 2
c0428 r37 4 2
c0822 r34 4 2
c0455 r27 4 2
c0489 r51 4 2
c0746 rB 4 2
c0512 rD 4 2
c0883 rF 4 2
c0110 rG 4 2
c0980 rA 4 2
c0009 rL 4 2
c0835 r50 4 2
c0206 r52 4 2
c1077 rDS1 4 2
c0955 rDS2 4 2
c0983 rEr1 4 2
c0963 rEr2 4 2
c0723 r37 4 3
c0860 r38 4 3
c0725 r51 4 3
c0217 rB 4 3
c0108 rD 4 3
c0133 rF 4 3
c0129 rG 4 3
c0847 rA 4 3
c0088 rL 4 3
c0206 r50 4 3
c0822 r52 4 3
c0467 rDS1 4 3
c0526 rDS2 4 3
c1064 rEr1 4 3
c0813 r25 4 4
c0737 r36 4 4
c0443 r38 4 4
c0074 r34 4 4
c0983 r27 4 4
c1064 r51 4 4
c0115 rB 4 4
c0201 rD 4 4
c1005 rF 4 4
c0009 rG 4 4
c1041 rA 4 4
c0221 rL 4 4
c1074 r50 4 4
c0936 r52 4 4
c0133 rDS1 4 4
c0860 rDS2 4 4
c0862 rN 4 4
c0804 rEr1 4 4
c0464 rEr2 4 4
